SCIP Status        : solving was interrupted [time limit reached]
Total Time         :    3600.03
  solving          :    3600.00
  presolving       :       0.13 (included in solving)
  reading          :       0.03
  copying          :       0.04 (5 #copies) (minimal 0.00, maximal 0.01, average 0.01)
Original Problem   :
  Problem name     : benchmark/block2_66_12_11_13.design
  Variables        : 1893 (66 binary, 0 integer, 0 implicit integer, 1827 continuous)
  Constraints      : 2632 initial, 2632 maximal
  Objective        : minimize, 1 non-zeros (abs.min = 1, abs.max = 1)
Presolved Problem  :
  Problem name     : t_benchmark/block2_66_12_11_13.design
  Variables        : 2753 (66 binary, 0 integer, 0 implicit integer, 2687 continuous)
  Constraints      : 2632 initial, 2634 maximal
  Objective        : minimize, 1 non-zeros (abs.min = 1, abs.max = 1)
  Nonzeros         : 9033 constraint, 0 clique table
Presolvers         :   ExecTime  SetupTime  Calls  FixedVars   AggrVars   ChgTypes  ChgBounds   AddHoles    DelCons    AddCons   ChgSides   ChgCoefs
  boundshift       :       0.00       0.00      0          0          0          0          0          0          0          0          0          0
  convertinttobin  :       0.00       0.00      0          0          0          0          0          0          0          0          0          0
  domcol           :       0.00       0.00      1          0          0          0          0          0          0          0          0          0
  dualagg          :       0.00       0.00      0          0          0          0          0          0          0          0          0          0
  dualcomp         :       0.00       0.00      1          0          0          0          0          0          0          0          0          0
  dualinfer        :       0.00       0.00      0          0          0          0          0          0          0          0          0          0
  dualsparsify     :       0.00       0.00      1          0          0          0          0          0          0          0          0          0
  gateextraction   :       0.00       0.00      0          0          0          0          0          0          0          0          0          0
  implics          :       0.00       0.00      1          0          0          0          0          0          0          0          0          0
  inttobinary      :       0.00       0.00      0          0          0          0          0          0          0          0          0          0
  qpkktref         :       0.00       0.00      0          0          0          0          0          0          0          0          0          0
  redvub           :       0.00       0.00      0          0          0          0          0          0          0          0          0          0
  sparsify         :       0.00       0.00      1          0          0          0          0          0          0          0          0          0
  stuffing         :       0.00       0.00      0          0          0          0          0          0          0          0          0          0
  trivial          :       0.00       0.00      2         55          0          0          0          0          0          0          0          0
  tworowbnd        :       0.00       0.00      0          0          0          0          0          0          0          0          0          0
  dualfix          :       0.00       0.00      2         55          0          0          0          0          0          0          0          0
  genvbounds       :       0.00       0.00      0          0          0          0          0          0          0          0          0          0
  probing          :       0.01       0.00      1          0          0          0          0          0          0          0          0          0
  pseudoobj        :       0.00       0.00      0          0          0          0          0          0          0          0          0          0
  symmetry         :       0.00       0.00      1          0          0          0          0          0          0          0          0          0
  vbounds          :       0.00       0.00      0          0          0          0          0          0          0          0          0          0
  linear           :       0.01       0.00      3          0          0          0          0          0          0          0          0          0
  nonlinear        :       0.08       0.01      4          0          0          0        121          0          0          0          0          0
  benders          :       0.00       0.00      0          0          0          0          0          0          0          0          0          0
  components       :       0.01       0.00      1          0          0          0          0          0          0          0          0          0
  root node        :          -          -      -          0          -          -       3904          -          -          -          -          -
Constraints        :     Number  MaxNumber  #Separate #Propagate    #EnfoLP    #EnfoRelax  #EnfoPS    #Check   #ResProp    Cutoffs    DomReds       Cuts    Applied      Conss   Children
  benderslp        :          0          0          0          0       4872          0          0       3292          0          0          0          0          0          0          0
  integral         :          0          0          0          0       4872          0          0       3292          0          0       3784          0          0          0       9254
  linear           :       1784+      1786         94     189167          0          0          0       3286          0         30      35917         89         83          0          0
  nonlinear        :        848        848      45840     189137          0          0          0       2847          0        164     156187    2308652    2294094          0          0
  benders          :          0          0          0          0          0          0          0          7          0          0          0          0          0          0          0
  countsols        :          0          0          0          0          0          0          0          7          0          0          0          0          0          0          0
  components       :          0          0          0          0          0          0          0          0          0          0          0          0          0          0          0
Constraint Timings :  TotalTime  SetupTime   Separate  Propagate     EnfoLP     EnfoPS     EnfoRelax   Check    ResProp    SB-Prop
  benderslp        :       0.01       0.00       0.00       0.00       0.00       0.00       0.00       0.01       0.00       0.00
  integral         :      56.50       0.00       0.00       0.00      56.50       0.00       0.00       0.00       0.00       0.00
  linear           :       5.22       0.00       0.03       5.02       0.00       0.00       0.00       0.12       0.00       0.05
  nonlinear        :     107.29       0.01      75.15      29.41       0.00       0.00       0.00       2.26       0.00       0.46
  benders          :       0.00       0.00       0.00       0.00       0.00       0.00       0.00       0.00       0.00       0.00
  countsols        :       0.00       0.00       0.00       0.00       0.00       0.00       0.00       0.00       0.00       0.00
  components       :       0.01       0.00       0.00       0.01       0.00       0.00       0.00       0.00       0.00       0.00
Propagators        : #Propagate   #ResProp    Cutoffs    DomReds
  dualfix          :          4          0          0          0
  genvbounds       :          0          0          0          0
  nlobbt           :          0          0          0          0
  obbt             :          0          0          0          0
  probing          :          0          0          0          0
  pseudoobj        :      17051          0          0         12
  redcost          :      55589          0          0          0
  rootredcost      :          5          0          0       3041
  symmetry         :          0          0          0          0
  vbounds          :      46271          0          0          0
Propagator Timings :  TotalTime  SetupTime   Presolve  Propagate    ResProp    SB-Prop
  dualfix          :       0.00       0.00       0.00       0.00       0.00       0.00
  genvbounds       :       0.09       0.00       0.00       0.09       0.00       0.00
  nlobbt           :       0.00       0.00       0.00       0.00       0.00       0.00
  obbt             :       0.00       0.00       0.00       0.00       0.00       0.00
  probing          :       0.01       0.00       0.01       0.00       0.00       0.00
  pseudoobj        :       0.16       0.00       0.00       0.16       0.00       0.00
  redcost          :       2.29       0.00       0.00       2.29       0.00       0.00
  rootredcost      :       0.08       0.00       0.00       0.07       0.00       0.01
  symmetry         :       0.07       0.00       0.00       0.07       0.00       0.00
  vbounds          :       0.06       0.00       0.00       0.06       0.00       0.00
Conflict Analysis  :       Time      Calls    Success    DomReds  Conflicts   Literals    Reconvs ReconvLits   Dualrays   Nonzeros   LP Iters   (pool size: [--,--])
  propagation      :       0.00         22          0          -          0        0.0          0        0.0          -          -          -
  infeasible LP    :       0.00          0          0          -          0        0.0          0        0.0         13      330.6          0
  bound exceed. LP :       0.07         22         13          -          0        0.0          0        0.0          0        0.0        230
  strong branching :       0.00          0          0          -          0        0.0          0        0.0          -          -          0
  pseudo solution  :       0.00          0          0          -          0        0.0          0        0.0          -          -          -
  applied globally :       0.00          -          -          0          0        0.0          -          -         13          -          -
  applied locally  :          -          -          -          0          0        0.0          -          -          0          -          -
Separators         :   ExecTime  SetupTime      Calls  RootCalls    Cutoffs    DomReds  FoundCuts ViaPoolAdd  DirectAdd    Applied ViaPoolApp  DirectApp      Conss
  cut pool         :       0.00          -        781          0          -          -         11         13          -          -          -          -          -    (maximal pool size:          4)
  aggregation      :       6.68       0.00       2949         94          0          0          0          0          0          0          0          0          0
  > cmir           :          -          -          -          -          -          -          -          0          0          0          0          0          -
  > flowcover      :          -          -          -          -          -          -          -          0          0          0          0          0          -
  > knapsackcover  :          -          -          -          -          -          -          -          0          0          0          0          0          -
  cgmip            :       0.00       0.00          0          0          0          0          0          0          0          0          0          0          0
  clique           :       0.01       0.00          1          1          0          0          0          0          0          0          0          0          0
  closecuts        :       0.00       0.00          0          0          0          0          0          0          0          0          0          0          0
  convexproj       :       0.00       0.00          0          0          0          0          0          0          0          0          0          0          0
  disjunctive      :       0.00       0.00          0          0          0          0          0          0          0          0          0          0          0
  eccuts           :       0.00       0.00          0          0          0          0          0          0          0          0          0          0          0
  gauge            :       0.00       0.00          0          0          0          0          0          0          0          0          0          0          0
  gomory           :       2.26       0.00       1380         10          0          0         11         13          0         13         13          0          0
  > gomorymi       :          -          -          -          -          -          -          -         13          0         13         13          0          -
  > strongcg       :          -          -          -          -          -          -          -          0          0          0          0          0          -
  impliedbounds    :       0.25       0.00       2949         94          0          0          0          0          0          0          0          0          0
  interminor       :       0.00       0.00          0          0          0          0          0          0          0          0          0          0          0
  intobj           :       0.00       0.00          0          0          0          0          0          0          0          0          0          0          0
  mcf              :       0.00       0.00          3          3          0          0          0          0          0          0          0          0          0
  minor            :       0.00       0.00          0          0          0          0          0          0          0          0          0          0          0
  mixing           :       0.16       0.00       2949         94          0          0          0          0          0          0          0          0          0
  oddcycle         :       0.00       0.00          0          0          0          0          0          0          0          0          0          0          0
  rapidlearning    :       0.00       0.00          0          0          0          0          0          0          0          0          0          0          0
  rlt              :       0.00       0.00         10         10          0          0          0          0          0          0          0          0          0
  zerohalf         :       0.99       0.00       1390         20          0          0          0          0          0          0          0          0          0
Cutselectors       :   ExecTime  SetupTime      Calls  RootCalls   Selected     Forced   Filtered  RootSelec   RootForc   RootFilt 
  hybrid           :       3.05       0.00      45840         94    2294190          0      14564       7964          0         11
Pricers            :   ExecTime  SetupTime      Calls       Vars
  problem variables:       0.00          -          0          0
Branching Rules    :   ExecTime  SetupTime   BranchLP  BranchExt   BranchPS    Cutoffs    DomReds       Cuts      Conss   Children
  allfullstrong    :       0.00       0.00          0          0          0          0          0          0          0          0
  cloud            :       0.00       0.00          0          0          0          0          0          0          0          0
  distribution     :       0.00       0.00          0          0          0          0          0          0          0          0
  fullstrong       :       0.00       0.00          0          0          0          0          0          0          0          0
  inference        :       0.00       0.00          0          0          0          0          0          0          0          0
  leastinf         :       0.00       0.00          0          0          0          0          0          0          0          0
  lookahead        :       0.00       0.00          0          0          0          0          0          0          0          0
  mostinf          :       0.00       0.00          0          0          0          0          0          0          0          0
  multaggr         :       0.00       0.00          0          0          0          0          0          0          0          0
  nodereopt        :       0.00       0.00          0          0          0          0          0          0          0          0
  pscost           :       0.00       0.00          0          0          0          0          0          0          0          0
  random           :       0.00       0.00          0          0          0          0          0          0          0          0
  relpscost        :      56.50       0.00       4872          0          0          0       3784          0          0       9254
  vanillafullstrong:       0.00       0.00          0          0          0          0          0          0          0          0
Primal Heuristics  :   ExecTime  SetupTime      Calls      Found       Best
  LP solutions     :       0.00          -          -          0          0
  relax solutions  :       0.00          -          -          0          0
  pseudo solutions :       0.00          -          -          0          0
  strong branching :       0.02          -          -          0          0
  actconsdiving    :       0.00       0.00          0          0          0
  adaptivediving   :       4.14       0.00         36          0          0
  alns             :       4.99       0.00          4          0          0
  bound            :       0.00       0.00          0          0          0
  clique           :       0.00       0.00          0          0          0
  coefdiving       :       0.00       0.00          0          0          0
  completesol      :       0.01       0.00          0          0          0
  conflictdiving   :      51.63       0.00        180          0          0
  crossover        :       6.08       0.00          1          1          1
  dins             :       0.00       0.00          0          0          0
  distributiondivin:      99.01       0.00        182          0          0
  dps              :       0.00       0.00          0          0          0
  dualval          :       0.00       0.00          0          0          0
  farkasdiving     :       0.00       0.00          0          0          0
  feaspump         :      27.55       0.00         20          0          0
  fixandinfer      :       0.00       0.00          0          0          0
  fracdiving       :      50.97       0.00        182          0          0
  gins             :       0.00       0.00          0          0          0
  guideddiving     :      48.32       0.00        181          0          0
  indicator        :       0.04       0.00          0          0          0
  indicatordiving  :       0.00       0.00          0          0          0
  intdiving        :       0.00       0.00          0          0          0
  intshifting      :       2.38       0.00         26          0          0
  linesearchdiving :      36.19       0.00        181          0          0
  localbranching   :       0.00       0.00          0          0          0
  locks            :       0.02       0.00          1          0          0
  lpface           :       0.00       0.00          0          0          0
  mpec             :      10.15       0.00          1          0          0
  multistart       :       0.00       0.00          0          0          0
  mutation         :       0.00       0.00          0          0          0
  nlpdiving        :       3.25       0.00          2          0          0
  objpscostdiving  :      27.69       0.00         11          0          0
  octane           :       0.00       0.00          0          0          0
  ofins            :       0.01       0.00          0          0          0
  oneopt           :       0.01       0.00          6          0          0
  padm             :       0.00       0.00          0          0          0
  proximity        :       0.00       0.00          0          0          0
  pscostdiving     :      65.89       0.00        181          0          0
  randrounding     :       0.87       0.00        608          0          0
  rens             :       0.00       0.00          0          0          0
  reoptsols        :       0.00       0.00          0          0          0
  repair           :       0.00       0.00          0          0          0
  rins             :       0.00       0.00          0          0          0
  rootsoldiving    :       6.54       0.00         18          0          0
  rounding         :       0.61       0.00       3009          0          0
  shiftandpropagate:       0.02       0.00          1          0          0
  shifting         :       1.43       0.00        735          0          0
  simplerounding   :       0.05       0.00          0          0          0
  subnlp           :       5.00       0.00         15          5          5
  trivial          :       0.01       0.00          2          0          0
  trivialnegation  :       0.00       0.00          0          0          0
  trustregion      :       0.00       0.00          0          0          0
  trysol           :       0.03       0.00          0          0          0
  twoopt           :       0.00       0.00          0          0          0
  undercover       :       0.23       0.00          1          0          0
  vbounds          :       0.00       0.00          0          0          0
  veclendiving     :      21.56       0.00        182          0          0
  zeroobj          :       0.00       0.00          0          0          0
  zirounding       :       0.09       0.00       1000          0          0
  other solutions  :          -          -          -          0          -
Diving (single)    :      Calls      Nodes   LP Iters Backtracks  Conflicts   MinDepth   MaxDepth   AvgDepth  RoundSols  NLeafSols  MinSolDpt  MaxSolDpt  AvgSolDpt
  actconsdiving    :          0          -          -          -          -          -          -          -          -          -          -          -          -
  coefdiving       :          0          -          -          -          -          -          -          -          -          -          -          -          -
  conflictdiving   :        180       8024     266518          5          4         48         66       59.5          0          -          -          -          -
  distributiondivin:        182       5199     237429          5          4         18         66       44.2          0          -          -          -          -
  farkasdiving     :          0          -          -          -          -          -          -          -          -          -          -          -          -
  fracdiving       :        182       8781     253386          1          0         58         66       64.0          0          -          -          -          -
  guideddiving     :        181       8384     247506          3          1         51         66       62.2          0          -          -          -          -
  indicatordiving  :          0          -          -          -          -          -          -          -          -          -          -          -          -
  linesearchdiving :        181       5682     188066          2          2         35         61       47.1          0          -          -          -          -
  pscostdiving     :        181       8929     317801          1          1         58         66       64.7          0          -          -          -          -
  veclendiving     :        182       1502     125263          0          0         17         30       23.8          0          -          -          -          -
Diving (adaptive)  :      Calls      Nodes   LP Iters Backtracks  Conflicts   MinDepth   MaxDepth   AvgDepth  RoundSols  NLeafSols  MinSolDpt  MaxSolDpt  AvgSolDpt
  actconsdiving    :          8         64       6334          0          0         23         30       25.0          0          -          -          -          -
  coefdiving       :         12        100       7742          0          0         17         29       23.3          0          -          -          -          -
  conflictdiving   :          0          -          -          -          -          -          -          -          -          -          -          -          -
  distributiondivin:          0          -          -          -          -          -          -          -          -          -          -          -          -
  farkasdiving     :          0          -          -          -          -          -          -          -          -          -          -          -          -
  fracdiving       :          0          -          -          -          -          -          -          -          -          -          -          -          -
  guideddiving     :          3        133       3952          0          0         59         62       60.3          0          -          -          -          -
  indicatordiving  :          0          -          -          -          -          -          -          -          -          -          -          -          -
  linesearchdiving :          1         39       1436          1          1         52         52       52.0          0          -          -          -          -
  pscostdiving     :          2        107       3303          0          0         64         66       65.0          0          -          -          -          -
  veclendiving     :         10         90       6553          0          0         22         30       24.7          0          -          -          -          -
Neighborhoods      :      Calls  SetupTime  SolveTime SolveNodes       Sols       Best       Exp3  EpsGreedy        UCB TgtFixRate  Opt  Inf Node Stal  Sol  Usr Othr Actv
  rens             :          1       0.02       0.00          0          0          0    0.00000   -1.00000    1.00000      0.700    0    1    0    0    0    0    0    1
  rins             :          1       0.02       1.46         35          0          0    0.00000   -1.00000    1.00000      0.700    0    1    0    0    0    0    0    1
  mutation         :          0       0.00       0.00          0          0          0    0.00000   -1.00000    1.00000      0.900    0    0    0    0    0    0    0    1
  localbranching   :          1       0.02       1.66         52          0          0    0.00000   -1.00000    1.00000      0.900    0    0    0    1    0    0    0    1
  crossover        :          0       0.00       0.00          0          0          0    0.00000   -1.00000    1.00000      0.900    0    0    0    0    0    0    0    1
  proximity        :          0       0.00       0.00          0          0          0    0.00000   -1.00000    1.00000      0.900    0    0    0    0    0    0    0    1
  zeroobjective    :          0       0.00       0.00          0          0          0    0.00000   -1.00000    1.00000      0.900    0    0    0    0    0    0    0    1
  dins             :          1       0.02       1.76         55          0          0    0.00000   -1.00000    1.00000      0.700    0    1    0    0    0    0    0    1
  trustregion      :          0       0.00       0.00          0          0          0    0.00000   -1.00000    1.00000      0.900    0    0    0    0    0    0    0    0
Expressions        :   #IntEval  IntEvalTi   #RevProp  RevPropTi    DomReds    Cutoffs  #Estimate  EstimTime  Branching  #Simplify SimplifyTi Simplified
  pow              :    4343793       1.45    1452481       0.47    2337901          0       1225       0.00          0       1837       0.00          0
  prod             :    3618109       1.13      28757       0.01        127          0          0       0.00          0       1454       0.00        726
  sum              :    4078293       1.41    2293576       1.08     205718         39        122       0.00          0       1817       0.00        122
  var              :    9559158       2.56          0       0.00          0          0          0       0.00          0       4984       0.00          0
  varidx           :          0       0.00          0       0.00          0          0          0       0.00          0          0       0.00          0
Nonlinear Conshdlr :   WeakSepa  TightenLP DespTghtLP DespBranch DespCutoff    ForceLP  CanonTime
  enforce          :          0          0          0          0          0          0
  presolve         :                                                                         0.05
Nlhdlrs            :    Detects  DetectAll DetectTime   #IntEval  IntEvalTi   #RevProp  RevPropTi    DomReds    Cutoffs   #Enforce   EnfoTime       Cuts  Branching
  soc              :        726        726       0.00          0       0.00          0       0.00          0          0    7882577      20.25    2261708          0
  convex           :          1          1       0.00          0       0.00          0       0.00          0          0      45841       0.36      45840          0
  concave          :          0          0       0.00          0       0.00          0       0.00          0          0          0       0.00          0          0
  quotient         :          0          0       0.01          0       0.00          0       0.00          0          0          0       0.00          0          0
  quadratic        :          0          0       0.01          0       0.00          0       0.00          0          0          0       0.00          0          0
  default          :       4205      21025       0.00   12036570       9.25    3780130       9.04    2543746         39       1347       0.00       1104          0
  bilinear         :          0          0       0.01          0       0.00          0       0.00          0          0          0       0.00          0          0
  perspective      :          0          0       0.00          0       0.00          0       0.00          0          0          0       0.00          0          0
LP                 :       Time      Calls Iterations  Iter/call   Iter/sec  Time-0-It Calls-0-It    ItLimit
  primal LP        :     462.43       6417          0       0.00       0.00     462.41       6417
  dual LP          :    2433.50      50724   10264071     203.37    4217.82       0.17        255
  lex dual LP      :       0.00          0          0       0.00          -
  barrier LP       :       0.00          0          0       0.00          -       0.00          0
  resolve instable :       0.00          0          0       0.00          -
  diving/probing LP:     335.10       8680    1874249     215.93    5593.10
  strong branching :      48.37        822     252092     306.68    5211.74          -          -        108
    (at root node) :          -         34       1252      36.82          -
  conflict analysis:       0.03         27        230       8.52    7666.67
NLP relaxation     :
  solve time       :       3.24 (7 calls)
  convexity        :  nonconvex (90 linear rows, 122 convex ineq., 726 nonconvex ineq., 0 nonlinear eq. or two-sided ineq.)
NLP Solvers        :  #Problems  ProblemTi    #Solves  SolveTime      #Iter  Time/Iter      #Okay #TimeLimit #IterLimit #LObjLimit #Interrupt  #NumError #EvalError  #OutOfMem #LicenseEr #OtherTerm   #GlobOpt    #LocOpt  #Feasible #LocInfeas #GlobInfea #Unbounded   #Unknown
  ipopt            :         17       3.49         24      17.31       1468       0.01         19          0          5          0          0          0          0          0          0          0          0          9          2          8          0          0          5
B&B Tree           :
  number of runs   :          1
  nodes            :       4628 (4627 internal, 1 leaves)
  feasible leaves  :          0
  infeas. leaves   :          0
  objective leaves :          0
  nodes (total)    :       4628 (4627 internal, 1 leaves)
  nodes left       :       4628
  max depth        :         24
  max depth (total):         24
  backtracks       :       1372 (29.6%)
  early backtracks :          0 (0.0%)
  nodes exc. ref.  :          0 (0.0%)
  delayed cutoffs  :          0
  repropagations   :         29 (2955 domain reductions, 0 cutoffs)
  avg switch length:       6.84
  switching time   :     323.40
Estim. Tree Size   :         -1
Estimation Tree    : 9255 nodes (4627 visited, 4627 internal, 0 leaves, 4628 open), weight: 0.0000 completed 0.0204
Estimations        :      estim      value      trend resolution     smooth
  wbe              :         -1          -          -          -          -
  tree-profile     :         -1          -          -          -          -
  gap              :         -1    0.75884                     1           
  tree-weight      :         -1    0.00000                     1           
  leaf-frequency   :         -1   -0.00011                     1           
  ssg              :         -1    0.96774                     1           
  open-nodes       :         -1 4628.00000                     1           
Root Node          :
  First LP value   : -2.23729698321219e+00
  First LP Iters   :       2671 (53420.00 Iter/sec)
  First LP Time    :       0.05
  Final Dual Bound : -1.88644362100608e+00
  Final Root Iters :      25671
  Root LP Estimate : -1.67614333789503e+00
Solution           :
  Solutions found  :          6 (6 improvements)
  First Solution   : -3.82304175679392e-01   (in run 1, after 1 nodes, 0.79 seconds, depth 0, found by <feaspump>)
  Gap First Sol.   :     485.21 %
  Gap Last Sol.    :      35.46 %
  Primal Bound     : -1.39193602558486e+00   (in run 1, after 223 nodes, 108.13 seconds, depth 16, found by <crossover>)
  Dual Bound       : -1.83429790012058e+00
  Gap              :      31.78 %
Integrals          :      Total       Avg%
  primal-dual      :   89200.06      24.78
  primal-ref       :          -          - (not evaluated)
  dual-ref         :          -          - (not evaluated)
