SCIP Status        : solving was interrupted [time limit reached]
Total Time         :    3600.01
  solving          :    3600.00
  presolving       :       0.12 (included in solving)
  reading          :       0.01
  copying          :       0.12 (21 #copies) (minimal 0.00, maximal 0.01, average 0.01)
Original Problem   :
  Problem name     : benchmark/block2_45_10_9_12.design
  Variables        : 1108 (45 binary, 0 integer, 0 implicit integer, 1063 continuous)
  Constraints      : 1524 initial, 1524 maximal
  Objective        : minimize, 1 non-zeros (abs.min = 1, abs.max = 1)
Presolved Problem  :
  Problem name     : t_benchmark/block2_45_10_9_12.design
  Variables        : 1605 (45 binary, 0 integer, 0 implicit integer, 1560 continuous)
  Constraints      : 1524 initial, 1566 maximal
  Objective        : minimize, 1 non-zeros (abs.min = 1, abs.max = 1)
  Nonzeros         : 5168 constraint, 0 clique table
Presolvers         :   ExecTime  SetupTime  Calls  FixedVars   AggrVars   ChgTypes  ChgBounds   AddHoles    DelCons    AddCons   ChgSides   ChgCoefs
  boundshift       :       0.00       0.00      0          0          0          0          0          0          0          0          0          0
  convertinttobin  :       0.00       0.00      0          0          0          0          0          0          0          0          0          0
  domcol           :       0.00       0.00      1          0          0          0          0          0          0          0          0          0
  dualagg          :       0.00       0.00      0          0          0          0          0          0          0          0          0          0
  dualcomp         :       0.00       0.00      1          0          0          0          0          0          0          0          0          0
  dualinfer        :       0.00       0.00      0          0          0          0          0          0          0          0          0          0
  dualsparsify     :       0.00       0.00      1          0          0          0          0          0          0          0          0          0
  gateextraction   :       0.00       0.00      0          0          0          0          0          0          0          0          0          0
  implics          :       0.00       0.00      1          0          0          0          0          0          0          0          0          0
  inttobinary      :       0.00       0.00      0          0          0          0          0          0          0          0          0          0
  qpkktref         :       0.00       0.00      0          0          0          0          0          0          0          0          0          0
  redvub           :       0.00       0.00      0          0          0          0          0          0          0          0          0          0
  sparsify         :       0.00       0.00      1          0          0          0          0          0          0          0          0          0
  stuffing         :       0.00       0.00      0          0          0          0          0          0          0          0          0          0
  trivial          :       0.00       0.00      2         36          0          0          0          0          0          0          0          0
  tworowbnd        :       0.00       0.00      0          0          0          0          0          0          0          0          0          0
  dualfix          :       0.00       0.00      2         36          0          0          0          0          0          0          0          0
  genvbounds       :       0.00       0.00      0          0          0          0          0          0          0          0          0          0
  probing          :       0.00       0.00      1          0          0          0          0          0          0          0          0          0
  pseudoobj        :       0.00       0.00      0          0          0          0          0          0          0          0          0          0
  symmetry         :       0.00       0.00      1          0          0          0          0          0          0          0          0          0
  vbounds          :       0.00       0.00      0          0          0          0          0          0          0          0          0          0
  linear           :       0.00       0.00      3          0          0          0          0          0          0          0          0          0
  nonlinear        :       0.12       0.01      4          0          0          0         81          0          0          0          0          0
  benders          :       0.00       0.00      0          0          0          0          0          0          0          0          0          0
  components       :       0.00       0.00      1          0          0          0          0          0          0          0          0          0
  root node        :          -          -      -          0          -          -       2304          -          -          -          -          -
Constraints        :     Number  MaxNumber  #Separate #Propagate    #EnfoLP    #EnfoRelax  #EnfoPS    #Check   #ResProp    Cutoffs    DomReds       Cuts    Applied      Conss   Children
  benderslp        :          0          0          0          0      68522          0          0      71846          0          0          0          0          0          0          0
  integral         :          0          0          0          0      68522          0          0      71846          0          0       4492          0          0          0     131314
  linear           :       1037+      1079         60    1261915          9          0          0      71840          9        116    1321200          7          0          0          0
  nonlinear        :        487        487     403519    1261799       2647          0          0      40645          0         82    5793533    1265704    1249781          0          0
  benders          :          0          0          0          0          9          0          0          9          0          0          0          0          0          0          0
  countsols        :          0          0          0          0          9          0          0          9          0          0          0          0          0          0          0
  components       :          0          0          0          0          0          0          0          0          0          0          0          0          0          0          0
Constraint Timings :  TotalTime  SetupTime   Separate  Propagate     EnfoLP     EnfoPS     EnfoRelax   Check    ResProp    SB-Prop
  benderslp        :       0.18       0.00       0.00       0.00       0.11       0.00       0.00       0.07       0.00       0.00
  integral         :       8.84       0.00       0.00       0.00       8.82       0.00       0.00       0.02       0.00       0.00
  linear           :      41.09       0.00       0.01      36.95       0.00       0.00       0.00       4.13       0.00       0.00
  nonlinear        :     680.79       0.01     441.88     222.00       1.59       0.00       0.00      15.00       0.00       0.31
  benders          :       0.00       0.00       0.00       0.00       0.00       0.00       0.00       0.00       0.00       0.00
  countsols        :       0.00       0.00       0.00       0.00       0.00       0.00       0.00       0.00       0.00       0.00
  components       :       0.13       0.00       0.00       0.13       0.00       0.00       0.00       0.00       0.00       0.00
Propagators        : #Propagate   #ResProp    Cutoffs    DomReds
  dualfix          :          4          0          0          0
  genvbounds       :          0          0          0          0
  nlobbt           :          0          0          0          0
  obbt             :          0          0          0          0
  probing          :          0          0          0          0
  pseudoobj        :     264886          0          0         17
  redcost          :     549454          0          0      17832
  rootredcost      :         15          0          0       1799
  symmetry         :          0          0          0          0
  vbounds          :     251459          0          0          0
Propagator Timings :  TotalTime  SetupTime   Presolve  Propagate    ResProp    SB-Prop
  dualfix          :       0.00       0.00       0.00       0.00       0.00       0.00
  genvbounds       :       0.67       0.00       0.00       0.67       0.00       0.00
  nlobbt           :       0.00       0.00       0.00       0.00       0.00       0.00
  obbt             :       0.00       0.00       0.00       0.00       0.00       0.00
  probing          :       0.00       0.00       0.00       0.00       0.00       0.00
  pseudoobj        :       0.95       0.00       0.00       0.95       0.00       0.00
  redcost          :       8.61       0.00       0.00       8.61       0.00       0.00
  rootredcost      :       0.59       0.00       0.00       0.59       0.00       0.00
  symmetry         :       0.33       0.00       0.00       0.33       0.00       0.00
  vbounds          :       0.64       0.00       0.00       0.64       0.00       0.00
Conflict Analysis  :       Time      Calls    Success    DomReds  Conflicts   Literals    Reconvs ReconvLits   Dualrays   Nonzeros   LP Iters   (pool size: [--,--])
  propagation      :       0.00         31          3          -          4       76.0          0        0.0          -          -          -
  infeasible LP    :       0.00          0          0          -          0        0.0          0        0.0       1592      100.6          0
  bound exceed. LP :      25.13      21770       1592          -          1        7.0          0        0.0          0        0.0     164095
  strong branching :       0.00          0          0          -          0        0.0          0        0.0          -          -          0
  pseudo solution  :       0.00          0          0          -          0        0.0          0        0.0          -          -          -
  applied globally :       0.00          -          -          0          0        0.0          -          -       1592          -          -
  applied locally  :          -          -          -          0          0        0.0          -          -          0          -          -
Separators         :   ExecTime  SetupTime      Calls  RootCalls    Cutoffs    DomReds  FoundCuts ViaPoolAdd  DirectAdd    Applied ViaPoolApp  DirectApp      Conss
  cut pool         :       0.00          -       4669         62          -          -         96        212          -          -          -          -          -    (maximal pool size:         12)
  aggregation      :       5.48       0.00       5003         60          0          0          0          0          0          0          0          0          0
  > cmir           :          -          -          -          -          -          -          -          0          0          0          0          0          -
  > flowcover      :          -          -          -          -          -          -          -          0          0          0          0          0          -
  > knapsackcover  :          -          -          -          -          -          -          -          0          0          0          0          0          -
  cgmip            :       0.00       0.00          0          0          0          0          0          0          0          0          0          0          0
  clique           :       0.00       0.00          1          1          0          0          0          0          0          0          0          0          0
  closecuts        :       0.00       0.00          0          0          0          0          0          0          0          0          0          0          0
  convexproj       :       0.00       0.00          0          0          0          0          0          0          0          0          0          0          0
  disjunctive      :       0.00       0.00          0          0          0          0          0          0          0          0          0          0          0
  eccuts           :       0.00       0.00          0          0          0          0          0          0          0          0          0          0          0
  gauge            :       0.00       0.00          0          0          0          0          0          0          0          0          0          0          0
  gomory           :       8.28       0.00       3529         10          0          0         96        212          0        169        169          0          0
  > gomorymi       :          -          -          -          -          -          -          -        212          0        169        169          0          -
  > strongcg       :          -          -          -          -          -          -          -          0          0          0          0          0          -
  impliedbounds    :       0.26       0.00       5003         60          0          0          0          0          0          0          0          0          0
  interminor       :       0.00       0.00          0          0          0          0          0          0          0          0          0          0          0
  intobj           :       0.00       0.00          0          0          0          0          0          0          0          0          0          0          0
  mcf              :       0.00       0.00          3          3          0          0          0          0          0          0          0          0          0
  minor            :       0.01       0.00          0          0          0          0          0          0          0          0          0          0          0
  mixing           :       0.13       0.00       5003         60          0          0          0          0          0          0          0          0          0
  oddcycle         :       0.00       0.00          0          0          0          0          0          0          0          0          0          0          0
  rapidlearning    :       0.04       0.00          0          0          0          0          0          0          0          0          0          0          0
  rlt              :       0.00       0.00         10         10          0          0          0          0          0          0          0          0          0
  zerohalf         :       0.80       0.00       3539         20          0          0          0          0          0          0          0          0          0
Cutselectors       :   ExecTime  SetupTime      Calls  RootCalls   Selected     Forced   Filtered  RootSelec   RootForc   RootFilt 
  hybrid           :       1.12       0.00     402307         60    1174084          0      15939       1572          0         33
Pricers            :   ExecTime  SetupTime      Calls       Vars
  problem variables:       0.00          -          0          0
Branching Rules    :   ExecTime  SetupTime   BranchLP  BranchExt   BranchPS    Cutoffs    DomReds       Cuts      Conss   Children
  allfullstrong    :       0.00       0.00          0          0          0          0          0          0          0          0
  cloud            :       0.00       0.00          0          0          0          0          0          0          0          0
  distribution     :       0.00       0.00          0          0          0          0          0          0          0          0
  fullstrong       :       0.00       0.00          0          0          0          0          0          0          0          0
  inference        :       0.00       0.00          0          0          0          0          0          0          0          0
  leastinf         :       0.00       0.00          0          0          0          0          0          0          0          0
  lookahead        :       0.00       0.00          0          0          0          0          0          0          0          0
  mostinf          :       0.00       0.00          0          0          0          0          0          0          0          0
  multaggr         :       0.00       0.00          0          0          0          0          0          0          0          0
  nodereopt        :       0.00       0.00          0          0          0          0          0          0          0          0
  pscost           :       0.00       0.00          0          0          0          0          0          0          0          0
  random           :       0.00       0.00          0          0          0          0          0          0          0          0
  relpscost        :       8.68       0.00      65875          0          0          0       4492          0          0     131314
  vanillafullstrong:       0.00       0.00          0          0          0          0          0          0          0          0
Primal Heuristics  :   ExecTime  SetupTime      Calls      Found       Best
  LP solutions     :       0.01          -          -          9          9
  relax solutions  :       0.00          -          -          0          0
  pseudo solutions :       0.00          -          -          0          0
  strong branching :       0.02          -          -          0          0
  actconsdiving    :       0.00       0.00          0          0          0
  adaptivediving   :       2.46       0.00         70          0          0
  alns             :       7.88       0.00         10          0          0
  bound            :       0.00       0.00          0          0          0
  clique           :       0.00       0.00          0          0          0
  coefdiving       :       0.00       0.00          0          0          0
  completesol      :       0.00       0.00          0          0          0
  conflictdiving   :     105.88       0.00       2387          0          0
  crossover        :       0.00       0.00          0          0          0
  dins             :       0.00       0.00          0          0          0
  distributiondivin:     591.47       0.00       2225          0          0
  dps              :       0.00       0.00          0          0          0
  dualval          :       0.00       0.00          0          0          0
  farkasdiving     :       0.02       0.00          0          0          0
  feaspump         :       2.76       0.00         59          0          0
  fixandinfer      :       0.00       0.00          0          0          0
  fracdiving       :      46.68       0.00       2387          0          0
  gins             :       0.06       0.00          0          0          0
  guideddiving     :      56.57       0.00       2387          0          0
  indicator        :       0.25       0.00          0          0          0
  indicatordiving  :       0.00       0.00          0          0          0
  intdiving        :       0.00       0.00          0          0          0
  intshifting      :       1.00       0.00        111          0          0
  linesearchdiving :      46.31       0.00       2387          0          0
  localbranching   :       0.00       0.00          0          0          0
  locks            :       0.01       0.00          1          0          0
  lpface           :       0.05       0.00          0          0          0
  mpec             :       3.47       0.00          1          1          1
  multistart       :       0.00       0.00          0          0          0
  mutation         :       0.00       0.00          0          0          0
  nlpdiving        :       3.01       0.00          3          0          0
  objpscostdiving  :      30.66       0.00        230          0          0
  octane           :       0.00       0.00          0          0          0
  ofins            :       0.04       0.00          0          0          0
  oneopt           :       0.02       0.00         16          0          0
  padm             :       0.00       0.00          0          0          0
  proximity        :       0.00       0.00          0          0          0
  pscostdiving     :      55.67       0.00       2333          0          0
  randrounding     :      11.46       0.00      46265          0          0
  rens             :       0.00       0.00          0          0          0
  reoptsols        :       0.00       0.00          0          0          0
  repair           :       0.00       0.00          0          0          0
  rins             :      19.31       0.00         11          0          0
  rootsoldiving    :      17.79       0.00        314          0          0
  rounding         :       0.92       0.00       9613          0          0
  shiftandpropagate:       0.01       0.00          1          0          0
  shifting         :       1.43       0.00       3283          0          0
  simplerounding   :       0.37       0.00          0          0          0
  subnlp           :      14.81       0.00         61          7          7
  trivial          :       0.00       0.00          2          0          0
  trivialnegation  :       0.00       0.00          0          0          0
  trustregion      :       0.00       0.00          0          0          0
  trysol           :       0.28       0.00          0          0          0
  twoopt           :       0.00       0.00          0          0          0
  undercover       :       0.12       0.00          1          0          0
  vbounds          :       0.00       0.00          0          0          0
  veclendiving     :      89.69       0.00       2387          0          0
  zeroobj          :       0.00       0.00          0          0          0
  zirounding       :       0.05       0.00       1000          0          0
  other solutions  :          -          -          -          0          -
Diving (single)    :      Calls      Nodes   LP Iters Backtracks  Conflicts   MinDepth   MaxDepth   AvgDepth  RoundSols  NLeafSols  MinSolDpt  MaxSolDpt  AvgSolDpt
  actconsdiving    :          0          -          -          -          -          -          -          -          -          -          -          -          -
  coefdiving       :          0          -          -          -          -          -          -          -          -          -          -          -          -
  conflictdiving   :       2387      21648     524246       6561        403         14         45       25.7          0          -          -          -          -
  distributiondivin:       2225      30429     487229       3036        281         15         45       30.8          0          -          -          -          -
  farkasdiving     :          0          -          -          -          -          -          -          -          -          -          -          -          -
  fracdiving       :       2387      49122     435255        380         30         24         45       39.4          0          -          -          -          -
  guideddiving     :       2387      40045     409205       1745         86         23         45       35.6          0          -          -          -          -
  indicatordiving  :          0          -          -          -          -          -          -          -          -          -          -          -          -
  linesearchdiving :       2387      33905     341678        964         73         21         45       33.0          0          -          -          -          -
  pscostdiving     :       2333      50278     487044        140         14         24         45       40.6          0          -          -          -          -
  veclendiving     :       2387      16180     462377       4788        208         14         40       23.4          0          -          -          -          -
Diving (adaptive)  :      Calls      Nodes   LP Iters Backtracks  Conflicts   MinDepth   MaxDepth   AvgDepth  RoundSols  NLeafSols  MinSolDpt  MaxSolDpt  AvgSolDpt
  actconsdiving    :         24        209       6037         60          2         17         32       23.2          0          -          -          -          -
  coefdiving       :         21        127       3679         41          0         19         34       22.9          0          -          -          -          -
  conflictdiving   :          0          -          -          -          -          -          -          -          -          -          -          -          -
  distributiondivin:          0          -          -          -          -          -          -          -          -          -          -          -          -
  farkasdiving     :          0          -          -          -          -          -          -          -          -          -          -          -          -
  fracdiving       :          4         93        786          1          0         35         45       41.5          0          -          -          -          -
  guideddiving     :          2         48        469          0          0         36         45       40.5          0          -          -          -          -
  indicatordiving  :          0          -          -          -          -          -          -          -          -          -          -          -          -
  linesearchdiving :          3         74        766          0          0         31         42       36.0          0          -          -          -          -
  pscostdiving     :         11        268       2612          0          0         33         45       42.4          0          -          -          -          -
  veclendiving     :          5         44        912          0          0         19         23       20.4          0          -          -          -          -
Neighborhoods      :      Calls  SetupTime  SolveTime SolveNodes       Sols       Best       Exp3  EpsGreedy        UCB TgtFixRate  Opt  Inf Node Stal  Sol  Usr Othr Actv
  rens             :          1       0.01       0.79         11          0          0    0.00000   -1.00000    0.55216      0.700    0    1    0    0    0    0    0    1
  rins             :          2       0.03       2.06         54          0          0    0.00000   -1.00000    0.46547      0.850    0    1    0    1    0    0    0    1
  mutation         :          1       0.01       0.51          7          0          0    0.00000   -1.00000    0.55572      0.700    0    1    0    0    0    0    0    1
  localbranching   :          1       0.01       0.68         17          0          0    0.00000   -1.00000    0.54305      0.700    0    1    0    0    0    0    0    1
  crossover        :          1       0.01       0.85          9          0          0    0.00000   -1.00000    0.55194      0.700    0    1    0    0    0    0    0    1
  proximity        :          1       0.01       0.75          1          0          0    0.00000   -1.00000    0.56083      0.700    0    1    0    0    0    0    0    1
  zeroobjective    :          1       0.01       0.00          0          0          0    0.00000   -1.00000    0.06194      0.900    0    0    0    0    0    0    1    1
  dins             :          2       0.02       2.00         51          0          0    0.00000   -1.00000    0.46547      0.850    0    1    0    1    0    0    0    1
  trustregion      :          0       0.00       0.00          0          0          0    0.00000   -1.00000    1.00000      0.900    0    0    0    0    0    0    0    0
Expressions        :   #IntEval  IntEvalTi   #RevProp  RevPropTi    DomReds    Cutoffs  #Estimate  EstimTime  Branching  #Simplify SimplifyTi Simplified
  pow              :   41305653       9.00   13573668       4.01   23637401          0        860       0.00          0       1071       0.00          0
  prod             :   33761749       9.64     284813       0.83        371          0          0       0.00          0        812       0.00        405
  sum              :   39039213      10.00   22563273       7.84    2117715         42         82       0.00          0       1055       0.00         82
  var              :   94538822      22.69          0       0.00          0          0          0       0.00          0       2854       0.00          0
  varidx           :          0       0.00          0       0.00          0          0          0       0.00          0          0       0.00          0
Nonlinear Conshdlr :   WeakSepa  TightenLP DespTghtLP DespBranch DespCutoff    ForceLP  CanonTime
  enforce          :      75800          0          0          0          0          0
  presolve         :                                                                         0.10
Nlhdlrs            :    Detects  DetectAll DetectTime   #IntEval  IntEvalTi   #RevProp  RevPropTi    DomReds    Cutoffs   #Enforce   EnfoTime       Cuts  Branching
  soc              :        405        405       0.01          0       0.00          0       0.00          0          0   94203348     181.83     862630          0
  convex           :          1          1       0.04          0       0.00          0       0.00          0          0     402296       2.39     402295          0
  concave          :          0          0       0.00          0       0.00          0       0.00          0          0          0       0.00          0          0
  quotient         :          0          0       0.00          0       0.00          0       0.00          0          0          0       0.00          0          0
  quadratic        :          0          0       0.00          0       0.00          0       0.00          0          0          0       0.00          0          0
  default          :       2415      12075       0.00  114104593      70.68   36424835      73.43   25755487         42        942       0.00        779          0
  bilinear         :          0          0       0.01          0       0.00          0       0.00          0          0          0       0.00          0          0
  perspective      :          0          0       0.00          0       0.00          0       0.00          0          0          0       0.00          0          0
LP                 :       Time      Calls Iterations  Iter/call   Iter/sec  Time-0-It Calls-0-It    ItLimit
  primal LP        :     750.54      65935          0       0.00       0.00     750.35      65935
  dual LP          :     952.53     488362    9678745      20.43   10161.09       3.28      14657
  lex dual LP      :       0.00          0          0       0.00          -
  barrier LP       :       0.00          0          0       0.00          -       0.00          0
  resolve instable :       0.00          0          0       0.00          -
  diving/probing LP:     181.39      77913    3372483      43.29   18592.44
  strong branching :       1.59        496      26579      53.59   16716.35          -          -        117
    (at root node) :          -         39        887      22.74          -
  conflict analysis:      11.91      17259     164095       9.51   13777.92
NLP relaxation     :
  solve time       :       2.98 (10 calls)
  convexity        :  nonconvex (65 linear rows, 82 convex ineq., 405 nonconvex ineq., 0 nonlinear eq. or two-sided ineq.)
NLP Solvers        :  #Problems  ProblemTi    #Solves  SolveTime      #Iter  Time/Iter      #Okay #TimeLimit #IterLimit #LObjLimit #Interrupt  #NumError #EvalError  #OutOfMem #LicenseEr #OtherTerm   #GlobOpt    #LocOpt  #Feasible #LocInfeas #GlobInfea #Unbounded   #Unknown
  ipopt            :         64      30.66         76      18.58       3180       0.01         67          0          9          0          0          0          0          0          0          0          0         17          2         47          0          0         10
B&B Tree           :
  number of runs   :          1
  nodes            :      68395 (65657 internal, 2738 leaves)
  feasible leaves  :          9
  infeas. leaves   :          0
  objective leaves :       2728
  nodes (total)    :      68395 (65657 internal, 2738 leaves)
  nodes left       :      62921
  max depth        :         28
  max depth (total):         28
  backtracks       :      20872 (30.5%)
  early backtracks :          0 (0.0%)
  nodes exc. ref.  :          0 (0.0%)
  delayed cutoffs  :          0
  repropagations   :         10 (0 domain reductions, 0 cutoffs)
  avg switch length:       8.80
  switching time   :     784.90
Estim. Tree Size   :    5745169
Estimation Tree    : 131315 nodes (68394 visited, 65657 internal, 2737 leaves, 62921 open), weight: 0.0038 completed 0.0790
Estimations        :      estim      value      trend resolution     smooth
  wbe              :    1426364          -          -          -          -
  tree-profile     :         -1          -          -          -          -
  gap              :     696716    0.85838    0.00000          4     683526
  tree-weight      :    5745170    0.00384    0.00000          4    5845901
  leaf-frequency   :     445158    0.04001    0.00001          4     435055
  ssg              :    1265760    0.87741   -0.00001          4    1277888
  open-nodes       :     136788 62921.00000   25.01388          4     136642
Root Node          :
  First LP value   : -2.46020027592781e+00
  First LP Iters   :       1489 (49633.33 Iter/sec)
  First LP Time    :       0.03
  Final Dual Bound : -2.10817906354151e+00
  Final Root Iters :       5596
  Root LP Estimate : -1.74203305822812e+00
Solution           :
  Solutions found  :         17 (17 improvements)
  First Solution   : -1.39495346303150e+00   (in run 1, after 1 nodes, 0.45 seconds, depth 0, found by <locks>)
  Gap First Sol.   :      76.36 %
  Gap Last Sol.    :      16.91 %
  Primal Bound     : -1.71449728983727e+00   (in run 1, after 40082 nodes, 1929.34 seconds, depth 21, found by <relaxation>)
  Dual Bound       : -1.99737165192095e+00
  Gap              :      16.50 %
Integrals          :      Total       Avg%
  primal-dual      :   54662.15      15.18
  primal-ref       :          -          - (not evaluated)
  dual-ref         :          -          - (not evaluated)
