SCIP Status        : solving was interrupted [time limit reached]
Total Time         :    3600.01
  solving          :    3600.00
  presolving       :       0.05 (included in solving)
  reading          :       0.01
  copying          :       0.05 (8 #copies) (minimal 0.00, maximal 0.01, average 0.01)
Original Problem   :
  Problem name     : benchmark/block2_45_10_9_10.design
  Variables        : 1108 (45 binary, 0 integer, 0 implicit integer, 1063 continuous)
  Constraints      : 1524 initial, 1524 maximal
  Objective        : minimize, 1 non-zeros (abs.min = 1, abs.max = 1)
Presolved Problem  :
  Problem name     : t_benchmark/block2_45_10_9_10.design
  Variables        : 1605 (45 binary, 0 integer, 0 implicit integer, 1560 continuous)
  Constraints      : 1524 initial, 1529 maximal
  Objective        : minimize, 1 non-zeros (abs.min = 1, abs.max = 1)
  Nonzeros         : 5168 constraint, 0 clique table
Presolvers         :   ExecTime  SetupTime  Calls  FixedVars   AggrVars   ChgTypes  ChgBounds   AddHoles    DelCons    AddCons   ChgSides   ChgCoefs
  boundshift       :       0.00       0.00      0          0          0          0          0          0          0          0          0          0
  convertinttobin  :       0.00       0.00      0          0          0          0          0          0          0          0          0          0
  domcol           :       0.00       0.00      1          0          0          0          0          0          0          0          0          0
  dualagg          :       0.00       0.00      0          0          0          0          0          0          0          0          0          0
  dualcomp         :       0.00       0.00      1          0          0          0          0          0          0          0          0          0
  dualinfer        :       0.00       0.00      0          0          0          0          0          0          0          0          0          0
  dualsparsify     :       0.00       0.00      1          0          0          0          0          0          0          0          0          0
  gateextraction   :       0.00       0.00      0          0          0          0          0          0          0          0          0          0
  implics          :       0.00       0.00      1          0          0          0          0          0          0          0          0          0
  inttobinary      :       0.00       0.00      0          0          0          0          0          0          0          0          0          0
  qpkktref         :       0.00       0.00      0          0          0          0          0          0          0          0          0          0
  redvub           :       0.00       0.00      0          0          0          0          0          0          0          0          0          0
  sparsify         :       0.00       0.00      1          0          0          0          0          0          0          0          0          0
  stuffing         :       0.00       0.00      0          0          0          0          0          0          0          0          0          0
  trivial          :       0.00       0.00      2         36          0          0          0          0          0          0          0          0
  tworowbnd        :       0.00       0.00      0          0          0          0          0          0          0          0          0          0
  dualfix          :       0.00       0.00      2         36          0          0          0          0          0          0          0          0
  genvbounds       :       0.00       0.00      0          0          0          0          0          0          0          0          0          0
  probing          :       0.01       0.00      1          0          0          0          0          0          0          0          0          0
  pseudoobj        :       0.00       0.00      0          0          0          0          0          0          0          0          0          0
  symmetry         :       0.00       0.00      1          0          0          0          0          0          0          0          0          0
  vbounds          :       0.00       0.00      0          0          0          0          0          0          0          0          0          0
  linear           :       0.01       0.00      3          0          0          0          0          0          0          0          0          0
  nonlinear        :       0.03       0.01      4          0          0          0         81          0          0          0          0          0
  benders          :       0.00       0.00      0          0          0          0          0          0          0          0          0          0
  components       :       0.00       0.00      1          0          0          0          0          0          0          0          0          0
  root node        :          -          -      -          0          -          -       1530          -          -          -          -          -
Constraints        :     Number  MaxNumber  #Separate #Propagate    #EnfoLP    #EnfoRelax  #EnfoPS    #Check   #ResProp    Cutoffs    DomReds       Cuts    Applied      Conss   Children
  benderslp        :          0          0          0          0      25380          0          0      25252          0          0          0          0          0          0          0
  integral         :          0          0          0          0      25380          0          0      25252          0          0       3650          0          0          0      50432
  linear           :       1037+      1042         80     688221          0          0          0      25246          2        134      37649         15          0          0          0
  nonlinear        :        487        487     243845     688087          0          0          0      20098          0         40     623085    3894795    3851490          0          0
  benders          :          0          0          0          0          0          0          0          4          0          0          0          0          0          0          0
  countsols        :          0          0          0          0          0          0          0          4          0          0          0          0          0          0          0
  components       :          0          0          0          0          0          0          0          0          0          0          0          0          0          0          0
Constraint Timings :  TotalTime  SetupTime   Separate  Propagate     EnfoLP     EnfoPS     EnfoRelax   Check    ResProp    SB-Prop
  benderslp        :       0.02       0.00       0.00       0.00       0.02       0.00       0.00       0.00       0.00       0.00
  integral         :      10.50       0.00       0.00       0.00      10.49       0.00       0.00       0.01       0.00       0.00
  linear           :      16.94       0.00       0.00      16.07       0.00       0.00       0.00       0.86       0.00       0.01
  nonlinear        :     381.06       0.01     284.29      89.79       0.00       0.00       0.00       6.70       0.00       0.27
  benders          :       0.00       0.00       0.00       0.00       0.00       0.00       0.00       0.00       0.00       0.00
  countsols        :       0.00       0.00       0.00       0.00       0.00       0.00       0.00       0.00       0.00       0.00
  components       :       0.10       0.00       0.00       0.10       0.00       0.00       0.00       0.00       0.00       0.00
Propagators        : #Propagate   #ResProp    Cutoffs    DomReds
  dualfix          :          2          0          0          0
  genvbounds       :          0          0          0          0
  nlobbt           :          0          0          0          0
  obbt             :          0          0          0          0
  probing          :          0          0          0          0
  pseudoobj        :      75471          0          0         15
  redcost          :     294623          0          0          7
  rootredcost      :          3          0          0       1028
  symmetry         :          0          0          0          0
  vbounds          :     160365          0          0          0
Propagator Timings :  TotalTime  SetupTime   Presolve  Propagate    ResProp    SB-Prop
  dualfix          :       0.00       0.00       0.00       0.00       0.00       0.00
  genvbounds       :       0.53       0.00       0.00       0.53       0.00       0.00
  nlobbt           :       0.00       0.00       0.00       0.00       0.00       0.00
  obbt             :       0.00       0.00       0.00       0.00       0.00       0.00
  probing          :       0.01       0.00       0.01       0.00       0.00       0.00
  pseudoobj        :       0.54       0.00       0.00       0.54       0.00       0.00
  redcost          :       3.39       0.00       0.00       3.39       0.00       0.00
  rootredcost      :       0.29       0.00       0.00       0.29       0.00       0.00
  symmetry         :       0.19       0.00       0.00       0.19       0.00       0.00
  vbounds          :       0.35       0.00       0.00       0.35       0.00       0.00
Conflict Analysis  :       Time      Calls    Success    DomReds  Conflicts   Literals    Reconvs ReconvLits   Dualrays   Nonzeros   LP Iters   (pool size: [--,--])
  propagation      :       0.00         35          1          -          1       11.0          0        0.0          -          -          -
  infeasible LP    :       0.00          0          0          -          0        0.0          0        0.0        340      178.6          0
  bound exceed. LP :       1.96        962        340          -          0        0.0          0        0.0          0        0.0      11396
  strong branching :       0.00          0          0          -          0        0.0          0        0.0          -          -          0
  pseudo solution  :       0.00          0          0          -          0        0.0          0        0.0          -          -          -
  applied globally :       0.00          -          -          0          0        0.0          -          -        340          -          -
  applied locally  :          -          -          -          0          0        0.0          -          -          0          -          -
Separators         :   ExecTime  SetupTime      Calls  RootCalls    Cutoffs    DomReds  FoundCuts ViaPoolAdd  DirectAdd    Applied ViaPoolApp  DirectApp      Conss
  cut pool         :       0.00          -       3511          0          -          -         65         97          -          -          -          -          -    (maximal pool size:          7)
  aggregation      :       7.34       0.00       7365         80          0          0          0          0          0          0          0          0          0
  > cmir           :          -          -          -          -          -          -          -          0          0          0          0          0          -
  > flowcover      :          -          -          -          -          -          -          -          0          0          0          0          0          -
  > knapsackcover  :          -          -          -          -          -          -          -          0          0          0          0          0          -
  cgmip            :       0.00       0.00          0          0          0          0          0          0          0          0          0          0          0
  clique           :       0.00       0.00          1          1          0          0          0          0          0          0          0          0          0
  closecuts        :       0.00       0.00          0          0          0          0          0          0          0          0          0          0          0
  convexproj       :       0.00       0.00          0          0          0          0          0          0          0          0          0          0          0
  disjunctive      :       0.00       0.00          0          0          0          0          0          0          0          0          0          0          0
  eccuts           :       0.00       0.00          0          0          0          0          0          0          0          0          0          0          0
  gauge            :       0.00       0.00          0          0          0          0          0          0          0          0          0          0          0
  gomory           :       6.42       0.00       3787         10          0          0         65         97          0         43         43          0          0
  > gomorymi       :          -          -          -          -          -          -          -         97          0         43         43          0          -
  > strongcg       :          -          -          -          -          -          -          -          0          0          0          0          0          -
  impliedbounds    :       0.22       0.00       7365         80          0          0          0          0          0          0          0          0          0
  interminor       :       0.00       0.00          0          0          0          0          0          0          0          0          0          0          0
  intobj           :       0.00       0.00          0          0          0          0          0          0          0          0          0          0          0
  mcf              :       0.00       0.00          2          2          0          0          0          0          0          0          0          0          0
  minor            :       0.01       0.00          0          0          0          0          0          0          0          0          0          0          0
  mixing           :       0.16       0.00       7365         80          0          0          0          0          0          0          0          0          0
  oddcycle         :       0.00       0.00          0          0          0          0          0          0          0          0          0          0          0
  rapidlearning    :       0.00       0.00          0          0          0          0          0          0          0          0          0          0          0
  rlt              :       0.00       0.00         10         10          0          0          0          0          0          0          0          0          0
  zerohalf         :       0.77       0.00       3797         20          0          0          0          0          0          0          0          0          0
Cutselectors       :   ExecTime  SetupTime      Calls  RootCalls   Selected     Forced   Filtered  RootSelec   RootForc   RootFilt 
  hybrid           :       2.25       0.00     243845         80    3851533          0      43374       3216          0        170
Pricers            :   ExecTime  SetupTime      Calls       Vars
  problem variables:       0.00          -          0          0
Branching Rules    :   ExecTime  SetupTime   BranchLP  BranchExt   BranchPS    Cutoffs    DomReds       Cuts      Conss   Children
  allfullstrong    :       0.00       0.00          0          0          0          0          0          0          0          0
  cloud            :       0.00       0.00          0          0          0          0          0          0          0          0
  distribution     :       0.00       0.00          0          0          0          0          0          0          0          0
  fullstrong       :       0.00       0.00          0          0          0          0          0          0          0          0
  inference        :       0.00       0.00          0          0          0          0          0          0          0          0
  leastinf         :       0.00       0.00          0          0          0          0          0          0          0          0
  lookahead        :       0.00       0.00          0          0          0          0          0          0          0          0
  mostinf          :       0.00       0.00          0          0          0          0          0          0          0          0
  multaggr         :       0.00       0.00          0          0          0          0          0          0          0          0
  nodereopt        :       0.00       0.00          0          0          0          0          0          0          0          0
  pscost           :       0.00       0.00          0          0          0          0          0          0          0          0
  random           :       0.00       0.00          0          0          0          0          0          0          0          0
  relpscost        :      10.40       0.00      25380          0          0          0       3650          0          0      50432
  vanillafullstrong:       0.00       0.00          0          0          0          0          0          0          0          0
Primal Heuristics  :   ExecTime  SetupTime      Calls      Found       Best
  LP solutions     :       0.00          -          -          0          0
  relax solutions  :       0.00          -          -          0          0
  pseudo solutions :       0.00          -          -          0          0
  strong branching :       0.01          -          -          0          0
  actconsdiving    :       0.00       0.00          0          0          0
  adaptivediving   :       2.11       0.00         78          0          0
  alns             :       3.86       0.00          8          0          0
  bound            :       0.00       0.00          0          0          0
  clique           :       0.00       0.00          0          0          0
  coefdiving       :       0.00       0.00          0          0          0
  completesol      :       0.00       0.00          0          0          0
  conflictdiving   :      44.02       0.00       1122          0          0
  crossover        :       0.00       0.00          0          0          0
  dins             :       0.00       0.00          0          0          0
  distributiondivin:     623.46       0.00       1391          0          0
  dps              :       0.00       0.00          0          0          0
  dualval          :       0.00       0.00          0          0          0
  farkasdiving     :       0.00       0.00          0          0          0
  feaspump         :      33.73       0.00        196          0          0
  fixandinfer      :       0.00       0.00          0          0          0
  fracdiving       :      61.95       0.00       1391          0          0
  gins             :       0.02       0.00          0          0          0
  guideddiving     :      61.61       0.00       1399          0          0
  indicator        :       0.16       0.00          0          0          0
  indicatordiving  :       0.00       0.00          0          0          0
  intdiving        :       0.00       0.00          0          0          0
  intshifting      :       1.24       0.00         51          0          0
  linesearchdiving :      52.05       0.00       1398          0          0
  localbranching   :       0.00       0.00          0          0          0
  locks            :       0.00       0.00          1          0          0
  lpface           :       0.04       0.00          0          0          0
  mpec             :       2.42       0.00          1          0          0
  multistart       :       0.00       0.00          0          0          0
  mutation         :       0.00       0.00          0          0          0
  nlpdiving        :       2.35       0.00          1          0          0
  objpscostdiving  :       1.45       0.00          5          0          0
  octane           :       0.00       0.00          0          0          0
  ofins            :       0.03       0.00          0          0          0
  oneopt           :       0.02       0.00          3          0          0
  padm             :       0.00       0.00          0          0          0
  proximity        :       0.00       0.00          0          0          0
  pscostdiving     :      65.14       0.00       1100          0          0
  randrounding     :       2.00       0.00       6697          0          0
  rens             :       0.00       0.00          0          0          0
  reoptsols        :       0.00       0.00          0          0          0
  repair           :       0.00       0.00          0          0          0
  rins             :       0.00       0.00          0          0          0
  rootsoldiving    :       1.04       0.00         13          0          0
  rounding         :       0.82       0.00       7056          0          0
  shiftandpropagate:       0.01       0.00          1          0          0
  shifting         :       0.84       0.00       1552          0          0
  simplerounding   :       0.16       0.00          0          0          0
  subnlp           :       4.94       0.00         25          3          3
  trivial          :       0.00       0.00          2          0          0
  trivialnegation  :       0.00       0.00          0          0          0
  trustregion      :       0.00       0.00          0          0          0
  trysol           :       0.12       0.00          0          0          0
  twoopt           :       0.00       0.00          0          0          0
  undercover       :       0.12       0.00          1          0          0
  vbounds          :       0.00       0.00          0          0          0
  veclendiving     :      38.17       0.00       1398          0          0
  zeroobj          :       0.00       0.00          0          0          0
  zirounding       :       0.06       0.00       1000          0          0
  other solutions  :          -          -          -          0          -
Diving (single)    :      Calls      Nodes   LP Iters Backtracks  Conflicts   MinDepth   MaxDepth   AvgDepth  RoundSols  NLeafSols  MinSolDpt  MaxSolDpt  AvgSolDpt
  actconsdiving    :          0          -          -          -          -          -          -          -          -          -          -          -          -
  coefdiving       :          0          -          -          -          -          -          -          -          -          -          -          -          -
  conflictdiving   :       1122      12959     472815        293         65         14         45       26.3          0          -          -          -          -
  distributiondivin:       1391      19670     625453        172        104         13         45       30.2          0          -          -          -          -
  farkasdiving     :          0          -          -          -          -          -          -          -          -          -          -          -          -
  fracdiving       :       1391      38162     722159         80         46         38         45       43.7          0          -          -          -          -
  guideddiving     :       1399      35572     710827        145         71         28         45       42.9          0          -          -          -          -
  indicatordiving  :          0          -          -          -          -          -          -          -          -          -          -          -          -
  linesearchdiving :       1398      27524     601216         69         25         27         45       36.9          0          -          -          -          -
  pscostdiving     :       1100      32294     750312         34         17         37         45       44.2          0          -          -          -          -
  veclendiving     :       1398       6205     412098         62         13         13         32       20.8          0          -          -          -          -
Diving (adaptive)  :      Calls      Nodes   LP Iters Backtracks  Conflicts   MinDepth   MaxDepth   AvgDepth  RoundSols  NLeafSols  MinSolDpt  MaxSolDpt  AvgSolDpt
  actconsdiving    :         39        166      11769          0          0         14         26       19.9          0          -          -          -          -
  coefdiving       :         30        132       8777          0          0         15         26       20.7          0          -          -          -          -
  conflictdiving   :          0          -          -          -          -          -          -          -          -          -          -          -          -
  distributiondivin:          0          -          -          -          -          -          -          -          -          -          -          -          -
  farkasdiving     :          0          -          -          -          -          -          -          -          -          -          -          -          -
  fracdiving       :          0          -          -          -          -          -          -          -          -          -          -          -          -
  guideddiving     :          1         32        570          0          0         42         42       42.0          0          -          -          -          -
  indicatordiving  :          0          -          -          -          -          -          -          -          -          -          -          -          -
  linesearchdiving :          0          -          -          -          -          -          -          -          -          -          -          -          -
  pscostdiving     :          4        133       2741          0          0         42         45       43.5          0          -          -          -          -
  veclendiving     :          4         32       1407          0          0         15         19       17.0          0          -          -          -          -
Neighborhoods      :      Calls  SetupTime  SolveTime SolveNodes       Sols       Best       Exp3  EpsGreedy        UCB TgtFixRate  Opt  Inf Node Stal  Sol  Usr Othr Actv
  rens             :          1       0.00       0.34          1          0          0    0.00000   -1.00000    0.55840      0.700    0    1    0    0    0    0    0    1
  rins             :          1       0.01       0.46          9          0          0    0.00000   -1.00000    0.54929      0.700    0    1    0    0    0    0    0    1
  mutation         :          1       0.01       0.39          7          0          0    0.00000   -1.00000    0.55307      0.700    0    1    0    0    0    0    0    1
  localbranching   :          1       0.02       0.81          9          0          0    0.00000   -1.00000    0.54929      0.700    0    1    0    0    0    0    0    1
  crossover        :          1       0.01       0.28          1          0          0    0.00000   -1.00000    0.55818      0.700    0    1    0    0    0    0    0    1
  proximity        :          1       0.01       1.07          9          0          0    0.00000   -1.00000    0.54929      0.700    0    1    0    0    0    0    0    1
  zeroobjective    :          1       0.00       0.00          0          0          0    0.00000   -1.00000    0.05929      0.900    0    0    0    0    0    0    1    1
  dins             :          1       0.01       0.39          9          0          0    0.00000   -1.00000    0.54929      0.700    0    1    0    0    0    0    0    1
  trustregion      :          0       0.00       0.00          0          0          0    0.00000   -1.00000    1.00000      0.900    0    0    0    0    0    0    0    0
Expressions        :   #IntEval  IntEvalTi   #RevProp  RevPropTi    DomReds    Cutoffs  #Estimate  EstimTime  Branching  #Simplify SimplifyTi Simplified
  pow              :   17043751       3.93    4977573       1.52    8885831          0        816       0.00          0       1071       0.00          0
  prod             :   13741017       4.29     124136       0.47        211          0          0       0.00          0        812       0.00        405
  sum              :   16061175       4.23    9103978       3.42    1037201         14         82       0.00          0       1055       0.00         82
  var              :   39800095       9.74          0       0.00          0          0          0       0.00          0       2854       0.00          0
  varidx           :          0       0.00          0       0.00          0          0          0       0.00          0          0       0.00          0
Nonlinear Conshdlr :   WeakSepa  TightenLP DespTghtLP DespBranch DespCutoff    ForceLP  CanonTime
  enforce          :          0          0          0          0          0          0
  presolve         :                                                                         0.03
Nlhdlrs            :    Detects  DetectAll DetectTime   #IntEval  IntEvalTi   #RevProp  RevPropTi    DomReds    Cutoffs   #Enforce   EnfoTime       Cuts  Branching
  soc              :        405        405       0.00          0       0.00          0       0.00          0          0   59668366     110.51    3650215          0
  convex           :          1          1       0.00          0       0.00          0       0.00          0          0     243846       1.42     243845          0
  concave          :          0          0       0.00          0       0.00          0       0.00          0          0          0       0.00          0          0
  quotient         :          0          0       0.00          0       0.00          0       0.00          0          0          0       0.00          0          0
  quadratic        :          0          0       0.00          0       0.00          0       0.00          0          0          0       0.00          0          0
  default          :       2415      12075       0.00   46843921      30.16   14208768      28.06    9923243         14        898       0.00        735          0
  bilinear         :          0          0       0.01          0       0.00          0       0.00          0          0          0       0.00          0          0
  perspective      :          0          0       0.00          0       0.00          0       0.00          0          0          0       0.00          0          0
LP                 :       Time      Calls Iterations  Iter/call   Iter/sec  Time-0-It Calls-0-It    ItLimit
  primal LP        :     445.83      30612          0       0.00       0.00     445.74      30612
  dual LP          :    1625.65     269258   18495563      68.74   11377.33       0.05        187
  lex dual LP      :       0.00          0          0       0.00          -
  barrier LP       :       0.00          0          0       0.00          -       0.00          0
  resolve instable :       0.00          0          0       0.00          -
  diving/probing LP:     254.35      41031    4576183     111.53   17991.68
  strong branching :       5.80        589      86975     147.67   14995.69          -          -        161
    (at root node) :          -         45       1114      24.76          -
  conflict analysis:       0.98       1284      11396       8.88   11628.57
NLP relaxation     :
  solve time       :       2.32 (6 calls)
  convexity        :  nonconvex (65 linear rows, 82 convex ineq., 405 nonconvex ineq., 0 nonlinear eq. or two-sided ineq.)
NLP Solvers        :  #Problems  ProblemTi    #Solves  SolveTime      #Iter  Time/Iter      #Okay #TimeLimit #IterLimit #LObjLimit #Interrupt  #NumError #EvalError  #OutOfMem #LicenseEr #OtherTerm   #GlobOpt    #LocOpt  #Feasible #LocInfeas #GlobInfea #Unbounded   #Unknown
  ipopt            :         27      12.92         34       8.77       1708       0.01         26          0          8          0          0          0          0          0          0          0          0          9          2         16          0          0          7
B&B Tree           :
  number of runs   :          1
  nodes            :      25217 (25216 internal, 1 leaves)
  feasible leaves  :          0
  infeas. leaves   :          0
  objective leaves :          0
  nodes (total)    :      25217 (25216 internal, 1 leaves)
  nodes left       :      25217
  max depth        :         23
  max depth (total):         23
  backtracks       :       9786 (38.8%)
  early backtracks :          0 (0.0%)
  nodes exc. ref.  :          0 (0.0%)
  delayed cutoffs  :          0
  repropagations   :          8 (0 domain reductions, 0 cutoffs)
  avg switch length:      10.45
  switching time   :     380.70
Estim. Tree Size   :         -1
Estimation Tree    : 50433 nodes (25216 visited, 25216 internal, 0 leaves, 25217 open), weight: 0.0000 completed 0.0697
Estimations        :      estim      value      trend resolution     smooth
  wbe              :         -1          -          -          -          -
  tree-profile     :         -1          -          -          -          -
  gap              :         -1    0.78468                     1           
  tree-weight      :         -1    0.00000                     1           
  leaf-frequency   :         -1   -0.00002                     1           
  ssg              :         -1    0.89002                     1           
  open-nodes       :         -1 25217.00000                     1           
Root Node          :
  First LP value   : -2.05373095661769e+00
  First LP Iters   :       1523 (76150.00 Iter/sec)
  First LP Time    :       0.02
  Final Dual Bound : -1.71947009673776e+00
  Final Root Iters :       9949
  Root LP Estimate : -1.45418632207139e+00
Solution           :
  Solutions found  :          3 (3 improvements)
  First Solution   : -1.12983328300850e+00   (in run 1, after 1 nodes, 0.32 seconds, depth 0, found by <locks>)
  Gap First Sol.   :      81.77 %
  Gap Last Sol.    :      36.44 %
  Primal Bound     : -1.25992373263996e+00   (in run 1, after 18 nodes, 7.86 seconds, depth 7, found by <fracdiving>)
  Dual Bound       : -1.60564871114021e+00
  Gap              :      27.44 %
Integrals          :      Total       Avg%
  primal-dual      :   79565.31      22.10
  primal-ref       :          -          - (not evaluated)
  dual-ref         :          -          - (not evaluated)
