SCIP Status        : solving was interrupted [time limit reached]
Total Time         :    3600.14
  solving          :    3600.13
  presolving       :       0.03 (included in solving)
  reading          :       0.01
  copying          :       0.04 (15 #copies) (minimal 0.00, maximal 0.01, average 0.00)
Original Problem   :
  Problem name     : benchmark/block2_45_10_9_11.design
  Variables        : 1108 (45 binary, 0 integer, 0 implicit integer, 1063 continuous)
  Constraints      : 1524 initial, 1524 maximal
  Objective        : minimize, 1 non-zeros (abs.min = 1, abs.max = 1)
Presolved Problem  :
  Problem name     : t_benchmark/block2_45_10_9_11.design
  Variables        : 1605 (45 binary, 0 integer, 0 implicit integer, 1560 continuous)
  Constraints      : 1524 initial, 1532 maximal
  Objective        : minimize, 1 non-zeros (abs.min = 1, abs.max = 1)
  Nonzeros         : 5168 constraint, 0 clique table
Presolvers         :   ExecTime  SetupTime  Calls  FixedVars   AggrVars   ChgTypes  ChgBounds   AddHoles    DelCons    AddCons   ChgSides   ChgCoefs
  boundshift       :       0.00       0.00      0          0          0          0          0          0          0          0          0          0
  convertinttobin  :       0.00       0.00      0          0          0          0          0          0          0          0          0          0
  domcol           :       0.00       0.00      1          0          0          0          0          0          0          0          0          0
  dualagg          :       0.00       0.00      0          0          0          0          0          0          0          0          0          0
  dualcomp         :       0.00       0.00      1          0          0          0          0          0          0          0          0          0
  dualinfer        :       0.00       0.00      0          0          0          0          0          0          0          0          0          0
  dualsparsify     :       0.00       0.00      1          0          0          0          0          0          0          0          0          0
  gateextraction   :       0.00       0.00      0          0          0          0          0          0          0          0          0          0
  implics          :       0.00       0.00      1          0          0          0          0          0          0          0          0          0
  inttobinary      :       0.00       0.00      0          0          0          0          0          0          0          0          0          0
  qpkktref         :       0.00       0.00      0          0          0          0          0          0          0          0          0          0
  redvub           :       0.00       0.00      0          0          0          0          0          0          0          0          0          0
  sparsify         :       0.00       0.00      1          0          0          0          0          0          0          0          0          0
  stuffing         :       0.00       0.00      0          0          0          0          0          0          0          0          0          0
  trivial          :       0.00       0.00      2         36          0          0          0          0          0          0          0          0
  tworowbnd        :       0.00       0.00      0          0          0          0          0          0          0          0          0          0
  dualfix          :       0.00       0.00      2         36          0          0          0          0          0          0          0          0
  genvbounds       :       0.00       0.00      0          0          0          0          0          0          0          0          0          0
  probing          :       0.00       0.00      1          0          0          0          0          0          0          0          0          0
  pseudoobj        :       0.00       0.00      0          0          0          0          0          0          0          0          0          0
  symmetry         :       0.00       0.00      1          0          0          0          0          0          0          0          0          0
  vbounds          :       0.00       0.00      0          0          0          0          0          0          0          0          0          0
  linear           :       0.00       0.00      3          0          0          0          0          0          0          0          0          0
  nonlinear        :       0.03       0.01      4          0          0          0         81          0          0          0          0          0
  benders          :       0.00       0.00      0          0          0          0          0          0          0          0          0          0
  components       :       0.00       0.00      1          0          0          0          0          0          0          0          0          0
  root node        :          -          -      -          0          -          -       2543          -          -          -          -          -
Constraints        :     Number  MaxNumber  #Separate #Propagate    #EnfoLP    #EnfoRelax  #EnfoPS    #Check   #ResProp    Cutoffs    DomReds       Cuts    Applied      Conss   Children
  benderslp        :          0          0          0          0      34829          0          0      31485          0          0          0          0          0          0          0
  integral         :          0          0          0          0      34829          0          0      31485          0          0       5503          0          0          0      69108
  linear           :       1037+      1045         65     876536          0          0          0      31479          2         74      52014          5          0          0          0
  nonlinear        :        487        487     317407     876462          0          0          0      24325          0        114    1390994    5032474    4987413          0          0
  benders          :          0          0          0          0          0          0          0         12          0          0          0          0          0          0          0
  countsols        :          0          0          0          0          0          0          0         12          0          0          0          0          0          0          0
  components       :          0          0          0          0          0          0          0          0          0          0          0          0          0          0          0
Constraint Timings :  TotalTime  SetupTime   Separate  Propagate     EnfoLP     EnfoPS     EnfoRelax   Check    ResProp    SB-Prop
  benderslp        :       0.06       0.00       0.00       0.00       0.03       0.00       0.00       0.03       0.00       0.00
  integral         :       9.51       0.00       0.00       0.00       9.51       0.00       0.00       0.00       0.00       0.00
  linear           :      11.97       0.00       0.00      11.29       0.00       0.00       0.00       0.66       0.00       0.02
  nonlinear        :     342.22       0.01     254.53      81.25       0.00       0.00       0.00       6.27       0.00       0.16
  benders          :       0.00       0.00       0.00       0.00       0.00       0.00       0.00       0.00       0.00       0.00
  countsols        :       0.00       0.00       0.00       0.00       0.00       0.00       0.00       0.00       0.00       0.00
  components       :       0.09       0.00       0.00       0.09       0.00       0.00       0.00       0.00       0.00       0.00
Propagators        : #Propagate   #ResProp    Cutoffs    DomReds
  dualfix          :          4          0          0          0
  genvbounds       :          0          0          0          0
  nlobbt           :          0          0          0          0
  obbt             :          0          0          0          0
  probing          :          0          0          0          0
  pseudoobj        :     108223          0          0         19
  redcost          :     387095          0          0         25
  rootredcost      :          8          0          0       2036
  symmetry         :          0          0          0          0
  vbounds          :     199902          0          0          0
Propagator Timings :  TotalTime  SetupTime   Presolve  Propagate    ResProp    SB-Prop
  dualfix          :       0.00       0.00       0.00       0.00       0.00       0.00
  genvbounds       :       0.52       0.00       0.00       0.52       0.00       0.00
  nlobbt           :       0.00       0.00       0.00       0.00       0.00       0.00
  obbt             :       0.00       0.00       0.00       0.00       0.00       0.00
  probing          :       0.00       0.00       0.00       0.00       0.00       0.00
  pseudoobj        :       0.51       0.00       0.00       0.51       0.00       0.00
  redcost          :       2.77       0.00       0.00       2.77       0.00       0.00
  rootredcost      :       0.24       0.00       0.00       0.24       0.00       0.00
  symmetry         :       0.22       0.00       0.00       0.21       0.00       0.01
  vbounds          :       0.31       0.00       0.00       0.31       0.00       0.00
Conflict Analysis  :       Time      Calls    Success    DomReds  Conflicts   Literals    Reconvs ReconvLits   Dualrays   Nonzeros   LP Iters   (pool size: [--,--])
  propagation      :       0.00          6          2          -          2       11.0          0        0.0          -          -          -
  infeasible LP    :       0.00          2          2          -          0        0.0          0        0.0        981      160.7          0
  bound exceed. LP :       4.18       3144        979          -          0        0.0          0        0.0          0        0.0      35238
  strong branching :       0.00          0          0          -          0        0.0          0        0.0          -          -          0
  pseudo solution  :       0.00          0          0          -          0        0.0          0        0.0          -          -          -
  applied globally :       0.00          -          -          0          0        0.0          -          -        981          -          -
  applied locally  :          -          -          -          0          0        0.0          -          -          0          -          -
Separators         :   ExecTime  SetupTime      Calls  RootCalls    Cutoffs    DomReds  FoundCuts ViaPoolAdd  DirectAdd    Applied ViaPoolApp  DirectApp      Conss
  cut pool         :       0.00          -       4250          0          -          -         74        103          -          -          -          -          -    (maximal pool size:          9)
  aggregation      :       6.44       0.00       7314         65          0          0          0          0          0          0          0          0          0
  > cmir           :          -          -          -          -          -          -          -          0          0          0          0          0          -
  > flowcover      :          -          -          -          -          -          -          -          0          0          0          0          0          -
  > knapsackcover  :          -          -          -          -          -          -          -          0          0          0          0          0          -
  cgmip            :       0.00       0.00          0          0          0          0          0          0          0          0          0          0          0
  clique           :       0.00       0.00          1          1          0          0          0          0          0          0          0          0          0
  closecuts        :       0.00       0.00          0          0          0          0          0          0          0          0          0          0          0
  convexproj       :       0.00       0.00          0          0          0          0          0          0          0          0          0          0          0
  disjunctive      :       0.00       0.00          0          0          0          0          0          0          0          0          0          0          0
  eccuts           :       0.00       0.00          0          0          0          0          0          0          0          0          0          0          0
  gauge            :       0.00       0.00          0          0          0          0          0          0          0          0          0          0          0
  gomory           :       5.97       0.00       3943         10          0          0         76        103          2         53         53          0          0
  > gomorymi       :          -          -          -          -          -          -          -        103          2         53         53          0          -
  > strongcg       :          -          -          -          -          -          -          -          0          0          0          0          0          -
  impliedbounds    :       0.24       0.00       7314         65          0          0          0          0          0          0          0          0          0
  interminor       :       0.00       0.00          0          0          0          0          0          0          0          0          0          0          0
  intobj           :       0.00       0.00          0          0          0          0          0          0          0          0          0          0          0
  mcf              :       0.00       0.00          3          3          0          0          0          0          0          0          0          0          0
  minor            :       0.01       0.00          0          0          0          0          0          0          0          0          0          0          0
  mixing           :       0.13       0.00       7314         65          0          0          0          0          0          0          0          0          0
  oddcycle         :       0.00       0.00          0          0          0          0          0          0          0          0          0          0          0
  rapidlearning    :       0.01       0.00          0          0          0          0          0          0          0          0          0          0          0
  rlt              :       0.00       0.00         10         10          0          0          0          0          0          0          0          0          0
  zerohalf         :       0.83       0.00       3953         20          0          0          0          0          0          0          0          0          0
Cutselectors       :   ExecTime  SetupTime      Calls  RootCalls   Selected     Forced   Filtered  RootSelec   RootForc   RootFilt 
  hybrid           :       1.96       0.00     317407         65    4987466          0      45118       3146          0        150
Pricers            :   ExecTime  SetupTime      Calls       Vars
  problem variables:       0.00          -          0          0
Branching Rules    :   ExecTime  SetupTime   BranchLP  BranchExt   BranchPS    Cutoffs    DomReds       Cuts      Conss   Children
  allfullstrong    :       0.00       0.00          0          0          0          0          0          0          0          0
  cloud            :       0.00       0.00          0          0          0          0          0          0          0          0
  distribution     :       0.00       0.00          0          0          0          0          0          0          0          0
  fullstrong       :       0.00       0.00          0          0          0          0          0          0          0          0
  inference        :       0.00       0.00          0          0          0          0          0          0          0          0
  leastinf         :       0.00       0.00          0          0          0          0          0          0          0          0
  lookahead        :       0.00       0.00          0          0          0          0          0          0          0          0
  mostinf          :       0.00       0.00          0          0          0          0          0          0          0          0
  multaggr         :       0.00       0.00          0          0          0          0          0          0          0          0
  nodereopt        :       0.00       0.00          0          0          0          0          0          0          0          0
  pscost           :       0.00       0.00          0          0          0          0          0          0          0          0
  random           :       0.00       0.00          0          0          0          0          0          0          0          0
  relpscost        :       9.38       0.00      34829          0          0          0       5503          0          0      69108
  vanillafullstrong:       0.00       0.00          0          0          0          0          0          0          0          0
Primal Heuristics  :   ExecTime  SetupTime      Calls      Found       Best
  LP solutions     :       0.00          -          -          0          0
  relax solutions  :       0.00          -          -          0          0
  pseudo solutions :       0.00          -          -          0          0
  strong branching :       0.02          -          -          0          0
  actconsdiving    :       0.00       0.00          0          0          0
  adaptivediving   :       2.08       0.00         74          0          0
  alns             :       7.84       0.00         15          5          5
  bound            :       0.00       0.00          0          0          0
  clique           :       0.00       0.00          0          0          0
  coefdiving       :       0.00       0.00          0          0          0
  completesol      :       0.00       0.00          0          0          0
  conflictdiving   :      43.15       0.00       1343          0          0
  crossover        :       0.00       0.00          0          0          0
  dins             :       0.00       0.00          0          0          0
  distributiondivin:     975.97       0.00       1665          0          0
  dps              :       0.00       0.00          0          0          0
  dualval          :       0.00       0.00          0          0          0
  farkasdiving     :       0.00       0.00          0          0          0
  feaspump         :       0.40       0.00          4          0          0
  fixandinfer      :       0.00       0.00          0          0          0
  fracdiving       :      51.93       0.00       1665          0          0
  gins             :       0.03       0.00          0          0          0
  guideddiving     :      56.09       0.00       1796          0          0
  indicator        :       0.32       0.00          0          0          0
  indicatordiving  :       0.00       0.00          0          0          0
  intdiving        :       0.00       0.00          0          0          0
  intshifting      :       1.02       0.00         53          0          0
  linesearchdiving :      45.16       0.00       1795          0          0
  localbranching   :       0.00       0.00          0          0          0
  locks            :       0.01       0.00          1          0          0
  lpface           :       0.03       0.00          0          0          0
  mpec             :       5.96       0.00          1          0          0
  multistart       :       0.00       0.00          0          0          0
  mutation         :       0.00       0.00          0          0          0
  nlpdiving        :       5.48       0.00          2          1          1
  objpscostdiving  :       2.50       0.00          9          0          0
  octane           :       0.00       0.00          0          0          0
  ofins            :       0.02       0.00          0          0          0
  oneopt           :       0.02       0.00          9          0          0
  padm             :       0.00       0.00          0          0          0
  proximity        :       0.00       0.00          0          0          0
  pscostdiving     :      58.20       0.00       1399          0          0
  randrounding     :       1.88       0.00       9279          0          0
  rens             :       0.00       0.00          0          0          0
  reoptsols        :       0.00       0.00          0          0          0
  repair           :       0.00       0.00          0          0          0
  rins             :       0.00       0.00          0          0          0
  rootsoldiving    :       1.06       0.00         15          0          0
  rounding         :       0.70       0.00       8253          0          0
  shiftandpropagate:       0.01       0.00          1          0          0
  shifting         :       0.97       0.00       1745          0          0
  simplerounding   :       0.31       0.00          0          0          0
  subnlp           :       5.90       0.00         37          5          5
  trivial          :       0.00       0.00          2          0          0
  trivialnegation  :       0.00       0.00          0          0          0
  trustregion      :       0.00       0.00          0          0          0
  trysol           :       0.16       0.00          0          0          0
  twoopt           :       0.00       0.00          0          0          0
  undercover       :       0.08       0.00          1          0          0
  vbounds          :       0.00       0.00          0          0          0
  veclendiving     :      38.33       0.00       1774          0          0
  zeroobj          :       0.00       0.00          0          0          0
  zirounding       :       0.03       0.00       1000          0          0
  other solutions  :          -          -          -          0          -
Diving (single)    :      Calls      Nodes   LP Iters Backtracks  Conflicts   MinDepth   MaxDepth   AvgDepth  RoundSols  NLeafSols  MinSolDpt  MaxSolDpt  AvgSolDpt
  actconsdiving    :          0          -          -          -          -          -          -          -          -          -          -          -          -
  coefdiving       :          0          -          -          -          -          -          -          -          -          -          -          -          -
  conflictdiving   :       1343      18897     642251        827        218         15         45       29.8          0          -          -          -          -
  distributiondivin:       1665      26980     803698        691        396         13         45       32.7          0          -          -          -          -
  farkasdiving     :          0          -          -          -          -          -          -          -          -          -          -          -          -
  fracdiving       :       1665      44409     810712        114         53         33         45       43.4          0          -          -          -          -
  guideddiving     :       1796      43925     865203        284        113         28         45       42.3          0          -          -          -          -
  indicatordiving  :          0          -          -          -          -          -          -          -          -          -          -          -          -
  linesearchdiving :       1795      34533     703194        180         65         26         45       36.9          0          -          -          -          -
  pscostdiving     :       1399      40552     910946         47         31         35         45       44.0          0          -          -          -          -
  veclendiving     :       1774       9169     556111        605        102         13         36       22.0          0          -          -          -          -
Diving (adaptive)  :      Calls      Nodes   LP Iters Backtracks  Conflicts   MinDepth   MaxDepth   AvgDepth  RoundSols  NLeafSols  MinSolDpt  MaxSolDpt  AvgSolDpt
  actconsdiving    :         18        101       6816         12          3         16         29       22.1          0          -          -          -          -
  coefdiving       :         22        116       7879          8          1         16         27       20.8          0          -          -          -          -
  conflictdiving   :          0          -          -          -          -          -          -          -          -          -          -          -          -
  distributiondivin:          0          -          -          -          -          -          -          -          -          -          -          -          -
  farkasdiving     :          0          -          -          -          -          -          -          -          -          -          -          -          -
  fracdiving       :          6        172       2920          0          0         41         45       42.8          0          -          -          -          -
  guideddiving     :          8        226       4362          0          0         39         45       43.2          0          -          -          -          -
  indicatordiving  :          0          -          -          -          -          -          -          -          -          -          -          -          -
  linesearchdiving :          1         21        393          0          0         31         31       31.0          0          -          -          -          -
  pscostdiving     :         11        317       7006          1          1         42         45       44.1          0          -          -          -          -
  veclendiving     :          8         58       2134          0          0         16         24       21.1          0          -          -          -          -
Neighborhoods      :      Calls  SetupTime  SolveTime SolveNodes       Sols       Best       Exp3  EpsGreedy        UCB TgtFixRate  Opt  Inf Node Stal  Sol  Usr Othr Actv
  rens             :          1       0.00       0.01          0          0          0    0.00000   -1.00000    0.56660      0.700    0    1    0    0    0    0    0    1
  rins             :          3       0.00       1.63        126          2          2    0.00000   -1.00000    0.59194      0.737    1    1    0    1    0    0    0    1
  mutation         :          6       0.05       4.42        263          3          3    0.00000   -1.00000    0.58590      0.744    1    2    0    3    0    0    0    1
  localbranching   :          1       0.01       0.33          1          0          0    0.00000   -1.00000    0.56549      0.700    0    1    0    0    0    0    0    1
  crossover        :          1       0.01       0.48          9          0          0    0.00000   -1.00000    0.55660      0.700    0    1    0    0    0    0    0    1
  proximity        :          1       0.00       0.27          1          0          0    0.00000   -1.00000    0.56549      0.700    0    1    0    0    0    0    0    1
  zeroobjective    :          1       0.01       0.00          0          0          0    0.00000   -1.00000    0.06660      0.900    0    0    0    0    0    0    1    1
  dins             :          1       0.01       0.54          1          0          0    0.00000   -1.00000    0.56549      0.700    0    1    0    0    0    0    0    1
  trustregion      :          0       0.00       0.00          0          0          0    0.00000   -1.00000    1.00000      0.900    0    0    0    0    0    0    0    0
Expressions        :   #IntEval  IntEvalTi   #RevProp  RevPropTi    DomReds    Cutoffs  #Estimate  EstimTime  Branching  #Simplify SimplifyTi Simplified
  pow              :   18080363       3.87    6470981       1.63   10157100          0        863       0.00          0       1071       0.00          0
  prod             :   15009872       3.69     130638       0.28        437          0          0       0.00          0        812       0.00        405
  sum              :   17047635       3.74   10043447       2.51     875976         28         82       0.00          0       1055       0.00         82
  var              :   41927974       7.91          0       0.00          0          0          0       0.00          0       2854       0.00          0
  varidx           :          0       0.00          0       0.00          0          0          0       0.00          0          0       0.00          0
Nonlinear Conshdlr :   WeakSepa  TightenLP DespTghtLP DespBranch DespCutoff    ForceLP  CanonTime
  enforce          :          0          0          0          0          0          0
  presolve         :                                                                         0.03
Nlhdlrs            :    Detects  DetectAll DetectTime   #IntEval  IntEvalTi   #RevProp  RevPropTi    DomReds    Cutoffs   #Enforce   EnfoTime       Cuts  Branching
  soc              :        405        405       0.00          0       0.00          0       0.00          0          0   77610445      94.26    4714285          0
  convex           :          1          1       0.00          0       0.00          0       0.00          0          0     317408       1.53     317407          0
  concave          :          0          0       0.00          0       0.00          0       0.00          0          0          0       0.00          0          0
  quotient         :          0          0       0.00          0       0.00          0       0.00          0          0          0       0.00          0          0
  quadratic        :          0          0       0.00          0       0.00          0       0.00          0          0          0       0.00          0          0
  default          :       2415      12075       0.00   50135848      27.43   16648147      25.38   11033513         28        945       0.00        782          0
  bilinear         :          0          0       0.00          0       0.00          0       0.00          0          0          0       0.00          0          0
  perspective      :          0          0       0.00          0       0.00          0       0.00          0          0          0       0.00          0          0
LP                 :       Time      Calls Iterations  Iter/call   Iter/sec  Time-0-It Calls-0-It    ItLimit
  primal LP        :     415.35      40112          0       0.00       0.00     415.21      40112
  dual LP          :    1390.06     352278   22399982      63.64   16114.40       0.08        305
  lex dual LP      :       0.00          0          0       0.00          -
  barrier LP       :       0.00          0          0       0.00          -       0.00          0
  resolve instable :       0.00          0          0       0.00          -
  diving/probing LP:     210.07      50509    5384188     106.60   25630.45
  strong branching :       4.64        610      84859     139.11   18288.58          -          -        114
    (at root node) :          -         35        457      13.06          -
  conflict analysis:       2.47       3913      35238       9.01   14266.40
NLP relaxation     :
  solve time       :       5.46 (25 calls)
  convexity        :  nonconvex (65 linear rows, 82 convex ineq., 405 nonconvex ineq., 0 nonlinear eq. or two-sided ineq.)
NLP Solvers        :  #Problems  ProblemTi    #Solves  SolveTime      #Iter  Time/Iter      #Okay #TimeLimit #IterLimit #LObjLimit #Interrupt  #NumError #EvalError  #OutOfMem #LicenseEr #OtherTerm   #GlobOpt    #LocOpt  #Feasible #LocInfeas #GlobInfea #Unbounded   #Unknown
  ipopt            :         39      11.35         64      16.16       2985       0.01         54          0         10          0          0          0          0          0          0          0          0         25          5         28          0          0          6
B&B Tree           :
  number of runs   :          1
  nodes            :      34554 (34554 internal, 0 leaves)
  feasible leaves  :          0
  infeas. leaves   :          0
  objective leaves :          0
  nodes (total)    :      34554 (34554 internal, 0 leaves)
  nodes left       :      34555
  max depth        :         24
  max depth (total):         24
  backtracks       :      11777 (34.1%)
  early backtracks :          0 (0.0%)
  nodes exc. ref.  :          0 (0.0%)
  delayed cutoffs  :          0
  repropagations   :         11 (0 domain reductions, 0 cutoffs)
  avg switch length:       9.39
  switching time   :     375.32
Estim. Tree Size   :         -1
Estimation Tree    : 69109 nodes (34554 visited, 34554 internal, 0 leaves, 34555 open), weight: 0.0000 completed 0.0796
Estimations        :      estim      value      trend resolution     smooth
  wbe              :         -1          -          -          -          -
  tree-profile     :         -1          -          -          -          -
  gap              :         -1    0.84342                     1           
  tree-weight      :         -1    0.00000                     1           
  leaf-frequency   :         -1   -0.00001                     1           
  ssg              :         -1    0.87429                     1           
  open-nodes       :         -1 34555.00000                     1           
Root Node          :
  First LP value   : -2.25703814995217e+00
  First LP Iters   :       1601 (53366.67 Iter/sec)
  First LP Time    :       0.03
  Final Dual Bound : -1.89208581631594e+00
  Final Root Iters :       8597
  Root LP Estimate : -1.65224134913183e+00
Solution           :
  Solutions found  :         11 (11 improvements)
  First Solution   : -1.30530298704793e+00   (in run 1, after 1 nodes, 0.31 seconds, depth 0, found by <feaspump>)
  Gap First Sol.   :      72.91 %
  Gap Last Sol.    :      20.00 %
  Primal Bound     : -1.50663844241064e+00   (in run 1, after 7288 nodes, 612.58 seconds, depth 20, found by <alns>)
  Dual Bound       : -1.78634846203190e+00
  Gap              :      18.57 %
Integrals          :      Total       Avg%
  primal-dual      :   59625.52      16.56
  primal-ref       :          -          - (not evaluated)
  dual-ref         :          -          - (not evaluated)
