SCIP Status        : solving was interrupted [time limit reached]
Total Time         :    3600.01
  solving          :    3600.00
  presolving       :       0.12 (included in solving)
  reading          :       0.01
  copying          :       0.07 (15 #copies) (minimal 0.00, maximal 0.01, average 0.00)
Original Problem   :
  Problem name     : benchmark/block2_66_12_11_13.design
  Variables        : 1893 (66 binary, 0 integer, 0 implicit integer, 1827 continuous)
  Constraints      : 2632 initial, 2632 maximal
  Objective        : minimize, 1 non-zeros (abs.min = 1, abs.max = 1)
Presolved Problem  :
  Problem name     : t_benchmark/block2_66_12_11_13.design
  Variables        : 2753 (66 binary, 0 integer, 0 implicit integer, 2687 continuous)
  Constraints      : 2632 initial, 2648 maximal
  Objective        : minimize, 1 non-zeros (abs.min = 1, abs.max = 1)
  Nonzeros         : 9033 constraint, 0 clique table
Presolvers         :   ExecTime  SetupTime  Calls  FixedVars   AggrVars   ChgTypes  ChgBounds   AddHoles    DelCons    AddCons   ChgSides   ChgCoefs
  boundshift       :       0.00       0.00      0          0          0          0          0          0          0          0          0          0
  convertinttobin  :       0.00       0.00      0          0          0          0          0          0          0          0          0          0
  domcol           :       0.00       0.00      1          0          0          0          0          0          0          0          0          0
  dualagg          :       0.00       0.00      0          0          0          0          0          0          0          0          0          0
  dualcomp         :       0.00       0.00      1          0          0          0          0          0          0          0          0          0
  dualinfer        :       0.00       0.00      0          0          0          0          0          0          0          0          0          0
  dualsparsify     :       0.00       0.00      1          0          0          0          0          0          0          0          0          0
  gateextraction   :       0.00       0.00      0          0          0          0          0          0          0          0          0          0
  implics          :       0.00       0.00      1          0          0          0          0          0          0          0          0          0
  inttobinary      :       0.00       0.00      0          0          0          0          0          0          0          0          0          0
  qpkktref         :       0.00       0.00      0          0          0          0          0          0          0          0          0          0
  redvub           :       0.00       0.00      0          0          0          0          0          0          0          0          0          0
  sparsify         :       0.00       0.00      1          0          0          0          0          0          0          0          0          0
  stuffing         :       0.00       0.00      0          0          0          0          0          0          0          0          0          0
  trivial          :       0.00       0.00      2         55          0          0          0          0          0          0          0          0
  tworowbnd        :       0.00       0.00      0          0          0          0          0          0          0          0          0          0
  dualfix          :       0.00       0.00      2         55          0          0          0          0          0          0          0          0
  genvbounds       :       0.00       0.00      0          0          0          0          0          0          0          0          0          0
  probing          :       0.02       0.00      1          0          0          0          0          0          0          0          0          0
  pseudoobj        :       0.00       0.00      0          0          0          0          0          0          0          0          0          0
  symmetry         :       0.00       0.00      1          0          0          0          0          0          0          0          0          0
  vbounds          :       0.00       0.00      0          0          0          0          0          0          0          0          0          0
  linear           :       0.01       0.00      3          0          0          0          0          0          0          0          0          0
  nonlinear        :       0.07       0.02      4          0          0          0        121          0          0          0          0          0
  benders          :       0.00       0.00      0          0          0          0          0          0          0          0          0          0
  components       :       0.00       0.00      1          0          0          0          0          0          0          0          0          0
  root node        :          -          -      -          0          -          -       4473          -          -          -          -          -
Constraints        :     Number  MaxNumber  #Separate #Propagate    #EnfoLP    #EnfoRelax  #EnfoPS    #Check   #ResProp    Cutoffs    DomReds       Cuts    Applied      Conss   Children
  benderslp        :          0          0          0          0      13404          0          0      13013          0          0          0          0          0          0          0
  integral         :          0          0          0          0      13404          0          0      13013          0          0       5443          0          0          0      26438
  linear           :       1784+      1800         97     497501          0          0          0      13007          0         34      17879         36          0          0          0
  nonlinear        :        848        848     131208     497467          0          0          0       9081          0        164     838807    2943958    2913905          0          0
  benders          :          0          0          0          0          0          0          0          9          0          0          0          0          0          0          0
  countsols        :          0          0          0          0          0          0          0          9          0          0          0          0          0          0          0
  components       :          0          0          0          0          0          0          0          0          0          0          0          0          0          0          0
Constraint Timings :  TotalTime  SetupTime   Separate  Propagate     EnfoLP     EnfoPS     EnfoRelax   Check    ResProp    SB-Prop
  benderslp        :       0.04       0.00       0.00       0.00       0.01       0.00       0.00       0.03       0.00       0.00
  integral         :      23.63       0.00       0.00       0.00      23.61       0.00       0.00       0.02       0.00       0.00
  linear           :       9.54       0.00       0.03       8.93       0.00       0.00       0.00       0.58       0.00       0.00
  nonlinear        :     286.01       0.02     223.38      57.84       0.00       0.00       0.00       4.48       0.00       0.29
  benders          :       0.00       0.00       0.00       0.00       0.00       0.00       0.00       0.00       0.00       0.00
  countsols        :       0.00       0.00       0.00       0.00       0.00       0.00       0.00       0.00       0.00       0.00
  components       :       0.05       0.00       0.00       0.05       0.00       0.00       0.00       0.00       0.00       0.00
Propagators        : #Propagate   #ResProp    Cutoffs    DomReds
  dualfix          :          4          0          0          0
  genvbounds       :          0          0          0          0
  nlobbt           :          0          0          0          0
  obbt             :          0          0          0          0
  probing          :          0          0          0          0
  pseudoobj        :      45279          0          0         14
  redcost          :     158019          0          0          0
  rootredcost      :          7          0          0       3609
  symmetry         :          0          0          0          0
  vbounds          :     130603          0          0          0
Propagator Timings :  TotalTime  SetupTime   Presolve  Propagate    ResProp    SB-Prop
  dualfix          :       0.00       0.00       0.00       0.00       0.00       0.00
  genvbounds       :       0.25       0.00       0.00       0.25       0.00       0.00
  nlobbt           :       0.00       0.00       0.00       0.00       0.00       0.00
  obbt             :       0.01       0.00       0.00       0.01       0.00       0.00
  probing          :       0.02       0.00       0.02       0.00       0.00       0.00
  pseudoobj        :       0.20       0.00       0.00       0.20       0.00       0.00
  redcost          :       2.61       0.00       0.00       2.61       0.00       0.00
  rootredcost      :       0.22       0.00       0.00       0.22       0.00       0.00
  symmetry         :       0.19       0.00       0.00       0.19       0.00       0.00
  vbounds          :       0.26       0.00       0.00       0.26       0.00       0.00
Conflict Analysis  :       Time      Calls    Success    DomReds  Conflicts   Literals    Reconvs ReconvLits   Dualrays   Nonzeros   LP Iters   (pool size: [--,--])
  propagation      :       0.00         22          0          -          0        0.0          0        0.0          -          -          -
  infeasible LP    :       0.00          0          0          -          0        0.0          0        0.0         71      294.3          0
  bound exceed. LP :       1.05        317         71          -          0        0.0          0        0.0          0        0.0       4953
  strong branching :       0.00          0          0          -          0        0.0          0        0.0          -          -          0
  pseudo solution  :       0.00          0          0          -          0        0.0          0        0.0          -          -          -
  applied globally :       0.00          -          -          0          0        0.0          -          -         71          -          -
  applied locally  :          -          -          -          0          0        0.0          -          -          0          -          -
Separators         :   ExecTime  SetupTime      Calls  RootCalls    Cutoffs    DomReds  FoundCuts ViaPoolAdd  DirectAdd    Applied ViaPoolApp  DirectApp      Conss
  cut pool         :       0.00          -       1980          0          -          -         30         57          -          -          -          -          -    (maximal pool size:          4)
  aggregation      :       9.92       0.00       6051         97          0          0          0          0          0          0          0          0          0
  > cmir           :          -          -          -          -          -          -          -          0          0          0          0          0          -
  > flowcover      :          -          -          -          -          -          -          -          0          0          0          0          0          -
  > knapsackcover  :          -          -          -          -          -          -          -          0          0          0          0          0          -
  cgmip            :       0.00       0.00          0          0          0          0          0          0          0          0          0          0          0
  clique           :       0.00       0.00          1          1          0          0          0          0          0          0          0          0          0
  closecuts        :       0.00       0.00          0          0          0          0          0          0          0          0          0          0          0
  convexproj       :       0.00       0.00          0          0          0          0          0          0          0          0          0          0          0
  disjunctive      :       0.00       0.00          0          0          0          0          0          0          0          0          0          0          0
  eccuts           :       0.00       0.00          0          0          0          0          0          0          0          0          0          0          0
  gauge            :       0.00       0.00          0          0          0          0          0          0          0          0          0          0          0
  gomory           :       2.65       0.00       2857         10          0          0         30         57          0         32         32          0          0
  > gomorymi       :          -          -          -          -          -          -          -         57          0         32         32          0          -
  > strongcg       :          -          -          -          -          -          -          -          0          0          0          0          0          -
  impliedbounds    :       0.32       0.00       6051         97          0          0          0          0          0          0          0          0          0
  interminor       :       0.00       0.00          0          0          0          0          0          0          0          0          0          0          0
  intobj           :       0.00       0.00          0          0          0          0          0          0          0          0          0          0          0
  mcf              :       0.00       0.00          3          3          0          0          0          0          0          0          0          0          0
  minor            :       0.00       0.00          0          0          0          0          0          0          0          0          0          0          0
  mixing           :       0.20       0.00       6051         97          0          0          0          0          0          0          0          0          0
  oddcycle         :       0.00       0.00          0          0          0          0          0          0          0          0          0          0          0
  rapidlearning    :       0.01       0.00          0          0          0          0          0          0          0          0          0          0          0
  rlt              :       0.00       0.00         10         10          0          0          0          0          0          0          0          0          0
  zerohalf         :       1.26       0.00       2867         20          0          0          0          0          0          0          0          0          0
Cutselectors       :   ExecTime  SetupTime      Calls  RootCalls   Selected     Forced   Filtered  RootSelec   RootForc   RootFilt 
  hybrid           :       1.45       0.00     131208         97    2913937          0      30114       5802          0        326
Pricers            :   ExecTime  SetupTime      Calls       Vars
  problem variables:       0.00          -          0          0
Branching Rules    :   ExecTime  SetupTime   BranchLP  BranchExt   BranchPS    Cutoffs    DomReds       Cuts      Conss   Children
  allfullstrong    :       0.00       0.00          0          0          0          0          0          0          0          0
  cloud            :       0.00       0.00          0          0          0          0          0          0          0          0
  distribution     :       0.00       0.00          0          0          0          0          0          0          0          0
  fullstrong       :       0.00       0.00          0          0          0          0          0          0          0          0
  inference        :       0.00       0.00          0          0          0          0          0          0          0          0
  leastinf         :       0.00       0.00          0          0          0          0          0          0          0          0
  lookahead        :       0.00       0.00          0          0          0          0          0          0          0          0
  mostinf          :       0.00       0.00          0          0          0          0          0          0          0          0
  multaggr         :       0.00       0.00          0          0          0          0          0          0          0          0
  nodereopt        :       0.00       0.00          0          0          0          0          0          0          0          0
  pscost           :       0.00       0.00          0          0          0          0          0          0          0          0
  random           :       0.00       0.00          0          0          0          0          0          0          0          0
  relpscost        :      23.56       0.00      13404          0          0          0       5443          0          0      26438
  vanillafullstrong:       0.00       0.00          0          0          0          0          0          0          0          0
Primal Heuristics  :   ExecTime  SetupTime      Calls      Found       Best
  LP solutions     :       0.00          -          -          0          0
  relax solutions  :       0.00          -          -          0          0
  pseudo solutions :       0.00          -          -          0          0
  strong branching :       0.02          -          -          0          0
  actconsdiving    :       0.00       0.00          0          0          0
  adaptivediving   :       3.72       0.00         46          0          0
  alns             :       5.90       0.00          8          1          1
  bound            :       0.00       0.00          0          0          0
  clique           :       0.00       0.00          0          0          0
  coefdiving       :       0.00       0.00          0          0          0
  completesol      :       0.00       0.00          0          0          0
  conflictdiving   :      34.35       0.00        346          0          0
  crossover        :       0.00       0.00          0          0          0
  dins             :       0.00       0.00          0          0          0
  distributiondivin:     371.02       0.00        623          0          0
  dps              :       0.00       0.00          0          0          0
  dualval          :       0.00       0.00          0          0          0
  farkasdiving     :       0.00       0.00          0          0          0
  feaspump         :      32.43       0.00         70          0          0
  fixandinfer      :       0.00       0.00          0          0          0
  fracdiving       :      65.14       0.00        624          0          0
  gins             :       0.01       0.00          0          0          0
  guideddiving     :      64.70       0.00        623          0          0
  indicator        :       0.08       0.00          0          0          0
  indicatordiving  :       0.00       0.00          0          0          0
  intdiving        :       0.00       0.00          0          0          0
  intshifting      :       3.04       0.00         47          0          0
  linesearchdiving :      49.65       0.00        623          0          0
  localbranching   :       0.00       0.00          0          0          0
  locks            :       0.01       0.00          1          0          0
  lpface           :       0.01       0.00          0          0          0
  mpec             :       1.64       0.00          1          0          0
  multistart       :       0.00       0.00          0          0          0
  mutation         :       0.00       0.00          0          0          0
  nlpdiving        :       4.17       0.00          1          0          0
  objpscostdiving  :      46.80       0.00         37          0          0
  octane           :       0.00       0.00          0          0          0
  ofins            :       0.01       0.00          0          0          0
  oneopt           :       0.01       0.00          8          0          0
  padm             :       0.00       0.00          0          0          0
  proximity        :       0.00       0.00          0          0          0
  pscostdiving     :      75.07       0.00        556          0          0
  randrounding     :       1.82       0.00       4718          0          0
  rens             :       0.00       0.00          0          0          0
  reoptsols        :       0.00       0.00          0          0          0
  repair           :       0.00       0.00          0          0          0
  rins             :      15.72       0.00          7          1          1
  rootsoldiving    :       7.78       0.00         30          0          0
  rounding         :       0.85       0.00       5337          0          0
  shiftandpropagate:       0.01       0.00          1          0          0
  shifting         :       1.85       0.00       1480          0          0
  simplerounding   :       0.09       0.00          0          0          0
  subnlp           :       6.52       0.00         25          6          6
  trivial          :       0.02       0.00          2          0          0
  trivialnegation  :       0.00       0.00          0          0          0
  trustregion      :       0.00       0.00          0          0          0
  trysol           :       0.13       0.00          0          0          0
  twoopt           :       0.00       0.00          0          0          0
  undercover       :       0.23       0.00          1          0          0
  vbounds          :       0.00       0.00          0          0          0
  veclendiving     :      32.21       0.00        623          0          0
  zeroobj          :       0.00       0.00          0          0          0
  zirounding       :       0.06       0.00       1000          0          0
  other solutions  :          -          -          -          0          -
Diving (single)    :      Calls      Nodes   LP Iters Backtracks  Conflicts   MinDepth   MaxDepth   AvgDepth  RoundSols  NLeafSols  MinSolDpt  MaxSolDpt  AvgSolDpt
  actconsdiving    :          0          -          -          -          -          -          -          -          -          -          -          -          -
  coefdiving       :          0          -          -          -          -          -          -          -          -          -          -          -          -
  conflictdiving   :        346       8433     365458        292         66         16         66       41.1          0          -          -          -          -
  distributiondivin:        623      17477     622758          4          2         18         66       44.7          0          -          -          -          -
  farkasdiving     :          0          -          -          -          -          -          -          -          -          -          -          -          -
  fracdiving       :        624      29989     676485          2          0         59         66       64.6          0          -          -          -          -
  guideddiving     :        623      28630     675769          6          1         50         66       62.9          0          -          -          -          -
  indicatordiving  :          0          -          -          -          -          -          -          -          -          -          -          -          -
  linesearchdiving :        623      21114     544293          6          1         39         64       50.6          0          -          -          -          -
  pscostdiving     :        556      27659     760358          1          1         60         66       65.3          0          -          -          -          -
  veclendiving     :        623       4800     351813          0          0         16         36       24.3          0          -          -          -          -
Diving (adaptive)  :      Calls      Nodes   LP Iters Backtracks  Conflicts   MinDepth   MaxDepth   AvgDepth  RoundSols  NLeafSols  MinSolDpt  MaxSolDpt  AvgSolDpt
  actconsdiving    :         12         87       6771          0          0         17         29       24.2          0          -          -          -          -
  coefdiving       :         11         98       6451          0          0         16         30       23.8          0          -          -          -          -
  conflictdiving   :          0          -          -          -          -          -          -          -          -          -          -          -          -
  distributiondivin:          0          -          -          -          -          -          -          -          -          -          -          -          -
  farkasdiving     :          0          -          -          -          -          -          -          -          -          -          -          -          -
  fracdiving       :          0          -          -          -          -          -          -          -          -          -          -          -          -
  guideddiving     :          4        200       4345          0          0         59         66       63.2          0          -          -          -          -
  indicatordiving  :          0          -          -          -          -          -          -          -          -          -          -          -          -
  linesearchdiving :          9        309       7740          0          0         41         53       48.2          0          -          -          -          -
  pscostdiving     :          4        197       5335          0          0         64         65       64.8          0          -          -          -          -
  veclendiving     :          6         50       3381          0          0         18         30       23.3          0          -          -          -          -
Neighborhoods      :      Calls  SetupTime  SolveTime SolveNodes       Sols       Best       Exp3  EpsGreedy        UCB TgtFixRate  Opt  Inf Node Stal  Sol  Usr Othr Actv
  rens             :          1       0.02       0.01          0          0          0    0.00000   -1.00000    0.56070      0.700    0    1    0    0    0    0    0    1
  rins             :          1       0.02       1.00          1          0          0    0.00000   -1.00000    0.55964      0.700    0    1    0    0    0    0    0    1
  mutation         :          2       0.02       2.53         85          1          1    0.00000   -1.00000    0.66030      0.850    1    0    0    1    0    0    0    1
  localbranching   :          1       0.02       0.81          1          0          0    0.00000   -1.00000    0.55964      0.700    0    1    0    0    0    0    0    1
  crossover        :          0       0.00       0.00          0          0          0    0.00000   -1.00000    0.06070      0.900    0    0    0    0    0    0    0    1
  proximity        :          1       0.01       0.60          1          0          0    0.00000   -1.00000    0.55964      0.700    0    1    0    0    0    0    0    1
  zeroobjective    :          1       0.00       0.00          0          0          0    0.00000   -1.00000    0.06070      0.900    0    0    0    0    0    0    1    1
  dins             :          1       0.02       0.76          1          0          0    0.00000   -1.00000    0.55964      0.700    0    1    0    0    0    0    0    1
  trustregion      :          0       0.00       0.00          0          0          0    0.00000   -1.00000    1.00000      0.900    0    0    0    0    0    0    0    0
Expressions        :   #IntEval  IntEvalTi   #RevProp  RevPropTi    DomReds    Cutoffs  #Estimate  EstimTime  Branching  #Simplify SimplifyTi Simplified
  pow              :   12520197       2.52    4024073       0.86    7293305          0       1211       0.00          0       1837       0.00          0
  prod             :   10570526       2.37      60179       0.02        158          0          0       0.00          0       1454       0.00        726
  sum              :   11940787       2.76    6641042       1.99     654996         39        122       0.00          0       1817       0.01        122
  var              :   28758905       5.35          0       0.00          0          0          0       0.00          0       4984       0.00          0
  varidx           :          0       0.00          0       0.00          0          0          0       0.00          0          0       0.00          0
Nonlinear Conshdlr :   WeakSepa  TightenLP DespTghtLP DespBranch DespCutoff    ForceLP  CanonTime
  enforce          :          0          0          0          0          0          0
  presolve         :                                                                         0.04
Nlhdlrs            :    Detects  DetectAll DetectTime   #IntEval  IntEvalTi   #RevProp  RevPropTi    DomReds    Cutoffs   #Enforce   EnfoTime       Cuts  Branching
  soc              :        726        726       0.00          0       0.00          0       0.00          0          0   65691246      86.49    2811660          0
  convex           :          1          1       0.00          0       0.00          0       0.00          0          0     131209       0.93     131208          0
  concave          :          0          0       0.01          0       0.00          0       0.00          0          0          0       0.00          0          0
  quotient         :          0          0       0.00          0       0.00          0       0.00          0          0          0       0.00          0          0
  quadratic        :          0          0       0.00          0       0.00          0       0.00          0          0          0       0.00          0          0
  default          :       4205      21025       0.00   35027885      19.50   10730610      17.01    7948459         39       1333       0.00       1090          0
  bilinear         :          0          0       0.00          0       0.00          0       0.00          0          0          0       0.00          0          0
  perspective      :          0          0       0.00          0       0.00          0       0.00          0          0          0       0.00          0          0
LP                 :       Time      Calls Iterations  Iter/call   Iter/sec  Time-0-It Calls-0-It    ItLimit
  primal LP        :     685.26      17055          0       0.00       0.00     685.18      17055
  dual LP          :    1684.06     144624   14935145     103.41    8868.53       0.02        193
  lex dual LP      :       0.00          0          0       0.00          -
  barrier LP       :       0.00          0          0       0.00          -       0.00          0
  resolve instable :       0.00          0          0       0.00          -
  diving/probing LP:     367.82      24787    4473185     180.46   12161.34
  strong branching :      18.26        820     137021     167.10    7503.89          -          -        109
    (at root node) :          -         42       1144      27.24          -
  conflict analysis:       0.62        520       4953       9.53    7988.71
NLP relaxation     :
  solve time       :       4.14 (10 calls)
  convexity        :  nonconvex (90 linear rows, 122 convex ineq., 726 nonconvex ineq., 0 nonlinear eq. or two-sided ineq.)
NLP Solvers        :  #Problems  ProblemTi    #Solves  SolveTime      #Iter  Time/Iter      #Okay #TimeLimit #IterLimit #LObjLimit #Interrupt  #NumError #EvalError  #OutOfMem #LicenseEr #OtherTerm   #GlobOpt    #LocOpt  #Feasible #LocInfeas #GlobInfea #Unbounded   #Unknown
  ipopt            :         27       7.29         37      10.93       1548       0.01         28          0          9          0          0          0          0          0          0          0          0         13          2         14          0          0          8
B&B Tree           :
  number of runs   :          1
  nodes            :      13220 (13219 internal, 1 leaves)
  feasible leaves  :          0
  infeas. leaves   :          0
  objective leaves :          0
  nodes (total)    :      13220 (13219 internal, 1 leaves)
  nodes left       :      13220
  max depth        :         26
  max depth (total):         26
  backtracks       :       4250 (32.1%)
  early backtracks :          0 (0.0%)
  nodes exc. ref.  :          0 (0.0%)
  delayed cutoffs  :          0
  repropagations   :       3470 (294114 domain reductions, 0 cutoffs)
  avg switch length:       8.64
  switching time   :     542.59
Estim. Tree Size   :         -1
Estimation Tree    : 26439 nodes (13219 visited, 13219 internal, 0 leaves, 13220 open), weight: 0.0000 completed 0.0281
Estimations        :      estim      value      trend resolution     smooth
  wbe              :         -1          -          -          -          -
  tree-profile     :         -1          -          -          -          -
  gap              :         -1    0.78257                     1           
  tree-weight      :         -1    0.00000                     1           
  leaf-frequency   :         -1   -0.00004                     1           
  ssg              :         -1    0.95567                     1           
  open-nodes       :         -1 13220.00000                     1           
Root Node          :
  First LP value   : -2.23729698321219e+00
  First LP Iters   :       2671 (44516.67 Iter/sec)
  First LP Time    :       0.06
  Final Dual Bound : -1.88709165058956e+00
  Final Root Iters :      19166
  Root LP Estimate : -1.65519981939107e+00
Solution           :
  Solutions found  :          8 (8 improvements)
  First Solution   : -3.82304175679392e-01   (in run 1, after 1 nodes, 0.76 seconds, depth 0, found by <feaspump>)
  Gap First Sol.   :     485.21 %
  Gap Last Sol.    :      27.92 %
  Primal Bound     : -1.41909469965784e+00   (in run 1, after 11850 nodes, 3197.51 seconds, depth 20, found by <alns>)
  Dual Bound       : -1.81337623740913e+00
  Gap              :      27.78 %
Integrals          :      Total       Avg%
  primal-dual      :   94460.22      26.24
  primal-ref       :          -          - (not evaluated)
  dual-ref         :          -          - (not evaluated)
