SCIP Status        : solving was interrupted [time limit reached]
Total Time         :    3600.01
  solving          :    3600.00
  presolving       :       0.07 (included in solving)
  reading          :       0.01
  copying          :       0.08 (14 #copies) (minimal 0.00, maximal 0.01, average 0.01)
Original Problem   :
  Problem name     : benchmark/block2_45_10_9_9.design
  Variables        : 1108 (45 binary, 0 integer, 0 implicit integer, 1063 continuous)
  Constraints      : 1524 initial, 1524 maximal
  Objective        : minimize, 1 non-zeros (abs.min = 1, abs.max = 1)
Presolved Problem  :
  Problem name     : t_benchmark/block2_45_10_9_9.design
  Variables        : 1605 (45 binary, 0 integer, 0 implicit integer, 1560 continuous)
  Constraints      : 1524 initial, 1527 maximal
  Objective        : minimize, 1 non-zeros (abs.min = 1, abs.max = 1)
  Nonzeros         : 5168 constraint, 0 clique table
Presolvers         :   ExecTime  SetupTime  Calls  FixedVars   AggrVars   ChgTypes  ChgBounds   AddHoles    DelCons    AddCons   ChgSides   ChgCoefs
  boundshift       :       0.00       0.00      0          0          0          0          0          0          0          0          0          0
  convertinttobin  :       0.00       0.00      0          0          0          0          0          0          0          0          0          0
  domcol           :       0.00       0.00      1          0          0          0          0          0          0          0          0          0
  dualagg          :       0.00       0.00      0          0          0          0          0          0          0          0          0          0
  dualcomp         :       0.00       0.00      1          0          0          0          0          0          0          0          0          0
  dualinfer        :       0.00       0.00      0          0          0          0          0          0          0          0          0          0
  dualsparsify     :       0.00       0.00      1          0          0          0          0          0          0          0          0          0
  gateextraction   :       0.00       0.00      0          0          0          0          0          0          0          0          0          0
  implics          :       0.00       0.00      1          0          0          0          0          0          0          0          0          0
  inttobinary      :       0.00       0.00      0          0          0          0          0          0          0          0          0          0
  qpkktref         :       0.00       0.00      0          0          0          0          0          0          0          0          0          0
  redvub           :       0.00       0.00      0          0          0          0          0          0          0          0          0          0
  sparsify         :       0.00       0.00      1          0          0          0          0          0          0          0          0          0
  stuffing         :       0.00       0.00      0          0          0          0          0          0          0          0          0          0
  trivial          :       0.00       0.00      2         36          0          0          0          0          0          0          0          0
  tworowbnd        :       0.00       0.00      0          0          0          0          0          0          0          0          0          0
  dualfix          :       0.00       0.00      2         36          0          0          0          0          0          0          0          0
  genvbounds       :       0.00       0.00      0          0          0          0          0          0          0          0          0          0
  probing          :       0.00       0.00      1          0          0          0          0          0          0          0          0          0
  pseudoobj        :       0.00       0.00      0          0          0          0          0          0          0          0          0          0
  symmetry         :       0.00       0.00      1          0          0          0          0          0          0          0          0          0
  vbounds          :       0.00       0.00      0          0          0          0          0          0          0          0          0          0
  linear           :       0.01       0.00      3          0          0          0          0          0          0          0          0          0
  nonlinear        :       0.06       0.01      4          0          0          0         81          0          0          0          0          0
  benders          :       0.00       0.00      0          0          0          0          0          0          0          0          0          0
  components       :       0.00       0.00      1          0          0          0          0          0          0          0          0          0
  root node        :          -          -      -          0          -          -       1537          -          -          -          -          -
Constraints        :     Number  MaxNumber  #Separate #Propagate    #EnfoLP    #EnfoRelax  #EnfoPS    #Check   #ResProp    Cutoffs    DomReds       Cuts    Applied      Conss   Children
  benderslp        :          0          0          0          0      11483          0          0      11275          0          0          0          0          0          0          0
  integral         :          0          0          0          0      11483          0          0      11275          0          0       4664          0          0          0      22484
  linear           :       1037+      1040         84     302273          3          0          0      11269          0         56     128339         30          2          0          0
  nonlinear        :        487        487     127790     302217         67          0          0       7571          0         92     732407    4357338    4303156          0          0
  benders          :          0          0          0          0          3          0          0          4          0          0          0          0          0          0          0
  countsols        :          0          0          0          0          3          0          0          4          0          0          0          0          0          0          0
  components       :          0          0          0          0          0          0          0          0          0          0          0          0          0          0          0
Constraint Timings :  TotalTime  SetupTime   Separate  Propagate     EnfoLP     EnfoPS     EnfoRelax   Check    ResProp    SB-Prop
  benderslp        :       0.02       0.00       0.00       0.00       0.02       0.00       0.00       0.00       0.00       0.00
  integral         :      24.53       0.00       0.00       0.00      24.52       0.00       0.00       0.01       0.00       0.00
  linear           :      10.84       0.00       0.00      10.22       0.00       0.00       0.00       0.60       0.00       0.02
  nonlinear        :     172.08       0.01     118.08      50.34       0.04       0.00       0.00       3.16       0.00       0.45
  benders          :       0.00       0.00       0.00       0.00       0.00       0.00       0.00       0.00       0.00       0.00
  countsols        :       0.00       0.00       0.00       0.00       0.00       0.00       0.00       0.00       0.00       0.00
  components       :       0.05       0.00       0.00       0.05       0.00       0.00       0.00       0.00       0.00       0.00
Propagators        : #Propagate   #ResProp    Cutoffs    DomReds
  dualfix          :          2          0          0          0
  genvbounds       :          0          0          0          0
  nlobbt           :          0          0          0          0
  obbt             :          0          0          0          0
  probing          :          0          0          0          0
  pseudoobj        :      42753          0          0         10
  redcost          :     150531          0          0         17
  rootredcost      :          6          0          0       1040
  symmetry         :          0          0          0          0
  vbounds          :      58235          0          0          0
Propagator Timings :  TotalTime  SetupTime   Presolve  Propagate    ResProp    SB-Prop
  dualfix          :       0.00       0.00       0.00       0.00       0.00       0.00
  genvbounds       :       0.25       0.00       0.00       0.25       0.00       0.00
  nlobbt           :       0.00       0.00       0.00       0.00       0.00       0.00
  obbt             :       0.00       0.00       0.00       0.00       0.00       0.00
  probing          :       0.00       0.00       0.00       0.00       0.00       0.00
  pseudoobj        :       0.34       0.00       0.00       0.31       0.00       0.03
  redcost          :       2.49       0.00       0.00       2.49       0.00       0.00
  rootredcost      :       0.18       0.00       0.00       0.18       0.00       0.00
  symmetry         :       0.15       0.00       0.00       0.15       0.00       0.00
  vbounds          :       0.15       0.00       0.00       0.15       0.00       0.00
Conflict Analysis  :       Time      Calls    Success    DomReds  Conflicts   Literals    Reconvs ReconvLits   Dualrays   Nonzeros   LP Iters   (pool size: [--,--])
  propagation      :       0.00         44          0          -          0        0.0          0        0.0          -          -          -
  infeasible LP    :       0.00          0          0          -          0        0.0          0        0.0         20      195.1          0
  bound exceed. LP :       0.09         65         20          -          0        0.0          0        0.0          0        0.0        562
  strong branching :       0.00          0          0          -          0        0.0          0        0.0          -          -          0
  pseudo solution  :       0.00          0          0          -          0        0.0          0        0.0          -          -          -
  applied globally :       0.00          -          -          0          0        0.0          -          -         20          -          -
  applied locally  :          -          -          -          0          0        0.0          -          -          0          -          -
Separators         :   ExecTime  SetupTime      Calls  RootCalls    Cutoffs    DomReds  FoundCuts ViaPoolAdd  DirectAdd    Applied ViaPoolApp  DirectApp      Conss
  cut pool         :       0.00          -       1402          0          -          -         22         34          -          -          -          -          -    (maximal pool size:          5)
  aggregation      :       8.09       0.00       5361         84          0          0          0          0          0          0          0          0          0
  > cmir           :          -          -          -          -          -          -          -          0          0          0          0          0          -
  > flowcover      :          -          -          -          -          -          -          -          0          0          0          0          0          -
  > knapsackcover  :          -          -          -          -          -          -          -          0          0          0          0          0          -
  cgmip            :       0.00       0.00          0          0          0          0          0          0          0          0          0          0          0
  clique           :       0.00       0.00          1          1          0          0          0          0          0          0          0          0          0
  closecuts        :       0.00       0.00          0          0          0          0          0          0          0          0          0          0          0
  convexproj       :       0.00       0.00          0          0          0          0          0          0          0          0          0          0          0
  disjunctive      :       0.00       0.00          0          0          0          0          0          0          0          0          0          0          0
  eccuts           :       0.00       0.00          0          0          0          0          0          0          0          0          0          0          0
  gauge            :       0.00       0.00          0          0          0          0          0          0          0          0          0          0          0
  gomory           :       5.92       0.00       2204         10          0          0         22         34          0          6          6          0          0
  > gomorymi       :          -          -          -          -          -          -          -         34          0          6          6          0          -
  > strongcg       :          -          -          -          -          -          -          -          0          0          0          0          0          -
  impliedbounds    :       0.31       0.00       5361         84          0          0          0          0          0          0          0          0          0
  interminor       :       0.00       0.00          0          0          0          0          0          0          0          0          0          0          0
  intobj           :       0.00       0.00          0          0          0          0          0          0          0          0          0          0          0
  mcf              :       0.00       0.00          2          2          0          0          0          0          0          0          0          0          0
  minor            :       0.01       0.00          0          0          0          0          0          0          0          0          0          0          0
  mixing           :       0.16       0.00       5361         84          0          0          0          0          0          0          0          0          0
  oddcycle         :       0.00       0.00          0          0          0          0          0          0          0          0          0          0          0
  rapidlearning    :       0.01       0.00          0          0          0          0          0          0          0          0          0          0          0
  rlt              :       0.00       0.00         10         10          0          0          0          0          0          0          0          0          0
  zerohalf         :       0.80       0.00       2214         20          0          0          0          0          0          0          0          0          0
Cutselectors       :   ExecTime  SetupTime      Calls  RootCalls   Selected     Forced   Filtered  RootSelec   RootForc   RootFilt 
  hybrid           :       3.84       0.00     127776         84    4302160          0      54238       4502          0        258
Pricers            :   ExecTime  SetupTime      Calls       Vars
  problem variables:       0.00          -          0          0
Branching Rules    :   ExecTime  SetupTime   BranchLP  BranchExt   BranchPS    Cutoffs    DomReds       Cuts      Conss   Children
  allfullstrong    :       0.00       0.00          0          0          0          0          0          0          0          0
  cloud            :       0.00       0.00          0          0          0          0          0          0          0          0
  distribution     :       0.00       0.00          0          0          0          0          0          0          0          0
  fullstrong       :       0.00       0.00          0          0          0          0          0          0          0          0
  inference        :       0.00       0.00          0          0          0          0          0          0          0          0
  leastinf         :       0.00       0.00          0          0          0          0          0          0          0          0
  lookahead        :       0.00       0.00          0          0          0          0          0          0          0          0
  mostinf          :       0.00       0.00          0          0          0          0          0          0          0          0
  multaggr         :       0.00       0.00          0          0          0          0          0          0          0          0
  nodereopt        :       0.00       0.00          0          0          0          0          0          0          0          0
  pscost           :       0.00       0.00          0          0          0          0          0          0          0          0
  random           :       0.00       0.00          0          0          0          0          0          0          0          0
  relpscost        :      24.50       0.00      11416          0          0          0       4664          0          0      22484
  vanillafullstrong:       0.00       0.00          0          0          0          0          0          0          0          0
Primal Heuristics  :   ExecTime  SetupTime      Calls      Found       Best
  LP solutions     :       0.00          -          -          3          3
  relax solutions  :       0.00          -          -          0          0
  pseudo solutions :       0.00          -          -          0          0
  strong branching :       0.00          -          -          0          0
  actconsdiving    :       0.00       0.00          0          0          0
  adaptivediving   :       3.46       0.00         67          0          0
  alns             :       6.64       0.00          7          1          1
  bound            :       0.00       0.00          0          0          0
  clique           :       0.00       0.00          0          0          0
  coefdiving       :       0.00       0.00          0          0          0
  completesol      :       0.00       0.00          0          0          0
  conflictdiving   :      38.19       0.00        423          0          0
  crossover        :       0.00       0.00          0          0          0
  dins             :       0.00       0.00          0          0          0
  distributiondivin:     281.88       0.00        423          0          0
  dps              :       0.00       0.00          0          0          0
  dualval          :       0.00       0.00          0          0          0
  farkasdiving     :       0.00       0.00          0          0          0
  feaspump         :      41.53       0.00        154          0          0
  fixandinfer      :       0.00       0.00          0          0          0
  fracdiving       :      46.86       0.00        423          0          0
  gins             :       0.00       0.00          0          0          0
  guideddiving     :      47.81       0.00        423          0          0
  indicator        :       0.13       0.00          0          0          0
  indicatordiving  :       0.00       0.00          0          0          0
  intdiving        :       0.00       0.00          0          0          0
  intshifting      :       1.14       0.00         31          0          0
  linesearchdiving :      35.60       0.00        423          0          0
  localbranching   :       0.00       0.00          0          0          0
  locks            :       0.01       0.00          1          0          0
  lpface           :       0.03       0.00          0          0          0
  mpec             :       5.71       0.00          1          0          0
  multistart       :       0.00       0.00          0          0          0
  mutation         :       0.00       0.00          0          0          0
  nlpdiving        :       2.15       0.00          5          0          0
  objpscostdiving  :      19.05       0.00         34          0          0
  octane           :       0.00       0.00          0          0          0
  ofins            :       0.01       0.00          0          0          0
  oneopt           :       0.01       0.00          6          0          0
  padm             :       0.00       0.00          0          0          0
  proximity        :       0.00       0.00          0          0          0
  pscostdiving     :      56.02       0.00        423          0          0
  randrounding     :       1.71       0.00       4996          0          0
  rens             :       0.00       0.00          0          0          0
  reoptsols        :       0.00       0.00          0          0          0
  repair           :       0.00       0.00          0          0          0
  rins             :       6.17       0.00          7          0          0
  rootsoldiving    :       3.97       0.00         28          0          0
  rounding         :       0.95       0.00       5266          0          0
  shiftandpropagate:       0.01       0.00          1          0          0
  shifting         :       1.25       0.00       1378          0          0
  simplerounding   :       0.12       0.00          0          0          0
  subnlp           :       3.53       0.00         13          2          2
  trivial          :       0.00       0.00          2          0          0
  trivialnegation  :       0.00       0.00          0          0          0
  trustregion      :       0.00       0.00          0          0          0
  trysol           :       0.04       0.00          0          0          0
  twoopt           :       0.00       0.00          0          0          0
  undercover       :       0.12       0.00          1          0          0
  vbounds          :       0.00       0.00          0          0          0
  veclendiving     :      18.70       0.00        423          0          0
  zeroobj          :       0.00       0.00          0          0          0
  zirounding       :       0.02       0.00       1000          0          0
  other solutions  :          -          -          -          0          -
Diving (single)    :      Calls      Nodes   LP Iters Backtracks  Conflicts   MinDepth   MaxDepth   AvgDepth  RoundSols  NLeafSols  MinSolDpt  MaxSolDpt  AvgSolDpt
  actconsdiving    :          0          -          -          -          -          -          -          -          -          -          -          -          -
  coefdiving       :          0          -          -          -          -          -          -          -          -          -          -          -          -
  conflictdiving   :        423       6661     283905          6          2         13         45       31.6          0          -          -          -          -
  distributiondivin:        423       6505     269195         11          7         12         45       32.2          0          -          -          -          -
  farkasdiving     :          0          -          -          -          -          -          -          -          -          -          -          -          -
  fracdiving       :        423      11245     326244          9          7         35         45       43.5          0          -          -          -          -
  guideddiving     :        423      10628     342707          4          1         28         45       42.0          0          -          -          -          -
  indicatordiving  :          0          -          -          -          -          -          -          -          -          -          -          -          -
  linesearchdiving :        423       8132     251894          1          0         27         45       36.5          0          -          -          -          -
  pscostdiving     :        423      11529     396058          5          3         36         45       43.9          0          -          -          -          -
  veclendiving     :        423       1444     137413          1          0         12         30       20.2          0          -          -          -          -
Diving (adaptive)  :      Calls      Nodes   LP Iters Backtracks  Conflicts   MinDepth   MaxDepth   AvgDepth  RoundSols  NLeafSols  MinSolDpt  MaxSolDpt  AvgSolDpt
  actconsdiving    :         10         35       3775          1          0         14         25       19.1          0          -          -          -          -
  coefdiving       :         24         75       7824          0          0         15         26       21.7          0          -          -          -          -
  conflictdiving   :          0          -          -          -          -          -          -          -          -          -          -          -          -
  distributiondivin:          0          -          -          -          -          -          -          -          -          -          -          -          -
  farkasdiving     :          0          -          -          -          -          -          -          -          -          -          -          -          -
  fracdiving       :          5        115       3826          0          0         44         45       44.2          0          -          -          -          -
  guideddiving     :          6        124       3835          0          0         37         45       42.7          0          -          -          -          -
  indicatordiving  :          0          -          -          -          -          -          -          -          -          -          -          -          -
  linesearchdiving :          6         94       3100          0          0         30         38       35.0          0          -          -          -          -
  pscostdiving     :          1         21        631          0          0         41         41       41.0          0          -          -          -          -
  veclendiving     :         15         50       4770          0          0         15         28       20.3          0          -          -          -          -
Neighborhoods      :      Calls  SetupTime  SolveTime SolveNodes       Sols       Best       Exp3  EpsGreedy        UCB TgtFixRate  Opt  Inf Node Stal  Sol  Usr Othr Actv
  rens             :          1       0.01       0.33          1          0          0    0.00000   -1.00000    1.00000      0.700    0    1    0    0    0    0    0    1
  rins             :          1       0.01       0.96          9          0          0    0.00000   -1.00000    1.00000      0.700    0    1    0    0    0    0    0    1
  mutation         :          1       0.02       1.82          7          0          0    0.00000   -1.00000    1.00000      0.700    0    1    0    0    0    0    0    1
  localbranching   :          0       0.00       0.00          0          0          0    0.00000   -1.00000    1.00000      0.900    0    0    0    0    0    0    0    1
  crossover        :          1       0.01       0.73          3          0          0    0.00000   -1.00000    1.00000      0.700    0    1    0    0    0    0    0    1
  proximity        :          1       0.01       1.54         17          0          0    0.00000   -1.00000    1.00000      0.700    0    1    0    0    0    0    0    1
  zeroobjective    :          1       0.01       0.00          0          0          0    0.00000   -1.00000    1.00000      0.900    0    0    0    0    0    0    1    1
  dins             :          1       0.01       1.16         17          1          1    0.00000   -1.00000    1.00000      0.700    1    0    0    0    0    0    0    1
  trustregion      :          0       0.00       0.00          0          0          0    0.00000   -1.00000    1.00000      0.900    0    0    0    0    0    0    0    0
Expressions        :   #IntEval  IntEvalTi   #RevProp  RevPropTi    DomReds    Cutoffs  #Estimate  EstimTime  Branching  #Simplify SimplifyTi Simplified
  pow              :    7497649       2.02    2253147       0.79    3788712          0       1670       0.00          0       1071       0.00          0
  prod             :    5975950       2.48      72050       0.34        203          0          0       0.00          0        812       0.00        405
  sum              :    6931609       2.38    4026500       1.86     458821         18         82       0.00          0       1055       0.01         82
  var              :   17131429       4.66          0       0.00          0          0          0       0.00          0       2854       0.00          0
  varidx           :          0       0.00          0       0.00          0          0          0       0.00          0          0       0.00          0
Nonlinear Conshdlr :   WeakSepa  TightenLP DespTghtLP DespBranch DespCutoff    ForceLP  CanonTime
  enforce          :        672          0          0          0          0          0
  presolve         :                                                                         0.05
Nlhdlrs            :    Detects  DetectAll DetectTime   #IntEval  IntEvalTi   #RevProp  RevPropTi    DomReds    Cutoffs   #Enforce   EnfoTime       Cuts  Branching
  soc              :        405        405       0.00          0       0.00          0       0.00          0          0   13077991      33.44    4228026          0
  convex           :          1          1       0.00          0       0.00          0       0.00          0          0     127724       0.91     127723          0
  concave          :          0          0       0.00          0       0.00          0       0.00          0          0          0       0.00          0          0
  quotient         :          0          0       0.00          0       0.00          0       0.00          0          0          0       0.00          0          0
  quadratic        :          0          0       0.01          0       0.00          0       0.00          0          0          0       0.00          0          0
  default          :       2415      12075       0.00   20403186      16.18    6354778      15.68    4247736         18       1752       0.00       1589          0
  bilinear         :          0          0       0.00          0       0.00          0       0.00          0          0          0       0.00          0          0
  perspective      :          0          0       0.00          0       0.00          0       0.00          0          0          0       0.00          0          0
LP                 :       Time      Calls Iterations  Iter/call   Iter/sec  Time-0-It Calls-0-It    ItLimit
  primal LP        :     358.50      16239          0       0.00       0.00     358.43      16239
  dual LP          :    2302.01     139313   17762018     127.68    7715.87       0.08        198
  lex dual LP      :       0.00          0          0       0.00          -
  barrier LP       :       0.00          0          0       0.00          -       0.00          0
  resolve instable :       0.00          0          0       0.00          -
  diving/probing LP:     260.15      18497    2354108     127.27    9049.04
  strong branching :      19.36        849     205595     242.16   10619.58          -          -        333
    (at root node) :          -         28        470      16.79          -
  conflict analysis:       0.05         62        562       9.06   11240.00
NLP relaxation     :
  solve time       :       2.14 (8 calls)
  convexity        :  nonconvex (65 linear rows, 82 convex ineq., 405 nonconvex ineq., 0 nonlinear eq. or two-sided ineq.)
NLP Solvers        :  #Problems  ProblemTi    #Solves  SolveTime      #Iter  Time/Iter      #Okay #TimeLimit #IterLimit #LObjLimit #Interrupt  #NumError #EvalError  #OutOfMem #LicenseEr #OtherTerm   #GlobOpt    #LocOpt  #Feasible #LocInfeas #GlobInfea #Unbounded   #Unknown
  ipopt            :         15       6.46         23      10.84       1518       0.01         14          0          9          0          0          0          0          0          0          0          0          3          3          6          0          0         11
B&B Tree           :
  number of runs   :          1
  nodes            :      11263 (11242 internal, 21 leaves)
  feasible leaves  :          3
  infeas. leaves   :          0
  objective leaves :         17
  nodes (total)    :      11263 (11242 internal, 21 leaves)
  nodes left       :      11223
  max depth        :         28
  max depth (total):         28
  backtracks       :       3274 (29.1%)
  early backtracks :          0 (0.0%)
  nodes exc. ref.  :          0 (0.0%)
  delayed cutoffs  :          0
  repropagations   :          6 (0 domain reductions, 0 cutoffs)
  avg switch length:       8.27
  switching time   :     242.84
Estim. Tree Size   :     300969
Estimation Tree    : 22485 nodes (11262 visited, 11242 internal, 20 leaves, 11223 open), weight: 0.0004 completed 0.0203
Estimations        :      estim      value      trend resolution     smooth
  wbe              :     100102          -          -          -          -
  tree-profile     :         -1          -          -          -          -
  gap              :         64    0.69293    0.02454          1         62
  tree-weight      :     300969    0.00040    0.00001          1     287472
  leaf-frequency   :      66127    0.00173    0.00002          1      68490
  ssg              :        561    0.96823   -0.00371          1        534
  open-nodes       :      22524 11223.00000  342.23584          1      21541
Root Node          :
  First LP value   : -1.85042376328320e+00
  First LP Iters   :       1472 (73600.00 Iter/sec)
  First LP Time    :       0.02
  Final Dual Bound : -1.54825356635031e+00
  Final Root Iters :      11500
  Root LP Estimate : -1.29128603946451e+00
Solution           :
  Solutions found  :          6 (6 improvements)
  First Solution   : -3.11467342924918e-01   (in run 1, after 1 nodes, 0.46 seconds, depth 0, found by <feaspump>)
  Gap First Sol.   :     494.10 %
  Gap Last Sol.    :      44.40 %
  Primal Bound     : -1.00001440936536e+00   (in run 1, after 10849 nodes, 3440.21 seconds, depth 20, found by <relaxation>)
  Dual Bound       : -1.44316718157961e+00
  Gap              :      44.31 %
Integrals          :      Total       Avg%
  primal-dual      :  129387.28      35.94
  primal-ref       :          -          - (not evaluated)
  dual-ref         :          -          - (not evaluated)
