SCIP Status        : solving was interrupted [time limit reached]
Total Time         :    3600.03
  solving          :    3600.01
  presolving       :       0.15 (included in solving)
  reading          :       0.02
  copying          :       0.05 (5 #copies) (minimal 0.01, maximal 0.01, average 0.01)
Original Problem   :
  Problem name     : benchmark/block2_66_12_11_15.design
  Variables        : 1893 (66 binary, 0 integer, 0 implicit integer, 1827 continuous)
  Constraints      : 2632 initial, 2632 maximal
  Objective        : minimize, 1 non-zeros (abs.min = 1, abs.max = 1)
Presolved Problem  :
  Problem name     : t_benchmark/block2_66_12_11_15.design
  Variables        : 2753 (66 binary, 0 integer, 0 implicit integer, 2687 continuous)
  Constraints      : 2632 initial, 2633 maximal
  Objective        : minimize, 1 non-zeros (abs.min = 1, abs.max = 1)
  Nonzeros         : 9033 constraint, 0 clique table
Presolvers         :   ExecTime  SetupTime  Calls  FixedVars   AggrVars   ChgTypes  ChgBounds   AddHoles    DelCons    AddCons   ChgSides   ChgCoefs
  boundshift       :       0.00       0.00      0          0          0          0          0          0          0          0          0          0
  convertinttobin  :       0.00       0.00      0          0          0          0          0          0          0          0          0          0
  domcol           :       0.00       0.00      1          0          0          0          0          0          0          0          0          0
  dualagg          :       0.00       0.00      0          0          0          0          0          0          0          0          0          0
  dualcomp         :       0.00       0.00      1          0          0          0          0          0          0          0          0          0
  dualinfer        :       0.00       0.00      0          0          0          0          0          0          0          0          0          0
  dualsparsify     :       0.00       0.00      1          0          0          0          0          0          0          0          0          0
  gateextraction   :       0.00       0.00      0          0          0          0          0          0          0          0          0          0
  implics          :       0.00       0.00      1          0          0          0          0          0          0          0          0          0
  inttobinary      :       0.00       0.00      0          0          0          0          0          0          0          0          0          0
  qpkktref         :       0.00       0.00      0          0          0          0          0          0          0          0          0          0
  redvub           :       0.00       0.00      0          0          0          0          0          0          0          0          0          0
  sparsify         :       0.00       0.00      1          0          0          0          0          0          0          0          0          0
  stuffing         :       0.00       0.00      0          0          0          0          0          0          0          0          0          0
  trivial          :       0.00       0.00      2         55          0          0          0          0          0          0          0          0
  tworowbnd        :       0.00       0.00      0          0          0          0          0          0          0          0          0          0
  dualfix          :       0.00       0.00      2         55          0          0          0          0          0          0          0          0
  genvbounds       :       0.00       0.00      0          0          0          0          0          0          0          0          0          0
  probing          :       0.01       0.00      1          0          0          0          0          0          0          0          0          0
  pseudoobj        :       0.00       0.00      0          0          0          0          0          0          0          0          0          0
  symmetry         :       0.01       0.00      1          0          0          0          0          0          0          0          0          0
  vbounds          :       0.00       0.00      0          0          0          0          0          0          0          0          0          0
  linear           :       0.02       0.00      3          0          0          0          0          0          0          0          0          0
  nonlinear        :       0.09       0.03      4          0          0          0        121          0          0          0          0          0
  benders          :       0.00       0.00      0          0          0          0          0          0          0          0          0          0
  components       :       0.00       0.00      1          0          0          0          0          0          0          0          0          0
  root node        :          -          -      -          0          -          -       3503          -          -          -          -          -
Constraints        :     Number  MaxNumber  #Separate #Propagate    #EnfoLP    #EnfoRelax  #EnfoPS    #Check   #ResProp    Cutoffs    DomReds       Cuts    Applied      Conss   Children
  benderslp        :          0          0          0          0       4944          0          0       3768          0          0          0          0          0          0          0
  integral         :          0          0          0          0       4944          0          0       3768          0          0       3714          0          0          0       9564
  linear           :       1784+      1785         98     203132          0          0          0       3762          0         55       1442         16          1          0          0
  nonlinear        :        848        848      40381     203077          0          0          0       3692          0        139     192218    2040372    2011478          0          0
  benders          :          0          0          0          0          0          0          0          6          0          0          0          0          0          0          0
  countsols        :          0          0          0          0          0          0          0          6          0          0          0          0          0          0          0
  components       :          0          0          0          0          0          0          0          0          0          0          0          0          0          0          0
Constraint Timings :  TotalTime  SetupTime   Separate  Propagate     EnfoLP     EnfoPS     EnfoRelax   Check    ResProp    SB-Prop
  benderslp        :       0.00       0.00       0.00       0.00       0.00       0.00       0.00       0.00       0.00       0.00
  integral         :      34.57       0.00       0.00       0.00      34.57       0.00       0.00       0.00       0.00       0.00
  linear           :       4.73       0.00       0.04       4.65       0.00       0.00       0.00       0.04       0.00       0.00
  nonlinear        :     114.87       0.03      75.58      35.54       0.00       0.00       0.00       3.40       0.00       0.32
  benders          :       0.00       0.00       0.00       0.00       0.00       0.00       0.00       0.00       0.00       0.00
  countsols        :       0.00       0.00       0.00       0.00       0.00       0.00       0.00       0.00       0.00       0.00
  components       :       0.03       0.00       0.00       0.03       0.00       0.00       0.00       0.00       0.00       0.00
Propagators        : #Propagate   #ResProp    Cutoffs    DomReds
  dualfix          :          4          0          0          0
  genvbounds       :          0          0          0          0
  nlobbt           :          0          0          0          0
  obbt             :          0          0          0          0
  probing          :          0          0          0          0
  pseudoobj        :      14406          0          0         14
  redcost          :      50273          0          0          0
  rootredcost      :          4          0          0       2640
  symmetry         :          0          0          0          0
  vbounds          :      56504          0          0          0
Propagator Timings :  TotalTime  SetupTime   Presolve  Propagate    ResProp    SB-Prop
  dualfix          :       0.00       0.00       0.00       0.00       0.00       0.00
  genvbounds       :       0.17       0.00       0.00       0.17       0.00       0.00
  nlobbt           :       0.00       0.00       0.00       0.00       0.00       0.00
  obbt             :       0.00       0.00       0.00       0.00       0.00       0.00
  probing          :       0.01       0.00       0.01       0.00       0.00       0.00
  pseudoobj        :       0.13       0.00       0.00       0.13       0.00       0.00
  redcost          :       1.96       0.00       0.00       1.96       0.00       0.00
  rootredcost      :       0.10       0.00       0.00       0.10       0.00       0.00
  symmetry         :       0.07       0.00       0.01       0.06       0.00       0.00
  vbounds          :       0.13       0.00       0.00       0.13       0.00       0.00
Conflict Analysis  :       Time      Calls    Success    DomReds  Conflicts   Literals    Reconvs ReconvLits   Dualrays   Nonzeros   LP Iters   (pool size: [--,--])
  propagation      :       0.00          0          0          -          0        0.0          0        0.0          -          -          -
  infeasible LP    :       0.00          0          0          -          0        0.0          0        0.0          1      339.0          0
  bound exceed. LP :       0.06         12          1          -          0        0.0          0        0.0          0        0.0        174
  strong branching :       0.00          0          0          -          0        0.0          0        0.0          -          -          0
  pseudo solution  :       0.00          0          0          -          0        0.0          0        0.0          -          -          -
  applied globally :       0.00          -          -          0          0        0.0          -          -          1          -          -
  applied locally  :          -          -          -          0          0        0.0          -          -          0          -          -
Separators         :   ExecTime  SetupTime      Calls  RootCalls    Cutoffs    DomReds  FoundCuts ViaPoolAdd  DirectAdd    Applied ViaPoolApp  DirectApp      Conss
  cut pool         :       0.00          -        675          0          -          -          5         27          -          -          -          -          -    (maximal pool size:          2)
  aggregation      :      10.35       0.00       3764         98          0          0          0          0          0          0          0          0          0
  > cmir           :          -          -          -          -          -          -          -          0          0          0          0          0          -
  > flowcover      :          -          -          -          -          -          -          -          0          0          0          0          0          -
  > knapsackcover  :          -          -          -          -          -          -          -          0          0          0          0          0          -
  cgmip            :       0.00       0.00          0          0          0          0          0          0          0          0          0          0          0
  clique           :       0.00       0.00          1          1          0          0          0          0          0          0          0          0          0
  closecuts        :       0.00       0.00          0          0          0          0          0          0          0          0          0          0          0
  convexproj       :       0.00       0.00          0          0          0          0          0          0          0          0          0          0          0
  disjunctive      :       0.00       0.00          0          0          0          0          0          0          0          0          0          0          0
  eccuts           :       0.00       0.00          0          0          0          0          0          0          0          0          0          0          0
  gauge            :       0.00       0.00          0          0          0          0          0          0          0          0          0          0          0
  gomory           :       3.45       0.00       1877         10          0          0          5         27          0          6          6          0          0
  > gomorymi       :          -          -          -          -          -          -          -         27          0          6          6          0          -
  > strongcg       :          -          -          -          -          -          -          -          0          0          0          0          0          -
  impliedbounds    :       0.54       0.00       3764         98          0          0          0          0          0          0          0          0          0
  interminor       :       0.00       0.00          0          0          0          0          0          0          0          0          0          0          0
  intobj           :       0.00       0.00          0          0          0          0          0          0          0          0          0          0          0
  mcf              :       0.00       0.00          3          3          0          0          0          0          0          0          0          0          0
  minor            :       0.01       0.00          0          0          0          0          0          0          0          0          0          0          0
  mixing           :       0.20       0.00       3764         98          0          0          0          0          0          0          0          0          0
  oddcycle         :       0.00       0.00          0          0          0          0          0          0          0          0          0          0          0
  rapidlearning    :       0.00       0.00          0          0          0          0          0          0          0          0          0          0          0
  rlt              :       0.01       0.00         10         10          0          0          0          0          0          0          0          0          0
  zerohalf         :       1.66       0.00       1887         20          0          0          0          0          0          0          0          0          0
Cutselectors       :   ExecTime  SetupTime      Calls  RootCalls   Selected     Forced   Filtered  RootSelec   RootForc   RootFilt 
  hybrid           :       2.37       0.00      40381         98    2011485          0      28930       7695          0        443
Pricers            :   ExecTime  SetupTime      Calls       Vars
  problem variables:       0.00          -          0          0
Branching Rules    :   ExecTime  SetupTime   BranchLP  BranchExt   BranchPS    Cutoffs    DomReds       Cuts      Conss   Children
  allfullstrong    :       0.00       0.00          0          0          0          0          0          0          0          0
  cloud            :       0.00       0.00          0          0          0          0          0          0          0          0
  distribution     :       0.00       0.00          0          0          0          0          0          0          0          0
  fullstrong       :       0.00       0.00          0          0          0          0          0          0          0          0
  inference        :       0.00       0.00          0          0          0          0          0          0          0          0
  leastinf         :       0.00       0.00          0          0          0          0          0          0          0          0
  lookahead        :       0.00       0.00          0          0          0          0          0          0          0          0
  mostinf          :       0.00       0.00          0          0          0          0          0          0          0          0
  multaggr         :       0.00       0.00          0          0          0          0          0          0          0          0
  nodereopt        :       0.00       0.00          0          0          0          0          0          0          0          0
  pscost           :       0.00       0.00          0          0          0          0          0          0          0          0
  random           :       0.00       0.00          0          0          0          0          0          0          0          0
  relpscost        :      34.54       0.00       4944          0          0          0       3714          0          0       9564
  vanillafullstrong:       0.00       0.00          0          0          0          0          0          0          0          0
Primal Heuristics  :   ExecTime  SetupTime      Calls      Found       Best
  LP solutions     :       0.00          -          -          0          0
  relax solutions  :       0.00          -          -          0          0
  pseudo solutions :       0.00          -          -          0          0
  strong branching :       0.01          -          -          0          0
  actconsdiving    :       0.00       0.00          0          0          0
  adaptivediving   :       5.94       0.00         29          0          0
  alns             :       4.27       0.00          5          0          0
  bound            :       0.00       0.00          0          0          0
  clique           :       0.00       0.00          0          0          0
  coefdiving       :       0.00       0.00          0          0          0
  completesol      :       0.00       0.00          0          0          0
  conflictdiving   :       9.66       0.00         31          0          0
  crossover        :       0.00       0.00          0          0          0
  dins             :       0.00       0.00          0          0          0
  distributiondivin:     174.57       0.00        312          0          0
  dps              :       0.00       0.00          0          0          0
  dualval          :       0.00       0.00          0          0          0
  farkasdiving     :       0.00       0.00          0          0          0
  feaspump         :       1.85       0.00          3          0          0
  fixandinfer      :       0.00       0.00          0          0          0
  fracdiving       :      91.15       0.00        323          0          0
  gins             :       0.01       0.00          0          0          0
  guideddiving     :      60.20       0.00        219          0          0
  indicator        :       0.01       0.00          0          0          0
  indicatordiving  :       0.00       0.00          0          0          0
  intdiving        :       0.00       0.00          0          0          0
  intshifting      :       2.42       0.00         23          0          0
  linesearchdiving :      65.04       0.00        274          0          0
  localbranching   :       0.00       0.00          0          0          0
  locks            :       0.03       0.00          1          0          0
  lpface           :       0.00       0.00          0          0          0
  mpec             :       3.34       0.00          1          0          0
  multistart       :       0.00       0.00          0          0          0
  mutation         :       0.00       0.00          0          0          0
  nlpdiving        :       6.61       0.00          1          0          0
  objpscostdiving  :      18.47       0.00          7          0          0
  octane           :       0.00       0.00          0          0          0
  ofins            :       0.01       0.00          0          0          0
  oneopt           :       0.00       0.00          5          0          0
  padm             :       0.00       0.00          0          0          0
  proximity        :       0.00       0.00          0          0          0
  pscostdiving     :      97.42       0.00        261          0          0
  randrounding     :       1.25       0.00        145          0          0
  rens             :       0.00       0.00          0          0          0
  reoptsols        :       0.00       0.00          0          0          0
  repair           :       0.00       0.00          0          0          0
  rins             :       0.01       0.00          0          0          0
  rootsoldiving    :       5.13       0.00         15          0          0
  rounding         :       0.80       0.00       2942          0          0
  shiftandpropagate:       0.02       0.00          1          0          0
  shifting         :       1.64       0.00        846          0          0
  simplerounding   :       0.05       0.00          0          0          0
  subnlp           :       6.63       0.00         17          5          5
  trivial          :       0.01       0.00          2          0          0
  trivialnegation  :       0.00       0.00          0          0          0
  trustregion      :       0.00       0.00          0          0          0
  trysol           :       0.05       0.00          0          0          0
  twoopt           :       0.00       0.00          0          0          0
  undercover       :       0.38       0.00          1          0          0
  vbounds          :       0.00       0.00          0          0          0
  veclendiving     :      39.22       0.00        332          0          0
  zeroobj          :       0.00       0.00          0          0          0
  zirounding       :       0.09       0.00       1000          0          0
  other solutions  :          -          -          -          0          -
Diving (single)    :      Calls      Nodes   LP Iters Backtracks  Conflicts   MinDepth   MaxDepth   AvgDepth  RoundSols  NLeafSols  MinSolDpt  MaxSolDpt  AvgSolDpt
  actconsdiving    :          0          -          -          -          -          -          -          -          -          -          -          -          -
  coefdiving       :          0          -          -          -          -          -          -          -          -          -          -          -          -
  conflictdiving   :         31       1341      49661          0          0         55         60       57.2          0          -          -          -          -
  distributiondivin:        312       8916     474442          4          1         18         66       42.7          0          -          -          -          -
  farkasdiving     :          0          -          -          -          -          -          -          -          -          -          -          -          -
  fracdiving       :        323      16081     453596          0          0         57         66       63.9          0          -          -          -          -
  guideddiving     :        219      10592     304014          0          0         56         66       63.1          0          -          -          -          -
  indicatordiving  :          0          -          -          -          -          -          -          -          -          -          -          -          -
  linesearchdiving :        274       9421     322281          6          0         38         65       49.8          0          -          -          -          -
  pscostdiving     :        261      13389     484938          0          0         60         66       65.3          0          -          -          -          -
  veclendiving     :        332       3531     235549          0          0         17         32       25.3          0          -          -          -          -
Diving (adaptive)  :      Calls      Nodes   LP Iters Backtracks  Conflicts   MinDepth   MaxDepth   AvgDepth  RoundSols  NLeafSols  MinSolDpt  MaxSolDpt  AvgSolDpt
  actconsdiving    :          3         30       2869          0          0         20         24       21.3          0          -          -          -          -
  coefdiving       :          4         40       3023          0          0         21         26       23.5          0          -          -          -          -
  conflictdiving   :          0          -          -          -          -          -          -          -          -          -          -          -          -
  distributiondivin:          0          -          -          -          -          -          -          -          -          -          -          -          -
  farkasdiving     :          0          -          -          -          -          -          -          -          -          -          -          -          -
  fracdiving       :          4        194       5855          0          0         62         66       64.8          0          -          -          -          -
  guideddiving     :          3        149       4429          0          0         61         63       62.0          0          -          -          -          -
  indicatordiving  :          0          -          -          -          -          -          -          -          -          -          -          -          -
  linesearchdiving :          7        256       8243          0          0         43         58       50.4          0          -          -          -          -
  pscostdiving     :          3        158       5223          0          0         65         66       65.3          0          -          -          -          -
  veclendiving     :          5         53       3156          0          0         18         24       20.6          0          -          -          -          -
Neighborhoods      :      Calls  SetupTime  SolveTime SolveNodes       Sols       Best       Exp3  EpsGreedy        UCB TgtFixRate  Opt  Inf Node Stal  Sol  Usr Othr Actv
  rens             :          1       0.01       0.01          0          0          0    0.00000   -1.00000    1.00000      0.700    0    1    0    0    0    0    0    1
  rins             :          1       0.02       1.58         13          0          0    0.00000   -1.00000    1.00000      0.700    0    1    0    0    0    0    0    1
  mutation         :          0       0.00       0.00          0          0          0    0.00000   -1.00000    1.00000      0.900    0    0    0    0    0    0    0    1
  localbranching   :          1       0.03       0.67          1          0          0    0.00000   -1.00000    1.00000      0.700    0    1    0    0    0    0    0    1
  crossover        :          0       0.00       0.00          0          0          0    0.00000   -1.00000    1.00000      0.900    0    0    0    0    0    0    0    1
  proximity        :          1       0.02       1.13          1          0          0    0.00000   -1.00000    1.00000      0.700    0    1    0    0    0    0    0    1
  zeroobjective    :          0       0.00       0.00          0          0          0    0.00000   -1.00000    1.00000      0.900    0    0    0    0    0    0    0    1
  dins             :          1       0.02       0.70          1          0          0    0.00000   -1.00000    1.00000      0.700    0    1    0    0    0    0    0    1
  trustregion      :          0       0.00       0.00          0          0          0    0.00000   -1.00000    1.00000      0.900    0    0    0    0    0    0    0    0
Expressions        :   #IntEval  IntEvalTi   #RevProp  RevPropTi    DomReds    Cutoffs  #Estimate  EstimTime  Branching  #Simplify SimplifyTi Simplified
  pow              :    4851833       1.48    1777632       0.46    2902242          0       1230       0.00          0       1837       0.01          0
  prod             :    4154593       1.37      22236       0.02        107          0          0       0.00          0       1454       0.00        726
  sum              :    4651343       1.68    2739742       1.17     224315         52        122       0.00          0       1817       0.00        122
  var              :   11245812       3.20          0       0.00          0          0          0       0.00          0       4984       0.01          0
  varidx           :          0       0.00          0       0.00          0          0          0       0.00          0          0       0.00          0
Nonlinear Conshdlr :   WeakSepa  TightenLP DespTghtLP DespBranch DespCutoff    ForceLP  CanonTime
  enforce          :          0          0          0          0          0          0
  presolve         :                                                                         0.08
Nlhdlrs            :    Detects  DetectAll DetectTime   #IntEval  IntEvalTi   #RevProp  RevPropTi    DomReds    Cutoffs   #Enforce   EnfoTime       Cuts  Branching
  soc              :        726        726       0.00          0       0.00          0       0.00          0          0    8669551      23.32    1998882          0
  convex           :          1          1       0.00          0       0.00          0       0.00          0          0      40382       0.27      40381          0
  concave          :          0          0       0.00          0       0.00          0       0.00          0          0          0       0.00          0          0
  quotient         :          0          0       0.01          0       0.00          0       0.00          0          0          0       0.00          0          0
  quadratic        :          0          0       0.00          0       0.00          0       0.00          0          0          0       0.00          0          0
  default          :       4205      21025       0.00   13654144      10.74    4544926      10.49    3126664         52       1352       0.00       1109          0
  bilinear         :          0          0       0.00          0       0.00          0       0.00          0          0          0       0.00          0          0
  perspective      :          0          0       0.01          0       0.00          0       0.00          0          0          0       0.00          0          0
LP                 :       Time      Calls Iterations  Iter/call   Iter/sec  Time-0-It Calls-0-It    ItLimit
  primal LP        :     445.33       5909          5       1.00       0.01     444.91       5904
  dual LP          :    2342.54      45371    9347853     206.82    3990.48       0.16        174
  lex dual LP      :       0.00          0          0       0.00          -
  barrier LP       :       0.00          0          0       0.00          -       0.00          0
  resolve instable :       0.00          0          0       0.00          -
  diving/probing LP:     420.86      10104    2435143     241.01    5786.11
  strong branching :      28.94        583     130772     224.31    4518.73          -          -         20
    (at root node) :          -         45        913      20.29          -
  conflict analysis:       0.04         19        174       9.16    4350.00
NLP relaxation     :
  solve time       :       6.57 (10 calls)
  convexity        :  nonconvex (90 linear rows, 122 convex ineq., 726 nonconvex ineq., 0 nonlinear eq. or two-sided ineq.)
NLP Solvers        :  #Problems  ProblemTi    #Solves  SolveTime      #Iter  Time/Iter      #Okay #TimeLimit #IterLimit #LObjLimit #Interrupt  #NumError #EvalError  #OutOfMem #LicenseEr #OtherTerm   #GlobOpt    #LocOpt  #Feasible #LocInfeas #GlobInfea #Unbounded   #Unknown
  ipopt            :         19       3.86         29      14.96       1057       0.01         24          0          5          0          0          0          0          0          0          0          0         17          0          7          0          0          5
B&B Tree           :
  number of runs   :          1
  nodes            :       4783 (4782 internal, 1 leaves)
  feasible leaves  :          0
  infeas. leaves   :          0
  objective leaves :          0
  nodes (total)    :       4783 (4782 internal, 1 leaves)
  nodes left       :       4783
  max depth        :         21
  max depth (total):         21
  backtracks       :       1996 (41.7%)
  early backtracks :          0 (0.0%)
  nodes exc. ref.  :          0 (0.0%)
  delayed cutoffs  :          0
  repropagations   :          5 (0 domain reductions, 0 cutoffs)
  avg switch length:       9.42
  switching time   :     359.97
Estim. Tree Size   :         -1
Estimation Tree    : 9565 nodes (4782 visited, 4782 internal, 0 leaves, 4783 open), weight: 0.0000 completed 0.0234
Estimations        :      estim      value      trend resolution     smooth
  wbe              :         -1          -          -          -          -
  tree-profile     :         -1          -          -          -          -
  gap              :         -1    0.81467                     1           
  tree-weight      :         -1    0.00000                     1           
  leaf-frequency   :         -1   -0.00010                     1           
  ssg              :         -1    0.96303                     1           
  open-nodes       :         -1 4783.00000                     1           
Root Node          :
  First LP value   : -2.57529198194608e+00
  First LP Iters   :       2576 (23418.18 Iter/sec)
  First LP Time    :       0.11
  Final Dual Bound : -2.17631829281033e+00
  Final Root Iters :      24368
  Root LP Estimate : -1.99766734478262e+00
Solution           :
  Solutions found  :          5 (5 improvements)
  First Solution   : -1.42180803542145e+00   (in run 1, after 1 nodes, 1.11 seconds, depth 0, found by <locks>)
  Gap First Sol.   :      81.13 %
  Gap Last Sol.    :      25.32 %
  Primal Bound     : -1.73172100246241e+00   (in run 1, after 524 nodes, 357.07 seconds, depth 12, found by <guideddiving>)
  Dual Bound       : -2.12566993178419e+00
  Gap              :      22.75 %
Integrals          :      Total       Avg%
  primal-dual      :   70068.83      19.46
  primal-ref       :          -          - (not evaluated)
  dual-ref         :          -          - (not evaluated)
