SCIP Status        : solving was interrupted [time limit reached]
Total Time         :    3600.02
  solving          :    3600.00
  presolving       :       0.15 (included in solving)
  reading          :       0.02
  copying          :       0.04 (7 #copies) (minimal 0.00, maximal 0.01, average 0.01)
Original Problem   :
  Problem name     : benchmark/block2_45_10_9_12.design
  Variables        : 1108 (45 binary, 0 integer, 0 implicit integer, 1063 continuous)
  Constraints      : 1524 initial, 1524 maximal
  Objective        : minimize, 1 non-zeros (abs.min = 1, abs.max = 1)
Presolved Problem  :
  Problem name     : t_benchmark/block2_45_10_9_12.design
  Variables        : 1605 (45 binary, 0 integer, 0 implicit integer, 1560 continuous)
  Constraints      : 1524 initial, 1532 maximal
  Objective        : minimize, 1 non-zeros (abs.min = 1, abs.max = 1)
  Nonzeros         : 5168 constraint, 0 clique table
Presolvers         :   ExecTime  SetupTime  Calls  FixedVars   AggrVars   ChgTypes  ChgBounds   AddHoles    DelCons    AddCons   ChgSides   ChgCoefs
  boundshift       :       0.00       0.00      0          0          0          0          0          0          0          0          0          0
  convertinttobin  :       0.00       0.00      0          0          0          0          0          0          0          0          0          0
  domcol           :       0.00       0.00      1          0          0          0          0          0          0          0          0          0
  dualagg          :       0.00       0.00      0          0          0          0          0          0          0          0          0          0
  dualcomp         :       0.00       0.00      1          0          0          0          0          0          0          0          0          0
  dualinfer        :       0.00       0.00      0          0          0          0          0          0          0          0          0          0
  dualsparsify     :       0.00       0.00      1          0          0          0          0          0          0          0          0          0
  gateextraction   :       0.00       0.00      0          0          0          0          0          0          0          0          0          0
  implics          :       0.00       0.00      1          0          0          0          0          0          0          0          0          0
  inttobinary      :       0.00       0.00      0          0          0          0          0          0          0          0          0          0
  qpkktref         :       0.00       0.00      0          0          0          0          0          0          0          0          0          0
  redvub           :       0.00       0.00      0          0          0          0          0          0          0          0          0          0
  sparsify         :       0.00       0.00      1          0          0          0          0          0          0          0          0          0
  stuffing         :       0.00       0.00      0          0          0          0          0          0          0          0          0          0
  trivial          :       0.00       0.00      2         36          0          0          0          0          0          0          0          0
  tworowbnd        :       0.00       0.00      0          0          0          0          0          0          0          0          0          0
  dualfix          :       0.00       0.00      2         36          0          0          0          0          0          0          0          0
  genvbounds       :       0.00       0.00      0          0          0          0          0          0          0          0          0          0
  probing          :       0.01       0.00      1          0          0          0          0          0          0          0          0          0
  pseudoobj        :       0.00       0.00      0          0          0          0          0          0          0          0          0          0
  symmetry         :       0.00       0.00      1          0          0          0          0          0          0          0          0          0
  vbounds          :       0.00       0.00      0          0          0          0          0          0          0          0          0          0
  linear           :       0.01       0.00      3          0          0          0          0          0          0          0          0          0
  nonlinear        :       0.12       0.03      4          0          0          0         81          0          0          0          0          0
  benders          :       0.00       0.00      0          0          0          0          0          0          0          0          0          0
  components       :       0.00       0.00      1          0          0          0          0          0          0          0          0          0
  root node        :          -          -      -          0          -          -       2319          -          -          -          -          -
Constraints        :     Number  MaxNumber  #Separate #Propagate    #EnfoLP    #EnfoRelax  #EnfoPS    #Check   #ResProp    Cutoffs    DomReds       Cuts    Applied      Conss   Children
  benderslp        :          0          0          0          0      16489          0          0      11748          0          0          0          0          0          0          0
  integral         :          0          0          0          0      16489          0          0      11748          0          0       2658          0          0          0      32594
  linear           :       1037+      1045         72     459228          0          0          0      11742          0         55     108655         21          1          0          0
  nonlinear        :        487        487     138851     459174          0          0          0      11083          0         63     629695    4501366    4464713          0          0
  benders          :          0          0          0          0          0          0          0          9          0          0          0          0          0          0          0
  countsols        :          0          0          0          0          0          0          0          9          0          0          0          0          0          0          0
  components       :          0          0          0          0          0          0          0          0          0          0          0          0          0          0          0
Constraint Timings :  TotalTime  SetupTime   Separate  Propagate     EnfoLP     EnfoPS     EnfoRelax   Check    ResProp    SB-Prop
  benderslp        :       0.01       0.00       0.00       0.00       0.01       0.00       0.00       0.00       0.00       0.00
  integral         :      15.27       0.00       0.00       0.00      15.26       0.00       0.00       0.01       0.00       0.00
  linear           :      11.51       0.00       0.00      11.34       0.00       0.00       0.00       0.16       0.00       0.01
  nonlinear        :     231.37       0.03     157.00      68.81       0.00       0.00       0.00       5.34       0.00       0.19
  benders          :       0.00       0.00       0.00       0.00       0.00       0.00       0.00       0.00       0.00       0.00
  countsols        :       0.00       0.00       0.00       0.00       0.00       0.00       0.00       0.00       0.00       0.00
  components       :       0.05       0.00       0.00       0.05       0.00       0.00       0.00       0.00       0.00       0.00
Propagators        : #Propagate   #ResProp    Cutoffs    DomReds
  dualfix          :          3          0          0          0
  genvbounds       :          0          0          0          0
  nlobbt           :          0          0          0          0
  obbt             :          0          0          0          0
  probing          :          0          0          0          0
  pseudoobj        :      54909          0          0         15
  redcost          :     171840          0          0          2
  rootredcost      :          7          0          0       1815
  symmetry         :          0          0          0          0
  vbounds          :      97128          0          0          0
Propagator Timings :  TotalTime  SetupTime   Presolve  Propagate    ResProp    SB-Prop
  dualfix          :       0.00       0.00       0.00       0.00       0.00       0.00
  genvbounds       :       0.27       0.00       0.00       0.27       0.00       0.00
  nlobbt           :       0.00       0.00       0.00       0.00       0.00       0.00
  obbt             :       0.00       0.00       0.00       0.00       0.00       0.00
  probing          :       0.01       0.00       0.01       0.00       0.00       0.00
  pseudoobj        :       0.34       0.00       0.00       0.34       0.00       0.00
  redcost          :       2.69       0.00       0.00       2.69       0.00       0.00
  rootredcost      :       0.23       0.00       0.00       0.22       0.00       0.01
  symmetry         :       0.11       0.00       0.00       0.11       0.00       0.00
  vbounds          :       0.25       0.00       0.00       0.25       0.00       0.00
Conflict Analysis  :       Time      Calls    Success    DomReds  Conflicts   Literals    Reconvs ReconvLits   Dualrays   Nonzeros   LP Iters   (pool size: [--,--])
  propagation      :       0.00         28          0          -          0        0.0          0        0.0          -          -          -
  infeasible LP    :       0.00          3          2          -          0        0.0          0        0.0        180      150.7          0
  bound exceed. LP :       1.85        729        178          -          0        0.0          0        0.0          0        0.0       9901
  strong branching :       0.00          0          0          -          0        0.0          0        0.0          -          -          0
  pseudo solution  :       0.00          0          0          -          0        0.0          0        0.0          -          -          -
  applied globally :       0.00          -          -          0          0        0.0          -          -        180          -          -
  applied locally  :          -          -          -          0          0        0.0          -          -          0          -          -
Separators         :   ExecTime  SetupTime      Calls  RootCalls    Cutoffs    DomReds  FoundCuts ViaPoolAdd  DirectAdd    Applied ViaPoolApp  DirectApp      Conss
  cut pool         :       0.01          -       2172         74          -          -         39         82          -          -          -          -          -    (maximal pool size:          5)
  aggregation      :       9.22       0.00       5853         72          0          0          0          0          0          0          0          0          0
  > cmir           :          -          -          -          -          -          -          -          0          0          0          0          0          -
  > flowcover      :          -          -          -          -          -          -          -          0          0          0          0          0          -
  > knapsackcover  :          -          -          -          -          -          -          -          0          0          0          0          0          -
  cgmip            :       0.00       0.00          0          0          0          0          0          0          0          0          0          0          0
  clique           :       0.00       0.00          1          1          0          0          0          0          0          0          0          0          0
  closecuts        :       0.00       0.00          0          0          0          0          0          0          0          0          0          0          0
  convexproj       :       0.00       0.00          0          0          0          0          0          0          0          0          0          0          0
  disjunctive      :       0.00       0.00          0          0          0          0          0          0          0          0          0          0          0
  eccuts           :       0.00       0.00          0          0          0          0          0          0          0          0          0          0          0
  gauge            :       0.00       0.00          0          0          0          0          0          0          0          0          0          0          0
  gomory           :       9.73       0.00       3316         10          0          0         39         82          0         16         16          0          0
  > gomorymi       :          -          -          -          -          -          -          -         82          0         16         16          0          -
  > strongcg       :          -          -          -          -          -          -          -          0          0          0          0          0          -
  impliedbounds    :       0.35       0.00       5853         72          0          0          0          0          0          0          0          0          0
  interminor       :       0.00       0.00          0          0          0          0          0          0          0          0          0          0          0
  intobj           :       0.00       0.00          0          0          0          0          0          0          0          0          0          0          0
  mcf              :       0.01       0.00          3          3          0          0          0          0          0          0          0          0          0
  minor            :       0.00       0.00          0          0          0          0          0          0          0          0          0          0          0
  mixing           :       0.15       0.00       5853         72          0          0          0          0          0          0          0          0          0
  oddcycle         :       0.00       0.00          0          0          0          0          0          0          0          0          0          0          0
  rapidlearning    :       0.00       0.00          0          0          0          0          0          0          0          0          0          0          0
  rlt              :       0.01       0.00         10         10          0          0          0          0          0          0          0          0          0
  zerohalf         :       1.20       0.00       3326         20          0          0          0          0          0          0          0          0          0
Cutselectors       :   ExecTime  SetupTime      Calls  RootCalls   Selected     Forced   Filtered  RootSelec   RootForc   RootFilt 
  hybrid           :       4.24       0.00     138851         72    4464730          0      36739       4339          0        282
Pricers            :   ExecTime  SetupTime      Calls       Vars
  problem variables:       0.00          -          0          0
Branching Rules    :   ExecTime  SetupTime   BranchLP  BranchExt   BranchPS    Cutoffs    DomReds       Cuts      Conss   Children
  allfullstrong    :       0.00       0.00          0          0          0          0          0          0          0          0
  cloud            :       0.00       0.00          0          0          0          0          0          0          0          0
  distribution     :       0.00       0.00          0          0          0          0          0          0          0          0
  fullstrong       :       0.00       0.00          0          0          0          0          0          0          0          0
  inference        :       0.00       0.00          0          0          0          0          0          0          0          0
  leastinf         :       0.00       0.00          0          0          0          0          0          0          0          0
  lookahead        :       0.00       0.00          0          0          0          0          0          0          0          0
  mostinf          :       0.00       0.00          0          0          0          0          0          0          0          0
  multaggr         :       0.00       0.00          0          0          0          0          0          0          0          0
  nodereopt        :       0.00       0.00          0          0          0          0          0          0          0          0
  pscost           :       0.00       0.00          0          0          0          0          0          0          0          0
  random           :       0.00       0.00          0          0          0          0          0          0          0          0
  relpscost        :      15.22       0.00      16489          0          0          0       2658          0          0      32594
  vanillafullstrong:       0.00       0.00          0          0          0          0          0          0          0          0
Primal Heuristics  :   ExecTime  SetupTime      Calls      Found       Best
  LP solutions     :       0.00          -          -          0          0
  relax solutions  :       0.00          -          -          0          0
  pseudo solutions :       0.00          -          -          0          0
  strong branching :       0.01          -          -          0          0
  actconsdiving    :       0.00       0.00          0          0          0
  adaptivediving   :       3.50       0.00         58          0          0
  alns             :       4.55       0.00          7          0          0
  bound            :       0.00       0.00          0          0          0
  clique           :       0.00       0.00          0          0          0
  coefdiving       :       0.00       0.00          0          0          0
  completesol      :       0.00       0.00          0          0          0
  conflictdiving   :      37.64       0.00        534          0          0
  crossover        :       0.00       0.00          0          0          0
  dins             :       0.00       0.00          0          0          0
  distributiondivin:     353.92       0.00        811          0          0
  dps              :       0.00       0.00          0          0          0
  dualval          :       0.00       0.00          0          0          0
  farkasdiving     :       0.00       0.00          0          0          0
  feaspump         :       3.36       0.00         25          0          0
  fixandinfer      :       0.00       0.00          0          0          0
  fracdiving       :      62.89       0.00        811          0          0
  gins             :       0.01       0.00          0          0          0
  guideddiving     :      64.48       0.00        811          0          0
  indicator        :       0.17       0.00          0          0          0
  indicatordiving  :       0.00       0.00          0          0          0
  intdiving        :       0.00       0.00          0          0          0
  intshifting      :       1.51       0.00         39          0          0
  linesearchdiving :      50.52       0.00        811          0          0
  localbranching   :       0.00       0.00          0          0          0
  locks            :       0.03       0.00          1          0          0
  lpface           :       0.01       0.00          0          0          0
  mpec             :       5.74       0.00          1          0          0
  multistart       :       0.00       0.00          0          0          0
  mutation         :       0.00       0.00          0          0          0
  nlpdiving        :       3.72       0.00          1          0          0
  objpscostdiving  :       2.86       0.00          5          0          0
  octane           :       0.00       0.00          0          0          0
  ofins            :       0.02       0.00          0          0          0
  oneopt           :       0.01       0.00          8          0          0
  padm             :       0.00       0.00          0          0          0
  proximity        :       0.00       0.00          0          0          0
  pscostdiving     :      82.39       0.00        801          0          0
  randrounding     :       0.75       0.00        892          0          0
  rens             :       0.00       0.00          0          0          0
  reoptsols        :       0.00       0.00          0          0          0
  repair           :       0.00       0.00          0          0          0
  rins             :       0.00       0.00          0          0          0
  rootsoldiving    :       1.15       0.00         10          0          0
  rounding         :       0.96       0.00       5482          0          0
  shiftandpropagate:       0.02       0.00          1          0          0
  shifting         :       1.29       0.00       1199          0          0
  simplerounding   :       0.19       0.00          0          0          0
  subnlp           :       8.71       0.00         34          8          8
  trivial          :       0.01       0.00          2          0          0
  trivialnegation  :       0.00       0.00          0          0          0
  trustregion      :       0.00       0.00          0          0          0
  trysol           :       0.12       0.00          0          0          0
  twoopt           :       0.00       0.00          0          0          0
  undercover       :       0.18       0.00          1          0          0
  vbounds          :       0.01       0.00          0          0          0
  veclendiving     :      43.99       0.00        811          0          0
  zeroobj          :       0.00       0.00          0          0          0
  zirounding       :       0.04       0.00       1000          0          0
  other solutions  :          -          -          -          0          -
Diving (single)    :      Calls      Nodes   LP Iters Backtracks  Conflicts   MinDepth   MaxDepth   AvgDepth  RoundSols  NLeafSols  MinSolDpt  MaxSolDpt  AvgSolDpt
  actconsdiving    :          0          -          -          -          -          -          -          -          -          -          -          -          -
  coefdiving       :          0          -          -          -          -          -          -          -          -          -          -          -          -
  conflictdiving   :        534       8994     346440        100         33         16         45       29.8          0          -          -          -          -
  distributiondivin:        811      13304     498168        136         58         15         45       31.8          0          -          -          -          -
  farkasdiving     :          0          -          -          -          -          -          -          -          -          -          -          -          -
  fracdiving       :        811      22583     523963          6          2         32         45       43.4          0          -          -          -          -
  guideddiving     :        811      19912     519746         91         24         28         45       41.4          0          -          -          -          -
  indicatordiving  :          0          -          -          -          -          -          -          -          -          -          -          -          -
  linesearchdiving :        811      16370     419128         19          5         27         45       36.5          0          -          -          -          -
  pscostdiving     :        801      23268     673989          6          1         33         45       44.2          0          -          -          -          -
  veclendiving     :        811       5341     368383        311         51         15         41       22.2          0          -          -          -          -
Diving (adaptive)  :      Calls      Nodes   LP Iters Backtracks  Conflicts   MinDepth   MaxDepth   AvgDepth  RoundSols  NLeafSols  MinSolDpt  MaxSolDpt  AvgSolDpt
  actconsdiving    :         16        112       7614          4          3         16         24       20.7          0          -          -          -          -
  coefdiving       :         19        135       8812         18          3         16         36       21.2          0          -          -          -          -
  conflictdiving   :          0          -          -          -          -          -          -          -          -          -          -          -          -
  distributiondivin:          0          -          -          -          -          -          -          -          -          -          -          -          -
  farkasdiving     :          0          -          -          -          -          -          -          -          -          -          -          -          -
  fracdiving       :          4        116       2625          0          0         43         44       43.8          0          -          -          -          -
  guideddiving     :          1         30        600          0          0         39         39       39.0          0          -          -          -          -
  indicatordiving  :          0          -          -          -          -          -          -          -          -          -          -          -          -
  linesearchdiving :          4        110       2451          0          0         38         40       39.0          0          -          -          -          -
  pscostdiving     :          7        204       5346          0          0         43         45       44.3          0          -          -          -          -
  veclendiving     :          7         60       2777          0          0         16         23       20.0          0          -          -          -          -
Neighborhoods      :      Calls  SetupTime  SolveTime SolveNodes       Sols       Best       Exp3  EpsGreedy        UCB TgtFixRate  Opt  Inf Node Stal  Sol  Usr Othr Actv
  rens             :          1       0.01       0.00          0          0          0    0.00000   -1.00000    1.00000      0.700    0    1    0    0    0    0    0    1
  rins             :          1       0.01       0.87         19          0          0    0.00000   -1.00000    1.00000      0.700    0    1    0    0    0    0    0    1
  mutation         :          1       0.01       0.85          7          0          0    0.00000   -1.00000    1.00000      0.700    0    1    0    0    0    0    0    1
  localbranching   :          0       0.00       0.00          0          0          0    0.00000   -1.00000    1.00000      0.900    0    0    0    0    0    0    0    1
  crossover        :          1       0.01       0.86         15          0          0    0.00000   -1.00000    1.00000      0.700    0    1    0    0    0    0    0    1
  proximity        :          1       0.01       0.91          9          0          0    0.00000   -1.00000    1.00000      0.700    0    1    0    0    0    0    0    1
  zeroobjective    :          1       0.00       0.00          0          0          0    0.00000   -1.00000    1.00000      0.900    0    0    0    0    0    0    1    1
  dins             :          1       0.01       0.93          9          0          0    0.00000   -1.00000    1.00000      0.700    0    1    0    0    0    0    0    1
  trustregion      :          0       0.00       0.00          0          0          0    0.00000   -1.00000    1.00000      0.900    0    0    0    0    0    0    0    0
Expressions        :   #IntEval  IntEvalTi   #RevProp  RevPropTi    DomReds    Cutoffs  #Estimate  EstimTime  Branching  #Simplify SimplifyTi Simplified
  pow              :    9570400       2.78    3094057       1.11    5201418          0        833       0.00          0       1071       0.00          0
  prod             :    7814372       3.37      87961       0.41        194          0          0       0.00          0        812       0.00        405
  sum              :    8877088       2.93    5354829       2.59     438343         42         82       0.00          0       1055       0.00         82
  var              :   21497025       6.54          0       0.00          0          0          0       0.00          0       2854       0.00          0
  varidx           :          0       0.00          0       0.00          0          0          0       0.00          0          0       0.00          0
Nonlinear Conshdlr :   WeakSepa  TightenLP DespTghtLP DespBranch DespCutoff    ForceLP  CanonTime
  enforce          :          0          0          0          0          0          0
  presolve         :                                                                         0.11
Nlhdlrs            :    Detects  DetectAll DetectTime   #IntEval  IntEvalTi   #RevProp  RevPropTi    DomReds    Cutoffs   #Enforce   EnfoTime       Cuts  Branching
  soc              :        405        405       0.00          0       0.00          0       0.00          0          0   19081663      49.20    4361763          0
  convex           :          1          1       0.00          0       0.00          0       0.00          0          0     138852       0.94     138851          0
  concave          :          0          0       0.00          0       0.00          0       0.00          0          0          0       0.00          0          0
  quotient         :          0          0       0.02          0       0.00          0       0.00          0          0          0       0.00          0          0
  quadratic        :          0          0       0.00          0       0.00          0       0.00          0          0          0       0.00          0          0
  default          :       2415      12075       0.00   26259838      20.87    8539928      22.33    5639955         42        915       0.00        752          0
  bilinear         :          0          0       0.00          0       0.00          0       0.00          0          0          0       0.00          0          0
  perspective      :          0          0       0.00          0       0.00          0       0.00          0          0          0       0.00          0          0
LP                 :       Time      Calls Iterations  Iter/call   Iter/sec  Time-0-It Calls-0-It    ItLimit
  primal LP        :     388.17      18438          5       1.00       0.01     388.00      18433
  dual LP          :    2107.87     155386   16955976     109.27    8044.13       0.08        208
  lex dual LP      :       0.00          0          0       0.00          -
  barrier LP       :       0.00          0          0       0.00          -       0.00          0
  resolve instable :       0.00          0          0       0.00          -
  diving/probing LP:     288.38      26427    3436924     130.05   11918.04
  strong branching :      10.73        546      93157     170.62    8681.92          -          -         41
    (at root node) :          -         45        844      18.76          -
  conflict analysis:       1.04       1056       9901       9.38    9520.19
NLP relaxation     :
  solve time       :       3.69 (9 calls)
  convexity        :  nonconvex (65 linear rows, 82 convex ineq., 405 nonconvex ineq., 0 nonlinear eq. or two-sided ineq.)
NLP Solvers        :  #Problems  ProblemTi    #Solves  SolveTime      #Iter  Time/Iter      #Okay #TimeLimit #IterLimit #LObjLimit #Interrupt  #NumError #EvalError  #OutOfMem #LicenseEr #OtherTerm   #GlobOpt    #LocOpt  #Feasible #LocInfeas #GlobInfea #Unbounded   #Unknown
  ipopt            :         36       8.28         44      16.47       1909       0.01         36          0          8          0          0          0          0          0          0          0          0         17          0         19          0          0          8
B&B Tree           :
  number of runs   :          1
  nodes            :      16298 (16297 internal, 1 leaves)
  feasible leaves  :          0
  infeas. leaves   :          0
  objective leaves :          0
  nodes (total)    :      16298 (16297 internal, 1 leaves)
  nodes left       :      16298
  max depth        :         23
  max depth (total):         23
  backtracks       :       5571 (34.2%)
  early backtracks :          0 (0.0%)
  nodes exc. ref.  :          0 (0.0%)
  delayed cutoffs  :          0
  repropagations   :         10 (868 domain reductions, 0 cutoffs)
  avg switch length:       7.94
  switching time   :     351.78
Estim. Tree Size   :         -1
Estimation Tree    : 32595 nodes (16297 visited, 16297 internal, 0 leaves, 16298 open), weight: 0.0000 completed 0.0816
Estimations        :      estim      value      trend resolution     smooth
  wbe              :         -1          -          -          -          -
  tree-profile     :         -1          -          -          -          -
  gap              :         -1    0.85690                     1           
  tree-weight      :         -1    0.00000                     1           
  leaf-frequency   :         -1   -0.00003                     1           
  ssg              :         -1    0.87109                     1           
  open-nodes       :         -1 16298.00000                     1           
Root Node          :
  First LP value   : -2.46020027592781e+00
  First LP Iters   :       1489 (37225.00 Iter/sec)
  First LP Time    :       0.04
  Final Dual Bound : -2.06462985930347e+00
  Final Root Iters :      11303
  Root LP Estimate : -1.86334957593408e+00
Solution           :
  Solutions found  :          8 (8 improvements)
  First Solution   : -1.39495346303150e+00   (in run 1, after 1 nodes, 0.71 seconds, depth 0, found by <locks>)
  Gap First Sol.   :      76.36 %
  Gap Last Sol.    :      16.75 %
  Primal Bound     : -1.69420923765284e+00   (in run 1, after 14753 nodes, 3234.40 seconds, depth 17, found by <guideddiving>)
  Dual Bound       : -1.97714241019646e+00
  Gap              :      16.70 %
Integrals          :      Total       Avg%
  primal-dual      :   55289.81      15.36
  primal-ref       :          -          - (not evaluated)
  dual-ref         :          -          - (not evaluated)
