SCIP Status        : solving was interrupted [time limit reached]
Total Time         :    3600.01
  solving          :    3600.00
  presolving       :       0.07 (included in solving)
  reading          :       0.01
  copying          :       0.03 (6 #copies) (minimal 0.00, maximal 0.01, average 0.01)
Original Problem   :
  Problem name     : benchmark/block2_45_10_9_10.design
  Variables        : 1108 (45 binary, 0 integer, 0 implicit integer, 1063 continuous)
  Constraints      : 1524 initial, 1524 maximal
  Objective        : minimize, 1 non-zeros (abs.min = 1, abs.max = 1)
Presolved Problem  :
  Problem name     : t_benchmark/block2_45_10_9_10.design
  Variables        : 1605 (45 binary, 0 integer, 0 implicit integer, 1560 continuous)
  Constraints      : 1524 initial, 1533 maximal
  Objective        : minimize, 1 non-zeros (abs.min = 1, abs.max = 1)
  Nonzeros         : 5168 constraint, 0 clique table
Presolvers         :   ExecTime  SetupTime  Calls  FixedVars   AggrVars   ChgTypes  ChgBounds   AddHoles    DelCons    AddCons   ChgSides   ChgCoefs
  boundshift       :       0.00       0.00      0          0          0          0          0          0          0          0          0          0
  convertinttobin  :       0.00       0.00      0          0          0          0          0          0          0          0          0          0
  domcol           :       0.00       0.00      1          0          0          0          0          0          0          0          0          0
  dualagg          :       0.00       0.00      0          0          0          0          0          0          0          0          0          0
  dualcomp         :       0.00       0.00      1          0          0          0          0          0          0          0          0          0
  dualinfer        :       0.00       0.00      0          0          0          0          0          0          0          0          0          0
  dualsparsify     :       0.00       0.00      1          0          0          0          0          0          0          0          0          0
  gateextraction   :       0.00       0.00      0          0          0          0          0          0          0          0          0          0
  implics          :       0.00       0.00      1          0          0          0          0          0          0          0          0          0
  inttobinary      :       0.00       0.00      0          0          0          0          0          0          0          0          0          0
  qpkktref         :       0.00       0.00      0          0          0          0          0          0          0          0          0          0
  redvub           :       0.00       0.00      0          0          0          0          0          0          0          0          0          0
  sparsify         :       0.00       0.00      1          0          0          0          0          0          0          0          0          0
  stuffing         :       0.00       0.00      0          0          0          0          0          0          0          0          0          0
  trivial          :       0.00       0.00      2         36          0          0          0          0          0          0          0          0
  tworowbnd        :       0.00       0.00      0          0          0          0          0          0          0          0          0          0
  dualfix          :       0.00       0.00      2         36          0          0          0          0          0          0          0          0
  genvbounds       :       0.00       0.00      0          0          0          0          0          0          0          0          0          0
  probing          :       0.01       0.00      1          0          0          0          0          0          0          0          0          0
  pseudoobj        :       0.00       0.00      0          0          0          0          0          0          0          0          0          0
  symmetry         :       0.01       0.00      1          0          0          0          0          0          0          0          0          0
  vbounds          :       0.00       0.00      0          0          0          0          0          0          0          0          0          0
  linear           :       0.00       0.00      3          0          0          0          0          0          0          0          0          0
  nonlinear        :       0.05       0.01      4          0          0          0         81          0          0          0          0          0
  benders          :       0.00       0.00      0          0          0          0          0          0          0          0          0          0
  components       :       0.00       0.00      1          0          0          0          0          0          0          0          0          0
  root node        :          -          -      -          0          -          -       1534          -          -          -          -          -
Constraints        :     Number  MaxNumber  #Separate #Propagate    #EnfoLP    #EnfoRelax  #EnfoPS    #Check   #ResProp    Cutoffs    DomReds       Cuts    Applied      Conss   Children
  benderslp        :          0          0          0          0      12153          0          0       9995          0          0          0          0          0          0          0
  integral         :          0          0          0          0      12153          0          0       9995          0          0       2501          0          0          0      23948
  linear           :       1037+      1046         83     409244          0          0          0       9989          0        116      24667          8          0          0          0
  nonlinear        :        487        487     122223     409128          0          0          0       9383          0         38     299722    4105830    4071893          0          0
  benders          :          0          0          0          0          0          0          0          4          0          0          0          0          0          0          0
  countsols        :          0          0          0          0          0          0          0          4          0          0          0          0          0          0          0
  components       :          0          0          0          0          0          0          0          0          0          0          0          0          0          0          0
Constraint Timings :  TotalTime  SetupTime   Separate  Propagate     EnfoLP     EnfoPS     EnfoRelax   Check    ResProp    SB-Prop
  benderslp        :       0.03       0.00       0.00       0.00       0.01       0.00       0.00       0.02       0.00       0.00
  integral         :      20.87       0.00       0.00       0.00      20.87       0.00       0.00       0.00       0.00       0.00
  linear           :      11.76       0.00       0.01      11.55       0.00       0.00       0.00       0.20       0.00       0.00
  nonlinear        :     194.13       0.01     127.17      62.52       0.00       0.00       0.00       4.14       0.00       0.29
  benders          :       0.00       0.00       0.00       0.00       0.00       0.00       0.00       0.00       0.00       0.00
  countsols        :       0.00       0.00       0.00       0.00       0.00       0.00       0.00       0.00       0.00       0.00
  components       :       0.05       0.00       0.00       0.05       0.00       0.00       0.00       0.00       0.00       0.00
Propagators        : #Propagate   #ResProp    Cutoffs    DomReds
  dualfix          :          4          0          0          0
  genvbounds       :          0          0          0          0
  nlobbt           :          0          0          0          0
  obbt             :          0          0          0          0
  probing          :          0          0          0          0
  pseudoobj        :      37560          0          0         14
  redcost          :     146535          0          0          0
  rootredcost      :          2          0          0       1032
  symmetry         :          0          0          0          0
  vbounds          :      82617          0          0          0
Propagator Timings :  TotalTime  SetupTime   Presolve  Propagate    ResProp    SB-Prop
  dualfix          :       0.00       0.00       0.00       0.00       0.00       0.00
  genvbounds       :       0.44       0.00       0.00       0.44       0.00       0.00
  nlobbt           :       0.00       0.00       0.00       0.00       0.00       0.00
  obbt             :       0.00       0.00       0.00       0.00       0.00       0.00
  probing          :       0.01       0.00       0.01       0.00       0.00       0.00
  pseudoobj        :       0.27       0.00       0.00       0.27       0.00       0.00
  redcost          :       2.27       0.00       0.00       2.27       0.00       0.00
  rootredcost      :       0.19       0.00       0.00       0.19       0.00       0.00
  symmetry         :       0.16       0.00       0.01       0.15       0.00       0.00
  vbounds          :       0.21       0.00       0.00       0.21       0.00       0.00
Conflict Analysis  :       Time      Calls    Success    DomReds  Conflicts   Literals    Reconvs ReconvLits   Dualrays   Nonzeros   LP Iters   (pool size: [--,--])
  propagation      :       0.00         34          0          -          0        0.0          0        0.0          -          -          -
  infeasible LP    :       0.00          0          0          -          0        0.0          0        0.0         94      179.2          0
  bound exceed. LP :       0.52        199         94          -          0        0.0          0        0.0          0        0.0       2044
  strong branching :       0.00          0          0          -          0        0.0          0        0.0          -          -          0
  pseudo solution  :       0.00          0          0          -          0        0.0          0        0.0          -          -          -
  applied globally :       0.00          -          -          0          0        0.0          -          -         94          -          -
  applied locally  :          -          -          -          0          0        0.0          -          -          0          -          -
Separators         :   ExecTime  SetupTime      Calls  RootCalls    Cutoffs    DomReds  FoundCuts ViaPoolAdd  DirectAdd    Applied ViaPoolApp  DirectApp      Conss
  cut pool         :       0.01          -       1927          0          -          -         28         71          -          -          -          -          -    (maximal pool size:          4)
  aggregation      :      10.29       0.00       6281         83          0          0          0          0          0          0          0          0          0
  > cmir           :          -          -          -          -          -          -          -          0          0          0          0          0          -
  > flowcover      :          -          -          -          -          -          -          -          0          0          0          0          0          -
  > knapsackcover  :          -          -          -          -          -          -          -          0          0          0          0          0          -
  cgmip            :       0.00       0.00          0          0          0          0          0          0          0          0          0          0          0
  clique           :       0.00       0.00          1          1          0          0          0          0          0          0          0          0          0
  closecuts        :       0.00       0.00          0          0          0          0          0          0          0          0          0          0          0
  convexproj       :       0.00       0.00          0          0          0          0          0          0          0          0          0          0          0
  disjunctive      :       0.00       0.00          0          0          0          0          0          0          0          0          0          0          0
  eccuts           :       0.00       0.00          0          0          0          0          0          0          0          0          0          0          0
  gauge            :       0.00       0.00          0          0          0          0          0          0          0          0          0          0          0
  gomory           :       8.58       0.00       2945         10          0          0         32         71          4         19         18          1          0
  > gomorymi       :          -          -          -          -          -          -          -         71          4         19         18          1          -
  > strongcg       :          -          -          -          -          -          -          -          0          0          0          0          0          -
  impliedbounds    :       0.33       0.00       6281         83          0          0          0          0          0          0          0          0          0
  interminor       :       0.00       0.00          0          0          0          0          0          0          0          0          0          0          0
  intobj           :       0.00       0.00          0          0          0          0          0          0          0          0          0          0          0
  mcf              :       0.00       0.00          3          3          0          0          0          0          0          0          0          0          0
  minor            :       0.02       0.00          0          0          0          0          0          0          0          0          0          0          0
  mixing           :       0.22       0.00       6281         83          0          0          0          0          0          0          0          0          0
  oddcycle         :       0.00       0.00          0          0          0          0          0          0          0          0          0          0          0
  rapidlearning    :       0.00       0.00          0          0          0          0          0          0          0          0          0          0          0
  rlt              :       0.00       0.00         10         10          0          0          0          0          0          0          0          0          0
  zerohalf         :       1.01       0.00       2955         20          0          0          0          0          0          0          0          0          0
Cutselectors       :   ExecTime  SetupTime      Calls  RootCalls   Selected     Forced   Filtered  RootSelec   RootForc   RootFilt 
  hybrid           :       3.84       0.00     122223         83    4071912          0      34001       4155          0        252
Pricers            :   ExecTime  SetupTime      Calls       Vars
  problem variables:       0.00          -          0          0
Branching Rules    :   ExecTime  SetupTime   BranchLP  BranchExt   BranchPS    Cutoffs    DomReds       Cuts      Conss   Children
  allfullstrong    :       0.00       0.00          0          0          0          0          0          0          0          0
  cloud            :       0.00       0.00          0          0          0          0          0          0          0          0
  distribution     :       0.00       0.00          0          0          0          0          0          0          0          0
  fullstrong       :       0.00       0.00          0          0          0          0          0          0          0          0
  inference        :       0.00       0.00          0          0          0          0          0          0          0          0
  leastinf         :       0.00       0.00          0          0          0          0          0          0          0          0
  lookahead        :       0.00       0.00          0          0          0          0          0          0          0          0
  mostinf          :       0.00       0.00          0          0          0          0          0          0          0          0
  multaggr         :       0.00       0.00          0          0          0          0          0          0          0          0
  nodereopt        :       0.00       0.00          0          0          0          0          0          0          0          0
  pscost           :       0.00       0.00          0          0          0          0          0          0          0          0
  random           :       0.00       0.00          0          0          0          0          0          0          0          0
  relpscost        :      20.85       0.00      12153          0          0          0       2501          0          0      23948
  vanillafullstrong:       0.00       0.00          0          0          0          0          0          0          0          0
Primal Heuristics  :   ExecTime  SetupTime      Calls      Found       Best
  LP solutions     :       0.00          -          -          0          0
  relax solutions  :       0.00          -          -          0          0
  pseudo solutions :       0.00          -          -          0          0
  strong branching :       0.01          -          -          0          0
  actconsdiving    :       0.00       0.00          0          0          0
  adaptivediving   :       3.49       0.00         63          0          0
  alns             :       3.26       0.00          6          0          0
  bound            :       0.00       0.00          0          0          0
  clique           :       0.00       0.00          0          0          0
  coefdiving       :       0.00       0.00          0          0          0
  completesol      :       0.00       0.00          0          0          0
  conflictdiving   :      35.08       0.00        510          0          0
  crossover        :       0.00       0.00          0          0          0
  dins             :       0.00       0.00          0          0          0
  distributiondivin:     340.97       0.00        662          0          0
  dps              :       0.00       0.00          0          0          0
  dualval          :       0.00       0.00          0          0          0
  farkasdiving     :       0.00       0.00          0          0          0
  feaspump         :       2.82       0.00         13          0          0
  fixandinfer      :       0.00       0.00          0          0          0
  fracdiving       :      68.99       0.00        662          0          0
  gins             :       0.01       0.00          0          0          0
  guideddiving     :      58.38       0.00        662          0          0
  indicator        :       0.13       0.00          0          0          0
  indicatordiving  :       0.00       0.00          0          0          0
  intdiving        :       0.00       0.00          0          0          0
  intshifting      :       1.70       0.00         40          0          0
  linesearchdiving :      51.29       0.00        663          0          0
  localbranching   :       0.00       0.00          0          0          0
  locks            :       0.02       0.00          1          0          0
  lpface           :       0.02       0.00          0          0          0
  mpec             :       5.99       0.00          1          0          0
  multistart       :       0.00       0.00          0          0          0
  mutation         :       0.00       0.00          0          0          0
  nlpdiving        :       3.47       0.00         10          0          0
  objpscostdiving  :       5.08       0.00          7          0          0
  octane           :       0.00       0.00          0          0          0
  ofins            :       0.01       0.00          0          0          0
  oneopt           :       0.03       0.00          3          0          0
  padm             :       0.00       0.00          0          0          0
  proximity        :       0.00       0.00          0          0          0
  pscostdiving     :      89.27       0.00        662          0          0
  randrounding     :       0.64       0.00        850          0          0
  rens             :       0.00       0.00          0          0          0
  reoptsols        :       0.00       0.00          0          0          0
  repair           :       0.00       0.00          0          0          0
  rins             :       0.00       0.00          0          0          0
  rootsoldiving    :       2.59       0.00         18          0          0
  rounding         :       1.00       0.00       5047          0          0
  shiftandpropagate:       0.01       0.00          1          0          0
  shifting         :       1.09       0.00       1097          0          0
  simplerounding   :       0.16       0.00          0          0          0
  subnlp           :       5.13       0.00         18          3          3
  trivial          :       0.00       0.00          2          0          0
  trivialnegation  :       0.00       0.00          0          0          0
  trustregion      :       0.00       0.00          0          0          0
  trysol           :       0.08       0.00          0          0          0
  twoopt           :       0.00       0.00          0          0          0
  undercover       :       0.20       0.00          1          0          0
  vbounds          :       0.00       0.00          0          0          0
  veclendiving     :      28.41       0.00        662          0          0
  zeroobj          :       0.00       0.00          0          0          0
  zirounding       :       0.02       0.00       1000          0          0
  other solutions  :          -          -          -          0          -
Diving (single)    :      Calls      Nodes   LP Iters Backtracks  Conflicts   MinDepth   MaxDepth   AvgDepth  RoundSols  NLeafSols  MinSolDpt  MaxSolDpt  AvgSolDpt
  actconsdiving    :          0          -          -          -          -          -          -          -          -          -          -          -          -
  coefdiving       :          0          -          -          -          -          -          -          -          -          -          -          -          -
  conflictdiving   :        510       6261     277717         49         25         14         45       25.7          0          -          -          -          -
  distributiondivin:        662      11095     458577         24         18         14         45       32.1          0          -          -          -          -
  farkasdiving     :          0          -          -          -          -          -          -          -          -          -          -          -          -
  fracdiving       :        662      18815     516894         11          9         38         45       43.8          0          -          -          -          -
  guideddiving     :        662      16814     463452         37         18         33         45       41.7          0          -          -          -          -
  indicatordiving  :          0          -          -          -          -          -          -          -          -          -          -          -          -
  linesearchdiving :        663      13197     393033         16          8         26         44       36.0          0          -          -          -          -
  pscostdiving     :        662      19435     668095          8          4         39         45       44.3          0          -          -          -          -
  veclendiving     :        662       3266     235734         16          3         12         27       20.4          0          -          -          -          -
Diving (adaptive)  :      Calls      Nodes   LP Iters Backtracks  Conflicts   MinDepth   MaxDepth   AvgDepth  RoundSols  NLeafSols  MinSolDpt  MaxSolDpt  AvgSolDpt
  actconsdiving    :         24        170      10798         22          9         14         42       20.6          0          -          -          -          -
  coefdiving       :         25        118       9236          0          0         14         26       20.4          0          -          -          -          -
  conflictdiving   :          0          -          -          -          -          -          -          -          -          -          -          -          -
  distributiondivin:          0          -          -          -          -          -          -          -          -          -          -          -          -
  farkasdiving     :          0          -          -          -          -          -          -          -          -          -          -          -          -
  fracdiving       :          1         28        801          0          0         42         42       42.0          0          -          -          -          -
  guideddiving     :          1         25        520          0          0         41         41       41.0          0          -          -          -          -
  indicatordiving  :          0          -          -          -          -          -          -          -          -          -          -          -          -
  linesearchdiving :          6        129       3529          0          0         30         38       33.5          0          -          -          -          -
  pscostdiving     :          1         32        774          0          0         42         42       42.0          0          -          -          -          -
  veclendiving     :          5         32       2094          0          0         17         19       17.6          0          -          -          -          -
Neighborhoods      :      Calls  SetupTime  SolveTime SolveNodes       Sols       Best       Exp3  EpsGreedy        UCB TgtFixRate  Opt  Inf Node Stal  Sol  Usr Othr Actv
  rens             :          1       0.01       0.41          3          0          0    0.00000   -1.00000    1.00000      0.700    0    1    0    0    0    0    0    1
  rins             :          1       0.01       0.81         19          0          0    0.00000   -1.00000    1.00000      0.700    0    1    0    0    0    0    0    1
  mutation         :          0       0.00       0.00          0          0          0    0.00000   -1.00000    1.00000      0.900    0    0    0    0    0    0    0    1
  localbranching   :          0       0.00       0.00          0          0          0    0.00000   -1.00000    1.00000      0.900    0    0    0    0    0    0    0    1
  crossover        :          1       0.01       0.40          1          0          0    0.00000   -1.00000    1.00000      0.700    0    1    0    0    0    0    0    1
  proximity        :          1       0.02       1.09         19          0          0    0.00000   -1.00000    1.00000      0.700    0    1    0    0    0    0    0    1
  zeroobjective    :          1       0.00       0.00          0          0          0    0.00000   -1.00000    1.00000      0.900    0    0    0    0    0    0    1    1
  dins             :          1       0.01       0.46         15          0          0    0.00000   -1.00000    1.00000      0.700    0    1    0    0    0    0    0    1
  trustregion      :          0       0.00       0.00          0          0          0    0.00000   -1.00000    1.00000      0.900    0    0    0    0    0    0    0    0
Expressions        :   #IntEval  IntEvalTi   #RevProp  RevPropTi    DomReds    Cutoffs  #Estimate  EstimTime  Branching  #Simplify SimplifyTi Simplified
  pow              :    9124092       2.64    3073060       1.19    4435065          0        835       0.00          0       1071       0.00          0
  prod             :    7334022       2.65      88206       0.34        164          0          0       0.00          0        812       0.00        405
  sum              :    8428604       3.00    4754930       2.26     475347         14         82       0.00          0       1055       0.01         82
  var              :   20256235       6.01          0       0.00          0          0          0       0.00          0       2854       0.00          0
  varidx           :          0       0.00          0       0.00          0          0          0       0.00          0          0       0.00          0
Nonlinear Conshdlr :   WeakSepa  TightenLP DespTghtLP DespBranch DespCutoff    ForceLP  CanonTime
  enforce          :          0          0          0          0          0          0
  presolve         :                                                                         0.04
Nlhdlrs            :    Detects  DetectAll DetectTime   #IntEval  IntEvalTi   #RevProp  RevPropTi    DomReds    Cutoffs   #Enforce   EnfoTime       Cuts  Branching
  soc              :        405        405       0.00          0       0.00          0       0.00          0          0   14241133      36.24    3982853          0
  convex           :          1          1       0.00          0       0.00          0       0.00          0          0     122224       0.82     122223          0
  concave          :          0          0       0.00          0       0.00          0       0.00          0          0          0       0.00          0          0
  quotient         :          0          0       0.00          0       0.00          0       0.00          0          0          0       0.00          0          0
  quadratic        :          0          0       0.01          0       0.00          0       0.00          0          0          0       0.00          0          0
  default          :       2415      12075       0.00   24884696      20.21    7919277      18.74    4910576         14        917       0.00        754          0
  bilinear         :          0          0       0.00          0       0.00          0       0.00          0          0          0       0.00          0          0
  perspective      :          0          0       0.00          0       0.00          0       0.00          0          0          0       0.00          0          0
LP                 :       Time      Calls Iterations  Iter/call   Iter/sec  Time-0-It Calls-0-It    ItLimit
  primal LP        :     368.20      15688          3       1.50       0.01     368.09      15686
  dual LP          :    2197.63     134400   16475310     122.76    7496.85       0.12        192
  lex dual LP      :       0.00          0          0       0.00          -
  barrier LP       :       0.00          0          0       0.00          -       0.00          0
  resolve instable :       0.00          0          0       0.00          -
  diving/probing LP:     291.78      22867    3113981     136.18   10672.36
  strong branching :      15.93        557     121821     218.71    7647.27          -          -        123
    (at root node) :          -         29        533      18.38          -
  conflict analysis:       0.33        246       2044       8.31    6193.94
NLP relaxation     :
  solve time       :       3.46 (14 calls)
  convexity        :  nonconvex (65 linear rows, 82 convex ineq., 405 nonconvex ineq., 0 nonlinear eq. or two-sided ineq.)
NLP Solvers        :  #Problems  ProblemTi    #Solves  SolveTime      #Iter  Time/Iter      #Okay #TimeLimit #IterLimit #LObjLimit #Interrupt  #NumError #EvalError  #OutOfMem #LicenseEr #OtherTerm   #GlobOpt    #LocOpt  #Feasible #LocInfeas #GlobInfea #Unbounded   #Unknown
  ipopt            :         20       8.35         34      13.66       1388       0.01         23          0         10          0          0          1          0          0          0          0          0          4          3          9          0          0         18
B&B Tree           :
  number of runs   :          1
  nodes            :      11975 (11974 internal, 1 leaves)
  feasible leaves  :          0
  infeas. leaves   :          0
  objective leaves :          0
  nodes (total)    :      11975 (11974 internal, 1 leaves)
  nodes left       :      11975
  max depth        :         22
  max depth (total):         22
  backtracks       :       4639 (38.7%)
  early backtracks :          0 (0.0%)
  nodes exc. ref.  :          0 (0.0%)
  delayed cutoffs  :          0
  repropagations   :          6 (0 domain reductions, 0 cutoffs)
  avg switch length:       9.42
  switching time   :     280.69
Estim. Tree Size   :         -1
Estimation Tree    : 23949 nodes (11974 visited, 11974 internal, 0 leaves, 11975 open), weight: 0.0000 completed 0.0729
Estimations        :      estim      value      trend resolution     smooth
  wbe              :         -1          -          -          -          -
  tree-profile     :         -1          -          -          -          -
  gap              :         -1    0.76724                     1           
  tree-weight      :         -1    0.00000                     1           
  leaf-frequency   :         -1   -0.00004                     1           
  ssg              :         -1    0.88492                     1           
  open-nodes       :         -1 11975.00000                     1           
Root Node          :
  First LP value   : -2.05373095661769e+00
  First LP Iters   :       1523 (38075.00 Iter/sec)
  First LP Time    :       0.04
  Final Dual Bound : -1.72070141595097e+00
  Final Root Iters :      10960
  Root LP Estimate : -1.48708787405502e+00
Solution           :
  Solutions found  :          3 (3 improvements)
  First Solution   : -1.12983328300850e+00   (in run 1, after 1 nodes, 0.57 seconds, depth 0, found by <locks>)
  Gap First Sol.   :      81.77 %
  Gap Last Sol.    :      36.36 %
  Primal Bound     : -1.24136873649610e+00   (in run 1, after 160 nodes, 50.88 seconds, depth 10, found by <objpscostdiving>)
  Dual Bound       : -1.61797239887194e+00
  Gap              :      30.34 %
Integrals          :      Total       Avg%
  primal-dual      :   86714.95      24.09
  primal-ref       :          -          - (not evaluated)
  dual-ref         :          -          - (not evaluated)
