SCIP Status        : solving was interrupted [time limit reached]
Total Time         :    3600.02
  solving          :    3600.00
  presolving       :       0.07 (included in solving)
  reading          :       0.02
  copying          :       0.14 (17 #copies) (minimal 0.00, maximal 0.02, average 0.01)
Original Problem   :
  Problem name     : benchmark/block2_55_11_10_12.design
  Variables        : 1466 (55 binary, 0 integer, 0 implicit integer, 1411 continuous)
  Constraints      : 2028 initial, 2028 maximal
  Objective        : minimize, 1 non-zeros (abs.min = 1, abs.max = 1)
Presolved Problem  :
  Problem name     : t_benchmark/block2_55_11_10_12.design
  Variables        : 2128 (55 binary, 0 integer, 0 implicit integer, 2073 continuous)
  Constraints      : 2028 initial, 2034 maximal
  Objective        : minimize, 1 non-zeros (abs.min = 1, abs.max = 1)
  Nonzeros         : 6922 constraint, 0 clique table
Presolvers         :   ExecTime  SetupTime  Calls  FixedVars   AggrVars   ChgTypes  ChgBounds   AddHoles    DelCons    AddCons   ChgSides   ChgCoefs
  boundshift       :       0.00       0.00      0          0          0          0          0          0          0          0          0          0
  convertinttobin  :       0.00       0.00      0          0          0          0          0          0          0          0          0          0
  domcol           :       0.00       0.00      1          0          0          0          0          0          0          0          0          0
  dualagg          :       0.00       0.00      0          0          0          0          0          0          0          0          0          0
  dualcomp         :       0.00       0.00      1          0          0          0          0          0          0          0          0          0
  dualinfer        :       0.00       0.00      0          0          0          0          0          0          0          0          0          0
  dualsparsify     :       0.00       0.00      1          0          0          0          0          0          0          0          0          0
  gateextraction   :       0.00       0.00      0          0          0          0          0          0          0          0          0          0
  implics          :       0.00       0.00      1          0          0          0          0          0          0          0          0          0
  inttobinary      :       0.00       0.00      0          0          0          0          0          0          0          0          0          0
  qpkktref         :       0.00       0.00      0          0          0          0          0          0          0          0          0          0
  redvub           :       0.00       0.00      0          0          0          0          0          0          0          0          0          0
  sparsify         :       0.00       0.00      1          0          0          0          0          0          0          0          0          0
  stuffing         :       0.00       0.00      0          0          0          0          0          0          0          0          0          0
  trivial          :       0.00       0.00      2         45          0          0          0          0          0          0          0          0
  tworowbnd        :       0.00       0.00      0          0          0          0          0          0          0          0          0          0
  dualfix          :       0.00       0.00      2         45          0          0          0          0          0          0          0          0
  genvbounds       :       0.00       0.00      0          0          0          0          0          0          0          0          0          0
  probing          :       0.00       0.00      1          0          0          0          0          0          0          0          0          0
  pseudoobj        :       0.00       0.00      0          0          0          0          0          0          0          0          0          0
  symmetry         :       0.00       0.00      1          0          0          0          0          0          0          0          0          0
  vbounds          :       0.00       0.00      0          0          0          0          0          0          0          0          0          0
  linear           :       0.00       0.00      3          0          0          0          0          0          0          0          0          0
  nonlinear        :       0.07       0.02      4          0          0          0        100          0          0          0          0          0
  benders          :       0.00       0.00      0          0          0          0          0          0          0          0          0          0
  components       :       0.00       0.00      1          0          0          0          0          0          0          0          0          0
  root node        :          -          -      -          0          -          -       3373          -          -          -          -          -
Constraints        :     Number  MaxNumber  #Separate #Propagate    #EnfoLP    #EnfoRelax  #EnfoPS    #Check   #ResProp    Cutoffs    DomReds       Cuts    Applied      Conss   Children
  benderslp        :          0          0          0          0      39289          0          0      34356          0          0          0          0          0          0          0
  integral         :          0          0          0          0      39289          0          0      34356          0          0       6395          0          0          0      77932
  linear           :       1377+      1383         64     817134          2          0          0      34350          4         53      17668         10          0          0          0
  nonlinear        :        651        651     279651     817081         63          0          0      23228          0        131    3113038    1053303    1040143          0          0
  benders          :          0          0          0          0          2          0          0          7          0          0          0          0          0          0          0
  countsols        :          0          0          0          0          2          0          0          7          0          0          0          0          0          0          0
  components       :          0          0          0          0          0          0          0          0          0          0          0          0          0          0          0
Constraint Timings :  TotalTime  SetupTime   Separate  Propagate     EnfoLP     EnfoPS     EnfoRelax   Check    ResProp    SB-Prop
  benderslp        :       0.05       0.00       0.00       0.00       0.02       0.00       0.00       0.03       0.00       0.00
  integral         :       9.81       0.00       0.00       0.00       9.79       0.00       0.00       0.02       0.00       0.00
  linear           :      22.10       0.00       0.00      20.56       0.00       0.00       0.00       1.54       0.00       0.00
  nonlinear        :     659.26       0.02     495.15     151.64       0.05       0.00       0.00      12.14       0.00       0.26
  benders          :       0.00       0.00       0.00       0.00       0.00       0.00       0.00       0.00       0.00       0.00
  countsols        :       0.00       0.00       0.00       0.00       0.00       0.00       0.00       0.00       0.00       0.00
  components       :       0.17       0.00       0.00       0.17       0.00       0.00       0.00       0.00       0.00       0.00
Propagators        : #Propagate   #ResProp    Cutoffs    DomReds
  dualfix          :          2          0          0          0
  genvbounds       :          0          0          0          0
  nlobbt           :          0          0          0          0
  obbt             :          0          0          0          0
  probing          :          0          0          0          0
  pseudoobj        :     116027          0          0         14
  redcost          :     358189          0          0        133
  rootredcost      :          8          0          0       2708
  symmetry         :          0          0          0          0
  vbounds          :     207480          0          0          0
Propagator Timings :  TotalTime  SetupTime   Presolve  Propagate    ResProp    SB-Prop
  dualfix          :       0.00       0.00       0.00       0.00       0.00       0.00
  genvbounds       :       0.65       0.00       0.00       0.64       0.00       0.01
  nlobbt           :       0.00       0.00       0.00       0.00       0.00       0.00
  obbt             :       0.00       0.00       0.00       0.00       0.00       0.00
  probing          :       0.00       0.00       0.00       0.00       0.00       0.00
  pseudoobj        :       0.52       0.00       0.00       0.52       0.00       0.00
  redcost          :       7.55       0.00       0.00       7.55       0.00       0.00
  rootredcost      :       0.41       0.00       0.00       0.41       0.00       0.00
  symmetry         :       0.23       0.00       0.00       0.23       0.00       0.00
  vbounds          :       0.47       0.00       0.00       0.47       0.00       0.00
Conflict Analysis  :       Time      Calls    Success    DomReds  Conflicts   Literals    Reconvs ReconvLits   Dualrays   Nonzeros   LP Iters   (pool size: [--,--])
  propagation      :       0.00         20          2          -          2       21.0          0        0.0          -          -          -
  infeasible LP    :       0.00          0          0          -          0        0.0          0        0.0        201      153.1          0
  bound exceed. LP :       6.00       2402        201          -          0        0.0          0        0.0          0        0.0      33013
  strong branching :       0.00          0          0          -          0        0.0          0        0.0          -          -          0
  pseudo solution  :       0.00          0          0          -          0        0.0          0        0.0          -          -          -
  applied globally :       0.00          -          -          0          0        0.0          -          -        201          -          -
  applied locally  :          -          -          -          0          0        0.0          -          -          0          -          -
Separators         :   ExecTime  SetupTime      Calls  RootCalls    Cutoffs    DomReds  FoundCuts ViaPoolAdd  DirectAdd    Applied ViaPoolApp  DirectApp      Conss
  cut pool         :       0.00          -       4386         64          -          -         76         92          -          -          -          -          -    (maximal pool size:          6)
  aggregation      :       7.17       0.00       5656         64          0          0          0          0          0          0          0          0          0
  > cmir           :          -          -          -          -          -          -          -          0          0          0          0          0          -
  > flowcover      :          -          -          -          -          -          -          -          0          0          0          0          0          -
  > knapsackcover  :          -          -          -          -          -          -          -          0          0          0          0          0          -
  cgmip            :       0.00       0.00          0          0          0          0          0          0          0          0          0          0          0
  clique           :       0.00       0.00          1          1          0          0          0          0          0          0          0          0          0
  closecuts        :       0.00       0.00          0          0          0          0          0          0          0          0          0          0          0
  convexproj       :       0.00       0.00          0          0          0          0          0          0          0          0          0          0          0
  disjunctive      :       0.00       0.00          0          0          0          0          0          0          0          0          0          0          0
  eccuts           :       0.00       0.00          0          0          0          0          0          0          0          0          0          0          0
  gauge            :       0.00       0.00          0          0          0          0          0          0          0          0          0          0          0
  gomory           :       4.25       0.00       3828         10          0          0         76         92          0         78         78          0          0
  > gomorymi       :          -          -          -          -          -          -          -         92          0         78         78          0          -
  > strongcg       :          -          -          -          -          -          -          -          0          0          0          0          0          -
  impliedbounds    :       0.38       0.00       5656         64          0          0          0          0          0          0          0          0          0
  interminor       :       0.00       0.00          0          0          0          0          0          0          0          0          0          0          0
  intobj           :       0.00       0.00          0          0          0          0          0          0          0          0          0          0          0
  mcf              :       0.01       0.00          2          2          0          0          0          0          0          0          0          0          0
  minor            :       0.03       0.00          0          0          0          0          0          0          0          0          0          0          0
  mixing           :       0.30       0.00       5656         64          0          0          0          0          0          0          0          0          0
  oddcycle         :       0.00       0.00          0          0          0          0          0          0          0          0          0          0          0
  rapidlearning    :       0.02       0.00          0          0          0          0          0          0          0          0          0          0          0
  rlt              :       0.00       0.00         10         10          0          0          0          0          0          0          0          0          0
  zerohalf         :       1.03       0.00       3838         20          0          0          0          0          0          0          0          0          0
Cutselectors       :   ExecTime  SetupTime      Calls  RootCalls   Selected     Forced   Filtered  RootSelec   RootForc   RootFilt 
  hybrid           :       1.07       0.00     279610         64    1038677          0      13183       2015          0         47
Pricers            :   ExecTime  SetupTime      Calls       Vars
  problem variables:       0.00          -          0          0
Branching Rules    :   ExecTime  SetupTime   BranchLP  BranchExt   BranchPS    Cutoffs    DomReds       Cuts      Conss   Children
  allfullstrong    :       0.00       0.00          0          0          0          0          0          0          0          0
  cloud            :       0.00       0.00          0          0          0          0          0          0          0          0
  distribution     :       0.00       0.00          0          0          0          0          0          0          0          0
  fullstrong       :       0.00       0.00          0          0          0          0          0          0          0          0
  inference        :       0.00       0.00          0          0          0          0          0          0          0          0
  leastinf         :       0.00       0.00          0          0          0          0          0          0          0          0
  lookahead        :       0.00       0.00          0          0          0          0          0          0          0          0
  mostinf          :       0.00       0.00          0          0          0          0          0          0          0          0
  multaggr         :       0.00       0.00          0          0          0          0          0          0          0          0
  nodereopt        :       0.00       0.00          0          0          0          0          0          0          0          0
  pscost           :       0.00       0.00          0          0          0          0          0          0          0          0
  random           :       0.00       0.00          0          0          0          0          0          0          0          0
  relpscost        :       9.74       0.00      39226          0          0          0       6395          0          0      77932
  vanillafullstrong:       0.00       0.00          0          0          0          0          0          0          0          0
Primal Heuristics  :   ExecTime  SetupTime      Calls      Found       Best
  LP solutions     :       0.00          -          -          2          2
  relax solutions  :       0.00          -          -          0          0
  pseudo solutions :       0.00          -          -          0          0
  strong branching :       0.00          -          -          0          0
  actconsdiving    :       0.00       0.00          0          0          0
  adaptivediving   :       2.09       0.00         53          0          0
  alns             :      10.84       0.00         10          1          1
  bound            :       0.00       0.00          0          0          0
  clique           :       0.00       0.00          0          0          0
  coefdiving       :       0.00       0.00          0          0          0
  completesol      :       0.00       0.00          0          0          0
  conflictdiving   :      85.90       0.00       1863          0          0
  crossover        :       0.00       0.00          0          0          0
  dins             :       0.00       0.00          0          0          0
  distributiondivin:     420.07       0.00       1280          0          0
  dps              :       0.00       0.00          0          0          0
  dualval          :       0.00       0.00          0          0          0
  farkasdiving     :       0.00       0.00          0          0          0
  feaspump         :      31.53       0.00        287          0          0
  fixandinfer      :       0.00       0.00          0          0          0
  fracdiving       :      49.85       0.00       1197          0          0
  gins             :       0.04       0.00          0          0          0
  guideddiving     :      50.85       0.00       1301          0          0
  indicator        :       0.22       0.00          0          0          0
  indicatordiving  :       0.00       0.00          0          0          0
  intdiving        :       0.00       0.00          0          0          0
  intshifting      :       0.62       0.00         45          0          0
  linesearchdiving :      50.95       0.00       1627          0          0
  localbranching   :       0.00       0.00          0          0          0
  locks            :       0.01       0.00          1          0          0
  lpface           :       0.04       0.00          0          0          0
  mpec             :       2.75       0.00          1          0          0
  multistart       :       0.00       0.00          0          0          0
  mutation         :       0.00       0.00          0          0          0
  nlpdiving        :       3.34       0.00          6          0          0
  objpscostdiving  :      15.13       0.00         43          0          0
  octane           :       0.00       0.00          0          0          0
  ofins            :       0.03       0.00          0          0          0
  oneopt           :       0.04       0.00          8          0          0
  padm             :       0.00       0.00          0          0          0
  proximity        :       0.00       0.00          0          0          0
  pscostdiving     :      52.44       0.00       1015          0          0
  randrounding     :       3.98       0.00      14504          0          0
  rens             :       0.00       0.00          0          0          0
  reoptsols        :       0.00       0.00          0          0          0
  repair           :       0.00       0.00          0          0          0
  rins             :      29.88       0.00          7          0          0
  rootsoldiving    :       1.78       0.00         19          0          0
  rounding         :       0.75       0.00       7638          0          0
  shiftandpropagate:       0.00       0.00          1          0          0
  shifting         :       1.63       0.00       1963          0          0
  simplerounding   :       0.32       0.00          0          0          0
  subnlp           :      12.22       0.00         39          5          5
  trivial          :       0.00       0.00          2          0          0
  trivialnegation  :       0.00       0.00          0          0          0
  trustregion      :       0.00       0.00          0          0          0
  trysol           :       0.22       0.00          0          0          0
  twoopt           :       0.00       0.00          0          0          0
  undercover       :       0.12       0.00          1          0          0
  vbounds          :       0.00       0.00          0          0          0
  veclendiving     :      61.62       0.00       1857          0          0
  zeroobj          :       0.00       0.00          0          0          0
  zirounding       :       0.05       0.00       1000          0          0
  other solutions  :          -          -          -          0          -
Diving (single)    :      Calls      Nodes   LP Iters Backtracks  Conflicts   MinDepth   MaxDepth   AvgDepth  RoundSols  NLeafSols  MinSolDpt  MaxSolDpt  AvgSolDpt
  actconsdiving    :          0          -          -          -          -          -          -          -          -          -          -          -          -
  coefdiving       :          0          -          -          -          -          -          -          -          -          -          -          -          -
  conflictdiving   :       1863      27883     620705       1176         79         15         55       32.1          0          -          -          -          -
  distributiondivin:       1280      25637     429188        304         75         15         55       36.8          0          -          -          -          -
  farkasdiving     :          0          -          -          -          -          -          -          -          -          -          -          -          -
  fracdiving       :       1197      43460     429403         58          7         26         55       52.7          0          -          -          -          -
  guideddiving     :       1301      39706     429358        132         13         27         55       48.8          0          -          -          -          -
  indicatordiving  :          0          -          -          -          -          -          -          -          -          -          -          -          -
  linesearchdiving :       1627      35519     428559        129         11         23         54       39.6          0          -          -          -          -
  pscostdiving     :       1015      38327     429363          2          0         29         55       53.8          0          -          -          -          -
  veclendiving     :       1857       8969     426651        362         18         14         50       21.7          0          -          -          -          -
Diving (adaptive)  :      Calls      Nodes   LP Iters Backtracks  Conflicts   MinDepth   MaxDepth   AvgDepth  RoundSols  NLeafSols  MinSolDpt  MaxSolDpt  AvgSolDpt
  actconsdiving    :         19        112       5283          4          0         18         25       22.3          0          -          -          -          -
  coefdiving       :          8         44       2389          4          0         19         27       23.4          0          -          -          -          -
  conflictdiving   :          0          -          -          -          -          -          -          -          -          -          -          -          -
  distributiondivin:          0          -          -          -          -          -          -          -          -          -          -          -          -
  farkasdiving     :          0          -          -          -          -          -          -          -          -          -          -          -          -
  fracdiving       :          4        163       1563          0          0         53         55       54.2          0          -          -          -          -
  guideddiving     :          8        274       2948          0          0         46         54       49.6          0          -          -          -          -
  indicatordiving  :          0          -          -          -          -          -          -          -          -          -          -          -          -
  linesearchdiving :          1         29        345          0          0         39         39       39.0          0          -          -          -          -
  pscostdiving     :         11        416       4476          1          0         52         55       54.3          0          -          -          -          -
  veclendiving     :          2         17        492          0          0         20         22       21.0          0          -          -          -          -
Neighborhoods      :      Calls  SetupTime  SolveTime SolveNodes       Sols       Best       Exp3  EpsGreedy        UCB TgtFixRate  Opt  Inf Node Stal  Sol  Usr Othr Actv
  rens             :          1       0.02       0.01          0          0          0    0.00000   -1.00000    0.56194      0.700    0    1    0    0    0    0    0    1
  rins             :          1       0.02       1.39         21          0          0    0.00000   -1.00000    0.53903      0.700    0    1    0    0    0    0    0    1
  mutation         :          1       0.01       0.90          9          0          0    0.00000   -1.00000    0.55376      0.700    0    1    0    0    0    0    0    1
  localbranching   :          1       0.01       1.38         29          0          0    0.00000   -1.00000    0.53030      0.700    0    1    0    0    0    0    0    1
  crossover        :          3       0.05       3.71        115          1          1    0.00000   -1.00000    0.58064      0.900    1    0    0    2    0    0    0    1
  proximity        :          1       0.01       0.52          3          0          0    0.00000   -1.00000    0.55867      0.700    0    1    0    0    0    0    0    1
  zeroobjective    :          1       0.01       0.00          0          0          0    0.00000   -1.00000    0.06194      0.900    0    0    0    0    0    0    1    1
  dins             :          1       0.02       2.68         27          0          0    0.00000   -1.00000    0.53249      0.700    0    1    0    0    0    0    0    1
  trustregion      :          0       0.00       0.00          0          0          0    0.00000   -1.00000    1.00000      0.900    0    0    0    0    0    0    0    0
Expressions        :   #IntEval  IntEvalTi   #RevProp  RevPropTi    DomReds    Cutoffs  #Estimate  EstimTime  Branching  #Simplify SimplifyTi Simplified
  pow              :   23959005       6.67    8657874       2.99   14553962          0       1014       0.00          0       1420       0.00          0
  prod             :   20284845       6.67     103181       0.47        221          0          0       0.00          0       1102       0.00        550
  sum              :   23046135       6.90   13516086       5.28    1326285         34        101       0.00          0       1402       0.00        101
  var              :   58007389      14.80          0       0.00          0          0          0       0.00          0       3821       0.01          0
  varidx           :          0       0.00          0       0.00          0          0          0       0.00          0          0       0.00          0
Nonlinear Conshdlr :   WeakSepa  TightenLP DespTghtLP DespBranch DespCutoff    ForceLP  CanonTime
  enforce          :       1544          0          0          0          0          0
  presolve         :                                                                         0.07
Nlhdlrs            :    Detects  DetectAll DetectTime   #IntEval  IntEvalTi   #RevProp  RevPropTi    DomReds    Cutoffs   #Enforce   EnfoTime       Cuts  Branching
  soc              :        550        550       0.00          0       0.00          0       0.00          0          0   99999973     203.28     772778          0
  convex           :          1          1       0.00          0       0.00          0       0.00          0          0     279612       1.77     279611          0
  concave          :          0          0       0.00          0       0.00          0       0.00          0          0          0       0.00          0          0
  quotient         :          0          0       0.00          0       0.00          0       0.00          0          0          0       0.00          0          0
  quadratic        :          0          0       0.00          0       0.00          0       0.00          0          0          0       0.00          0          0
  default          :       3228      16140       0.00   67287239      48.78   22281239      47.86   15880468         34       1115       0.00        914          0
  bilinear         :          0          0       0.00          0       0.00          0       0.00          0          0          0       0.00          0          0
  perspective      :          0          0       0.00          0       0.00          0       0.00          0          0          0       0.00          0          0
LP                 :       Time      Calls Iterations  Iter/call   Iter/sec  Time-0-It Calls-0-It    ItLimit
  primal LP        :     900.19      41109          0       0.00       0.00     900.01      41109
  dual LP          :    1033.23     319034    8497838      26.67    8224.54       0.05        382
  lex dual LP      :       0.00          0          0       0.00          -
  barrier LP       :       0.00          0          0       0.00          -       0.00          0
  resolve instable :       0.00          0          0       0.00          -
  diving/probing LP:     215.30      46866    3394599      72.43   15766.83
  strong branching :       3.58        635      39230      61.78   10958.10          -          -        118
    (at root node) :          -         52       1467      28.21          -
  conflict analysis:       3.40       3394      33013       9.73    9709.71
NLP relaxation     :
  solve time       :       3.32 (23 calls)
  convexity        :  nonconvex (77 linear rows, 101 convex ineq., 550 nonconvex ineq., 0 nonlinear eq. or two-sided ineq.)
NLP Solvers        :  #Problems  ProblemTi    #Solves  SolveTime      #Iter  Time/Iter      #Okay #TimeLimit #IterLimit #LObjLimit #Interrupt  #NumError #EvalError  #OutOfMem #LicenseEr #OtherTerm   #GlobOpt    #LocOpt  #Feasible #LocInfeas #GlobInfea #Unbounded   #Unknown
  ipopt            :         41      19.89         65      15.93       2314       0.01         45          0         20          0          0          0          0          0          0          0          0         12         11         28          0          0         14
B&B Tree           :
  number of runs   :          1
  nodes            :      38974 (38966 internal, 8 leaves)
  feasible leaves  :          2
  infeas. leaves   :          0
  objective leaves :          5
  nodes (total)    :      38974 (38966 internal, 8 leaves)
  nodes left       :      38960
  max depth        :         25
  max depth (total):         25
  backtracks       :      12964 (33.3%)
  early backtracks :          0 (0.0%)
  nodes exc. ref.  :          0 (0.0%)
  delayed cutoffs  :          0
  repropagations   :         10 (0 domain reductions, 0 cutoffs)
  avg switch length:       9.95
  switching time   :     885.05
Estim. Tree Size   :     730181
Estimation Tree    : 77933 nodes (38973 visited, 38966 internal, 7 leaves, 38960 open), weight: 0.0000 completed 0.0457
Estimations        :      estim      value      trend resolution     smooth
  wbe              :     453437          -          -          -          -
  tree-profile     :         -1          -          -          -          -
  gap              :         14    0.79456    0.27728          1         14
  tree-weight      :     730181    0.00003    0.00000          1     694747
  leaf-frequency   :        106    0.00017    0.01071          1         89
  ssg              :         50    0.92786   -0.05034          1         47
  open-nodes       :      77946 38960.00000 7965.89764          1      76737
Root Node          :
  First LP value   : -2.24656799613833e+00
  First LP Iters   :       2266 (45320.00 Iter/sec)
  First LP Time    :       0.05
  Final Dual Bound : -1.93486239360251e+00
  Final Root Iters :       8945
  Root LP Estimate : -1.57002502554207e+00
Solution           :
  Solutions found  :          8 (8 improvements)
  First Solution   : -1.23114691105835e+00   (in run 1, after 1 nodes, 0.47 seconds, depth 0, found by <locks>)
  Gap First Sol.   :      82.48 %
  Gap Last Sol.    :      25.86 %
  Primal Bound     : -1.45998307801960e+00   (in run 1, after 38811 nodes, 3581.47 seconds, depth 24, found by <relaxation>)
  Dual Bound       : -1.83747113883112e+00
  Gap              :      25.86 %
Integrals          :      Total       Avg%
  primal-dual      :   79801.96      22.17
  primal-ref       :          -          - (not evaluated)
  dual-ref         :          -          - (not evaluated)
