SCIP Status        : solving was interrupted [time limit reached]
Total Time         :    3600.05
  solving          :    3600.00
  presolving       :       0.20 (included in solving)
  reading          :       0.05
  copying          :       0.40 (26 #copies) (minimal 0.01, maximal 0.02, average 0.02)
Original Problem   :
  Problem name     : benchmark/normal_50_20_21.design
  Variables        : 3271 (50 binary, 0 integer, 0 implicit integer, 3221 continuous)
  Constraints      : 4453 initial, 4453 maximal
  Objective        : minimize, 1 non-zeros (abs.min = 1, abs.max = 1)
Presolved Problem  :
  Problem name     : t_benchmark/normal_50_20_21.design
  Variables        : 4693 (50 binary, 0 integer, 0 implicit integer, 4643 continuous)
  Constraints      : 4453 initial, 4455 maximal
  Objective        : minimize, 1 non-zeros (abs.min = 1, abs.max = 1)
  Nonzeros         : 23682 constraint, 0 clique table
Presolvers         :   ExecTime  SetupTime  Calls  FixedVars   AggrVars   ChgTypes  ChgBounds   AddHoles    DelCons    AddCons   ChgSides   ChgCoefs
  boundshift       :       0.00       0.00      0          0          0          0          0          0          0          0          0          0
  convertinttobin  :       0.00       0.00      0          0          0          0          0          0          0          0          0          0
  domcol           :       0.00       0.00      1          0          0          0          0          0          0          0          0          0
  dualagg          :       0.00       0.00      0          0          0          0          0          0          0          0          0          0
  dualcomp         :       0.00       0.00      1          0          0          0          0          0          0          0          0          0
  dualinfer        :       0.00       0.00      0          0          0          0          0          0          0          0          0          0
  dualsparsify     :       0.00       0.00      1          0          0          0          0          0          0          0          0          0
  gateextraction   :       0.00       0.00      0          0          0          0          0          0          0          0          0          0
  implics          :       0.00       0.00      1          0          0          0          0          0          0          0          0          0
  inttobinary      :       0.00       0.00      0          0          0          0          0          0          0          0          0          0
  qpkktref         :       0.00       0.00      0          0          0          0          0          0          0          0          0          0
  redvub           :       0.00       0.00      0          0          0          0          0          0          0          0          0          0
  sparsify         :       0.00       0.00      1          0          0          0          0          0          0          0          0          0
  stuffing         :       0.00       0.00      0          0          0          0          0          0          0          0          0          0
  trivial          :       0.00       0.00      2        190          0          0          0          0          0          0          0          0
  tworowbnd        :       0.00       0.00      0          0          0          0          0          0          0          0          0          0
  dualfix          :       0.00       0.00      2        190          0          0          0          0          0          0          0          0
  genvbounds       :       0.00       0.00      0          0          0          0          0          0          0          0          0          0
  probing          :       0.04       0.00      1          0          0          0          0          0          0          0          0          0
  pseudoobj        :       0.00       0.00      0          0          0          0          0          0          0          0          0          0
  symmetry         :       0.02       0.00      1          0          0          0          0          0          0          0          0          0
  vbounds          :       0.00       0.00      0          0          0          0          0          0          0          0          0          0
  linear           :       0.02       0.00      3          0          0          0          0          0          0          0          0          0
  nonlinear        :       0.11       0.03      4          0          0          0        400          0          0          0          0          0
  benders          :       0.00       0.00      0          0          0          0          0          0          0          0          0          0
  components       :       0.01       0.00      1          0          0          0          0          0          0          0          0          0
  root node        :          -          -      -          0          -          -       8081          -          -          -          -          -
Constraints        :     Number  MaxNumber  #Separate #Propagate    #EnfoLP    #EnfoRelax  #EnfoPS    #Check   #ResProp    Cutoffs    DomReds       Cuts    Applied      Conss   Children
  benderslp        :          0          0          0          0      16706          0          0       2020          0          0          0          0          0          0          0
  integral         :          0          0          0          0      16706          0          0       2020          0          0       4536          0          0          0      14504
  linear           :       3052+      3054         18     178335          8          0          0       2014          0        674    3767184          0          0          0          0
  nonlinear        :       1401       1401      35084     177661       9396          0          0       1717          0       1042    6798544     562568     560010          0          0
  benders          :          0          0          0          0          8          0          0          5          0          0          0          0          0          0          0
  countsols        :          0          0          0          0          8          0          0          5          0          0          0          0          0          0          0
  components       :          0          0          0          0          0          0          0          0          0          0          0          0          0          0          0
Constraint Timings :  TotalTime  SetupTime   Separate  Propagate     EnfoLP     EnfoPS     EnfoRelax   Check    ResProp    SB-Prop
  benderslp        :       0.02       0.00       0.00       0.00       0.02       0.00       0.00       0.00       0.00       0.00
  integral         :      43.75       0.00       0.00       0.00      43.74       0.00       0.00       0.01       0.00       0.00
  linear           :      31.36       0.00       0.01      30.96       0.00       0.00       0.00       0.27       0.00       0.12
  nonlinear        :     303.84       0.03     137.45     127.84      34.91       0.00       0.00       2.84       0.00       0.77
  benders          :       0.00       0.00       0.00       0.00       0.00       0.00       0.00       0.00       0.00       0.00
  countsols        :       0.00       0.00       0.00       0.00       0.00       0.00       0.00       0.00       0.00       0.00
  components       :       0.00       0.00       0.00       0.00       0.00       0.00       0.00       0.00       0.00       0.00
Propagators        : #Propagate   #ResProp    Cutoffs    DomReds
  dualfix          :          2          0          0          0
  genvbounds       :          0          0          0          0
  nlobbt           :          0          0          0          0
  obbt             :          0          0          0          0
  probing          :          0          0          0          0
  pseudoobj        :      76341          0          0         15
  redcost          :      38163          0          0        482
  rootredcost      :         12          0          0       6665
  symmetry         :          0          0          0          0
  vbounds          :      23471          0          0          0
Propagator Timings :  TotalTime  SetupTime   Presolve  Propagate    ResProp    SB-Prop
  dualfix          :       0.00       0.00       0.00       0.00       0.00       0.00
  genvbounds       :       0.11       0.00       0.00       0.11       0.00       0.00
  nlobbt           :       0.00       0.00       0.00       0.00       0.00       0.00
  obbt             :       0.00       0.00       0.00       0.00       0.00       0.00
  probing          :       0.04       0.00       0.04       0.00       0.00       0.00
  pseudoobj        :       0.23       0.00       0.00       0.22       0.00       0.01
  redcost          :       3.18       0.00       0.00       3.18       0.00       0.00
  rootredcost      :       0.16       0.00       0.00       0.16       0.00       0.00
  symmetry         :       0.12       0.00       0.02       0.09       0.00       0.01
  vbounds          :       0.19       0.00       0.00       0.19       0.00       0.00
Conflict Analysis  :       Time      Calls    Success    DomReds  Conflicts   Literals    Reconvs ReconvLits   Dualrays   Nonzeros   LP Iters   (pool size: [--,--])
  propagation      :       0.00          0          0          -          0        0.0          0        0.0          -          -          -
  infeasible LP    :       0.00          0          0          -          0        0.0          0        0.0         17      257.9          0
  bound exceed. LP :      13.97       2699         17          -          0        0.0          0        0.0          0        0.0      24223
  strong branching :       0.00          0          0          -          0        0.0          0        0.0          -          -          0
  pseudo solution  :       0.00          0          0          -          0        0.0          0        0.0          -          -          -
  applied globally :       0.00          -          -          0          0        0.0          -          -         17          -          -
  applied locally  :          -          -          -          0          0        0.0          -          -          0          -          -
Separators         :   ExecTime  SetupTime      Calls  RootCalls    Cutoffs    DomReds  FoundCuts ViaPoolAdd  DirectAdd    Applied ViaPoolApp  DirectApp      Conss
  cut pool         :       0.00          -          0          0          -          -          0          0          -          -          -          -          -    (maximal pool size:          0)
  aggregation      :       2.49       0.00        705         18          0          0          0          0          0          0          0          0          0
  > cmir           :          -          -          -          -          -          -          -          0          0          0          0          0          -
  > flowcover      :          -          -          -          -          -          -          -          0          0          0          0          0          -
  > knapsackcover  :          -          -          -          -          -          -          -          0          0          0          0          0          -
  cgmip            :       0.00       0.00          0          0          0          0          0          0          0          0          0          0          0
  clique           :       0.00       0.00          1          1          0          0          0          0          0          0          0          0          0
  closecuts        :       0.00       0.00          0          0          0          0          0          0          0          0          0          0          0
  convexproj       :       0.00       0.00          0          0          0          0          0          0          0          0          0          0          0
  disjunctive      :       0.00       0.00          0          0          0          0          0          0          0          0          0          0          0
  eccuts           :       0.00       0.00          0          0          0          0          0          0          0          0          0          0          0
  gauge            :       0.00       0.00          0          0          0          0          0          0          0          0          0          0          0
  gomory           :       2.88       0.00        678         10          0          0          0          0          0          0          0          0          0
  > gomorymi       :          -          -          -          -          -          -          -          0          0          0          0          0          -
  > strongcg       :          -          -          -          -          -          -          -          0          0          0          0          0          -
  impliedbounds    :       0.17       0.00        705         18          0          0          0          0          0          0          0          0          0
  interminor       :       0.00       0.00          0          0          0          0          0          0          0          0          0          0          0
  intobj           :       0.00       0.00          0          0          0          0          0          0          0          0          0          0          0
  mcf              :       0.01       0.00          2          2          0          0          0          0          0          0          0          0          0
  minor            :       0.00       0.00          0          0          0          0          0          0          0          0          0          0          0
  mixing           :       0.06       0.00        705         18          0          0          0          0          0          0          0          0          0
  oddcycle         :       0.00       0.00          0          0          0          0          0          0          0          0          0          0          0
  rapidlearning    :       0.00       0.00          0          0          0          0          0          0          0          0          0          0          0
  rlt              :       0.01       0.00         10         10          0          0          0          0          0          0          0          0          0
  zerohalf         :       0.74       0.00        686         18          0          0          0          0          0          0          0          0          0
Cutselectors       :   ExecTime  SetupTime      Calls  RootCalls   Selected     Forced   Filtered  RootSelec   RootForc   RootFilt 
  hybrid           :       0.37       0.00      34543         18     392337          0       2494       5369          0          0
Pricers            :   ExecTime  SetupTime      Calls       Vars
  problem variables:       0.00          -          0          0
Branching Rules    :   ExecTime  SetupTime   BranchLP  BranchExt   BranchPS    Cutoffs    DomReds       Cuts      Conss   Children
  allfullstrong    :       0.00       0.00          0          0          0          0          0          0          0          0
  cloud            :       0.00       0.00          0          0          0          0          0          0          0          0
  distribution     :       0.00       0.00          0          0          0          0          0          0          0          0
  fullstrong       :       0.00       0.00          0          0          0          0          0          0          0          0
  inference        :       0.00       0.00          0          0          0          0          0          0          0          0
  leastinf         :       0.00       0.00          0          0          0          0          0          0          0          0
  lookahead        :       0.00       0.00          0          0          0          0          0          0          0          0
  mostinf          :       0.00       0.00          0          0          0          0          0          0          0          0
  multaggr         :       0.00       0.00          0          0          0          0          0          0          0          0
  nodereopt        :       0.00       0.00          0          0          0          0          0          0          0          0
  pscost           :       0.00       0.00          0          0          0          0          0          0          0          0
  random           :       0.00       0.00          0          0          0          0          0          0          0          0
  relpscost        :      43.70       0.00       7310          0          0          0       4536          0          0      14504
  vanillafullstrong:       0.00       0.00          0          0          0          0          0          0          0          0
Primal Heuristics  :   ExecTime  SetupTime      Calls      Found       Best
  LP solutions     :       0.00          -          -          8          8
  relax solutions  :       0.00          -          -          0          0
  pseudo solutions :       0.00          -          -          0          0
  strong branching :       0.01          -          -          0          0
  actconsdiving    :       0.00       0.00          0          0          0
  adaptivediving   :       6.78       0.00         22          0          0
  alns             :       0.80       0.00          6          0          0
  bound            :       0.00       0.00          0          0          0
  clique           :       0.00       0.00          0          0          0
  coefdiving       :       0.00       0.00          0          0          0
  completesol      :       0.00       0.00          0          0          0
  conflictdiving   :      59.72       0.00        146          0          0
  crossover        :     163.22       0.00         11          1          1
  dins             :       0.00       0.00          0          0          0
  distributiondivin:      65.54       0.00        146          0          0
  dps              :       0.00       0.00          0          0          0
  dualval          :       0.00       0.00          0          0          0
  farkasdiving     :       0.01       0.00          0          0          0
  feaspump         :      20.67       0.00         14          0          0
  fixandinfer      :       0.00       0.00          0          0          0
  fracdiving       :      39.32       0.00        146          0          0
  gins             :       0.01       0.00          0          0          0
  guideddiving     :      40.59       0.00        145          0          0
  indicator        :       0.05       0.00          0          0          0
  indicatordiving  :       0.00       0.00          0          0          0
  intdiving        :       0.00       0.00          0          0          0
  intshifting      :       5.28       0.00         34          0          0
  linesearchdiving :      49.12       0.00        145          0          0
  localbranching   :       0.00       0.00          0          0          0
  locks            :       0.12       0.00          1          0          0
  lpface           :       0.02       0.00          0          0          0
  mpec             :       3.39       0.00          1          0          0
  multistart       :       0.00       0.00          0          0          0
  mutation         :       0.00       0.00          0          0          0
  nlpdiving        :      13.73       0.00          1          0          0
  objpscostdiving  :      45.44       0.00         18          0          0
  octane           :       0.00       0.00          0          0          0
  ofins            :       0.00       0.00          0          0          0
  oneopt           :       0.02       0.00         12          0          0
  padm             :       0.00       0.00          0          0          0
  proximity        :       0.00       0.00          0          0          0
  pscostdiving     :      45.76       0.00        146          0          0
  randrounding     :       0.77       0.00        372          0          0
  rens             :       0.00       0.00          0          0          0
  reoptsols        :       0.00       0.00          0          0          0
  repair           :       0.00       0.00          0          0          0
  rins             :      73.82       0.00          9          1          1
  rootsoldiving    :      29.86       0.00         35          0          0
  rounding         :       0.58       0.00       2439          0          0
  shiftandpropagate:       0.07       0.00          1          0          0
  shifting         :       1.06       0.00        742          0          0
  simplerounding   :       0.06       0.00          0          0          0
  subnlp           :      17.85       0.00         13          2          2
  trivial          :       0.00       0.00          2          0          0
  trivialnegation  :       0.00       0.00          0          0          0
  trustregion      :       0.00       0.00          0          0          0
  trysol           :       0.04       0.00          0          0          0
  twoopt           :       0.00       0.00          0          0          0
  undercover       :       1.21       0.00          1          0          0
  vbounds          :       0.00       0.00          0          0          0
  veclendiving     :      71.95       0.00        146          0          0
  zeroobj          :       0.00       0.00          0          0          0
  zirounding       :       0.05       0.00       1000          0          0
  other solutions  :          -          -          -          0          -
Diving (single)    :      Calls      Nodes   LP Iters Backtracks  Conflicts   MinDepth   MaxDepth   AvgDepth  RoundSols  NLeafSols  MinSolDpt  MaxSolDpt  AvgSolDpt
  actconsdiving    :          0          -          -          -          -          -          -          -          -          -          -          -          -
  coefdiving       :          0          -          -          -          -          -          -          -          -          -          -          -          -
  conflictdiving   :        146       2325     210046        264          0         26         50       38.5          0          -          -          -          -
  distributiondivin:        146       2109     198543        179          0         24         50       37.3          0          -          -          -          -
  farkasdiving     :          0          -          -          -          -          -          -          -          -          -          -          -          -
  fracdiving       :        146       3358     144642          3          0         38         50       46.8          0          -          -          -          -
  guideddiving     :        145       3409     159061         12          0         38         50       46.4          0          -          -          -          -
  indicatordiving  :          0          -          -          -          -          -          -          -          -          -          -          -          -
  linesearchdiving :        145       2961     184513         63          0         36         50       43.3          0          -          -          -          -
  pscostdiving     :        146       3750     180818          7          0         38         50       47.9          0          -          -          -          -
  veclendiving     :        146       2184     190984        561          1         24         50       33.5          0          -          -          -          -
Diving (adaptive)  :      Calls      Nodes   LP Iters Backtracks  Conflicts   MinDepth   MaxDepth   AvgDepth  RoundSols  NLeafSols  MinSolDpt  MaxSolDpt  AvgSolDpt
  actconsdiving    :          3         28       3669          4          0         29         35       31.3          0          -          -          -          -
  coefdiving       :          7         79       5900         17          0         25         47       31.1          0          -          -          -          -
  conflictdiving   :          0          -          -          -          -          -          -          -          -          -          -          -          -
  distributiondivin:          0          -          -          -          -          -          -          -          -          -          -          -          -
  farkasdiving     :          0          -          -          -          -          -          -          -          -          -          -          -          -
  fracdiving       :          5        155       7074          0          0         42         50       47.6          0          -          -          -          -
  guideddiving     :          1         24       1159          0          0         50         50       50.0          0          -          -          -          -
  indicatordiving  :          0          -          -          -          -          -          -          -          -          -          -          -          -
  linesearchdiving :          1         34       1731          0          0         49         49       49.0          0          -          -          -          -
  pscostdiving     :          3         81       4054          0          0         46         49       48.0          0          -          -          -          -
  veclendiving     :          2         19       1921          0          0         27         31       29.0          0          -          -          -          -
Neighborhoods      :      Calls  SetupTime  SolveTime SolveNodes       Sols       Best       Exp3  EpsGreedy        UCB TgtFixRate  Opt  Inf Node Stal  Sol  Usr Othr Actv
  rens             :          0       0.00       0.00          0          0          0    0.00000   -1.00000    1.00000      0.900    0    0    0    0    0    0    0    1
  rins             :          1       0.04       0.12          0          0          0    0.00000   -1.00000    1.00000      0.900    0    0    0    0    0    0    1    1
  mutation         :          0       0.00       0.00          0          0          0    0.00000   -1.00000    1.00000      0.900    0    0    0    0    0    0    0    1
  localbranching   :          1       0.02       0.07          0          0          0    0.00000   -1.00000    1.00000      0.900    0    0    0    0    0    0    1    1
  crossover        :          1       0.04       0.13          0          0          0    0.00000   -1.00000    1.00000      0.900    0    0    0    0    0    0    1    1
  proximity        :          1       0.04       0.16          0          0          0    0.00000   -1.00000    1.00000      0.900    0    0    0    0    0    0    1    1
  zeroobjective    :          1       0.01       0.00          0          0          0    0.00000   -1.00000    1.00000      0.900    0    0    0    0    0    0    1    1
  dins             :          1       0.02       0.07          0          0          0    0.00000   -1.00000    1.00000      0.900    0    0    0    0    0    0    1    1
  trustregion      :          0       0.00       0.00          0          0          0    0.00000   -1.00000    1.00000      0.900    0    0    0    0    0    0    0    0
Expressions        :   #IntEval  IntEvalTi   #RevProp  RevPropTi    DomReds    Cutoffs  #Estimate  EstimTime  Branching  #Simplify SimplifyTi Simplified
  pow              :   17482118       4.93    6441656       2.13    9087796          0     320597       0.21          0       3240       0.01          0
  prod             :   12754116       4.90      63486       0.02        401          0          0       0.00          0       2002       0.00       1000
  sum              :   16336931       4.93   11378009       4.87     754434        191        401       0.00          0       3202       0.00        401
  var              :   36230750       9.78          0       0.00          0          0          0       0.00          0       8041       0.00          0
  varidx           :          0       0.00          0       0.00          0          0          0       0.00          0          0       0.00          0
Nonlinear Conshdlr :   WeakSepa  TightenLP DespTghtLP DespBranch DespCutoff    ForceLP  CanonTime
  enforce          :     119617          0          0          0          0          0
  presolve         :                                                                         0.06
Nlhdlrs            :    Detects  DetectAll DetectTime   #IntEval  IntEvalTi   #RevProp  RevPropTi    DomReds    Cutoffs   #Enforce   EnfoTime       Cuts  Branching
  soc              :       1000       1000       0.00          0       0.00          0       0.00          0          0   24006657      53.91     214329          0
  convex           :          1          1       0.00          0       0.00          0       0.00          0          0      28044       0.33      28042          0
  concave          :          0          0       0.00          0       0.00          0       0.00          0          0          0       0.00          0          0
  quotient         :          0          0       0.00          0       0.00          0       0.00          0          0          0       0.00          0          0
  quadratic        :          0          0       0.00          0       0.00          0       0.00          0          0          0       0.00          0          0
  default          :       6693      33465       0.01   46567539      34.93   17891764      44.58    9842631        191     320998       0.77     320197          0
  bilinear         :          0          0       0.00          0       0.00          0       0.00          0          0          0       0.00          0          0
  perspective      :          0          0       0.00          0       0.00          0       0.00          0          0          0       0.00          0          0
LP                 :       Time      Calls Iterations  Iter/call   Iter/sec  Time-0-It Calls-0-It    ItLimit
  primal LP        :    1045.98       8818          0       0.00       0.00    1045.93       8818
  dual LP          :    1385.07      54429    5196418      96.62    3751.74       0.50        646
  lex dual LP      :       0.00          0          0       0.00          -
  barrier LP       :       0.00          0          0       0.00          -       0.00          0
  resolve instable :       0.00          0          0       0.00          -
  diving/probing LP:     329.60       9211    1557026     169.04    4723.99
  strong branching :      38.88        259     140216     541.37    3606.38          -          -        163
    (at root node) :          -         19       9634     507.05          -
  conflict analysis:       5.96       2446      24223       9.90    4064.26
NLP relaxation     :
  solve time       :      13.64 (8 calls)
  convexity        :  nonconvex (252 linear rows, 401 convex ineq., 1000 nonconvex ineq., 0 nonlinear eq. or two-sided ineq.)
NLP Solvers        :  #Problems  ProblemTi    #Solves  SolveTime      #Iter  Time/Iter      #Okay #TimeLimit #IterLimit #LObjLimit #Interrupt  #NumError #EvalError  #OutOfMem #LicenseEr #OtherTerm   #GlobOpt    #LocOpt  #Feasible #LocInfeas #GlobInfea #Unbounded   #Unknown
  ipopt            :         15      12.59         22      32.22       1114       0.03         13          0          9          0          0          0          0          0          0          0          0          7          2          5          0          0          8
B&B Tree           :
  number of runs   :          1
  nodes            :       9247 (7252 internal, 1995 leaves)
  feasible leaves  :          8
  infeas. leaves   :          0
  objective leaves :       1986
  nodes (total)    :       9247 (7252 internal, 1995 leaves)
  nodes left       :       5251
  max depth        :         39
  max depth (total):         39
  backtracks       :       2092 (22.6%)
  early backtracks :          0 (0.0%)
  nodes exc. ref.  :          0 (0.0%)
  delayed cutoffs  :          0
  repropagations   :         14 (0 domain reductions, 0 cutoffs)
  avg switch length:       7.35
  switching time   :     983.95
Estim. Tree Size   :      18508
Estimation Tree    : 14505 nodes (9254 visited, 7252 internal, 2002 leaves, 5251 open), weight: 0.0000 completed 0.1567
Estimations        :      estim      value      trend resolution     smooth
  wbe              : 1072035496          -          -          -          -
  tree-profile     :         -1          -          -          -          -
  gap              :     323707    0.72846    0.00000          2     307368
  tree-weight      :      18508    0.00000    0.00000          2      18505
  leaf-frequency   :      37569    0.21628    0.00003          2      39436
  ssg              :     136889    0.75255   -0.00002          2     132568
  open-nodes       :      18508 5251.00000    1.01845          2      18505
Root Node          :
  First LP value   : -9.77459045143242e-01
  First LP Iters   :       8902 (7674.14 Iter/sec)
  First LP Time    :       1.16
  Final Dual Bound : -4.28206880433918e-01
  Final Root Iters :      22654
  Root LP Estimate : -2.61549619758577e-01
Solution           :
  Solutions found  :         12 (12 improvements)
  First Solution   : -2.30051909462214e-01   (in run 1, after 1 nodes, 5.35 seconds, depth 0, found by <feaspump>)
  Gap First Sol.   :     324.89 %
  Gap Last Sol.    :      40.75 %
  Primal Bound     : -2.78294638741362e-01   (in run 1, after 4289 nodes, 2018.34 seconds, depth 29, found by <relaxation>)
  Dual Bound       : -3.82030234822643e-01
  Gap              :      37.28 %
Integrals          :      Total       Avg%
  primal-dual      :  112686.33      31.30
  primal-ref       :          -          - (not evaluated)
  dual-ref         :          -          - (not evaluated)
