SCIP Status        : solving was interrupted [time limit reached]
Total Time         :    3600.08
  solving          :    3600.00
  presolving       :       0.64 (included in solving)
  reading          :       0.08
  copying          :       0.37 (10 #copies) (minimal 0.03, maximal 0.04, average 0.04)
Original Problem   :
  Problem name     : benchmark/normal_70_28_31.design
  Variables        : 6371 (70 binary, 0 integer, 0 implicit integer, 6301 continuous)
  Constraints      : 8697 initial, 8697 maximal
  Objective        : minimize, 1 non-zeros (abs.min = 1, abs.max = 1)
Presolved Problem  :
  Problem name     : t_benchmark/normal_70_28_31.design
  Variables        : 9145 (70 binary, 0 integer, 0 implicit integer, 9075 continuous)
  Constraints      : 8697 initial, 8697 maximal
  Objective        : minimize, 1 non-zeros (abs.min = 1, abs.max = 1)
  Nonzeros         : 54154 constraint, 0 clique table
Presolvers         :   ExecTime  SetupTime  Calls  FixedVars   AggrVars   ChgTypes  ChgBounds   AddHoles    DelCons    AddCons   ChgSides   ChgCoefs
  boundshift       :       0.00       0.00      0          0          0          0          0          0          0          0          0          0
  convertinttobin  :       0.00       0.00      0          0          0          0          0          0          0          0          0          0
  domcol           :       0.00       0.00      1          0          0          0          0          0          0          0          0          0
  dualagg          :       0.00       0.00      0          0          0          0          0          0          0          0          0          0
  dualcomp         :       0.00       0.00      1          0          0          0          0          0          0          0          0          0
  dualinfer        :       0.00       0.00      0          0          0          0          0          0          0          0          0          0
  dualsparsify     :       0.00       0.00      1          0          0          0          0          0          0          0          0          0
  gateextraction   :       0.00       0.00      0          0          0          0          0          0          0          0          0          0
  implics          :       0.00       0.00      1          0          0          0          0          0          0          0          0          0
  inttobinary      :       0.00       0.00      0          0          0          0          0          0          0          0          0          0
  qpkktref         :       0.00       0.00      0          0          0          0          0          0          0          0          0          0
  redvub           :       0.00       0.00      0          0          0          0          0          0          0          0          0          0
  sparsify         :       0.00       0.00      1          0          0          0          0          0          0          0          0          0
  stuffing         :       0.00       0.00      0          0          0          0          0          0          0          0          0          0
  trivial          :       0.00       0.00      2        378          0          0          0          0          0          0          0          0
  tworowbnd        :       0.00       0.00      0          0          0          0          0          0          0          0          0          0
  dualfix          :       0.00       0.00      2        378          0          0          0          0          0          0          0          0
  genvbounds       :       0.00       0.00      0          0          0          0          0          0          0          0          0          0
  probing          :       0.14       0.01      1          0          0          0          0          0          0          0          0          0
  pseudoobj        :       0.00       0.00      0          0          0          0          0          0          0          0          0          0
  symmetry         :       0.06       0.00      1          0          0          0          0          0          0          0          0          0
  vbounds          :       0.00       0.00      0          0          0          0          0          0          0          0          0          0
  linear           :       0.06       0.01      3          0          0          0          0          0          0          0          0          0
  nonlinear        :       0.34       0.07      4          0          0          0        784          0          0          0          0          0
  benders          :       0.00       0.00      0          0          0          0          0          0          0          0          0          0
  components       :       0.00       0.00      1          0          0          0          0          0          0          0          0          0
  root node        :          -          -      -          0          -          -       9442          -          -          -          -          -
Constraints        :     Number  MaxNumber  #Separate #Propagate    #EnfoLP    #EnfoRelax  #EnfoPS    #Check   #ResProp    Cutoffs    DomReds       Cuts    Applied      Conss   Children
  benderslp        :          0          0          0          0        393          0          0        157          0          0          0          0          0          0          0
  integral         :          0          0          0          0        393          0          0        157          0          0      11366          0          0          0        692
  linear           :       5952       5952         19      22064          0          0          0        151          0        681     155274          0          0          0          0
  nonlinear        :       2745       2745       1291      21383          0          0          0         56          0       2367     273957     718585     140022          0          0
  benders          :          0          0          0          0          0          0          0          4          0          0          0          0          0          0          0
  countsols        :          0          0          0          0          0          0          0          4          0          0          0          0          0          0          0
  components       :          0          0          0          0          0          0          0          0          0          0          0          0          0          0          0
Constraint Timings :  TotalTime  SetupTime   Separate  Propagate     EnfoLP     EnfoPS     EnfoRelax   Check    ResProp    SB-Prop
  benderslp        :       0.00       0.00       0.00       0.00       0.00       0.00       0.00       0.00       0.00       0.00
  integral         :     301.97       0.00       0.00       0.00     301.97       0.00       0.00       0.00       0.00       0.00
  linear           :       3.30       0.01       0.03       2.57       0.00       0.00       0.00       0.25       0.00       0.44
  nonlinear        :      25.35       0.07      11.60      11.68       0.00       0.00       0.00       0.24       0.00       1.76
  benders          :       0.00       0.00       0.00       0.00       0.00       0.00       0.00       0.00       0.00       0.00
  countsols        :       0.00       0.00       0.00       0.00       0.00       0.00       0.00       0.00       0.00       0.00
  components       :       0.01       0.00       0.00       0.01       0.00       0.00       0.00       0.00       0.00       0.00
Propagators        : #Propagate   #ResProp    Cutoffs    DomReds
  dualfix          :          2          0          0          0
  genvbounds       :          0          0          0          0
  nlobbt           :          0          0          0          0
  obbt             :          0          0          0          0
  probing          :          0          0          0          0
  pseudoobj        :       3340          0          0         11
  redcost          :       2158          0          0         36
  rootredcost      :          3          0          0       6686
  symmetry         :          0          0          0          0
  vbounds          :       1783          0          0          0
Propagator Timings :  TotalTime  SetupTime   Presolve  Propagate    ResProp    SB-Prop
  dualfix          :       0.00       0.00       0.00       0.00       0.00       0.00
  genvbounds       :       0.00       0.00       0.00       0.00       0.00       0.00
  nlobbt           :       0.00       0.00       0.00       0.00       0.00       0.00
  obbt             :       0.00       0.00       0.00       0.00       0.00       0.00
  probing          :       0.15       0.01       0.14       0.00       0.00       0.00
  pseudoobj        :       0.01       0.00       0.00       0.01       0.00       0.00
  redcost          :       0.69       0.00       0.00       0.68       0.00       0.01
  rootredcost      :       0.06       0.00       0.00       0.04       0.00       0.02
  symmetry         :       0.08       0.00       0.06       0.02       0.00       0.00
  vbounds          :       0.02       0.00       0.00       0.02       0.00       0.00
Conflict Analysis  :       Time      Calls    Success    DomReds  Conflicts   Literals    Reconvs ReconvLits   Dualrays   Nonzeros   LP Iters   (pool size: [--,--])
  propagation      :       0.00          0          0          -          0        0.0          0        0.0          -          -          -
  infeasible LP    :       0.00          0          0          -          0        0.0          0        0.0          0        0.0          0
  bound exceed. LP :       0.72        161          0          -          0        0.0          0        0.0          0        0.0        130
  strong branching :       0.00          0          0          -          0        0.0          0        0.0          -          -          0
  pseudo solution  :       0.00          0          0          -          0        0.0          0        0.0          -          -          -
  applied globally :       0.00          -          -          0          0        0.0          -          -          0          -          -
  applied locally  :          -          -          -          0          0        0.0          -          -          0          -          -
Separators         :   ExecTime  SetupTime      Calls  RootCalls    Cutoffs    DomReds  FoundCuts ViaPoolAdd  DirectAdd    Applied ViaPoolApp  DirectApp      Conss
  cut pool         :       0.00          -          0          0          -          -          0          0          -          -          -          -          -    (maximal pool size:          0)
  aggregation      :       0.82       0.00         31         19          0          0          0          0          0          0          0          0          0
  > cmir           :          -          -          -          -          -          -          -          0          0          0          0          0          -
  > flowcover      :          -          -          -          -          -          -          -          0          0          0          0          0          -
  > knapsackcover  :          -          -          -          -          -          -          -          0          0          0          0          0          -
  cgmip            :       0.00       0.00          0          0          0          0          0          0          0          0          0          0          0
  clique           :       0.00       0.00          1          1          0          0          0          0          0          0          0          0          0
  closecuts        :       0.00       0.00          0          0          0          0          0          0          0          0          0          0          0
  convexproj       :       0.00       0.00          0          0          0          0          0          0          0          0          0          0          0
  disjunctive      :       0.00       0.00          0          0          0          0          0          0          0          0          0          0          0
  eccuts           :       0.00       0.00          0          0          0          0          0          0          0          0          0          0          0
  gauge            :       0.00       0.00          0          0          0          0          0          0          0          0          0          0          0
  gomory           :       0.21       0.00         22         10          0          0          0          0          0          0          0          0          0
  > gomorymi       :          -          -          -          -          -          -          -          0          0          0          0          0          -
  > strongcg       :          -          -          -          -          -          -          -          0          0          0          0          0          -
  impliedbounds    :       0.03       0.00         31         19          0          0          0          0          0          0          0          0          0
  interminor       :       0.00       0.00          0          0          0          0          0          0          0          0          0          0          0
  intobj           :       0.00       0.00          0          0          0          0          0          0          0          0          0          0          0
  mcf              :       0.03       0.00          2          2          0          0          0          0          0          0          0          0          0
  minor            :       0.00       0.00          0          0          0          0          0          0          0          0          0          0          0
  mixing           :       0.00       0.00         31         19          0          0          0          0          0          0          0          0          0
  oddcycle         :       0.00       0.00          0          0          0          0          0          0          0          0          0          0          0
  rapidlearning    :       0.00       0.00          0          0          0          0          0          0          0          0          0          0          0
  rlt              :       0.02       0.00         10         10          0          0          0          0          0          0          0          0          0
  zerohalf         :       0.11       0.00         31         19          0          0          0          0          0          0          0          0          0
Cutselectors       :   ExecTime  SetupTime      Calls  RootCalls   Selected     Forced   Filtered  RootSelec   RootForc   RootFilt 
  hybrid           :       2.73       0.00       1290         18     140022          0     578563      20373          0       4565
Pricers            :   ExecTime  SetupTime      Calls       Vars
  problem variables:       0.00          -          0          0
Branching Rules    :   ExecTime  SetupTime   BranchLP  BranchExt   BranchPS    Cutoffs    DomReds       Cuts      Conss   Children
  allfullstrong    :       0.00       0.00          0          0          0          0          0          0          0          0
  cloud            :       0.00       0.00          0          0          0          0          0          0          0          0
  distribution     :       0.00       0.00          0          0          0          0          0          0          0          0
  fullstrong       :       0.00       0.00          0          0          0          0          0          0          0          0
  inference        :       0.00       0.00          0          0          0          0          0          0          0          0
  leastinf         :       0.00       0.00          0          0          0          0          0          0          0          0
  lookahead        :       0.00       0.00          0          0          0          0          0          0          0          0
  mostinf          :       0.00       0.00          0          0          0          0          0          0          0          0
  multaggr         :       0.00       0.00          0          0          0          0          0          0          0          0
  nodereopt        :       0.00       0.00          0          0          0          0          0          0          0          0
  pscost           :       0.00       0.00          0          0          0          0          0          0          0          0
  random           :       0.00       0.00          0          0          0          0          0          0          0          0
  relpscost        :     301.97       0.00        393          0          0          0      11366          0          0        692
  vanillafullstrong:       0.00       0.00          0          0          0          0          0          0          0          0
Primal Heuristics  :   ExecTime  SetupTime      Calls      Found       Best
  LP solutions     :       0.00          -          -          0          0
  relax solutions  :       0.00          -          -          0          0
  pseudo solutions :       0.00          -          -          0          0
  strong branching :       0.00          -          -          0          0
  actconsdiving    :       0.00       0.00          0          0          0
  adaptivediving   :      18.93       0.00          3          0          0
  alns             :       1.87       0.00          5          0          0
  bound            :       0.00       0.00          0          0          0
  clique           :       0.00       0.00          0          0          0
  coefdiving       :       0.00       0.00          0          0          0
  completesol      :       0.00       0.00          0          0          0
  conflictdiving   :       0.00       0.00          0          0          0
  crossover        :     486.69       0.00          1          0          0
  dins             :       0.00       0.00          0          0          0
  distributiondivin:      21.20       0.00          2          0          0
  dps              :       0.00       0.00          0          0          0
  dualval          :       0.00       0.00          0          0          0
  farkasdiving     :       0.00       0.00          0          0          0
  feaspump         :      12.20       0.00          1          0          0
  fixandinfer      :       0.00       0.00          0          0          0
  fracdiving       :      11.08       0.00          2          0          0
  gins             :       0.01       0.00          0          0          0
  guideddiving     :      15.14       0.00          2          0          0
  indicator        :       0.00       0.00          0          0          0
  indicatordiving  :       0.00       0.00          0          0          0
  intdiving        :       0.00       0.00          0          0          0
  intshifting      :       3.12       0.00          2          0          0
  linesearchdiving :      16.46       0.00          2          0          0
  localbranching   :       0.00       0.00          0          0          0
  locks            :       0.30       0.00          1          0          0
  lpface           :       0.00       0.00          0          0          0
  mpec             :     312.46       0.00         11          0          0
  multistart       :       0.00       0.00          0          0          0
  mutation         :       0.00       0.00          0          0          0
  nlpdiving        :       2.15       0.00          1          0          0
  objpscostdiving  :      47.90       0.00          1          0          0
  octane           :       0.00       0.00          0          0          0
  ofins            :       0.00       0.00          0          0          0
  oneopt           :       0.02       0.00          3          0          0
  padm             :       0.00       0.00          0          0          0
  proximity        :       0.00       0.00          0          0          0
  pscostdiving     :      17.06       0.00          2          0          0
  randrounding     :       1.17       0.00        111          0          0
  rens             :       0.00       0.00          0          0          0
  reoptsols        :       0.00       0.00          0          0          0
  repair           :       0.00       0.00          0          0          0
  rins             :     134.70       0.00          4          0          0
  rootsoldiving    :      19.61       0.00          1          0          0
  rounding         :       0.67       0.00        517          0          0
  shiftandpropagate:       0.19       0.00          1          0          0
  shifting         :       1.76       0.00        135          0          0
  simplerounding   :       0.00       0.00          0          0          0
  subnlp           :      15.88       0.00          7          3          3
  trivial          :       0.02       0.00          2          0          0
  trivialnegation  :       0.00       0.00          0          0          0
  trustregion      :       0.00       0.00          0          0          0
  trysol           :       0.00       0.00          0          0          0
  twoopt           :       0.00       0.00          0          0          0
  undercover       :       3.40       0.00          1          0          0
  vbounds          :       0.00       0.00          0          0          0
  veclendiving     :       5.71       0.00          2          0          0
  zeroobj          :       0.00       0.00          0          0          0
  zirounding       :       0.10       0.00        346          0          0
  other solutions  :          -          -          -          0          -
Diving (single)    :      Calls      Nodes   LP Iters Backtracks  Conflicts   MinDepth   MaxDepth   AvgDepth  RoundSols  NLeafSols  MinSolDpt  MaxSolDpt  AvgSolDpt
  actconsdiving    :          0          -          -          -          -          -          -          -          -          -          -          -          -
  coefdiving       :          0          -          -          -          -          -          -          -          -          -          -          -          -
  conflictdiving   :          0          -          -          -          -          -          -          -          -          -          -          -          -
  distributiondivin:          2        119      20496         30          0         34         70       52.0          0          -          -          -          -
  farkasdiving     :          0          -          -          -          -          -          -          -          -          -          -          -          -
  fracdiving       :          2        121      15701          0          0         67         67       67.0          0          -          -          -          -
  guideddiving     :          2        103      18827          0          0         67         70       68.5          0          -          -          -          -
  indicatordiving  :          0          -          -          -          -          -          -          -          -          -          -          -          -
  linesearchdiving :          2        116      29676          0          0         66         67       66.5          0          -          -          -          -
  pscostdiving     :          2        120      23289          0          0         67         69       68.0          0          -          -          -          -
  veclendiving     :          2         58       8789          0          0         33         37       35.0          0          -          -          -          -
Diving (adaptive)  :      Calls      Nodes   LP Iters Backtracks  Conflicts   MinDepth   MaxDepth   AvgDepth  RoundSols  NLeafSols  MinSolDpt  MaxSolDpt  AvgSolDpt
  actconsdiving    :          0          -          -          -          -          -          -          -          -          -          -          -          -
  coefdiving       :          2         82      18583         13          0         32         51       41.5          0          -          -          -          -
  conflictdiving   :          0          -          -          -          -          -          -          -          -          -          -          -          -
  distributiondivin:          0          -          -          -          -          -          -          -          -          -          -          -          -
  farkasdiving     :          0          -          -          -          -          -          -          -          -          -          -          -          -
  fracdiving       :          0          -          -          -          -          -          -          -          -          -          -          -          -
  guideddiving     :          0          -          -          -          -          -          -          -          -          -          -          -          -
  indicatordiving  :          0          -          -          -          -          -          -          -          -          -          -          -          -
  linesearchdiving :          1         68      12473          9          0         70         70       70.0          0          -          -          -          -
  pscostdiving     :          0          -          -          -          -          -          -          -          -          -          -          -          -
  veclendiving     :          0          -          -          -          -          -          -          -          -          -          -          -          -
Neighborhoods      :      Calls  SetupTime  SolveTime SolveNodes       Sols       Best       Exp3  EpsGreedy        UCB TgtFixRate  Opt  Inf Node Stal  Sol  Usr Othr Actv
  rens             :          0       0.00       0.00          0          0          0    0.00000   -1.00000    1.00000      0.900    0    0    0    0    0    0    0    1
  rins             :          1       0.09       0.34          0          0          0    0.00000   -1.00000    1.00000      0.900    0    0    0    0    0    0    1    1
  mutation         :          1       0.07       0.31          0          0          0    0.00000   -1.00000    1.00000      0.900    0    0    0    0    0    0    1    1
  localbranching   :          1       0.09       0.32          0          0          0    0.00000   -1.00000    1.00000      0.900    0    0    0    0    0    0    1    1
  crossover        :          1       0.09       0.35          0          0          0    0.00000   -1.00000    1.00000      0.900    0    0    0    0    0    0    1    1
  proximity        :          0       0.00       0.00          0          0          0    0.00000   -1.00000    1.00000      0.900    0    0    0    0    0    0    0    1
  zeroobjective    :          1       0.03       0.00          0          0          0    0.00000   -1.00000    1.00000      0.900    0    0    0    0    0    0    1    1
  dins             :          0       0.00       0.00          0          0          0    0.00000   -1.00000    1.00000      0.900    0    0    0    0    0    0    0    1
  trustregion      :          0       0.00       0.00          0          0          0    0.00000   -1.00000    1.00000      0.900    0    0    0    0    0    0    0    0
Expressions        :   #IntEval  IntEvalTi   #RevProp  RevPropTi    DomReds    Cutoffs  #Estimate  EstimTime  Branching  #Simplify SimplifyTi Simplified
  pow              :    1395973       0.44     538514       0.23     789951          0      39108       0.01          0       6328       0.00          0
  prod             :    1149567       0.45       8775       0.00        913          0          0       0.00          0       3922       0.00       1960
  sum              :    1329499       0.47     950589       0.58      52307        467        785       0.00          0       6274       0.01        785
  var              :    3247717       1.02          0       0.00          0          0          0       0.00          0      15737       0.00          0
  varidx           :          0       0.00          0       0.00          0          0          0       0.00          0          0       0.00          0
Nonlinear Conshdlr :   WeakSepa  TightenLP DespTghtLP DespBranch DespCutoff    ForceLP  CanonTime
  enforce          :          0          0          0          0          0          0
  presolve         :                                                                         0.23
Nlhdlrs            :    Detects  DetectAll DetectTime   #IntEval  IntEvalTi   #RevProp  RevPropTi    DomReds    Cutoffs   #Enforce   EnfoTime       Cuts  Branching
  soc              :       1960       1960       0.00          0       0.00          0       0.00          0          0    1530129       3.95     679075          0
  convex           :          1          1       0.01          0       0.00          0       0.00          0          0       1187       0.00       1186          0
  concave          :          0          0       0.02          0       0.00          0       0.00          0          0          0       0.00          0          0
  quotient         :          0          0       0.01          0       0.00          0       0.00          0          0          0       0.00          0          0
  quadratic        :          0          0       0.02          0       0.00          0       0.00          0          0          0       0.00          0          0
  default          :      13065      65325       0.00    3863917       3.29    1514639       4.63     843171        467      39893       0.13      38324          0
  bilinear         :          0          0       0.00          0       0.00          0       0.00          0          0          0       0.00          0          0
  perspective      :          0          0       0.02          0       0.00          0       0.00          0          0          0       0.00          0          0
LP                 :       Time      Calls Iterations  Iter/call   Iter/sec  Time-0-It Calls-0-It    ItLimit
  primal LP        :     394.21        355          0       0.00       0.00     394.21        355
  dual LP          :    1722.12       2009    1619356     843.85     940.33       0.91         90
  lex dual LP      :       0.00          0          0       0.00          -
  barrier LP       :       0.00          0          0       0.00          -       0.00          0
  resolve instable :       0.00          0          0       0.00          -
  diving/probing LP:     178.90        282     228012     808.55    1274.52
  strong branching :     296.03        365     305963     838.25    1033.55          -          -        543
    (at root node) :          -         34      34000    1000.00          -
  conflict analysis:       0.12         13        130      10.00    1083.33
NLP relaxation     :
  solve time       :       2.13 (1 calls)
  convexity        :  nonconvex (464 linear rows, 785 convex ineq., 1960 nonconvex ineq., 0 nonlinear eq. or two-sided ineq.)
NLP Solvers        :  #Problems  ProblemTi    #Solves  SolveTime      #Iter  Time/Iter      #Okay #TimeLimit #IterLimit #LObjLimit #Interrupt  #NumError #EvalError  #OutOfMem #LicenseEr #OtherTerm   #GlobOpt    #LocOpt  #Feasible #LocInfeas #GlobInfea #Unbounded   #Unknown
  ipopt            :         19       1.16         19     327.06       4175       0.08         10          0          9          0          0          0          0          0          0          0          0          4          0          5          0          0         10
B&B Tree           :
  number of runs   :          1
  nodes            :        594 (346 internal, 248 leaves)
  feasible leaves  :          0
  infeas. leaves   :          0
  objective leaves :        247
  nodes (total)    :        594 (346 internal, 248 leaves)
  nodes left       :        100
  max depth        :         52
  max depth (total):         52
  backtracks       :         97 (16.3%)
  early backtracks :          0 (0.0%)
  nodes exc. ref.  :          0 (0.0%)
  delayed cutoffs  :          0
  repropagations   :          2 (0 domain reductions, 0 cutoffs)
  avg switch length:       3.25
  switching time   :     381.62
Estim. Tree Size   :       1186
Estimation Tree    : 693 nodes (593 visited, 346 internal, 247 leaves, 100 open), weight: 0.0000 completed 0.0110
Estimations        :      estim      value      trend resolution     smooth
  wbe              : 8528498435663          -          -          -          -
  tree-profile     :         -1          -          -          -          -
  gap              :       1186    0.81201    0.00000          1       1183
  tree-weight      :       1186    0.00000    0.00000          1       1183
  leaf-frequency   :      15722    0.41568    0.00001          1      12088
  ssg              :    1881142    0.98259   -0.00000          1    1785036
  open-nodes       :       1186  100.00000    0.12975          1       1227
Root Node          :
  First LP value   : -1.20402254973262e+00
  First LP Iters   :      23027 (2705.88 Iter/sec)
  First LP Time    :       8.51
  Final Dual Bound : -3.63857075627252e-01
  Final Root Iters :      84285
  Root LP Estimate : +2.85016930638764e+00
Solution           :
  Solutions found  :          3 (3 improvements)
  First Solution   : -2.57569469819009e-01   (in run 1, after 1 nodes, 26.94 seconds, depth 0, found by <feaspump>)
  Gap First Sol.   :     367.46 %
  Gap Last Sol.    :      23.90 %
  Primal Bound     : -2.93674165622711e-01   (in run 1, after 9 nodes, 337.31 seconds, depth 4, found by <fracdiving>)
  Dual Bound       : -3.61664644414755e-01
  Gap              :      23.15 %
Integrals          :      Total       Avg%
  primal-dual      :   75018.82      20.84
  primal-ref       :          -          - (not evaluated)
  dual-ref         :          -          - (not evaluated)
