SCIP Status        : solving was interrupted [time limit reached]
Total Time         :    3600.07
  solving          :    3600.00
  presolving       :       0.77 (included in solving)
  reading          :       0.07
  copying          :       0.35 (11 #copies) (minimal 0.02, maximal 0.05, average 0.03)
Original Problem   :
  Problem name     : benchmark/normal_60_36_36.design
  Variables        : 8305 (60 binary, 0 integer, 0 implicit integer, 8245 continuous)
  Constraints      : 11109 initial, 11109 maximal
  Objective        : minimize, 1 non-zeros (abs.min = 1, abs.max = 1)
Presolved Problem  :
  Problem name     : t_benchmark/normal_60_36_36.design
  Variables        : 11799 (60 binary, 0 integer, 0 implicit integer, 11739 continuous)
  Constraints      : 11109 initial, 11109 maximal
  Objective        : minimize, 1 non-zeros (abs.min = 1, abs.max = 1)
  Nonzeros         : 71576 constraint, 0 clique table
Presolvers         :   ExecTime  SetupTime  Calls  FixedVars   AggrVars   ChgTypes  ChgBounds   AddHoles    DelCons    AddCons   ChgSides   ChgCoefs
  boundshift       :       0.00       0.00      0          0          0          0          0          0          0          0          0          0
  convertinttobin  :       0.00       0.00      0          0          0          0          0          0          0          0          0          0
  domcol           :       0.00       0.00      1          0          0          0          0          0          0          0          0          0
  dualagg          :       0.00       0.00      0          0          0          0          0          0          0          0          0          0
  dualcomp         :       0.00       0.00      1          0          0          0          0          0          0          0          0          0
  dualinfer        :       0.00       0.00      0          0          0          0          0          0          0          0          0          0
  dualsparsify     :       0.00       0.00      1          0          0          0          0          0          0          0          0          0
  gateextraction   :       0.00       0.00      0          0          0          0          0          0          0          0          0          0
  implics          :       0.00       0.00      1          0          0          0          0          0          0          0          0          0
  inttobinary      :       0.00       0.00      0          0          0          0          0          0          0          0          0          0
  qpkktref         :       0.00       0.00      0          0          0          0          0          0          0          0          0          0
  redvub           :       0.00       0.00      0          0          0          0          0          0          0          0          0          0
  sparsify         :       0.00       0.00      1          0          0          0          0          0          0          0          0          0
  stuffing         :       0.00       0.00      0          0          0          0          0          0          0          0          0          0
  trivial          :       0.01       0.00      2        630          0          0          0          0          0          0          0          0
  tworowbnd        :       0.00       0.00      0          0          0          0          0          0          0          0          0          0
  dualfix          :       0.00       0.00      2        630          0          0          0          0          0          0          0          0
  genvbounds       :       0.00       0.00      0          0          0          0          0          0          0          0          0          0
  probing          :       0.20       0.00      1          0          0          0          0          0          0          0          0          0
  pseudoobj        :       0.00       0.00      0          0          0          0          0          0          0          0          0          0
  symmetry         :       0.10       0.00      1          0          0          0          0          0          0          0          0          0
  vbounds          :       0.00       0.00      0          0          0          0          0          0          0          0          0          0
  linear           :       0.05       0.02      3          0          0          0          0          0          0          0          0          0
  nonlinear        :       0.35       0.10      4          0          0          0       1296          0          0          0          0          0
  benders          :       0.00       0.00      0          0          0          0          0          0          0          0          0          0
  components       :       0.01       0.00      1          0          0          0          0          0          0          0          0          0
  root node        :          -          -      -          0          -          -      15405          -          -          -          -          -
Constraints        :     Number  MaxNumber  #Separate #Propagate    #EnfoLP    #EnfoRelax  #EnfoPS    #Check   #ResProp    Cutoffs    DomReds       Cuts    Applied      Conss   Children
  benderslp        :          0          0          0          0       1762          0          0        611          0          0          0          0          0          0          0
  integral         :          0          0          0          0       1762          0          0        611          0          0       2679          0          0          0       2572
  linear           :       7652       7652         19      55271          1          0          0        605          0       1242     586626          0          0          0          0
  nonlinear        :       3457       3457       5074      54029        441          0          0        517          0       3953     942391     294520     230886          0          0
  benders          :          0          0          0          0          1          0          0          5          0          0          0          0          0          0          0
  countsols        :          0          0          0          0          1          0          0          5          0          0          0          0          0          0          0
  components       :          0          0          0          0          0          0          0          0          0          0          0          0          0          0          0
Constraint Timings :  TotalTime  SetupTime   Separate  Propagate     EnfoLP     EnfoPS     EnfoRelax   Check    ResProp    SB-Prop
  benderslp        :       0.00       0.00       0.00       0.00       0.00       0.00       0.00       0.00       0.00       0.00
  integral         :     189.33       0.00       0.00       0.00     189.33       0.00       0.00       0.00       0.00       0.00
  linear           :      10.03       0.02       0.06       9.58       0.00       0.00       0.00       0.24       0.00       0.13
  nonlinear        :      89.04       0.10      45.66      36.71       3.38       0.00       0.00       1.99       0.00       1.20
  benders          :       0.00       0.00       0.00       0.00       0.00       0.00       0.00       0.00       0.00       0.00
  countsols        :       0.00       0.00       0.00       0.00       0.00       0.00       0.00       0.00       0.00       0.00
  components       :       0.02       0.00       0.00       0.02       0.00       0.00       0.00       0.00       0.00       0.00
Propagators        : #Propagate   #ResProp    Cutoffs    DomReds
  dualfix          :          2          0          0          0
  genvbounds       :          0          0          0          0
  nlobbt           :          0          0          0          0
  obbt             :          0          0          0          0
  probing          :          0          0          0          0
  pseudoobj        :      10439          0          0          9
  redcost          :       7234          0          0          0
  rootredcost      :          4          0          0      11939
  symmetry         :          0          0          0          0
  vbounds          :       4158          0          0          0
Propagator Timings :  TotalTime  SetupTime   Presolve  Propagate    ResProp    SB-Prop
  dualfix          :       0.00       0.00       0.00       0.00       0.00       0.00
  genvbounds       :       0.08       0.00       0.00       0.07       0.00       0.01
  nlobbt           :       0.00       0.00       0.00       0.00       0.00       0.00
  obbt             :       0.00       0.00       0.00       0.00       0.00       0.00
  probing          :       0.20       0.00       0.20       0.00       0.00       0.00
  pseudoobj        :       0.00       0.00       0.00       0.00       0.00       0.00
  redcost          :       2.47       0.00       0.00       2.47       0.00       0.00
  rootredcost      :       0.05       0.00       0.00       0.05       0.00       0.00
  symmetry         :       0.15       0.00       0.10       0.05       0.00       0.00
  vbounds          :       0.04       0.00       0.00       0.03       0.00       0.01
Conflict Analysis  :       Time      Calls    Success    DomReds  Conflicts   Literals    Reconvs ReconvLits   Dualrays   Nonzeros   LP Iters   (pool size: [--,--])
  propagation      :       0.00          0          0          -          0        0.0          0        0.0          -          -          -
  infeasible LP    :       0.00          0          0          -          0        0.0          0        0.0          0        0.0          0
  bound exceed. LP :       0.07          8          0          -          0        0.0          0        0.0          0        0.0         40
  strong branching :       0.00          0          0          -          0        0.0          0        0.0          -          -          0
  pseudo solution  :       0.00          0          0          -          0        0.0          0        0.0          -          -          -
  applied globally :       0.00          -          -          0          0        0.0          -          -          0          -          -
  applied locally  :          -          -          -          0          0        0.0          -          -          0          -          -
Separators         :   ExecTime  SetupTime      Calls  RootCalls    Cutoffs    DomReds  FoundCuts ViaPoolAdd  DirectAdd    Applied ViaPoolApp  DirectApp      Conss
  cut pool         :       0.00          -          0          0          -          -          0          0          -          -          -          -          -    (maximal pool size:          0)
  aggregation      :       1.43       0.00        107         19          0          0          0          0          0          0          0          0          0
  > cmir           :          -          -          -          -          -          -          -          0          0          0          0          0          -
  > flowcover      :          -          -          -          -          -          -          -          0          0          0          0          0          -
  > knapsackcover  :          -          -          -          -          -          -          -          0          0          0          0          0          -
  cgmip            :       0.00       0.00          0          0          0          0          0          0          0          0          0          0          0
  clique           :       0.00       0.00          1          1          0          0          0          0          0          0          0          0          0
  closecuts        :       0.00       0.00          0          0          0          0          0          0          0          0          0          0          0
  convexproj       :       0.00       0.00          0          0          0          0          0          0          0          0          0          0          0
  disjunctive      :       0.00       0.00          0          0          0          0          0          0          0          0          0          0          0
  eccuts           :       0.00       0.00          0          0          0          0          0          0          0          0          0          0          0
  gauge            :       0.00       0.00          0          0          0          0          0          0          0          0          0          0          0
  gomory           :       0.92       0.00         94         10          0          0          0          0          0          0          0          0          0
  > gomorymi       :          -          -          -          -          -          -          -          0          0          0          0          0          -
  > strongcg       :          -          -          -          -          -          -          -          0          0          0          0          0          -
  impliedbounds    :       0.07       0.00        107         19          0          0          0          0          0          0          0          0          0
  interminor       :       0.00       0.00          0          0          0          0          0          0          0          0          0          0          0
  intobj           :       0.00       0.00          0          0          0          0          0          0          0          0          0          0          0
  mcf              :       0.03       0.00          2          2          0          0          0          0          0          0          0          0          0
  minor            :       0.00       0.00          0          0          0          0          0          0          0          0          0          0          0
  mixing           :       0.00       0.00        107         19          0          0          0          0          0          0          0          0          0
  oddcycle         :       0.00       0.00          0          0          0          0          0          0          0          0          0          0          0
  rapidlearning    :       0.00       0.00          0          0          0          0          0          0          0          0          0          0          0
  rlt              :       0.03       0.00         10         10          0          0          0          0          0          0          0          0          0
  zerohalf         :       0.38       0.00        103         19          0          0          0          0          0          0          0          0          0
Cutselectors       :   ExecTime  SetupTime      Calls  RootCalls   Selected     Forced   Filtered  RootSelec   RootForc   RootFilt 
  hybrid           :       0.98       0.00       4974         18     215354          0      63631      15427          0       2510
Pricers            :   ExecTime  SetupTime      Calls       Vars
  problem variables:       0.00          -          0          0
Branching Rules    :   ExecTime  SetupTime   BranchLP  BranchExt   BranchPS    Cutoffs    DomReds       Cuts      Conss   Children
  allfullstrong    :       0.00       0.00          0          0          0          0          0          0          0          0
  cloud            :       0.00       0.00          0          0          0          0          0          0          0          0
  distribution     :       0.00       0.00          0          0          0          0          0          0          0          0
  fullstrong       :       0.00       0.00          0          0          0          0          0          0          0          0
  inference        :       0.00       0.00          0          0          0          0          0          0          0          0
  leastinf         :       0.00       0.00          0          0          0          0          0          0          0          0
  lookahead        :       0.00       0.00          0          0          0          0          0          0          0          0
  mostinf          :       0.00       0.00          0          0          0          0          0          0          0          0
  multaggr         :       0.00       0.00          0          0          0          0          0          0          0          0
  nodereopt        :       0.00       0.00          0          0          0          0          0          0          0          0
  pscost           :       0.00       0.00          0          0          0          0          0          0          0          0
  random           :       0.00       0.00          0          0          0          0          0          0          0          0
  relpscost        :     189.33       0.00       1321          0          0          0       2679          0          0       2572
  vanillafullstrong:       0.00       0.00          0          0          0          0          0          0          0          0
Primal Heuristics  :   ExecTime  SetupTime      Calls      Found       Best
  LP solutions     :       0.00          -          -          1          1
  relax solutions  :       0.00          -          -          0          0
  pseudo solutions :       0.00          -          -          0          0
  strong branching :       0.01          -          -          0          0
  actconsdiving    :       0.00       0.00          0          0          0
  adaptivediving   :      11.57       0.00          8          0          0
  alns             :       1.52       0.00          5          0          0
  bound            :       0.00       0.00          0          0          0
  clique           :       0.00       0.00          0          0          0
  coefdiving       :       0.00       0.00          0          0          0
  completesol      :       0.00       0.00          0          0          0
  conflictdiving   :       0.00       0.00          0          0          0
  crossover        :     120.83       0.00          2          0          0
  dins             :       0.00       0.00          0          0          0
  distributiondivin:      55.64       0.00         30          0          0
  dps              :       0.00       0.00          0          0          0
  dualval          :       0.00       0.00          0          0          0
  farkasdiving     :       0.00       0.00          0          0          0
  feaspump         :      44.93       0.00          6          0          0
  fixandinfer      :       0.00       0.00          0          0          0
  fracdiving       :      43.61       0.00         38          0          0
  gins             :       0.00       0.00          0          0          0
  guideddiving     :      50.47       0.00         41          0          0
  indicator        :       0.00       0.00          0          0          0
  indicatordiving  :       0.00       0.00          0          0          0
  intdiving        :       0.00       0.00          0          0          0
  intshifting      :       6.99       0.00          8          0          0
  linesearchdiving :      53.43       0.00         34          0          0
  localbranching   :       0.00       0.00          0          0          0
  locks            :       0.51       0.00          1          0          0
  lpface           :       0.00       0.00          0          0          0
  mpec             :     247.05       0.00         11          2          2
  multistart       :       0.00       0.00          0          0          0
  mutation         :       0.00       0.00          0          0          0
  nlpdiving        :      13.33       0.00          3          0          0
  objpscostdiving  :      67.46       0.00          3          0          0
  octane           :       0.00       0.00          0          0          0
  ofins            :       0.00       0.00          0          0          0
  oneopt           :       0.03       0.00          4          0          0
  padm             :       0.00       0.00          0          0          0
  proximity        :       0.00       0.00          0          0          0
  pscostdiving     :      49.39       0.00         40          0          0
  randrounding     :       1.34       0.00        115          0          0
  rens             :       0.00       0.00          0          0          0
  reoptsols        :       0.00       0.00          0          0          0
  repair           :       0.00       0.00          0          0          0
  rins             :     336.06       0.00          4          1          1
  rootsoldiving    :      43.13       0.00          7          0          0
  rounding         :       0.61       0.00       1034          0          0
  shiftandpropagate:       0.39       0.00          1          0          0
  shifting         :       0.57       0.00        275          0          0
  simplerounding   :       0.00       0.00          0          0          0
  subnlp           :      17.49       0.00          4          1          1
  trivial          :       0.02       0.00          2          0          0
  trivialnegation  :       0.00       0.00          0          0          0
  trustregion      :       0.00       0.00          0          0          0
  trysol           :       0.00       0.00          0          0          0
  twoopt           :       0.00       0.00          0          0          0
  undercover       :       5.91       0.00          1          0          0
  vbounds          :       0.00       0.00          0          0          0
  veclendiving     :      18.44       0.00         39          0          0
  zeroobj          :       0.00       0.00          0          0          0
  zirounding       :       0.21       0.00       1000          0          0
  other solutions  :          -          -          -          0          -
Diving (single)    :      Calls      Nodes   LP Iters Backtracks  Conflicts   MinDepth   MaxDepth   AvgDepth  RoundSols  NLeafSols  MinSolDpt  MaxSolDpt  AvgSolDpt
  actconsdiving    :          0          -          -          -          -          -          -          -          -          -          -          -          -
  coefdiving       :          0          -          -          -          -          -          -          -          -          -          -          -          -
  conflictdiving   :          0          -          -          -          -          -          -          -          -          -          -          -          -
  distributiondivin:         30        487     127216          0          0         28         60       47.1          0          -          -          -          -
  farkasdiving     :          0          -          -          -          -          -          -          -          -          -          -          -          -
  fracdiving       :         38       1027     105886          0          0         50         60       58.7          0          -          -          -          -
  guideddiving     :         41       1184     120228          0          0         54         60       57.4          0          -          -          -          -
  indicatordiving  :          0          -          -          -          -          -          -          -          -          -          -          -          -
  linesearchdiving :         34       1123     128221          0          0         45         60       59.1          0          -          -          -          -
  pscostdiving     :         40       1016     116356          0          0         59         60       59.8          0          -          -          -          -
  veclendiving     :         39        771      54663          0          0         39         53       47.2          0          -          -          -          -
Diving (adaptive)  :      Calls      Nodes   LP Iters Backtracks  Conflicts   MinDepth   MaxDepth   AvgDepth  RoundSols  NLeafSols  MinSolDpt  MaxSolDpt  AvgSolDpt
  actconsdiving    :          2         37       7820          0          0         49         52       50.5          0          -          -          -          -
  coefdiving       :          2         29       2057          0          0         46         52       49.0          0          -          -          -          -
  conflictdiving   :          0          -          -          -          -          -          -          -          -          -          -          -          -
  distributiondivin:          0          -          -          -          -          -          -          -          -          -          -          -          -
  farkasdiving     :          0          -          -          -          -          -          -          -          -          -          -          -          -
  fracdiving       :          0          -          -          -          -          -          -          -          -          -          -          -          -
  guideddiving     :          2         61       6491          0          0         58         59       58.5          0          -          -          -          -
  indicatordiving  :          0          -          -          -          -          -          -          -          -          -          -          -          -
  linesearchdiving :          1         51       3921          0          0         53         53       53.0          0          -          -          -          -
  pscostdiving     :          1         37       3926          0          0         60         60       60.0          0          -          -          -          -
  veclendiving     :          0          -          -          -          -          -          -          -          -          -          -          -          -
Neighborhoods      :      Calls  SetupTime  SolveTime SolveNodes       Sols       Best       Exp3  EpsGreedy        UCB TgtFixRate  Opt  Inf Node Stal  Sol  Usr Othr Actv
  rens             :          1       0.07       0.03          0          0          0    0.00000   -1.00000    1.00000      0.700    0    1    0    0    0    0    0    1
  rins             :          1       0.07       0.27          0          0          0    0.00000   -1.00000    1.00000      0.900    0    0    0    0    0    0    1    1
  mutation         :          1       0.06       0.29          0          0          0    0.00000   -1.00000    1.00000      0.900    0    0    0    0    0    0    1    1
  localbranching   :          0       0.00       0.00          0          0          0    0.00000   -1.00000    1.00000      0.900    0    0    0    0    0    0    0    1
  crossover        :          0       0.00       0.00          0          0          0    0.00000   -1.00000    1.00000      0.900    0    0    0    0    0    0    0    1
  proximity        :          0       0.00       0.00          0          0          0    0.00000   -1.00000    1.00000      0.900    0    0    0    0    0    0    0    1
  zeroobjective    :          1       0.02       0.00          0          0          0    0.00000   -1.00000    1.00000      0.900    0    0    0    0    0    0    1    1
  dins             :          1       0.11       0.45          0          0          0    0.00000   -1.00000    1.00000      0.900    0    0    0    0    0    0    1    1
  trustregion      :          0       0.00       0.00          0          0          0    0.00000   -1.00000    1.00000      0.900    0    0    0    0    0    0    0    0
Expressions        :   #IntEval  IntEvalTi   #RevProp  RevPropTi    DomReds    Cutoffs  #Estimate  EstimTime  Branching  #Simplify SimplifyTi Simplified
  pow              :    4901802       1.22    1870580       0.64    2302302          0     241389       0.07          0       8280       0.00          0
  prod             :    2860363       1.01      17110       0.00        522          0          0       0.00          0       4322       0.00       2160
  sum              :    4535527       1.49    3775371       1.25     432429        632       1297       0.00          0       8210       0.00       1297
  var              :   10334602       2.43          0       0.00          0          0          0       0.00          0      19513       0.01          0
  varidx           :          0       0.00          0       0.00          0          0          0       0.00          0          0       0.00          0
Nonlinear Conshdlr :   WeakSepa  TightenLP DespTghtLP DespBranch DespCutoff    ForceLP  CanonTime
  enforce          :      14216          0          0          0          0          0
  presolve         :                                                                         0.26
Nlhdlrs            :    Detects  DetectAll DetectTime   #IntEval  IntEvalTi   #RevProp  RevPropTi    DomReds    Cutoffs   #Enforce   EnfoTime       Cuts  Branching
  soc              :       2160       2160       0.00          0       0.00          0       0.00          0          0    9331967      15.34      49755          0
  convex           :          1          1       0.03          0       0.00          0       0.00          0          0       4673       0.09       4672          0
  concave          :          0          0       0.01          0       0.00          0       0.00          0          0          0       0.00          0          0
  quotient         :          0          0       0.01          0       0.00          0       0.00          0          0          0       0.00          0          0
  quadratic        :          0          0       0.01          0       0.00          0       0.00          0          0          0       0.00          0          0
  default          :      16119      80595       0.01   12284498       8.66    5684088      12.58    2735253        632     242686       0.35     240093          0
  bilinear         :          0          0       0.02          0       0.00          0       0.00          0          0          0       0.00          0          0
  perspective      :          0          0       0.01          0       0.00          0       0.00          0          0          0       0.00          0          0
LP                 :       Time      Calls Iterations  Iter/call   Iter/sec  Time-0-It Calls-0-It    ItLimit
  primal LP        :     939.62       1410          0       0.00       0.00     939.60       1410
  dual LP          :    1182.73       7492    1905456     255.83    1611.07       1.09         44
  lex dual LP      :       0.00          0          0       0.00          -
  barrier LP       :       0.00          0          0       0.00          -       0.00          0
  resolve instable :       0.00          0          0       0.00          -
  diving/probing LP:     396.86       1947     914847     469.88    2305.21
  strong branching :     183.82        248     203790     821.73    1108.64          -          -        234
    (at root node) :          -         35      28380     810.86          -
  conflict analysis:       0.04          4         40      10.00    1000.00
NLP relaxation     :
  solve time       :      13.10 (11 calls)
  convexity        :  nonconvex (740 linear rows, 1297 convex ineq., 2160 nonconvex ineq., 0 nonlinear eq. or two-sided ineq.)
NLP Solvers        :  #Problems  ProblemTi    #Solves  SolveTime      #Iter  Time/Iter      #Okay #TimeLimit #IterLimit #LObjLimit #Interrupt  #NumError #EvalError  #OutOfMem #LicenseEr #OtherTerm   #GlobOpt    #LocOpt  #Feasible #LocInfeas #GlobInfea #Unbounded   #Unknown
  ipopt            :         21       3.33         37     274.26       4328       0.06         28          0          7          0          0          2          0          0          0          0          0         18          2          8          0          0          9
B&B Tree           :
  number of runs   :          1
  nodes            :       1296 (1286 internal, 10 leaves)
  feasible leaves  :          1
  infeas. leaves   :          0
  objective leaves :          8
  nodes (total)    :       1296 (1286 internal, 10 leaves)
  nodes left       :       1278
  max depth        :         59
  max depth (total):         59
  backtracks       :        275 (21.2%)
  early backtracks :          0 (0.0%)
  nodes exc. ref.  :          0 (0.0%)
  delayed cutoffs  :          0
  repropagations   :          5 (0 domain reductions, 0 cutoffs)
  avg switch length:       5.71
  switching time   :     918.16
Estim. Tree Size   :       2590
Estimation Tree    : 2573 nodes (1295 visited, 1286 internal, 9 leaves, 1278 open), weight: 0.0000 completed 0.0263
Estimations        :      estim      value      trend resolution     smooth
  wbe              : 2591481903461943          -          -          -          -
  tree-profile     :         -1          -          -          -          -
  gap              :         23    0.56483    0.13812          1         22
  tree-weight      :       2590    0.00000    0.00000          1       1693
  leaf-frequency   :       2590    0.00656   -0.00011          1       1369
  ssg              :        100    0.95841   -0.02315          1         95
  open-nodes       :       2590 1278.00000  133.29705          1       1693
Root Node          :
  First LP value   : -1.32929924186273e+00
  First LP Iters   :      27889 (1756.23 Iter/sec)
  First LP Time    :      15.88
  Final Dual Bound : -5.47493830249489e-01
  Final Root Iters :      64514
  Root LP Estimate : +2.74228672140215e-01
Solution           :
  Solutions found  :          5 (5 improvements)
  First Solution   : -2.68929538328634e-01   (in run 1, after 1 nodes, 43.68 seconds, depth 0, found by <feaspump>)
  Gap First Sol.   :     394.29 %
  Gap Last Sol.    :      79.62 %
  Primal Bound     : -3.01376792555171e-01   (in run 1, after 440 nodes, 1331.74 seconds, depth 48, found by <relaxation>)
  Dual Bound       : -5.33573117365003e-01
  Gap              :      77.05 %
Integrals          :      Total       Avg%
  primal-dual      :  169369.90      47.05
  primal-ref       :          -          - (not evaluated)
  dual-ref         :          -          - (not evaluated)
