SCIP Status        : solving was interrupted [time limit reached]
Total Time         :    3600.13
  solving          :    3600.00
  presolving       :       0.66 (included in solving)
  reading          :       0.13
  copying          :       0.13 (6 #copies) (minimal 0.02, maximal 0.03, average 0.02)
Original Problem   :
  Problem name     : benchmark/normal_70_28_31.design
  Variables        : 6371 (70 binary, 0 integer, 0 implicit integer, 6301 continuous)
  Constraints      : 8697 initial, 8697 maximal
  Objective        : minimize, 1 non-zeros (abs.min = 1, abs.max = 1)
Presolved Problem  :
  Problem name     : t_benchmark/normal_70_28_31.design
  Variables        : 9145 (70 binary, 0 integer, 0 implicit integer, 9075 continuous)
  Constraints      : 8697 initial, 8697 maximal
  Objective        : minimize, 1 non-zeros (abs.min = 1, abs.max = 1)
  Nonzeros         : 54154 constraint, 0 clique table
Presolvers         :   ExecTime  SetupTime  Calls  FixedVars   AggrVars   ChgTypes  ChgBounds   AddHoles    DelCons    AddCons   ChgSides   ChgCoefs
  boundshift       :       0.00       0.00      0          0          0          0          0          0          0          0          0          0
  convertinttobin  :       0.00       0.00      0          0          0          0          0          0          0          0          0          0
  domcol           :       0.00       0.00      1          0          0          0          0          0          0          0          0          0
  dualagg          :       0.00       0.00      0          0          0          0          0          0          0          0          0          0
  dualcomp         :       0.00       0.00      1          0          0          0          0          0          0          0          0          0
  dualinfer        :       0.00       0.00      0          0          0          0          0          0          0          0          0          0
  dualsparsify     :       0.00       0.00      1          0          0          0          0          0          0          0          0          0
  gateextraction   :       0.00       0.00      0          0          0          0          0          0          0          0          0          0
  implics          :       0.00       0.00      1          0          0          0          0          0          0          0          0          0
  inttobinary      :       0.00       0.00      0          0          0          0          0          0          0          0          0          0
  qpkktref         :       0.00       0.00      0          0          0          0          0          0          0          0          0          0
  redvub           :       0.00       0.00      0          0          0          0          0          0          0          0          0          0
  sparsify         :       0.00       0.00      1          0          0          0          0          0          0          0          0          0
  stuffing         :       0.00       0.00      0          0          0          0          0          0          0          0          0          0
  trivial          :       0.00       0.00      2        378          0          0          0          0          0          0          0          0
  tworowbnd        :       0.00       0.00      0          0          0          0          0          0          0          0          0          0
  dualfix          :       0.00       0.00      2        378          0          0          0          0          0          0          0          0
  genvbounds       :       0.00       0.00      0          0          0          0          0          0          0          0          0          0
  probing          :       0.18       0.00      1          0          0          0          0          0          0          0          0          0
  pseudoobj        :       0.00       0.00      0          0          0          0          0          0          0          0          0          0
  symmetry         :       0.07       0.00      1          0          0          0          0          0          0          0          0          0
  vbounds          :       0.00       0.00      0          0          0          0          0          0          0          0          0          0
  linear           :       0.06       0.01      3          0          0          0          0          0          0          0          0          0
  nonlinear        :       0.31       0.09      4          0          0          0        784          0          0          0          0          0
  benders          :       0.00       0.00      0          0          0          0          0          0          0          0          0          0
  components       :       0.00       0.00      1          0          0          0          0          0          0          0          0          0
  root node        :          -          -      -          0          -          -       9484          -          -          -          -          -
Constraints        :     Number  MaxNumber  #Separate #Propagate    #EnfoLP    #EnfoRelax  #EnfoPS    #Check   #ResProp    Cutoffs    DomReds       Cuts    Applied      Conss   Children
  benderslp        :          0          0          0          0        685          0          0        428          0          0          0          0          0          0          0
  integral         :          0          0          0          0        685          0          0        428          0          0      25932          0          0          0       1206
  linear           :       5952       5952         21      27663          0          0          0        422          0        681     334508          0          0          0          0
  nonlinear        :       2745       2745       2623      26982          0          0          0        117          0       2367     573388    1179336     271139          0          0
  benders          :          0          0          0          0          0          0          0          4          0          0          0          0          0          0          0
  countsols        :          0          0          0          0          0          0          0          4          0          0          0          0          0          0          0
  components       :          0          0          0          0          0          0          0          0          0          0          0          0          0          0          0
Constraint Timings :  TotalTime  SetupTime   Separate  Propagate     EnfoLP     EnfoPS     EnfoRelax   Check    ResProp    SB-Prop
  benderslp        :       0.00       0.00       0.00       0.00       0.00       0.00       0.00       0.00       0.00       0.00
  integral         :     257.44       0.00       0.00       0.00     257.44       0.00       0.00       0.00       0.00       0.00
  linear           :       4.39       0.01       0.00       3.67       0.00       0.00       0.00       0.45       0.00       0.26
  nonlinear        :      32.02       0.09      15.54      14.60       0.00       0.00       0.00       0.32       0.00       1.47
  benders          :       0.00       0.00       0.00       0.00       0.00       0.00       0.00       0.00       0.00       0.00
  countsols        :       0.00       0.00       0.00       0.00       0.00       0.00       0.00       0.00       0.00       0.00
  components       :       0.00       0.00       0.00       0.00       0.00       0.00       0.00       0.00       0.00       0.00
Propagators        : #Propagate   #ResProp    Cutoffs    DomReds
  dualfix          :          4          0          0          0
  genvbounds       :          0          0          0          0
  nlobbt           :          0          0          0          0
  obbt             :          0          0          0          0
  probing          :          0          0          0          0
  pseudoobj        :       6048          0          0         12
  redcost          :       4714          0          0        570
  rootredcost      :          2          0          0       6726
  symmetry         :          0          0          0          0
  vbounds          :       2733          0          0          0
Propagator Timings :  TotalTime  SetupTime   Presolve  Propagate    ResProp    SB-Prop
  dualfix          :       0.00       0.00       0.00       0.00       0.00       0.00
  genvbounds       :       0.01       0.00       0.00       0.01       0.00       0.00
  nlobbt           :       0.00       0.00       0.00       0.00       0.00       0.00
  obbt             :       0.00       0.00       0.00       0.00       0.00       0.00
  probing          :       0.18       0.00       0.18       0.00       0.00       0.00
  pseudoobj        :       0.02       0.00       0.00       0.02       0.00       0.00
  redcost          :       0.95       0.00       0.00       0.95       0.00       0.00
  rootredcost      :       0.02       0.00       0.00       0.01       0.00       0.01
  symmetry         :       0.07       0.00       0.07       0.00       0.00       0.00
  vbounds          :       0.01       0.00       0.00       0.01       0.00       0.00
Conflict Analysis  :       Time      Calls    Success    DomReds  Conflicts   Literals    Reconvs ReconvLits   Dualrays   Nonzeros   LP Iters   (pool size: [--,--])
  propagation      :       0.00          0          0          -          0        0.0          0        0.0          -          -          -
  infeasible LP    :       0.00          0          0          -          0        0.0          0        0.0          0        0.0          0
  bound exceed. LP :       0.93        283          0          -          0        0.0          0        0.0          0        0.0        160
  strong branching :       0.00          0          0          -          0        0.0          0        0.0          -          -          0
  pseudo solution  :       0.00          0          0          -          0        0.0          0        0.0          -          -          -
  applied globally :       0.00          -          -          0          0        0.0          -          -          0          -          -
  applied locally  :          -          -          -          0          0        0.0          -          -          0          -          -
Separators         :   ExecTime  SetupTime      Calls  RootCalls    Cutoffs    DomReds  FoundCuts ViaPoolAdd  DirectAdd    Applied ViaPoolApp  DirectApp      Conss
  cut pool         :       0.00          -          0          0          -          -          0          0          -          -          -          -          -    (maximal pool size:          0)
  aggregation      :       1.55       0.00        130         21          0          0          0          0          0          0          0          0          0
  > cmir           :          -          -          -          -          -          -          -          0          0          0          0          0          -
  > flowcover      :          -          -          -          -          -          -          -          0          0          0          0          0          -
  > knapsackcover  :          -          -          -          -          -          -          -          0          0          0          0          0          -
  cgmip            :       0.00       0.00          0          0          0          0          0          0          0          0          0          0          0
  clique           :       0.00       0.00          1          1          0          0          0          0          0          0          0          0          0
  closecuts        :       0.00       0.00          0          0          0          0          0          0          0          0          0          0          0
  convexproj       :       0.00       0.00          0          0          0          0          0          0          0          0          0          0          0
  disjunctive      :       0.00       0.00          0          0          0          0          0          0          0          0          0          0          0
  eccuts           :       0.00       0.00          0          0          0          0          0          0          0          0          0          0          0
  gauge            :       0.00       0.00          0          0          0          0          0          0          0          0          0          0          0
  gomory           :       0.65       0.00        115         10          0          0          0          0          0          0          0          0          0
  > gomorymi       :          -          -          -          -          -          -          -          0          0          0          0          0          -
  > strongcg       :          -          -          -          -          -          -          -          0          0          0          0          0          -
  impliedbounds    :       0.01       0.00        130         21          0          0          0          0          0          0          0          0          0
  interminor       :       0.00       0.00          0          0          0          0          0          0          0          0          0          0          0
  intobj           :       0.00       0.00          0          0          0          0          0          0          0          0          0          0          0
  mcf              :       0.01       0.00          3          3          0          0          0          0          0          0          0          0          0
  minor            :       0.01       0.00          0          0          0          0          0          0          0          0          0          0          0
  mixing           :       0.02       0.00        130         21          0          0          0          0          0          0          0          0          0
  oddcycle         :       0.00       0.00          0          0          0          0          0          0          0          0          0          0          0
  rapidlearning    :       0.00       0.00          0          0          0          0          0          0          0          0          0          0          0
  rlt              :       0.00       0.00         10         10          0          0          0          0          0          0          0          0          0
  zerohalf         :       0.50       0.00        125         20          0          0          0          0          0          0          0          0          0
Cutselectors       :   ExecTime  SetupTime      Calls  RootCalls   Selected     Forced   Filtered  RootSelec   RootForc   RootFilt 
  hybrid           :       2.81       0.00       2621         19     271139          0     908197      21393          0       3687
Pricers            :   ExecTime  SetupTime      Calls       Vars
  problem variables:       0.00          -          0          0
Branching Rules    :   ExecTime  SetupTime   BranchLP  BranchExt   BranchPS    Cutoffs    DomReds       Cuts      Conss   Children
  allfullstrong    :       0.00       0.00          0          0          0          0          0          0          0          0
  cloud            :       0.00       0.00          0          0          0          0          0          0          0          0
  distribution     :       0.00       0.00          0          0          0          0          0          0          0          0
  fullstrong       :       0.00       0.00          0          0          0          0          0          0          0          0
  inference        :       0.00       0.00          0          0          0          0          0          0          0          0
  leastinf         :       0.00       0.00          0          0          0          0          0          0          0          0
  lookahead        :       0.00       0.00          0          0          0          0          0          0          0          0
  mostinf          :       0.00       0.00          0          0          0          0          0          0          0          0
  multaggr         :       0.00       0.00          0          0          0          0          0          0          0          0
  nodereopt        :       0.00       0.00          0          0          0          0          0          0          0          0
  pscost           :       0.00       0.00          0          0          0          0          0          0          0          0
  random           :       0.00       0.00          0          0          0          0          0          0          0          0
  relpscost        :     257.44       0.00        685          0          0          0      25932          0          0       1206
  vanillafullstrong:       0.00       0.00          0          0          0          0          0          0          0          0
Primal Heuristics  :   ExecTime  SetupTime      Calls      Found       Best
  LP solutions     :       0.00          -          -          0          0
  relax solutions  :       0.00          -          -          0          0
  pseudo solutions :       0.00          -          -          0          0
  strong branching :       0.00          -          -          0          0
  actconsdiving    :       0.00       0.00          0          0          0
  adaptivediving   :      29.75       0.00          4          0          0
  alns             :       1.05       0.00          5          0          0
  bound            :       0.00       0.00          0          0          0
  clique           :       0.00       0.00          0          0          0
  coefdiving       :       0.00       0.00          0          0          0
  completesol      :       0.00       0.00          0          0          0
  conflictdiving   :       0.01       0.00          0          0          0
  crossover        :       0.00       0.00          0          0          0
  dins             :       0.00       0.00          0          0          0
  distributiondivin:      15.49       0.00          4          0          0
  dps              :       0.00       0.00          0          0          0
  dualval          :       0.00       0.00          0          0          0
  farkasdiving     :       0.00       0.00          0          0          0
  feaspump         :      55.11       0.00          2          0          0
  fixandinfer      :       0.00       0.00          0          0          0
  fracdiving       :      20.01       0.00          4          0          0
  gins             :       0.01       0.00          0          0          0
  guideddiving     :       6.32       0.00          3          0          0
  indicator        :       0.00       0.00          0          0          0
  indicatordiving  :       0.00       0.00          0          0          0
  intdiving        :       0.00       0.00          0          0          0
  intshifting      :       3.55       0.00          3          0          0
  linesearchdiving :      15.67       0.00          3          0          0
  localbranching   :       0.00       0.00          0          0          0
  locks            :       0.27       0.00          1          0          0
  lpface           :       0.00       0.00          0          0          0
  mpec             :       7.34       0.00          1          0          0
  multistart       :       0.00       0.00          0          0          0
  mutation         :       0.00       0.00          0          0          0
  nlpdiving        :      13.71       0.00          1          0          0
  objpscostdiving  :     145.54       0.00          2          0          0
  octane           :       0.00       0.00          0          0          0
  ofins            :       0.00       0.00          0          0          0
  oneopt           :       0.01       0.00          3          0          0
  padm             :       0.00       0.00          0          0          0
  proximity        :       0.00       0.00          0          0          0
  pscostdiving     :      17.00       0.00          4          0          0
  randrounding     :       1.23       0.00        367          0          0
  rens             :       0.00       0.00          0          0          0
  reoptsols        :       0.00       0.00          0          0          0
  repair           :       0.00       0.00          0          0          0
  rins             :      32.30       0.00          1          0          0
  rootsoldiving    :       9.53       0.00          2          0          0
  rounding         :       0.65       0.00        773          0          0
  shiftandpropagate:       0.22       0.00          1          0          0
  shifting         :       1.43       0.00        227          0          0
  simplerounding   :       0.01       0.00          0          0          0
  subnlp           :      10.23       0.00          7          3          3
  trivial          :       0.03       0.00          2          0          0
  trivialnegation  :       0.00       0.00          0          0          0
  trustregion      :       0.00       0.00          0          0          0
  trysol           :       0.01       0.00          0          0          0
  twoopt           :       0.00       0.00          0          0          0
  undercover       :       3.51       0.00          1          0          0
  vbounds          :       0.00       0.00          0          0          0
  veclendiving     :      14.66       0.00          4          0          0
  zeroobj          :       0.00       0.00          0          0          0
  zirounding       :       0.11       0.00        602          0          0
  other solutions  :          -          -          -          0          -
Diving (single)    :      Calls      Nodes   LP Iters Backtracks  Conflicts   MinDepth   MaxDepth   AvgDepth  RoundSols  NLeafSols  MinSolDpt  MaxSolDpt  AvgSolDpt
  actconsdiving    :          0          -          -          -          -          -          -          -          -          -          -          -          -
  coefdiving       :          0          -          -          -          -          -          -          -          -          -          -          -          -
  conflictdiving   :          0          -          -          -          -          -          -          -          -          -          -          -          -
  distributiondivin:          4        121      36943          4          0         34         60       45.0          0          -          -          -          -
  farkasdiving     :          0          -          -          -          -          -          -          -          -          -          -          -          -
  fracdiving       :          4        241      51709          0          0         67         69       68.2          0          -          -          -          -
  guideddiving     :          3        127      15839          3          0         58         64       61.7          0          -          -          -          -
  indicatordiving  :          0          -          -          -          -          -          -          -          -          -          -          -          -
  linesearchdiving :          3        183      42408          6          0         64         70       67.7          0          -          -          -          -
  pscostdiving     :          4        244      48228          0          0         67         70       69.0          0          -          -          -          -
  veclendiving     :          4        161      36820         27          0         34         58       42.2          0          -          -          -          -
Diving (adaptive)  :      Calls      Nodes   LP Iters Backtracks  Conflicts   MinDepth   MaxDepth   AvgDepth  RoundSols  NLeafSols  MinSolDpt  MaxSolDpt  AvgSolDpt
  actconsdiving    :          1         81      18874         26          0         62         62       62.0          0          -          -          -          -
  coefdiving       :          1         90      24921         32          0         64         64       64.0          0          -          -          -          -
  conflictdiving   :          0          -          -          -          -          -          -          -          -          -          -          -          -
  distributiondivin:          0          -          -          -          -          -          -          -          -          -          -          -          -
  farkasdiving     :          0          -          -          -          -          -          -          -          -          -          -          -          -
  fracdiving       :          1         61      14403          0          0         69         69       69.0          0          -          -          -          -
  guideddiving     :          0          -          -          -          -          -          -          -          -          -          -          -          -
  indicatordiving  :          0          -          -          -          -          -          -          -          -          -          -          -          -
  linesearchdiving :          0          -          -          -          -          -          -          -          -          -          -          -          -
  pscostdiving     :          1         56      16653          0          0         66         66       66.0          0          -          -          -          -
  veclendiving     :          0          -          -          -          -          -          -          -          -          -          -          -          -
Neighborhoods      :      Calls  SetupTime  SolveTime SolveNodes       Sols       Best       Exp3  EpsGreedy        UCB TgtFixRate  Opt  Inf Node Stal  Sol  Usr Othr Actv
  rens             :          0       0.00       0.00          0          0          0    0.00000   -1.00000    1.00000      0.900    0    0    0    0    0    0    0    1
  rins             :          1       0.04       0.17          0          0          0    0.00000   -1.00000    1.00000      0.900    0    0    0    0    0    0    1    1
  mutation         :          1       0.05       0.19          0          0          0    0.00000   -1.00000    1.00000      0.900    0    0    0    0    0    0    1    1
  localbranching   :          1       0.05       0.18          0          0          0    0.00000   -1.00000    1.00000      0.900    0    0    0    0    0    0    1    1
  crossover        :          1       0.05       0.19          0          0          0    0.00000   -1.00000    1.00000      0.900    0    0    0    0    0    0    1    1
  proximity        :          0       0.00       0.00          0          0          0    0.00000   -1.00000    1.00000      0.900    0    0    0    0    0    0    0    1
  zeroobjective    :          1       0.02       0.00          0          0          0    0.00000   -1.00000    1.00000      0.900    0    0    0    0    0    0    1    1
  dins             :          0       0.00       0.00          0          0          0    0.00000   -1.00000    1.00000      0.900    0    0    0    0    0    0    0    1
  trustregion      :          0       0.00       0.00          0          0          0    0.00000   -1.00000    1.00000      0.900    0    0    0    0    0    0    0    0
Expressions        :   #IntEval  IntEvalTi   #RevProp  RevPropTi    DomReds    Cutoffs  #Estimate  EstimTime  Branching  #Simplify SimplifyTi Simplified
  pow              :    2338522       0.61     957146       0.29    1291591          0     104421       0.02          0       6328       0.00          0
  prod             :    2023994       0.66      10584       0.00        913          0          0       0.00          0       3922       0.01       1960
  sum              :    2223205       0.53    1579783       0.52      60220        467        785       0.00          0       6274       0.01        785
  var              :    5359995       1.31          0       0.00          0          0          0       0.00          0      15737       0.00          0
  varidx           :          0       0.00          0       0.00          0          0          0       0.00          0          0       0.00          0
Nonlinear Conshdlr :   WeakSepa  TightenLP DespTghtLP DespBranch DespCutoff    ForceLP  CanonTime
  enforce          :          0          0          0          0          0          0
  presolve         :                                                                         0.21
Nlhdlrs            :    Detects  DetectAll DetectTime   #IntEval  IntEvalTi   #RevProp  RevPropTi    DomReds    Cutoffs   #Enforce   EnfoTime       Cuts  Branching
  soc              :       1960       1960       0.00          0       0.00          0       0.00          0          0    2933545       5.34    1073143          0
  convex           :          1          1       0.02          0       0.00          0       0.00          0          0       2557       0.02       2556          0
  concave          :          0          0       0.00          0       0.00          0       0.00          0          0          0       0.00          0          0
  quotient         :          0          0       0.02          0       0.00          0       0.00          0          0          0       0.00          0          0
  quadratic        :          0          0       0.01          0       0.00          0       0.00          0          0          0       0.00          0          0
  default          :      13065      65325       0.00    6574599       3.70    2564274       5.18    1352724        467     105206       0.08     103637          0
  bilinear         :          0          0       0.00          0       0.00          0       0.00          0          0          0       0.00          0          0
  perspective      :          0          0       0.01          0       0.00          0       0.00          0          0          0       0.00          0          0
LP                 :       Time      Calls Iterations  Iter/call   Iter/sec  Time-0-It Calls-0-It    ItLimit
  primal LP        :     488.03        610          0       0.00       0.00     488.01        610
  dual LP          :    2402.51       4313    3123472     835.15    1300.09      38.51        573
  lex dual LP      :       0.00          0          0       0.00          -
  barrier LP       :       0.00          0          0       0.00          -       0.00          0
  resolve instable :       0.00          0          0       0.00          -
  diving/probing LP:     334.35        575     640685    1114.23    1916.21
  strong branching :     237.66        459     394037     858.47    1657.99          -          -        686
    (at root node) :          -         33      33000    1000.00          -
  conflict analysis:       0.15         16        160      10.00    1066.67
NLP relaxation     :
  solve time       :      13.41 (11 calls)
  convexity        :  nonconvex (464 linear rows, 785 convex ineq., 1960 nonconvex ineq., 0 nonlinear eq. or two-sided ineq.)
NLP Solvers        :  #Problems  ProblemTi    #Solves  SolveTime      #Iter  Time/Iter      #Okay #TimeLimit #IterLimit #LObjLimit #Interrupt  #NumError #EvalError  #OutOfMem #LicenseEr #OtherTerm   #GlobOpt    #LocOpt  #Feasible #LocInfeas #GlobInfea #Unbounded   #Unknown
  ipopt            :          9       1.07         19      29.19        775       0.04         13          0          6          0          0          0          0          0          0          0          0         12          1          0          0          0          6
B&B Tree           :
  number of runs   :          1
  nodes            :       1052 (603 internal, 449 leaves)
  feasible leaves  :          0
  infeas. leaves   :          0
  objective leaves :        449
  nodes (total)    :       1052 (603 internal, 449 leaves)
  nodes left       :        155
  max depth        :         47
  max depth (total):         47
  backtracks       :        226 (21.5%)
  early backtracks :          0 (0.0%)
  nodes exc. ref.  :          0 (0.0%)
  delayed cutoffs  :          0
  repropagations   :          3 (0 domain reductions, 0 cutoffs)
  avg switch length:       3.73
  switching time   :     482.49
Estim. Tree Size   :       2104
Estimation Tree    : 1207 nodes (1052 visited, 603 internal, 449 leaves, 155 open), weight: 0.0000 completed 0.0215
Estimations        :      estim      value      trend resolution     smooth
  wbe              : 1623949739708          -          -          -          -
  tree-profile     :         -1          -          -          -          -
  gap              :       2104    0.83786    0.00000          1       2113
  tree-weight      :       2104    0.00000    0.00000          1       2097
  leaf-frequency   :       1995    0.42633    0.00013          1       2065
  ssg              :       2104    0.96610   -0.00000          1       2124
  open-nodes       :       2170  155.00000   -0.24357          1       2383
Root Node          :
  First LP value   : -1.20402254973262e+00
  First LP Iters   :      23027 (2821.94 Iter/sec)
  First LP Time    :       8.16
  Final Dual Bound : -3.63884039424395e-01
  Final Root Iters :      85280
  Root LP Estimate : +2.25649689384348e+00
Solution           :
  Solutions found  :          3 (3 improvements)
  First Solution   : -2.57569469819009e-01   (in run 1, after 1 nodes, 26.26 seconds, depth 0, found by <feaspump>)
  Gap First Sol.   :     367.46 %
  Gap Last Sol.    :      20.47 %
  Primal Bound     : -3.02043458153862e-01   (in run 1, after 6 nodes, 184.38 seconds, depth 4, found by <pscostdiving>)
  Dual Bound       : -3.60495982149715e-01
  Gap              :      19.35 %
Integrals          :      Total       Avg%
  primal-dual      :   64437.22      17.90
  primal-ref       :          -          - (not evaluated)
  dual-ref         :          -          - (not evaluated)
