SCIP Status        : solving was interrupted [time limit reached]
Total Time         :    3600.12
  solving          :    3600.00
  presolving       :       0.69 (included in solving)
  reading          :       0.12
  copying          :       0.38 (10 #copies) (minimal 0.03, maximal 0.04, average 0.04)
Original Problem   :
  Problem name     : benchmark/normal_70_42_43.design
  Variables        : 11285 (70 binary, 0 integer, 0 implicit integer, 11215 continuous)
  Constraints      : 15102 initial, 15102 maximal
  Objective        : minimize, 1 non-zeros (abs.min = 1, abs.max = 1)
Presolved Problem  :
  Problem name     : t_benchmark/normal_70_42_43.design
  Variables        : 16033 (70 binary, 0 integer, 0 implicit integer, 15963 continuous)
  Constraints      : 15102 initial, 15104 maximal
  Objective        : minimize, 1 non-zeros (abs.min = 1, abs.max = 1)
  Nonzeros         : 106185 constraint, 0 clique table
Presolvers         :   ExecTime  SetupTime  Calls  FixedVars   AggrVars   ChgTypes  ChgBounds   AddHoles    DelCons    AddCons   ChgSides   ChgCoefs
  boundshift       :       0.00       0.00      0          0          0          0          0          0          0          0          0          0
  convertinttobin  :       0.00       0.00      0          0          0          0          0          0          0          0          0          0
  domcol           :       0.00       0.00      1          0          0          0          0          0          0          0          0          0
  dualagg          :       0.00       0.00      0          0          0          0          0          0          0          0          0          0
  dualcomp         :       0.00       0.00      1          0          0          0          0          0          0          0          0          0
  dualinfer        :       0.00       0.00      0          0          0          0          0          0          0          0          0          0
  dualsparsify     :       0.00       0.00      1          0          0          0          0          0          0          0          0          0
  gateextraction   :       0.00       0.00      0          0          0          0          0          0          0          0          0          0
  implics          :       0.00       0.00      1          0          0          0          0          0          0          0          0          0
  inttobinary      :       0.00       0.00      0          0          0          0          0          0          0          0          0          0
  qpkktref         :       0.00       0.00      0          0          0          0          0          0          0          0          0          0
  redvub           :       0.00       0.00      0          0          0          0          0          0          0          0          0          0
  sparsify         :       0.00       0.00      1          0          0          0          0          0          0          0          0          0
  stuffing         :       0.00       0.00      0          0          0          0          0          0          0          0          0          0
  trivial          :       0.00       0.00      2        861          0          0          0          0          0          0          0          0
  tworowbnd        :       0.00       0.00      0          0          0          0          0          0          0          0          0          0
  dualfix          :       0.00       0.00      2        861          0          0          0          0          0          0          0          0
  genvbounds       :       0.00       0.00      0          0          0          0          0          0          0          0          0          0
  probing          :       0.19       0.00      1          0          0          0          0          0          0          0          0          0
  pseudoobj        :       0.00       0.00      0          0          0          0          0          0          0          0          0          0
  symmetry         :       0.08       0.00      1          0          0          0          0          0          0          0          0          0
  vbounds          :       0.00       0.00      0          0          0          0          0          0          0          0          0          0
  linear           :       0.05       0.01      3          0          0          0          0          0          0          0          0          0
  nonlinear        :       0.32       0.09      4          0          0          0       1764          0          0          0          0          0
  benders          :       0.00       0.00      0          0          0          0          0          0          0          0          0          0
  components       :       0.01       0.00      1          0          0          0          0          0          0          0          0          0
  root node        :          -          -      -          0          -          -      11152          -          -          -          -          -
Constraints        :     Number  MaxNumber  #Separate #Propagate    #EnfoLP    #EnfoRelax  #EnfoPS    #Check   #ResProp    Cutoffs    DomReds       Cuts    Applied      Conss   Children
  benderslp        :          0          0          0          0       1682          0          0        334          0          0          0          0          0          0          0
  integral         :          0          0          0          0       1682          0          0        334          0          0         20          0          0          0       3088
  linear           :      10397+     10399         19      49697          0          0          0        328          0       1844    2502031          0          0          0          0
  nonlinear        :       4705       4705       3753      47853        121          0          0        167          0       5349    4050700     103684      93746          0          0
  benders          :          0          0          0          0          0          0          0          2          0          0          0          0          0          0          0
  countsols        :          0          0          0          0          0          0          0          2          0          0          0          0          0          0          0
  components       :          0          0          0          0          0          0          0          0          0          0          0          0          0          0          0
Constraint Timings :  TotalTime  SetupTime   Separate  Propagate     EnfoLP     EnfoPS     EnfoRelax   Check    ResProp    SB-Prop
  benderslp        :       0.00       0.00       0.00       0.00       0.00       0.00       0.00       0.00       0.00       0.00
  integral         :     169.84       0.00       0.00       0.00     169.84       0.00       0.00       0.00       0.00       0.00
  linear           :      13.96       0.01       0.04      12.45       0.00       0.00       0.00       0.95       0.00       0.51
  nonlinear        :      95.06       0.09      42.70      47.93       1.40       0.00       0.00       1.03       0.00       1.91
  benders          :       0.00       0.00       0.00       0.00       0.00       0.00       0.00       0.00       0.00       0.00
  countsols        :       0.00       0.00       0.00       0.00       0.00       0.00       0.00       0.00       0.00       0.00
  components       :       0.00       0.00       0.00       0.00       0.00       0.00       0.00       0.00       0.00       0.00
Propagators        : #Propagate   #ResProp    Cutoffs    DomReds
  dualfix          :          2          0          0          0
  genvbounds       :          0          0          0          0
  nlobbt           :          0          0          0          0
  obbt             :          0          0          0          0
  probing          :          0          0          0          0
  pseudoobj        :      16052          0          0          9
  redcost          :       6593          0          0        251
  rootredcost      :          1          0          0       6438
  symmetry         :          0          0          0          0
  vbounds          :       2876          0          0          0
Propagator Timings :  TotalTime  SetupTime   Presolve  Propagate    ResProp    SB-Prop
  dualfix          :       0.00       0.00       0.00       0.00       0.00       0.00
  genvbounds       :       0.01       0.00       0.00       0.01       0.00       0.00
  nlobbt           :       0.00       0.00       0.00       0.00       0.00       0.00
  obbt             :       0.01       0.00       0.00       0.01       0.00       0.00
  probing          :       0.19       0.00       0.19       0.00       0.00       0.00
  pseudoobj        :       0.06       0.00       0.00       0.05       0.00       0.01
  redcost          :       3.61       0.00       0.00       3.61       0.00       0.00
  rootredcost      :       0.05       0.00       0.00       0.05       0.00       0.00
  symmetry         :       0.08       0.00       0.08       0.00       0.00       0.00
  vbounds          :       0.02       0.00       0.00       0.02       0.00       0.00
Conflict Analysis  :       Time      Calls    Success    DomReds  Conflicts   Literals    Reconvs ReconvLits   Dualrays   Nonzeros   LP Iters   (pool size: [--,--])
  propagation      :       0.00          0          0          -          0        0.0          0        0.0          -          -          -
  infeasible LP    :       0.00          0          0          -          0        0.0          0        0.0          5      916.0          0
  bound exceed. LP :       1.56        106          5          -          0        0.0          0        0.0          0        0.0        662
  strong branching :       0.00          0          0          -          0        0.0          0        0.0          -          -          0
  pseudo solution  :       0.00          0          0          -          0        0.0          0        0.0          -          -          -
  applied globally :       0.00          -          -          0          0        0.0          -          -          5          -          -
  applied locally  :          -          -          -          0          0        0.0          -          -          0          -          -
Separators         :   ExecTime  SetupTime      Calls  RootCalls    Cutoffs    DomReds  FoundCuts ViaPoolAdd  DirectAdd    Applied ViaPoolApp  DirectApp      Conss
  cut pool         :       0.00          -          0          0          -          -          0          0          -          -          -          -          -    (maximal pool size:          0)
  aggregation      :       1.71       0.00        122         17          0          0          0          0          0          0          0          0          0
  > cmir           :          -          -          -          -          -          -          -          0          0          0          0          0          -
  > flowcover      :          -          -          -          -          -          -          -          0          0          0          0          0          -
  > knapsackcover  :          -          -          -          -          -          -          -          0          0          0          0          0          -
  cgmip            :       0.00       0.00          0          0          0          0          0          0          0          0          0          0          0
  clique           :       0.00       0.00          1          1          0          0          0          0          0          0          0          0          0
  closecuts        :       0.00       0.00          0          0          0          0          0          0          0          0          0          0          0
  convexproj       :       0.00       0.00          0          0          0          0          0          0          0          0          0          0          0
  disjunctive      :       0.00       0.00          0          0          0          0          0          0          0          0          0          0          0
  eccuts           :       0.00       0.00          0          0          0          0          0          0          0          0          0          0          0
  gauge            :       0.00       0.00          0          0          0          0          0          0          0          0          0          0          0
  gomory           :       1.93       0.00        113         10          0          0          0          0          0          0          0          0          0
  > gomorymi       :          -          -          -          -          -          -          -          0          0          0          0          0          -
  > strongcg       :          -          -          -          -          -          -          -          0          0          0          0          0          -
  impliedbounds    :       0.04       0.00        122         17          0          0          0          0          0          0          0          0          0
  interminor       :       0.00       0.00          0          0          0          0          0          0          0          0          0          0          0
  intobj           :       0.00       0.00          0          0          0          0          0          0          0          0          0          0          0
  mcf              :       0.04       0.00          1          1          0          0          0          0          0          0          0          0          0
  minor            :       0.00       0.00          0          0          0          0          0          0          0          0          0          0          0
  mixing           :       0.04       0.00        149         17          0          0          0          0          0          0          0          0          0
  oddcycle         :       0.00       0.00          0          0          0          0          0          0          0          0          0          0          0
  rapidlearning    :       0.00       0.00          0          0          0          0          0          0          0          0          0          0          0
  rlt              :       0.03       0.00         10         10          0          0          0          0          0          0          0          0          0
  zerohalf         :       0.54       0.00        120         17          0          0          0          0          0          0          0          0          0
Cutselectors       :   ExecTime  SetupTime      Calls  RootCalls   Selected     Forced   Filtered  RootSelec   RootForc   RootFilt 
  hybrid           :       0.99       0.00       3553         18      88863          0       9921      20930          0       6890
Pricers            :   ExecTime  SetupTime      Calls       Vars
  problem variables:       0.00          -          0          0
Branching Rules    :   ExecTime  SetupTime   BranchLP  BranchExt   BranchPS    Cutoffs    DomReds       Cuts      Conss   Children
  allfullstrong    :       0.00       0.00          0          0          0          0          0          0          0          0
  cloud            :       0.00       0.00          0          0          0          0          0          0          0          0
  distribution     :       0.00       0.00          0          0          0          0          0          0          0          0
  fullstrong       :       0.00       0.00          0          0          0          0          0          0          0          0
  inference        :       0.00       0.00          0          0          0          0          0          0          0          0
  leastinf         :       0.00       0.00          0          0          0          0          0          0          0          0
  lookahead        :       0.00       0.00          0          0          0          0          0          0          0          0
  mostinf          :       0.00       0.00          0          0          0          0          0          0          0          0
  multaggr         :       0.00       0.00          0          0          0          0          0          0          0          0
  nodereopt        :       0.00       0.00          0          0          0          0          0          0          0          0
  pscost           :       0.00       0.00          0          0          0          0          0          0          0          0
  random           :       0.00       0.00          0          0          0          0          0          0          0          0
  relpscost        :     169.80       0.00       1561          0          0          0         20          0          0       3088
  vanillafullstrong:       0.00       0.00          0          0          0          0          0          0          0          0
Primal Heuristics  :   ExecTime  SetupTime      Calls      Found       Best
  LP solutions     :       0.00          -          -          0          0
  relax solutions  :       0.00          -          -          0          0
  pseudo solutions :       0.00          -          -          0          0
  strong branching :       0.01          -          -          0          0
  actconsdiving    :       0.00       0.00          0          0          0
  adaptivediving   :      15.44       0.00          5          0          0
  alns             :       2.11       0.00          5          0          0
  bound            :       0.00       0.00          0          0          0
  clique           :       0.00       0.00          0          0          0
  coefdiving       :       0.00       0.00          0          0          0
  completesol      :       0.00       0.00          0          0          0
  conflictdiving   :      35.41       0.00          4          0          0
  crossover        :       0.00       0.00          0          0          0
  dins             :       0.00       0.00          0          0          0
  distributiondivin:      23.85       0.00          4          0          0
  dps              :       0.00       0.00          0          0          0
  dualval          :       0.00       0.00          0          0          0
  farkasdiving     :       0.00       0.00          0          0          0
  feaspump         :     109.53       0.00          2          0          0
  fixandinfer      :       0.00       0.00          0          0          0
  fracdiving       :      17.90       0.00          4          0          0
  gins             :       0.02       0.00          0          0          0
  guideddiving     :       5.22       0.00          4          0          0
  indicator        :       0.00       0.00          0          0          0
  indicatordiving  :       0.00       0.00          0          0          0
  intdiving        :       0.00       0.00          0          0          0
  intshifting      :       5.43       0.00          3          0          0
  linesearchdiving :      15.91       0.00          4          0          0
  localbranching   :       0.00       0.00          0          0          0
  locks            :       0.52       0.00          1          0          0
  lpface           :       0.00       0.00          0          0          0
  mpec             :      75.30       0.00         11          0          0
  multistart       :       0.00       0.00          0          0          0
  mutation         :       0.00       0.00          0          0          0
  nlpdiving        :      11.06       0.00          4          0          0
  objpscostdiving  :      76.46       0.00          1          0          0
  octane           :       0.00       0.00          0          0          0
  ofins            :       0.00       0.00          0          0          0
  oneopt           :       0.03       0.00          1          0          0
  padm             :       0.00       0.00          0          0          0
  proximity        :       0.00       0.00          0          0          0
  pscostdiving     :      23.75       0.00          5          0          0
  randrounding     :       2.30       0.00        252          0          0
  rens             :       0.00       0.00          0          0          0
  reoptsols        :       0.00       0.00          0          0          0
  repair           :       0.00       0.00          0          0          0
  rins             :     211.61       0.00          5          0          0
  rootsoldiving    :      34.64       0.00          3          0          0
  rounding         :       0.80       0.00        946          0          0
  shiftandpropagate:       0.42       0.00          1          0          0
  shifting         :       0.44       0.00        236          0          0
  simplerounding   :       0.02       0.00          0          0          0
  subnlp           :      25.52       0.00          6          1          1
  trivial          :       0.02       0.00          2          0          0
  trivialnegation  :       0.00       0.00          0          0          0
  trustregion      :       0.00       0.00          0          0          0
  trysol           :       0.00       0.00          0          0          0
  twoopt           :       0.00       0.00          0          0          0
  undercover       :      11.50       0.00          1          0          0
  vbounds          :       0.01       0.00          0          0          0
  veclendiving     :       5.79       0.00          4          0          0
  zeroobj          :       0.00       0.00          0          0          0
  zirounding       :       0.10       0.00       1000          0          0
  other solutions  :          -          -          -          0          -
Diving (single)    :      Calls      Nodes   LP Iters Backtracks  Conflicts   MinDepth   MaxDepth   AvgDepth  RoundSols  NLeafSols  MinSolDpt  MaxSolDpt  AvgSolDpt
  actconsdiving    :          0          -          -          -          -          -          -          -          -          -          -          -          -
  coefdiving       :          0          -          -          -          -          -          -          -          -          -          -          -          -
  conflictdiving   :          4         77      36803          0          0         29         32       30.5          0          -          -          -          -
  distributiondivin:          4         85      31418          0          0         30         52       39.2          0          -          -          -          -
  farkasdiving     :          0          -          -          -          -          -          -          -          -          -          -          -          -
  fracdiving       :          4        239      26912          0          0         68         70       69.2          0          -          -          -          -
  guideddiving     :          4         95       7812          9          0         46         70       63.5          0          -          -          -          -
  indicatordiving  :          0          -          -          -          -          -          -          -          -          -          -          -          -
  linesearchdiving :          4        203      21391          0          0         63         70       66.8          0          -          -          -          -
  pscostdiving     :          5        243      30414          0          0         58         70       67.0          0          -          -          -          -
  veclendiving     :          4        138       9050          0          0         45         57       52.0          0          -          -          -          -
Diving (adaptive)  :      Calls      Nodes   LP Iters Backtracks  Conflicts   MinDepth   MaxDepth   AvgDepth  RoundSols  NLeafSols  MinSolDpt  MaxSolDpt  AvgSolDpt
  actconsdiving    :          0          -          -          -          -          -          -          -          -          -          -          -          -
  coefdiving       :          0          -          -          -          -          -          -          -          -          -          -          -          -
  conflictdiving   :          0          -          -          -          -          -          -          -          -          -          -          -          -
  distributiondivin:          0          -          -          -          -          -          -          -          -          -          -          -          -
  farkasdiving     :          0          -          -          -          -          -          -          -          -          -          -          -          -
  fracdiving       :          0          -          -          -          -          -          -          -          -          -          -          -          -
  guideddiving     :          1         55       8498          0          0         68         68       68.0          0          -          -          -          -
  indicatordiving  :          0          -          -          -          -          -          -          -          -          -          -          -          -
  linesearchdiving :          2        116      16424          0          0         69         69       69.0          0          -          -          -          -
  pscostdiving     :          0          -          -          -          -          -          -          -          -          -          -          -          -
  veclendiving     :          2         80       5621          0          0         48         51       49.5          0          -          -          -          -
Neighborhoods      :      Calls  SetupTime  SolveTime SolveNodes       Sols       Best       Exp3  EpsGreedy        UCB TgtFixRate  Opt  Inf Node Stal  Sol  Usr Othr Actv
  rens             :          0       0.00       0.00          0          0          0    0.00000   -1.00000    1.00000      0.900    0    0    0    0    0    0    0    1
  rins             :          1       0.09       0.41          0          0          0    0.00000   -1.00000    1.00000      0.900    0    0    0    0    0    0    1    1
  mutation         :          0       0.00       0.00          0          0          0    0.00000   -1.00000    1.00000      0.900    0    0    0    0    0    0    0    1
  localbranching   :          1       0.10       0.36          0          0          0    0.00000   -1.00000    1.00000      0.900    0    0    0    0    0    0    1    1
  crossover        :          0       0.00       0.00          0          0          0    0.00000   -1.00000    1.00000      0.900    0    0    0    0    0    0    0    1
  proximity        :          1       0.11       0.32          0          0          0    0.00000   -1.00000    1.00000      0.900    0    0    0    0    0    0    1    1
  zeroobjective    :          1       0.04       0.00          0          0          0    0.00000   -1.00000    1.00000      0.900    0    0    0    0    0    0    1    1
  dins             :          1       0.09       0.39          0          0          0    0.00000   -1.00000    1.00000      0.900    0    0    0    0    0    0    1    1
  trustregion      :          0       0.00       0.00          0          0          0    0.00000   -1.00000    1.00000      0.900    0    0    0    0    0    0    0    0
Expressions        :   #IntEval  IntEvalTi   #RevProp  RevPropTi    DomReds    Cutoffs  #Estimate  EstimTime  Branching  #Simplify SimplifyTi Simplified
  pow              :    6048097       1.55    2523381       0.76    2541892          0      82439       0.02          0      11256       0.02          0
  prod             :    3741851       1.31      15910       0.00        396          0          0       0.00          0       5882       0.00       2940
  sum              :    5761999       1.93    4771436       1.63     820765       1083       1765       0.00          0      11174       0.02       1765
  var              :   11721097       2.81          0       0.00          0          0          0       0.00          0      26545       0.00          0
  varidx           :          0       0.00          0       0.00          0          0          0       0.00          0          0       0.00          0
Nonlinear Conshdlr :   WeakSepa  TightenLP DespTghtLP DespBranch DespCutoff    ForceLP  CanonTime
  enforce          :       3658          0          0          0          0          0
  presolve         :                                                                         0.26
Nlhdlrs            :    Detects  DetectAll DetectTime   #IntEval  IntEvalTi   #RevProp  RevPropTi    DomReds    Cutoffs   #Enforce   EnfoTime       Cuts  Branching
  soc              :       2940       2940       0.01          0       0.00          0       0.00          0          0    7757425      12.61      20620          0
  convex           :          1          1       0.03          0       0.00          0       0.00          0          0       2390       0.04       2389          0
  concave          :          0          0       0.01          0       0.00          0       0.00          0          0          0       0.00          0          0
  quotient         :          0          0       0.00          0       0.00          0       0.00          0          0          0       0.00          0          0
  quadratic        :          0          0       0.03          0       0.00          0       0.00          0          0          0       0.00          0          0
  default          :      21913     109565       0.00   15533951      10.45    7339290      16.09    3363053       1083      84204       0.11      80675          0
  bilinear         :          0          0       0.01          0       0.00          0       0.00          0          0          0       0.00          0          0
  perspective      :          0          0       0.00          0       0.00          0       0.00          0          0          0       0.00          0          0
LP                 :       Time      Calls Iterations  Iter/call   Iter/sec  Time-0-It Calls-0-It    ItLimit
  primal LP        :    1236.73       1372          5       5.00       0.00    1234.36       1371
  dual LP          :    1340.56       6935    1110520     163.02     828.40       2.36        123
  lex dual LP      :       0.00          0          0       0.00          -
  barrier LP       :       0.00          0          0       0.00          -       0.00          0
  resolve instable :       0.00          0          0       0.00          -
  diving/probing LP:     357.65        435     387643     891.13    1083.86
  strong branching :     162.13        257     195049     758.95    1203.04          -          -        253
    (at root node) :          -         36      24919     692.19          -
  conflict analysis:       0.65         68        662       9.74    1018.46
NLP relaxation     :
  solve time       :      11.05 (4 calls)
  convexity        :  nonconvex (989 linear rows, 1765 convex ineq., 2940 nonconvex ineq., 0 nonlinear eq. or two-sided ineq.)
NLP Solvers        :  #Problems  ProblemTi    #Solves  SolveTime      #Iter  Time/Iter      #Okay #TimeLimit #IterLimit #LObjLimit #Interrupt  #NumError #EvalError  #OutOfMem #LicenseEr #OtherTerm   #GlobOpt    #LocOpt  #Feasible #LocInfeas #GlobInfea #Unbounded   #Unknown
  ipopt            :         18       4.27         16     111.10       1366       0.08         12          0          4          0          0          0          0          0          0          0          0          2          0          6          0          0          8
B&B Tree           :
  number of runs   :          1
  nodes            :       2823 (1544 internal, 1279 leaves)
  feasible leaves  :          0
  infeas. leaves   :          0
  objective leaves :       1278
  nodes (total)    :       2823 (1544 internal, 1279 leaves)
  nodes left       :        267
  max depth        :         69
  max depth (total):         69
  backtracks       :        243 (8.6%)
  early backtracks :          0 (0.0%)
  nodes exc. ref.  :          0 (0.0%)
  delayed cutoffs  :          0
  repropagations   :          3 (0 domain reductions, 0 cutoffs)
  avg switch length:       3.66
  switching time   :    1249.13
Estim. Tree Size   :       5644
Estimation Tree    : 3089 nodes (2822 visited, 1544 internal, 1278 leaves, 267 open), weight: 0.0000 completed 0.0458
Estimations        :      estim      value      trend resolution     smooth
  wbe              : 134130226883648          -          -          -          -
  tree-profile     :         -1          -          -          -          -
  gap              :       5644    0.54185    0.00000          2       5637
  tree-weight      :       5644    0.00000    0.00000          2       5637
  leaf-frequency   :      20126    0.45269    0.00001          2      24051
  ssg              :       5644    0.92764   -0.00000          2       5637
  open-nodes       :       5644  267.00000    0.01626          2       5764
Root Node          :
  First LP value   : -1.46740147922947e+00
  First LP Iters   :      45411 (1837.76 Iter/sec)
  First LP Time    :      24.71
  Final Dual Bound : -6.01624875143870e-01
  Final Root Iters :     102198
  Root LP Estimate : +1.55442674332215e+00
Solution           :
  Solutions found  :          1 (1 improvements)
  First Solution   : -3.06293135374313e-01   (in run 1, after 1 nodes, 94.48 seconds, depth 0, found by <feaspump>)
  Gap First Sol.   :     379.08 %
  Gap Last Sol.    :     379.08 %
  Primal Bound     : -3.06293135374313e-01   (in run 1, after 1 nodes, 94.48 seconds, depth 0, found by <feaspump>)
  Dual Bound       : -5.65274195337971e-01
  Gap              :      84.55 %
Integrals          :      Total       Avg%
  primal-dual      :  177711.84      49.36
  primal-ref       :          -          - (not evaluated)
  dual-ref         :          -          - (not evaluated)
