SCIP Status        : solving was interrupted [time limit reached]
Total Time         :    3600.05
  solving          :    3600.00
  presolving       :       0.50 (included in solving)
  reading          :       0.05
  copying          :       0.28 (9 #copies) (minimal 0.03, maximal 0.04, average 0.03)
Original Problem   :
  Problem name     : benchmark/normal_50_30_30.design
  Variables        : 5781 (50 binary, 0 integer, 0 implicit integer, 5731 continuous)
  Constraints      : 7728 initial, 7728 maximal
  Objective        : minimize, 1 non-zeros (abs.min = 1, abs.max = 1)
Presolved Problem  :
  Problem name     : t_benchmark/normal_50_30_30.design
  Variables        : 8213 (50 binary, 0 integer, 0 implicit integer, 8163 continuous)
  Constraints      : 7728 initial, 7728 maximal
  Objective        : minimize, 1 non-zeros (abs.min = 1, abs.max = 1)
  Nonzeros         : 45247 constraint, 0 clique table
Presolvers         :   ExecTime  SetupTime  Calls  FixedVars   AggrVars   ChgTypes  ChgBounds   AddHoles    DelCons    AddCons   ChgSides   ChgCoefs
  boundshift       :       0.00       0.00      0          0          0          0          0          0          0          0          0          0
  convertinttobin  :       0.00       0.00      0          0          0          0          0          0          0          0          0          0
  domcol           :       0.00       0.00      1          0          0          0          0          0          0          0          0          0
  dualagg          :       0.00       0.00      0          0          0          0          0          0          0          0          0          0
  dualcomp         :       0.00       0.00      1          0          0          0          0          0          0          0          0          0
  dualinfer        :       0.00       0.00      0          0          0          0          0          0          0          0          0          0
  dualsparsify     :       0.00       0.00      1          0          0          0          0          0          0          0          0          0
  gateextraction   :       0.00       0.00      0          0          0          0          0          0          0          0          0          0
  implics          :       0.00       0.00      1          0          0          0          0          0          0          0          0          0
  inttobinary      :       0.00       0.00      0          0          0          0          0          0          0          0          0          0
  qpkktref         :       0.00       0.00      0          0          0          0          0          0          0          0          0          0
  redvub           :       0.00       0.00      0          0          0          0          0          0          0          0          0          0
  sparsify         :       0.00       0.00      1          0          0          0          0          0          0          0          0          0
  stuffing         :       0.00       0.00      0          0          0          0          0          0          0          0          0          0
  trivial          :       0.00       0.00      2        435          0          0          0          0          0          0          0          0
  tworowbnd        :       0.00       0.00      0          0          0          0          0          0          0          0          0          0
  dualfix          :       0.00       0.00      2        435          0          0          0          0          0          0          0          0
  genvbounds       :       0.00       0.00      0          0          0          0          0          0          0          0          0          0
  probing          :       0.11       0.00      1          0          0          0          0          0          0          0          0          0
  pseudoobj        :       0.00       0.00      0          0          0          0          0          0          0          0          0          0
  symmetry         :       0.06       0.00      1          0          0          0          0          0          0          0          0          0
  vbounds          :       0.00       0.00      0          0          0          0          0          0          0          0          0          0
  linear           :       0.04       0.01      3          0          0          0          0          0          0          0          0          0
  nonlinear        :       0.25       0.07      4          0          0          0        900          0          0          0          0          0
  benders          :       0.00       0.00      0          0          0          0          0          0          0          0          0          0
  components       :       0.01       0.00      1          0          0          0          0          0          0          0          0          0
  root node        :          -          -      -          0          -          -      15996          -          -          -          -          -
Constraints        :     Number  MaxNumber  #Separate #Propagate    #EnfoLP    #EnfoRelax  #EnfoPS    #Check   #ResProp    Cutoffs    DomReds       Cuts    Applied      Conss   Children
  benderslp        :          0          0          0          0       1006          0          0        235          0          0          0          0          0          0          0
  integral         :          0          0          0          0       1006          0          0        235          0          0       1456          0          0          0       1696
  linear           :       5327       5327         19      28093          3          0          0        229          0        810     388489          0          0          0          0
  nonlinear        :       2401       2401       2508      27283         96          0          0        114          0       2810     684908     633526     202914          0          0
  benders          :          0          0          0          0          3          0          0          5          0          0          0          0          0          0          0
  countsols        :          0          0          0          0          3          0          0          5          0          0          0          0          0          0          0
  components       :          0          0          0          0          0          0          0          0          0          0          0          0          0          0          0
Constraint Timings :  TotalTime  SetupTime   Separate  Propagate     EnfoLP     EnfoPS     EnfoRelax   Check    ResProp    SB-Prop
  benderslp        :       0.00       0.00       0.00       0.00       0.00       0.00       0.00       0.00       0.00       0.00
  integral         :     242.70       0.00       0.00       0.00     242.70       0.00       0.00       0.00       0.00       0.00
  linear           :       3.79       0.01       0.06       2.98       0.00       0.00       0.00       0.35       0.00       0.39
  nonlinear        :      33.23       0.07      18.57      12.05       0.50       0.00       0.00       0.45       0.00       1.59
  benders          :       0.00       0.00       0.00       0.00       0.00       0.00       0.00       0.00       0.00       0.00
  countsols        :       0.00       0.00       0.00       0.00       0.00       0.00       0.00       0.00       0.00       0.00
  components       :       0.00       0.00       0.00       0.00       0.00       0.00       0.00       0.00       0.00       0.00
Propagators        : #Propagate   #ResProp    Cutoffs    DomReds
  dualfix          :          2          0          0          0
  genvbounds       :          0          0          0          0
  nlobbt           :          0          0          0          0
  obbt             :          0          0          0          0
  probing          :          0          0          0          0
  pseudoobj        :       9255          0          0         13
  redcost          :       4220          0          0          4
  rootredcost      :          7          0          0      13582
  symmetry         :          0          0          0          0
  vbounds          :       1750          0          0          0
Propagator Timings :  TotalTime  SetupTime   Presolve  Propagate    ResProp    SB-Prop
  dualfix          :       0.00       0.00       0.00       0.00       0.00       0.00
  genvbounds       :       0.01       0.00       0.00       0.01       0.00       0.00
  nlobbt           :       0.00       0.00       0.00       0.00       0.00       0.00
  obbt             :       0.00       0.00       0.00       0.00       0.00       0.00
  probing          :       0.11       0.00       0.11       0.00       0.00       0.00
  pseudoobj        :       0.02       0.00       0.00       0.02       0.00       0.00
  redcost          :       1.20       0.00       0.00       1.20       0.00       0.00
  rootredcost      :       0.03       0.00       0.00       0.03       0.00       0.00
  symmetry         :       0.07       0.00       0.06       0.01       0.00       0.00
  vbounds          :       0.01       0.00       0.00       0.01       0.00       0.00
Conflict Analysis  :       Time      Calls    Success    DomReds  Conflicts   Literals    Reconvs ReconvLits   Dualrays   Nonzeros   LP Iters   (pool size: [--,--])
  propagation      :       0.00          0          0          -          0        0.0          0        0.0          -          -          -
  infeasible LP    :       0.00          0          0          -          0        0.0          0        0.0          0        0.0          0
  bound exceed. LP :       1.42        177          0          -          0        0.0          0        0.0          0        0.0        540
  strong branching :       0.00          0          0          -          0        0.0          0        0.0          -          -          0
  pseudo solution  :       0.00          0          0          -          0        0.0          0        0.0          -          -          -
  applied globally :       0.00          -          -          0          0        0.0          -          -          0          -          -
  applied locally  :          -          -          -          0          0        0.0          -          -          0          -          -
Separators         :   ExecTime  SetupTime      Calls  RootCalls    Cutoffs    DomReds  FoundCuts ViaPoolAdd  DirectAdd    Applied ViaPoolApp  DirectApp      Conss
  cut pool         :       0.00          -          0          0          -          -          0          0          -          -          -          -          -    (maximal pool size:          0)
  aggregation      :       1.73       0.00        120         19          0          0          0          0          0          0          0          0          0
  > cmir           :          -          -          -          -          -          -          -          0          0          0          0          0          -
  > flowcover      :          -          -          -          -          -          -          -          0          0          0          0          0          -
  > knapsackcover  :          -          -          -          -          -          -          -          0          0          0          0          0          -
  cgmip            :       0.00       0.00          0          0          0          0          0          0          0          0          0          0          0
  clique           :       0.00       0.00          1          1          0          0          0          0          0          0          0          0          0
  closecuts        :       0.00       0.00          0          0          0          0          0          0          0          0          0          0          0
  convexproj       :       0.00       0.00          0          0          0          0          0          0          0          0          0          0          0
  disjunctive      :       0.00       0.00          0          0          0          0          0          0          0          0          0          0          0
  eccuts           :       0.00       0.00          0          0          0          0          0          0          0          0          0          0          0
  gauge            :       0.00       0.00          0          0          0          0          0          0          0          0          0          0          0
  gomory           :       0.60       0.00        111         10          0          0          0          0          0          0          0          0          0
  > gomorymi       :          -          -          -          -          -          -          -          0          0          0          0          0          -
  > strongcg       :          -          -          -          -          -          -          -          0          0          0          0          0          -
  impliedbounds    :       0.09       0.00        120         19          0          0          0          0          0          0          0          0          0
  interminor       :       0.00       0.00          0          0          0          0          0          0          0          0          0          0          0
  intobj           :       0.00       0.00          0          0          0          0          0          0          0          0          0          0          0
  mcf              :       0.01       0.00          2          2          0          0          0          0          0          0          0          0          0
  minor            :       0.00       0.00          0          0          0          0          0          0          0          0          0          0          0
  mixing           :       0.01       0.00        120         19          0          0          0          0          0          0          0          0          0
  oddcycle         :       0.00       0.00          0          0          0          0          0          0          0          0          0          0          0
  rapidlearning    :       0.00       0.00          0          0          0          0          0          0          0          0          0          0          0
  rlt              :       0.03       0.00         10         10          0          0          0          0          0          0          0          0          0
  zerohalf         :       0.54       0.00        120         19          0          0          0          0          0          0          0          0          0
Cutselectors       :   ExecTime  SetupTime      Calls  RootCalls   Selected     Forced   Filtered  RootSelec   RootForc   RootFilt 
  hybrid           :       2.64       0.00       2451         18     198631          0     430594      18452          0       2760
Pricers            :   ExecTime  SetupTime      Calls       Vars
  problem variables:       0.00          -          0          0
Branching Rules    :   ExecTime  SetupTime   BranchLP  BranchExt   BranchPS    Cutoffs    DomReds       Cuts      Conss   Children
  allfullstrong    :       0.00       0.00          0          0          0          0          0          0          0          0
  cloud            :       0.00       0.00          0          0          0          0          0          0          0          0
  distribution     :       0.00       0.00          0          0          0          0          0          0          0          0
  fullstrong       :       0.00       0.00          0          0          0          0          0          0          0          0
  inference        :       0.00       0.00          0          0          0          0          0          0          0          0
  leastinf         :       0.00       0.00          0          0          0          0          0          0          0          0
  lookahead        :       0.00       0.00          0          0          0          0          0          0          0          0
  mostinf          :       0.00       0.00          0          0          0          0          0          0          0          0
  multaggr         :       0.00       0.00          0          0          0          0          0          0          0          0
  nodereopt        :       0.00       0.00          0          0          0          0          0          0          0          0
  pscost           :       0.00       0.00          0          0          0          0          0          0          0          0
  random           :       0.00       0.00          0          0          0          0          0          0          0          0
  relpscost        :     242.70       0.00        910          0          0          0       1456          0          0       1696
  vanillafullstrong:       0.00       0.00          0          0          0          0          0          0          0          0
Primal Heuristics  :   ExecTime  SetupTime      Calls      Found       Best
  LP solutions     :       0.01          -          -          3          3
  relax solutions  :       0.00          -          -          0          0
  pseudo solutions :       0.00          -          -          0          0
  strong branching :       0.00          -          -          0          0
  actconsdiving    :       0.00       0.00          0          0          0
  adaptivediving   :      16.81       0.00          4          0          0
  alns             :       1.72       0.00          5          0          0
  bound            :       0.00       0.00          0          0          0
  clique           :       0.00       0.00          0          0          0
  coefdiving       :       0.00       0.00          0          0          0
  completesol      :       0.00       0.00          0          0          0
  conflictdiving   :       0.00       0.00          0          0          0
  crossover        :     633.82       0.00          2          1          1
  dins             :       0.00       0.00          0          0          0
  distributiondivin:       8.20       0.00          2          0          0
  dps              :       0.00       0.00          0          0          0
  dualval          :       0.00       0.00          0          0          0
  farkasdiving     :       0.00       0.00          0          0          0
  feaspump         :       7.60       0.00          1          0          0
  fixandinfer      :       0.00       0.00          0          0          0
  fracdiving       :       5.98       0.00          2          0          0
  gins             :       0.02       0.00          0          0          0
  guideddiving     :       5.61       0.00          2          0          0
  indicator        :       0.00       0.00          0          0          0
  indicatordiving  :       0.00       0.00          0          0          0
  intdiving        :       0.00       0.00          0          0          0
  intshifting      :       6.13       0.00          3          0          0
  linesearchdiving :       1.92       0.00          2          0          0
  localbranching   :       0.00       0.00          0          0          0
  locks            :       0.24       0.00          1          0          0
  lpface           :       0.01       0.00          0          0          0
  mpec             :      20.16       0.00          1          0          0
  multistart       :       0.00       0.00          0          0          0
  mutation         :       0.00       0.00          0          0          0
  nlpdiving        :      13.92       0.00          1          0          0
  objpscostdiving  :     111.55       0.00          1          0          0
  octane           :       0.00       0.00          0          0          0
  ofins            :       0.00       0.00          0          0          0
  oneopt           :       0.05       0.00          7          0          0
  padm             :       0.00       0.00          0          0          0
  proximity        :       0.00       0.00          0          0          0
  pscostdiving     :       9.21       0.00          2          0          0
  randrounding     :       1.12       0.00        187          0          0
  rens             :       0.00       0.00          0          0          0
  reoptsols        :       0.00       0.00          0          0          0
  repair           :       0.00       0.00          0          0          0
  rins             :     241.32       0.00          2          1          1
  rootsoldiving    :      25.73       0.00          1          0          0
  rounding         :       0.87       0.00        703          0          0
  shiftandpropagate:       0.20       0.00          1          0          0
  shifting         :       0.54       0.00        200          0          0
  simplerounding   :       0.01       0.00          0          0          0
  subnlp           :      18.14       0.00          7          2          2
  trivial          :       0.02       0.00          2          0          0
  trivialnegation  :       0.00       0.00          0          0          0
  trustregion      :       0.00       0.00          0          0          0
  trysol           :       0.01       0.00          0          0          0
  twoopt           :       0.00       0.00          0          0          0
  undercover       :       3.00       0.00          1          0          0
  vbounds          :       0.00       0.00          0          0          0
  veclendiving     :       1.53       0.00          2          0          0
  zeroobj          :       0.00       0.00          0          0          0
  zirounding       :       0.14       0.00        847          0          0
  other solutions  :          -          -          -          0          -
Diving (single)    :      Calls      Nodes   LP Iters Backtracks  Conflicts   MinDepth   MaxDepth   AvgDepth  RoundSols  NLeafSols  MinSolDpt  MaxSolDpt  AvgSolDpt
  actconsdiving    :          0          -          -          -          -          -          -          -          -          -          -          -          -
  coefdiving       :          0          -          -          -          -          -          -          -          -          -          -          -          -
  conflictdiving   :          0          -          -          -          -          -          -          -          -          -          -          -          -
  distributiondivin:          2         18      13634          0          0         22         46       34.0          0          -          -          -          -
  farkasdiving     :          0          -          -          -          -          -          -          -          -          -          -          -          -
  fracdiving       :          2         92      13151          0          0         50         50       50.0          0          -          -          -          -
  guideddiving     :          2         83      10519          0          0         50         50       50.0          0          -          -          -          -
  indicatordiving  :          0          -          -          -          -          -          -          -          -          -          -          -          -
  linesearchdiving :          2         50       5090          1          0         50         50       50.0          0          -          -          -          -
  pscostdiving     :          2         88      17775          0          0         49         50       49.5          0          -          -          -          -
  veclendiving     :          2         57       4297          0          0         33         34       33.5          0          -          -          -          -
Diving (adaptive)  :      Calls      Nodes   LP Iters Backtracks  Conflicts   MinDepth   MaxDepth   AvgDepth  RoundSols  NLeafSols  MinSolDpt  MaxSolDpt  AvgSolDpt
  actconsdiving    :          1         51      15718         14          0         48         48       48.0          0          -          -          -          -
  coefdiving       :          1         29       1883          0          0         33         33       33.0          0          -          -          -          -
  conflictdiving   :          0          -          -          -          -          -          -          -          -          -          -          -          -
  distributiondivin:          0          -          -          -          -          -          -          -          -          -          -          -          -
  farkasdiving     :          0          -          -          -          -          -          -          -          -          -          -          -          -
  fracdiving       :          0          -          -          -          -          -          -          -          -          -          -          -          -
  guideddiving     :          0          -          -          -          -          -          -          -          -          -          -          -          -
  indicatordiving  :          0          -          -          -          -          -          -          -          -          -          -          -          -
  linesearchdiving :          0          -          -          -          -          -          -          -          -          -          -          -          -
  pscostdiving     :          0          -          -          -          -          -          -          -          -          -          -          -          -
  veclendiving     :          2         58      10407          0          0         31         36       33.5          0          -          -          -          -
Neighborhoods      :      Calls  SetupTime  SolveTime SolveNodes       Sols       Best       Exp3  EpsGreedy        UCB TgtFixRate  Opt  Inf Node Stal  Sol  Usr Othr Actv
  rens             :          0       0.00       0.00          0          0          0    0.00000   -1.00000    1.00000      0.900    0    0    0    0    0    0    0    1
  rins             :          1       0.08       0.31          0          0          0    0.00000   -1.00000    1.00000      0.900    0    0    0    0    0    0    1    1
  mutation         :          0       0.00       0.00          0          0          0    0.00000   -1.00000    1.00000      0.900    0    0    0    0    0    0    0    1
  localbranching   :          1       0.08       0.38          0          0          0    0.00000   -1.00000    1.00000      0.900    0    0    0    0    0    0    1    1
  crossover        :          1       0.08       0.30          0          0          0    0.00000   -1.00000    1.00000      0.900    0    0    0    0    0    0    1    1
  proximity        :          1       0.08       0.24          0          0          0    0.00000   -1.00000    1.00000      0.900    0    0    0    0    0    0    1    1
  zeroobjective    :          1       0.03       0.00          0          0          0    0.00000   -1.00000    1.00000      0.900    0    0    0    0    0    0    1    1
  dins             :          0       0.00       0.00          0          0          0    0.00000   -1.00000    1.00000      0.900    0    0    0    0    0    0    0    1
  trustregion      :          0       0.00       0.00          0          0          0    0.00000   -1.00000    1.00000      0.900    0    0    0    0    0    0    0    0
Expressions        :   #IntEval  IntEvalTi   #RevProp  RevPropTi    DomReds    Cutoffs  #Estimate  EstimTime  Branching  #Simplify SimplifyTi Simplified
  pow              :    1439636       0.55     569608       0.21     757223          0      41395       0.01          0       5760       0.01          0
  prod             :    1105936       0.47       8575       0.00        299          0          0       0.00          0       3002       0.00       1500
  sum              :    1325289       0.48     992016       0.59      55000        412        901       0.00          0       5702       0.01        901
  var              :    2980345       0.95          0       0.00          0          0          0       0.00          0      13561       0.01          0
  varidx           :          0       0.00          0       0.00          0          0          0       0.00          0          0       0.00          0
Nonlinear Conshdlr :   WeakSepa  TightenLP DespTghtLP DespBranch DespCutoff    ForceLP  CanonTime
  enforce          :       3313          0          0          0          0          0
  presolve         :                                                                         0.18
Nlhdlrs            :    Detects  DetectAll DetectTime   #IntEval  IntEvalTi   #RevProp  RevPropTi    DomReds    Cutoffs   #Enforce   EnfoTime       Cuts  Branching
  soc              :       1500       1500       0.00          0       0.00          0       0.00          0          0    2105977       5.46     591098          0
  convex           :          1          1       0.00          0       0.00          0       0.00          0          0       1934       0.02       1933          0
  concave          :          0          0       0.00          0       0.00          0       0.00          0          0          0       0.00          0          0
  quotient         :          0          0       0.00          0       0.00          0       0.00          0          0          0       0.00          0          0
  quadratic        :          0          0       0.04          0       0.00          0       0.00          0          0          0       0.00          0          0
  default          :      11213      56065       0.01    3861725       3.17    1584842       4.58     812522        412      42296       0.11      40495          0
  bilinear         :          0          0       0.00          0       0.00          0       0.00          0          0          0       0.00          0          0
  perspective      :          0          0       0.00          0       0.00          0       0.00          0          0          0       0.00          0          0
LP                 :       Time      Calls Iterations  Iter/call   Iter/sec  Time-0-It Calls-0-It    ItLimit
  primal LP        :     464.21        876          0       0.00       0.00     464.20        876
  dual LP          :    1697.70       4260    1962450     464.27    1155.95       0.45         33
  lex dual LP      :       0.00          0          0       0.00          -
  barrier LP       :       0.00          0          0       0.00          -       0.00          0
  resolve instable :       0.00          0          0       0.00          -
  diving/probing LP:     197.89        173     266470    1540.29    1346.56
  strong branching :     236.07        347     293753     846.55    1244.35          -          -        540
    (at root node) :          -         50      50000    1000.00          -
  conflict analysis:       0.70         54        540      10.00     771.43
NLP relaxation     :
  solve time       :      13.71 (13 calls)
  convexity        :  nonconvex (527 linear rows, 901 convex ineq., 1500 nonconvex ineq., 0 nonlinear eq. or two-sided ineq.)
NLP Solvers        :  #Problems  ProblemTi    #Solves  SolveTime      #Iter  Time/Iter      #Okay #TimeLimit #IterLimit #LObjLimit #Interrupt  #NumError #EvalError  #OutOfMem #LicenseEr #OtherTerm   #GlobOpt    #LocOpt  #Feasible #LocInfeas #GlobInfea #Unbounded   #Unknown
  ipopt            :          9       1.12         21      49.16        895       0.05         16          0          5          0          0          0          0          0          0          0          0         13          1          2          0          0          5
B&B Tree           :
  number of runs   :          1
  nodes            :       1617 (848 internal, 769 leaves)
  feasible leaves  :          3
  infeas. leaves   :          0
  objective leaves :        765
  nodes (total)    :       1617 (848 internal, 769 leaves)
  nodes left       :         65
  max depth        :         49
  max depth (total):         49
  backtracks       :        106 (6.6%)
  early backtracks :          0 (0.0%)
  nodes exc. ref.  :          0 (0.0%)
  delayed cutoffs  :          0
  repropagations   :          5 (0 domain reductions, 0 cutoffs)
  avg switch length:       2.46
  switching time   :     453.42
Estim. Tree Size   :       3264
Estimation Tree    : 1697 nodes (1632 visited, 848 internal, 784 leaves, 65 open), weight: 0.0000 completed 0.0352
Estimations        :      estim      value      trend resolution     smooth
  wbe              : 26410647267          -          -          -          -
  tree-profile     :         -1          -          -          -          -
  gap              :       3264    0.76942    0.00000          1       3261
  tree-weight      :       3264    0.00000    0.00000          1       3261
  leaf-frequency   :       3978    0.48009    0.00002          1       3765
  ssg              :     613926    0.94445   -0.00000          1     582633
  open-nodes       :       5616   65.00000   -0.03211          1       5356
Root Node          :
  First LP value   : -1.14861306641604e+00
  First LP Iters   :      17269 (3440.04 Iter/sec)
  First LP Time    :       5.02
  Final Dual Bound : -3.63763092463144e-01
  Final Root Iters :      61652
  Root LP Estimate : +2.32713302189033e+00
Solution           :
  Solutions found  :          7 (7 improvements)
  First Solution   : -2.25487747683200e-01   (in run 1, after 1 nodes, 18.22 seconds, depth 0, found by <feaspump>)
  Gap First Sol.   :     409.39 %
  Gap Last Sol.    :      30.98 %
  Primal Bound     : -2.77675568209129e-01   (in run 1, after 670 nodes, 2097.44 seconds, depth 45, found by <crossover>)
  Dual Bound       : -3.60888423930435e-01
  Gap              :      29.97 %
Integrals          :      Total       Avg%
  primal-dual      :   97193.14      27.00
  primal-ref       :          -          - (not evaluated)
  dual-ref         :          -          - (not evaluated)
