SCIP Status        : solving was interrupted [time limit reached]
Total Time         :    3600.07
  solving          :    3600.01
  presolving       :       0.29 (included in solving)
  reading          :       0.06
  copying          :       0.29 (10 #copies) (minimal 0.02, maximal 0.04, average 0.03)
Original Problem   :
  Problem name     : benchmark/normal_50_30_32.design
  Variables        : 5781 (50 binary, 0 integer, 0 implicit integer, 5731 continuous)
  Constraints      : 7728 initial, 7728 maximal
  Objective        : minimize, 1 non-zeros (abs.min = 1, abs.max = 1)
Presolved Problem  :
  Problem name     : t_benchmark/normal_50_30_32.design
  Variables        : 8213 (50 binary, 0 integer, 0 implicit integer, 8163 continuous)
  Constraints      : 7728 initial, 7728 maximal
  Objective        : minimize, 1 non-zeros (abs.min = 1, abs.max = 1)
  Nonzeros         : 45247 constraint, 0 clique table
Presolvers         :   ExecTime  SetupTime  Calls  FixedVars   AggrVars   ChgTypes  ChgBounds   AddHoles    DelCons    AddCons   ChgSides   ChgCoefs
  boundshift       :       0.00       0.00      0          0          0          0          0          0          0          0          0          0
  convertinttobin  :       0.00       0.00      0          0          0          0          0          0          0          0          0          0
  domcol           :       0.00       0.00      1          0          0          0          0          0          0          0          0          0
  dualagg          :       0.00       0.00      0          0          0          0          0          0          0          0          0          0
  dualcomp         :       0.00       0.00      1          0          0          0          0          0          0          0          0          0
  dualinfer        :       0.00       0.00      0          0          0          0          0          0          0          0          0          0
  dualsparsify     :       0.00       0.00      1          0          0          0          0          0          0          0          0          0
  gateextraction   :       0.00       0.00      0          0          0          0          0          0          0          0          0          0
  implics          :       0.00       0.00      1          0          0          0          0          0          0          0          0          0
  inttobinary      :       0.00       0.00      0          0          0          0          0          0          0          0          0          0
  qpkktref         :       0.00       0.00      0          0          0          0          0          0          0          0          0          0
  redvub           :       0.00       0.00      0          0          0          0          0          0          0          0          0          0
  sparsify         :       0.00       0.00      1          0          0          0          0          0          0          0          0          0
  stuffing         :       0.00       0.00      0          0          0          0          0          0          0          0          0          0
  trivial          :       0.00       0.00      2        435          0          0          0          0          0          0          0          0
  tworowbnd        :       0.00       0.00      0          0          0          0          0          0          0          0          0          0
  dualfix          :       0.00       0.00      2        435          0          0          0          0          0          0          0          0
  genvbounds       :       0.00       0.00      0          0          0          0          0          0          0          0          0          0
  probing          :       0.06       0.00      1          0          0          0          0          0          0          0          0          0
  pseudoobj        :       0.00       0.00      0          0          0          0          0          0          0          0          0          0
  symmetry         :       0.04       0.00      1          0          0          0          0          0          0          0          0          0
  vbounds          :       0.00       0.00      0          0          0          0          0          0          0          0          0          0
  linear           :       0.03       0.00      3          0          0          0          0          0          0          0          0          0
  nonlinear        :       0.15       0.03      4          0          0          0        900          0          0          0          0          0
  benders          :       0.00       0.00      0          0          0          0          0          0          0          0          0          0
  components       :       0.00       0.00      1          0          0          0          0          0          0          0          0          0
  root node        :          -          -      -          0          -          -      10902          -          -          -          -          -
Constraints        :     Number  MaxNumber  #Separate #Propagate    #EnfoLP    #EnfoRelax  #EnfoPS    #Check   #ResProp    Cutoffs    DomReds       Cuts    Applied      Conss   Children
  benderslp        :          0          0          0          0        982          0          0        208          0          0          0          0          0          0          0
  integral         :          0          0          0          0        982          0          0        208          0          0       1043          0          0          0       1882
  linear           :       5327       5327         18      30986          0          0          0        202          0       1842     346185          0          0          0          0
  nonlinear        :       2401       2401       2897      29144          0          0          0         82          0       2258     577505    1038002     286973          0          0
  benders          :          0          0          0          0          0          0          0          4          0          0          0          0          0          0          0
  countsols        :          0          0          0          0          0          0          0          4          0          0          0          0          0          0          0
  components       :          0          0          0          0          0          0          0          0          0          0          0          0          0          0          0
Constraint Timings :  TotalTime  SetupTime   Separate  Propagate     EnfoLP     EnfoPS     EnfoRelax   Check    ResProp    SB-Prop
  benderslp        :       0.00       0.00       0.00       0.00       0.00       0.00       0.00       0.00       0.00       0.00
  integral         :     276.21       0.00       0.00       0.00     276.21       0.00       0.00       0.00       0.00       0.00
  linear           :       4.39       0.00       0.04       3.44       0.00       0.00       0.00       0.38       0.00       0.53
  nonlinear        :      35.92       0.03      19.76      13.61       0.00       0.00       0.00       0.29       0.00       2.23
  benders          :       0.00       0.00       0.00       0.00       0.00       0.00       0.00       0.00       0.00       0.00
  countsols        :       0.00       0.00       0.00       0.00       0.00       0.00       0.00       0.00       0.00       0.00
  components       :       0.01       0.00       0.00       0.01       0.00       0.00       0.00       0.00       0.00       0.00
Propagators        : #Propagate   #ResProp    Cutoffs    DomReds
  dualfix          :          2          0          0          0
  genvbounds       :          0          0          0          0
  nlobbt           :          0          0          0          0
  obbt             :          0          0          0          0
  probing          :          0          0          0          0
  pseudoobj        :       8239          0          0         12
  redcost          :       4864          0          0          3
  rootredcost      :          3          0          0       8489
  symmetry         :          0          0          0          0
  vbounds          :       1970          0          0          0
Propagator Timings :  TotalTime  SetupTime   Presolve  Propagate    ResProp    SB-Prop
  dualfix          :       0.00       0.00       0.00       0.00       0.00       0.00
  genvbounds       :       0.02       0.00       0.00       0.02       0.00       0.00
  nlobbt           :       0.00       0.00       0.00       0.00       0.00       0.00
  obbt             :       0.00       0.00       0.00       0.00       0.00       0.00
  probing          :       0.06       0.00       0.06       0.00       0.00       0.00
  pseudoobj        :       0.04       0.00       0.00       0.04       0.00       0.00
  redcost          :       1.19       0.00       0.00       1.18       0.00       0.01
  rootredcost      :       0.02       0.00       0.00       0.02       0.00       0.00
  symmetry         :       0.04       0.00       0.04       0.00       0.00       0.00
  vbounds          :       0.04       0.00       0.00       0.04       0.00       0.00
Conflict Analysis  :       Time      Calls    Success    DomReds  Conflicts   Literals    Reconvs ReconvLits   Dualrays   Nonzeros   LP Iters   (pool size: [--,--])
  propagation      :       0.00          0          0          -          0        0.0          0        0.0          -          -          -
  infeasible LP    :       0.00          0          0          -          0        0.0          0        0.0          0        0.0          0
  bound exceed. LP :       1.82        329          0          -          0        0.0          0        0.0          0        0.0        530
  strong branching :       0.00          0          0          -          0        0.0          0        0.0          -          -          0
  pseudo solution  :       0.00          0          0          -          0        0.0          0        0.0          -          -          -
  applied globally :       0.00          -          -          0          0        0.0          -          -          0          -          -
  applied locally  :          -          -          -          0          0        0.0          -          -          0          -          -
Separators         :   ExecTime  SetupTime      Calls  RootCalls    Cutoffs    DomReds  FoundCuts ViaPoolAdd  DirectAdd    Applied ViaPoolApp  DirectApp      Conss
  cut pool         :       0.00          -          0          0          -          -          0          0          -          -          -          -          -    (maximal pool size:          0)
  aggregation      :       1.14       0.00         64         18          0          0          0          0          0          0          0          0          0
  > cmir           :          -          -          -          -          -          -          -          0          0          0          0          0          -
  > flowcover      :          -          -          -          -          -          -          -          0          0          0          0          0          -
  > knapsackcover  :          -          -          -          -          -          -          -          0          0          0          0          0          -
  cgmip            :       0.00       0.00          0          0          0          0          0          0          0          0          0          0          0
  clique           :       0.00       0.00          1          1          0          0          0          0          0          0          0          0          0
  closecuts        :       0.00       0.00          0          0          0          0          0          0          0          0          0          0          0
  convexproj       :       0.00       0.00          0          0          0          0          0          0          0          0          0          0          0
  disjunctive      :       0.00       0.00          0          0          0          0          0          0          0          0          0          0          0
  eccuts           :       0.00       0.00          0          0          0          0          0          0          0          0          0          0          0
  gauge            :       0.00       0.00          0          0          0          0          0          0          0          0          0          0          0
  gomory           :       0.34       0.00         56         10          0          0          0          0          0          0          0          0          0
  > gomorymi       :          -          -          -          -          -          -          -          0          0          0          0          0          -
  > strongcg       :          -          -          -          -          -          -          -          0          0          0          0          0          -
  impliedbounds    :       0.01       0.00         64         18          0          0          0          0          0          0          0          0          0
  interminor       :       0.00       0.00          0          0          0          0          0          0          0          0          0          0          0
  intobj           :       0.00       0.00          0          0          0          0          0          0          0          0          0          0          0
  mcf              :       0.02       0.00          2          2          0          0          0          0          0          0          0          0          0
  minor            :       0.00       0.00          0          0          0          0          0          0          0          0          0          0          0
  mixing           :       0.01       0.00         64         18          0          0          0          0          0          0          0          0          0
  oddcycle         :       0.00       0.00          0          0          0          0          0          0          0          0          0          0          0
  rapidlearning    :       0.00       0.00          0          0          0          0          0          0          0          0          0          0          0
  rlt              :       0.01       0.00         10         10          0          0          0          0          0          0          0          0          0
  zerohalf         :       0.25       0.00         64         18          0          0          0          0          0          0          0          0          0
Cutselectors       :   ExecTime  SetupTime      Calls  RootCalls   Selected     Forced   Filtered  RootSelec   RootForc   RootFilt 
  hybrid           :       3.49       0.00       2896         17     286978          0     751024      18564          0       2750
Pricers            :   ExecTime  SetupTime      Calls       Vars
  problem variables:       0.00          -          0          0
Branching Rules    :   ExecTime  SetupTime   BranchLP  BranchExt   BranchPS    Cutoffs    DomReds       Cuts      Conss   Children
  allfullstrong    :       0.00       0.00          0          0          0          0          0          0          0          0
  cloud            :       0.00       0.00          0          0          0          0          0          0          0          0
  distribution     :       0.00       0.00          0          0          0          0          0          0          0          0
  fullstrong       :       0.00       0.00          0          0          0          0          0          0          0          0
  inference        :       0.00       0.00          0          0          0          0          0          0          0          0
  leastinf         :       0.00       0.00          0          0          0          0          0          0          0          0
  lookahead        :       0.00       0.00          0          0          0          0          0          0          0          0
  mostinf          :       0.00       0.00          0          0          0          0          0          0          0          0
  multaggr         :       0.00       0.00          0          0          0          0          0          0          0          0
  nodereopt        :       0.00       0.00          0          0          0          0          0          0          0          0
  pscost           :       0.00       0.00          0          0          0          0          0          0          0          0
  random           :       0.00       0.00          0          0          0          0          0          0          0          0
  relpscost        :     276.20       0.00        982          0          0          0       1043          0          0       1882
  vanillafullstrong:       0.00       0.00          0          0          0          0          0          0          0          0
Primal Heuristics  :   ExecTime  SetupTime      Calls      Found       Best
  LP solutions     :       0.00          -          -          0          0
  relax solutions  :       0.00          -          -          0          0
  pseudo solutions :       0.00          -          -          0          0
  strong branching :       0.00          -          -          0          0
  actconsdiving    :       0.00       0.00          0          0          0
  adaptivediving   :      18.72       0.00          3          0          0
  alns             :       1.17       0.00          5          0          0
  bound            :       0.00       0.00          0          0          0
  clique           :       0.00       0.00          0          0          0
  coefdiving       :       0.00       0.00          0          0          0
  completesol      :       0.00       0.00          0          0          0
  conflictdiving   :       0.00       0.00          0          0          0
  crossover        :       0.00       0.00          0          0          0
  dins             :       0.00       0.00          0          0          0
  distributiondivin:      12.63       0.00          2          0          0
  dps              :       0.00       0.00          0          0          0
  dualval          :       0.00       0.00          0          0          0
  farkasdiving     :       0.00       0.00          0          0          0
  feaspump         :       7.05       0.00          1          0          0
  fixandinfer      :       0.00       0.00          0          0          0
  fracdiving       :       4.56       0.00          2          0          0
  gins             :       0.02       0.00          0          0          0
  guideddiving     :       3.51       0.00          2          0          0
  indicator        :       0.01       0.00          0          0          0
  indicatordiving  :       0.00       0.00          0          0          0
  intdiving        :       0.00       0.00          0          0          0
  intshifting      :       1.18       0.00          1          0          0
  linesearchdiving :       5.97       0.00          2          0          0
  localbranching   :       0.00       0.00          0          0          0
  locks            :       0.19       0.00          1          0          0
  lpface           :       0.00       0.00          0          0          0
  mpec             :      12.73       0.00          1          0          0
  multistart       :       0.00       0.00          0          0          0
  mutation         :       0.00       0.00          0          0          0
  nlpdiving        :       0.92       0.00          1          0          0
  objpscostdiving  :     121.93       0.00          1          0          0
  octane           :       0.00       0.00          0          0          0
  ofins            :       0.00       0.00          0          0          0
  oneopt           :       0.02       0.00          3          0          0
  padm             :       0.00       0.00          0          0          0
  proximity        :       0.00       0.00          0          0          0
  pscostdiving     :      10.20       0.00          2          0          0
  randrounding     :       1.07       0.00        169          0          0
  rens             :       0.00       0.00          0          0          0
  reoptsols        :       0.00       0.00          0          0          0
  repair           :       0.00       0.00          0          0          0
  rins             :     215.45       0.00          5          0          0
  rootsoldiving    :       7.45       0.00          1          0          0
  rounding         :       0.75       0.00        852          0          0
  shiftandpropagate:       0.13       0.00          1          0          0
  shifting         :       0.68       0.00        211          0          0
  simplerounding   :       0.01       0.00          0          0          0
  subnlp           :      20.53       0.00          8          3          3
  trivial          :       0.00       0.00          2          0          0
  trivialnegation  :       0.00       0.00          0          0          0
  trustregion      :       0.00       0.00          0          0          0
  trysol           :       0.01       0.00          0          0          0
  twoopt           :       0.00       0.00          0          0          0
  undercover       :       4.56       0.00          1          0          0
  vbounds          :       0.00       0.00          0          0          0
  veclendiving     :       8.71       0.00          2          0          0
  zeroobj          :       0.00       0.00          0          0          0
  zirounding       :       0.10       0.00        941          0          0
  other solutions  :          -          -          -          0          -
Diving (single)    :      Calls      Nodes   LP Iters Backtracks  Conflicts   MinDepth   MaxDepth   AvgDepth  RoundSols  NLeafSols  MinSolDpt  MaxSolDpt  AvgSolDpt
  actconsdiving    :          0          -          -          -          -          -          -          -          -          -          -          -          -
  coefdiving       :          0          -          -          -          -          -          -          -          -          -          -          -          -
  conflictdiving   :          0          -          -          -          -          -          -          -          -          -          -          -          -
  distributiondivin:          2         86      18988         30          0         22         50       36.0          0          -          -          -          -
  farkasdiving     :          0          -          -          -          -          -          -          -          -          -          -          -          -
  fracdiving       :          2         84      11526          0          0         45         50       47.5          0          -          -          -          -
  guideddiving     :          2         77      12034          0          0         44         49       46.5          0          -          -          -          -
  indicatordiving  :          0          -          -          -          -          -          -          -          -          -          -          -          -
  linesearchdiving :          2         58      11263          4          0         33         38       35.5          0          -          -          -          -
  pscostdiving     :          2         86      19918          0          0         49         50       49.5          0          -          -          -          -
  veclendiving     :          2         79      14188         11          0         33         47       40.0          0          -          -          -          -
Diving (adaptive)  :      Calls      Nodes   LP Iters Backtracks  Conflicts   MinDepth   MaxDepth   AvgDepth  RoundSols  NLeafSols  MinSolDpt  MaxSolDpt  AvgSolDpt
  actconsdiving    :          1         48      13264         11          0         47         47       47.0          0          -          -          -          -
  coefdiving       :          1         49      10078         11          0         47         47       47.0          0          -          -          -          -
  conflictdiving   :          0          -          -          -          -          -          -          -          -          -          -          -          -
  distributiondivin:          0          -          -          -          -          -          -          -          -          -          -          -          -
  farkasdiving     :          0          -          -          -          -          -          -          -          -          -          -          -          -
  fracdiving       :          0          -          -          -          -          -          -          -          -          -          -          -          -
  guideddiving     :          0          -          -          -          -          -          -          -          -          -          -          -          -
  indicatordiving  :          0          -          -          -          -          -          -          -          -          -          -          -          -
  linesearchdiving :          0          -          -          -          -          -          -          -          -          -          -          -          -
  pscostdiving     :          1         46       9846          0          0         50         50       50.0          0          -          -          -          -
  veclendiving     :          0          -          -          -          -          -          -          -          -          -          -          -          -
Neighborhoods      :      Calls  SetupTime  SolveTime SolveNodes       Sols       Best       Exp3  EpsGreedy        UCB TgtFixRate  Opt  Inf Node Stal  Sol  Usr Othr Actv
  rens             :          0       0.00       0.00          0          0          0    0.00000   -1.00000    1.00000      0.900    0    0    0    0    0    0    0    1
  rins             :          1       0.03       0.14          0          0          0    0.00000   -1.00000    1.00000      0.900    0    0    0    0    0    0    1    1
  mutation         :          0       0.00       0.00          0          0          0    0.00000   -1.00000    1.00000      0.900    0    0    0    0    0    0    0    1
  localbranching   :          1       0.07       0.29          0          0          0    0.00000   -1.00000    1.00000      0.900    0    0    0    0    0    0    1    1
  crossover        :          1       0.04       0.17          0          0          0    0.00000   -1.00000    1.00000      0.900    0    0    0    0    0    0    1    1
  proximity        :          1       0.08       0.19          0          0          0    0.00000   -1.00000    1.00000      0.900    0    0    0    0    0    0    1    1
  zeroobjective    :          1       0.03       0.00          0          0          0    0.00000   -1.00000    1.00000      0.900    0    0    0    0    0    0    1    1
  dins             :          0       0.00       0.00          0          0          0    0.00000   -1.00000    1.00000      0.900    0    0    0    0    0    0    0    1
  trustregion      :          0       0.00       0.00          0          0          0    0.00000   -1.00000    1.00000      0.900    0    0    0    0    0    0    0    0
Expressions        :   #IntEval  IntEvalTi   #RevProp  RevPropTi    DomReds    Cutoffs  #Estimate  EstimTime  Branching  #Simplify SimplifyTi Simplified
  pow              :    1776547       0.50     741727       0.29    1034885          0      66450       0.02          0       5760       0.00          0
  prod             :    1409737       0.61       9409       0.01       1097          0          0       0.00          0       3002       0.00       1500
  sum              :    1649469       0.42    1319893       0.48      74794        486        901       0.00          0       5702       0.00        901
  var              :    4031900       1.27          0       0.00          0          0          0       0.00          0      13561       0.01          0
  varidx           :          0       0.00          0       0.00          0          0          0       0.00          0          0       0.00          0
Nonlinear Conshdlr :   WeakSepa  TightenLP DespTghtLP DespBranch DespCutoff    ForceLP  CanonTime
  enforce          :          0          0          0          0          0          0
  presolve         :                                                                         0.11
Nlhdlrs            :    Detects  DetectAll DetectTime   #IntEval  IntEvalTi   #RevProp  RevPropTi    DomReds    Cutoffs   #Enforce   EnfoTime       Cuts  Branching
  soc              :       1500       1500       0.00          0       0.00          0       0.00          0          0    2890973       6.24     969864          0
  convex           :          1          1       0.01          0       0.00          0       0.00          0          0       2589       0.02       2588          0
  concave          :          0          0       0.00          0       0.00          0       0.00          0          0          0       0.00          0          0
  quotient         :          0          0       0.00          0       0.00          0       0.00          0          0          0       0.00          0          0
  quadratic        :          0          0       0.01          0       0.00          0       0.00          0          0          0       0.00          0          0
  default          :      11213      56065       0.00    4826617       3.63    2085672       5.36    1110776        486      67351       0.18      65550          0
  bilinear         :          0          0       0.01          0       0.00          0       0.00          0          0          0       0.00          0          0
  perspective      :          0          0       0.01          0       0.00          0       0.00          0          0          0       0.00          0          0
LP                 :       Time      Calls Iterations  Iter/call   Iter/sec  Time-0-It Calls-0-It    ItLimit
  primal LP        :     504.83        948          0       0.00       0.00     504.81        948
  dual LP          :    2303.31       4798    3079577     645.07    1337.02       0.48         24
  lex dual LP      :       0.00          0          0       0.00          -
  barrier LP       :       0.00          0          0       0.00          -       0.00          0
  resolve instable :       0.00          0          0       0.00          -
  diving/probing LP:     194.78        237     282642    1192.58    1451.08
  strong branching :     268.40        477     386693     810.68    1440.73          -          -        677
    (at root node) :          -         27      27000    1000.00          -
  conflict analysis:       0.54         53        530      10.00     981.48
NLP relaxation     :
  solve time       :       0.92 (1 calls)
  convexity        :  nonconvex (527 linear rows, 901 convex ineq., 1500 nonconvex ineq., 0 nonlinear eq. or two-sided ineq.)
NLP Solvers        :  #Problems  ProblemTi    #Solves  SolveTime      #Iter  Time/Iter      #Okay #TimeLimit #IterLimit #LObjLimit #Interrupt  #NumError #EvalError  #OutOfMem #LicenseEr #OtherTerm   #GlobOpt    #LocOpt  #Feasible #LocInfeas #GlobInfea #Unbounded   #Unknown
  ipopt            :         10       1.19         10      31.04        577       0.05          7          0          3          0          0          0          0          0          0          0          0          4          0          2          0          0          4
B&B Tree           :
  number of runs   :          1
  nodes            :       1804 (941 internal, 863 leaves)
  feasible leaves  :          0
  infeas. leaves   :          0
  objective leaves :        862
  nodes (total)    :       1804 (941 internal, 863 leaves)
  nodes left       :         80
  max depth        :         44
  max depth (total):         44
  backtracks       :        154 (8.5%)
  early backtracks :          0 (0.0%)
  nodes exc. ref.  :          0 (0.0%)
  delayed cutoffs  :          0
  repropagations   :          4 (0 domain reductions, 0 cutoffs)
  avg switch length:       2.41
  switching time   :     501.99
Estim. Tree Size   :       3606
Estimation Tree    : 1883 nodes (1803 visited, 941 internal, 862 leaves, 80 open), weight: 0.0000 completed 0.0133
Estimations        :      estim      value      trend resolution     smooth
  wbe              :  267815287          -          -          -          -
  tree-profile     :         -1          -          -          -          -
  gap              :      12636    0.85930    0.00003          1      12078
  tree-weight      :       3606    0.00001    0.00000          1       3605
  leaf-frequency   :       7688    0.47781    0.00001          1       7898
  ssg              :     104411    0.97903   -0.00002          1      99163
  open-nodes       :       3606   80.00000    0.10410          1       3605
Root Node          :
  First LP value   : -1.41057601093552e+00
  First LP Iters   :      16883 (6493.46 Iter/sec)
  First LP Time    :       2.60
  Final Dual Bound : -4.59324479163310e-01
  Final Root Iters :      62604
  Root LP Estimate : +2.93910730636038e+00
Solution           :
  Solutions found  :          3 (3 improvements)
  First Solution   : -3.60291088954107e-01   (in run 1, after 1 nodes, 16.36 seconds, depth 0, found by <feaspump>)
  Gap First Sol.   :     291.51 %
  Gap Last Sol.    :      17.67 %
  Primal Bound     : -3.90354392176192e-01   (in run 1, after 8 nodes, 266.48 seconds, depth 2, found by <fracdiving>)
  Dual Bound       : -4.54267782654878e-01
  Gap              :      16.37 %
Integrals          :      Total       Avg%
  primal-dual      :   56113.85      15.59
  primal-ref       :          -          - (not evaluated)
  dual-ref         :          -          - (not evaluated)
