SCIP Status        : solving was interrupted [time limit reached]
Total Time         :    3600.09
  solving          :    3600.01
  presolving       :       0.29 (included in solving)
  reading          :       0.08
  copying          :       0.19 (10 #copies) (minimal 0.01, maximal 0.03, average 0.02)
Original Problem   :
  Problem name     : benchmark/normal_50_30_30.design
  Variables        : 5781 (50 binary, 0 integer, 0 implicit integer, 5731 continuous)
  Constraints      : 7728 initial, 7728 maximal
  Objective        : minimize, 1 non-zeros (abs.min = 1, abs.max = 1)
Presolved Problem  :
  Problem name     : t_benchmark/normal_50_30_30.design
  Variables        : 8213 (50 binary, 0 integer, 0 implicit integer, 8163 continuous)
  Constraints      : 7728 initial, 7728 maximal
  Objective        : minimize, 1 non-zeros (abs.min = 1, abs.max = 1)
  Nonzeros         : 45247 constraint, 0 clique table
Presolvers         :   ExecTime  SetupTime  Calls  FixedVars   AggrVars   ChgTypes  ChgBounds   AddHoles    DelCons    AddCons   ChgSides   ChgCoefs
  boundshift       :       0.00       0.00      0          0          0          0          0          0          0          0          0          0
  convertinttobin  :       0.00       0.00      0          0          0          0          0          0          0          0          0          0
  domcol           :       0.00       0.00      1          0          0          0          0          0          0          0          0          0
  dualagg          :       0.00       0.00      0          0          0          0          0          0          0          0          0          0
  dualcomp         :       0.00       0.00      1          0          0          0          0          0          0          0          0          0
  dualinfer        :       0.00       0.00      0          0          0          0          0          0          0          0          0          0
  dualsparsify     :       0.00       0.00      1          0          0          0          0          0          0          0          0          0
  gateextraction   :       0.00       0.00      0          0          0          0          0          0          0          0          0          0
  implics          :       0.00       0.00      1          0          0          0          0          0          0          0          0          0
  inttobinary      :       0.00       0.00      0          0          0          0          0          0          0          0          0          0
  qpkktref         :       0.00       0.00      0          0          0          0          0          0          0          0          0          0
  redvub           :       0.00       0.00      0          0          0          0          0          0          0          0          0          0
  sparsify         :       0.00       0.00      1          0          0          0          0          0          0          0          0          0
  stuffing         :       0.00       0.00      0          0          0          0          0          0          0          0          0          0
  trivial          :       0.00       0.00      2        435          0          0          0          0          0          0          0          0
  tworowbnd        :       0.00       0.00      0          0          0          0          0          0          0          0          0          0
  dualfix          :       0.00       0.00      2        435          0          0          0          0          0          0          0          0
  genvbounds       :       0.00       0.00      0          0          0          0          0          0          0          0          0          0
  probing          :       0.06       0.00      1          0          0          0          0          0          0          0          0          0
  pseudoobj        :       0.00       0.00      0          0          0          0          0          0          0          0          0          0
  symmetry         :       0.02       0.00      1          0          0          0          0          0          0          0          0          0
  vbounds          :       0.00       0.00      0          0          0          0          0          0          0          0          0          0
  linear           :       0.02       0.00      3          0          0          0          0          0          0          0          0          0
  nonlinear        :       0.17       0.04      4          0          0          0        900          0          0          0          0          0
  benders          :       0.00       0.00      0          0          0          0          0          0          0          0          0          0
  components       :       0.00       0.00      1          0          0          0          0          0          0          0          0          0
  root node        :          -          -      -          0          -          -       8943          -          -          -          -          -
Constraints        :     Number  MaxNumber  #Separate #Propagate    #EnfoLP    #EnfoRelax  #EnfoPS    #Check   #ResProp    Cutoffs    DomReds       Cuts    Applied      Conss   Children
  benderslp        :          0          0          0          0       1782          0          0        433          0          0          0          0          0          0          0
  integral         :          0          0          0          0       1782          0          0        433          0          0       1234          0          0          0       3334
  linear           :       5327       5327         16      35372          2          0          0        427          0        810     589887          0          0          0          0
  nonlinear        :       2401       2401       5337      34562         57          0          0        160          0       2810     917121    1413419     457740          0          0
  benders          :          0          0          0          0          2          0          0          3          0          0          0          0          0          0          0
  countsols        :          0          0          0          0          2          0          0          3          0          0          0          0          0          0          0
  components       :          0          0          0          0          0          0          0          0          0          0          0          0          0          0          0
Constraint Timings :  TotalTime  SetupTime   Separate  Propagate     EnfoLP     EnfoPS     EnfoRelax   Check    ResProp    SB-Prop
  benderslp        :       0.00       0.00       0.00       0.00       0.00       0.00       0.00       0.00       0.00       0.00
  integral         :     212.54       0.00       0.00       0.00     212.54       0.00       0.00       0.00       0.00       0.00
  linear           :       3.39       0.00       0.02       2.71       0.00       0.00       0.00       0.30       0.00       0.36
  nonlinear        :      36.31       0.04      23.89      10.47       0.21       0.00       0.00       0.35       0.00       1.35
  benders          :       0.00       0.00       0.00       0.00       0.00       0.00       0.00       0.00       0.00       0.00
  countsols        :       0.00       0.00       0.00       0.00       0.00       0.00       0.00       0.00       0.00       0.00
  components       :       0.00       0.00       0.00       0.00       0.00       0.00       0.00       0.00       0.00       0.00
Propagators        : #Propagate   #ResProp    Cutoffs    DomReds
  dualfix          :          2          0          0          0
  genvbounds       :          0          0          0          0
  nlobbt           :          0          0          0          0
  obbt             :          0          0          0          0
  probing          :          0          0          0          0
  pseudoobj        :      15419          0          0         10
  redcost          :       8823          0          0         65
  rootredcost      :          4          0          0       6532
  symmetry         :          0          0          0          0
  vbounds          :       2933          0          0          0
Propagator Timings :  TotalTime  SetupTime   Presolve  Propagate    ResProp    SB-Prop
  dualfix          :       0.00       0.00       0.00       0.00       0.00       0.00
  genvbounds       :       0.03       0.00       0.00       0.02       0.00       0.01
  nlobbt           :       0.00       0.00       0.00       0.00       0.00       0.00
  obbt             :       0.00       0.00       0.00       0.00       0.00       0.00
  probing          :       0.06       0.00       0.06       0.00       0.00       0.00
  pseudoobj        :       0.01       0.00       0.00       0.01       0.00       0.00
  redcost          :       1.29       0.00       0.00       1.29       0.00       0.00
  rootredcost      :       0.02       0.00       0.00       0.02       0.00       0.00
  symmetry         :       0.03       0.00       0.02       0.01       0.00       0.00
  vbounds          :       0.01       0.00       0.00       0.01       0.00       0.00
Conflict Analysis  :       Time      Calls    Success    DomReds  Conflicts   Literals    Reconvs ReconvLits   Dualrays   Nonzeros   LP Iters   (pool size: [--,--])
  propagation      :       0.00          0          0          -          0        0.0          0        0.0          -          -          -
  infeasible LP    :       0.00          0          0          -          0        0.0          0        0.0          0        0.0          0
  bound exceed. LP :       1.62        360          0          -          0        0.0          0        0.0          0        0.0        670
  strong branching :       0.00          0          0          -          0        0.0          0        0.0          -          -          0
  pseudo solution  :       0.00          0          0          -          0        0.0          0        0.0          -          -          -
  applied globally :       0.00          -          -          0          0        0.0          -          -          0          -          -
  applied locally  :          -          -          -          0          0        0.0          -          -          0          -          -
Separators         :   ExecTime  SetupTime      Calls  RootCalls    Cutoffs    DomReds  FoundCuts ViaPoolAdd  DirectAdd    Applied ViaPoolApp  DirectApp      Conss
  cut pool         :       0.00          -          0          0          -          -          0          0          -          -          -          -          -    (maximal pool size:          0)
  aggregation      :       1.61       0.00        202         16          0          0          0          0          0          0          0          0          0
  > cmir           :          -          -          -          -          -          -          -          0          0          0          0          0          -
  > flowcover      :          -          -          -          -          -          -          -          0          0          0          0          0          -
  > knapsackcover  :          -          -          -          -          -          -          -          0          0          0          0          0          -
  cgmip            :       0.00       0.00          0          0          0          0          0          0          0          0          0          0          0
  clique           :       0.00       0.00          1          1          0          0          0          0          0          0          0          0          0
  closecuts        :       0.00       0.00          0          0          0          0          0          0          0          0          0          0          0
  convexproj       :       0.00       0.00          0          0          0          0          0          0          0          0          0          0          0
  disjunctive      :       0.00       0.00          0          0          0          0          0          0          0          0          0          0          0
  eccuts           :       0.00       0.00          0          0          0          0          0          0          0          0          0          0          0
  gauge            :       0.00       0.00          0          0          0          0          0          0          0          0          0          0          0
  gomory           :       0.60       0.00        196         10          0          0          0          0          0          0          0          0          0
  > gomorymi       :          -          -          -          -          -          -          -          0          0          0          0          0          -
  > strongcg       :          -          -          -          -          -          -          -          0          0          0          0          0          -
  impliedbounds    :       0.08       0.00        202         16          0          0          0          0          0          0          0          0          0
  interminor       :       0.00       0.00          0          0          0          0          0          0          0          0          0          0          0
  intobj           :       0.00       0.00          0          0          0          0          0          0          0          0          0          0          0
  mcf              :       0.00       0.00          2          2          0          0          0          0          0          0          0          0          0
  minor            :       0.00       0.00          0          0          0          0          0          0          0          0          0          0          0
  mixing           :       0.04       0.00        202         16          0          0          0          0          0          0          0          0          0
  oddcycle         :       0.00       0.00          0          0          0          0          0          0          0          0          0          0          0
  rapidlearning    :       0.00       0.00          0          0          0          0          0          0          0          0          0          0          0
  rlt              :       0.01       0.00         10         10          0          0          0          0          0          0          0          0          0
  zerohalf         :       0.63       0.00        202         16          0          0          0          0          0          0          0          0          0
Cutselectors       :   ExecTime  SetupTime      Calls  RootCalls   Selected     Forced   Filtered  RootSelec   RootForc   RootFilt 
  hybrid           :       2.76       0.00       5303         15     454453          0     955668      19066          0       2269
Pricers            :   ExecTime  SetupTime      Calls       Vars
  problem variables:       0.00          -          0          0
Branching Rules    :   ExecTime  SetupTime   BranchLP  BranchExt   BranchPS    Cutoffs    DomReds       Cuts      Conss   Children
  allfullstrong    :       0.00       0.00          0          0          0          0          0          0          0          0
  cloud            :       0.00       0.00          0          0          0          0          0          0          0          0
  distribution     :       0.00       0.00          0          0          0          0          0          0          0          0
  fullstrong       :       0.00       0.00          0          0          0          0          0          0          0          0
  inference        :       0.00       0.00          0          0          0          0          0          0          0          0
  leastinf         :       0.00       0.00          0          0          0          0          0          0          0          0
  lookahead        :       0.00       0.00          0          0          0          0          0          0          0          0
  mostinf          :       0.00       0.00          0          0          0          0          0          0          0          0
  multaggr         :       0.00       0.00          0          0          0          0          0          0          0          0
  nodereopt        :       0.00       0.00          0          0          0          0          0          0          0          0
  pscost           :       0.00       0.00          0          0          0          0          0          0          0          0
  random           :       0.00       0.00          0          0          0          0          0          0          0          0
  relpscost        :     212.52       0.00       1725          0          0          0       1234          0          0       3334
  vanillafullstrong:       0.00       0.00          0          0          0          0          0          0          0          0
Primal Heuristics  :   ExecTime  SetupTime      Calls      Found       Best
  LP solutions     :       0.00          -          -          2          2
  relax solutions  :       0.00          -          -          0          0
  pseudo solutions :       0.00          -          -          0          0
  strong branching :       0.02          -          -          0          0
  actconsdiving    :       0.00       0.00          0          0          0
  adaptivediving   :      14.83       0.00          6          0          0
  alns             :       0.94       0.00          5          0          0
  bound            :       0.00       0.00          0          0          0
  clique           :       0.00       0.00          0          0          0
  coefdiving       :       0.00       0.00          0          0          0
  completesol      :       0.00       0.00          0          0          0
  conflictdiving   :       0.00       0.00          0          0          0
  crossover        :       0.01       0.00          0          0          0
  dins             :       0.00       0.00          0          0          0
  distributiondivin:      10.88       0.00          3          0          0
  dps              :       0.00       0.00          0          0          0
  dualval          :       0.00       0.00          0          0          0
  farkasdiving     :       0.00       0.00          0          0          0
  feaspump         :      20.91       0.00          2          0          0
  fixandinfer      :       0.00       0.00          0          0          0
  fracdiving       :       4.77       0.00          3          0          0
  gins             :       0.01       0.00          0          0          0
  guideddiving     :       5.53       0.00          3          0          0
  indicator        :       0.03       0.00          0          0          0
  indicatordiving  :       0.00       0.00          0          0          0
  intdiving        :       0.00       0.00          0          0          0
  intshifting      :       0.96       0.00          1          0          0
  linesearchdiving :       4.72       0.00          3          0          0
  localbranching   :       0.00       0.00          0          0          0
  locks            :       0.14       0.00          1          0          0
  lpface           :       0.01       0.00          0          0          0
  mpec             :       8.69       0.00          1          0          0
  multistart       :       0.00       0.00          0          0          0
  mutation         :       0.00       0.00          0          0          0
  nlpdiving        :      11.07       0.00          1          0          0
  objpscostdiving  :      80.24       0.00          2          0          0
  octane           :       0.00       0.00          0          0          0
  ofins            :       0.00       0.00          0          0          0
  oneopt           :       0.01       0.00          4          0          0
  padm             :       0.00       0.00          0          0          0
  proximity        :       0.00       0.00          0          0          0
  pscostdiving     :      12.09       0.00          4          0          0
  randrounding     :       0.75       0.00        364          0          0
  rens             :       0.00       0.00          0          0          0
  reoptsols        :       0.00       0.00          0          0          0
  repair           :       0.00       0.00          0          0          0
  rins             :     130.56       0.00          5          0          0
  rootsoldiving    :      17.58       0.00          2          0          0
  rounding         :       0.73       0.00       1134          0          0
  shiftandpropagate:       0.11       0.00          1          0          0
  shifting         :       0.53       0.00        300          0          0
  simplerounding   :       0.00       0.00          0          0          0
  subnlp           :      15.07       0.00          8          2          2
  trivial          :       0.02       0.00          2          0          0
  trivialnegation  :       0.00       0.00          0          0          0
  trustregion      :       0.00       0.00          0          0          0
  trysol           :       0.00       0.00          0          0          0
  twoopt           :       0.00       0.00          0          0          0
  undercover       :       1.56       0.00          1          0          0
  vbounds          :       0.00       0.00          0          0          0
  veclendiving     :       3.68       0.00          3          0          0
  zeroobj          :       0.00       0.00          0          0          0
  zirounding       :       0.12       0.00       1000          0          0
  other solutions  :          -          -          -          0          -
Diving (single)    :      Calls      Nodes   LP Iters Backtracks  Conflicts   MinDepth   MaxDepth   AvgDepth  RoundSols  NLeafSols  MinSolDpt  MaxSolDpt  AvgSolDpt
  actconsdiving    :          0          -          -          -          -          -          -          -          -          -          -          -          -
  coefdiving       :          0          -          -          -          -          -          -          -          -          -          -          -          -
  conflictdiving   :          0          -          -          -          -          -          -          -          -          -          -          -          -
  distributiondivin:          3         76      33996          0          0         24         49       34.0          0          -          -          -          -
  farkasdiving     :          0          -          -          -          -          -          -          -          -          -          -          -          -
  fracdiving       :          3        122      16881          0          0         48         50       49.0          0          -          -          -          -
  guideddiving     :          3        114      16157          0          0         47         49       48.0          0          -          -          -          -
  indicatordiving  :          0          -          -          -          -          -          -          -          -          -          -          -          -
  linesearchdiving :          3        112      17164          0          0         37         50       45.7          0          -          -          -          -
  pscostdiving     :          4        165      40910          0          0         50         50       50.0          0          -          -          -          -
  veclendiving     :          3         74      13285          0          0         33         35       34.0          0          -          -          -          -
Diving (adaptive)  :      Calls      Nodes   LP Iters Backtracks  Conflicts   MinDepth   MaxDepth   AvgDepth  RoundSols  NLeafSols  MinSolDpt  MaxSolDpt  AvgSolDpt
  actconsdiving    :          1         55      18311         15          0         50         50       50.0          0          -          -          -          -
  coefdiving       :          0          -          -          -          -          -          -          -          -          -          -          -          -
  conflictdiving   :          0          -          -          -          -          -          -          -          -          -          -          -          -
  distributiondivin:          0          -          -          -          -          -          -          -          -          -          -          -          -
  farkasdiving     :          0          -          -          -          -          -          -          -          -          -          -          -          -
  fracdiving       :          0          -          -          -          -          -          -          -          -          -          -          -          -
  guideddiving     :          0          -          -          -          -          -          -          -          -          -          -          -          -
  indicatordiving  :          0          -          -          -          -          -          -          -          -          -          -          -          -
  linesearchdiving :          3        100      16860          0          0         40         50       45.3          0          -          -          -          -
  pscostdiving     :          1         47       9530          0          0         50         50       50.0          0          -          -          -          -
  veclendiving     :          1         25       4067          0          0         34         34       34.0          0          -          -          -          -
Neighborhoods      :      Calls  SetupTime  SolveTime SolveNodes       Sols       Best       Exp3  EpsGreedy        UCB TgtFixRate  Opt  Inf Node Stal  Sol  Usr Othr Actv
  rens             :          0       0.00       0.00          0          0          0    0.00000   -1.00000    1.00000      0.900    0    0    0    0    0    0    0    1
  rins             :          1       0.05       0.15          0          0          0    0.00000   -1.00000    1.00000      0.900    0    0    0    0    0    0    1    1
  mutation         :          0       0.00       0.00          0          0          0    0.00000   -1.00000    1.00000      0.900    0    0    0    0    0    0    0    1
  localbranching   :          1       0.04       0.20          0          0          0    0.00000   -1.00000    1.00000      0.900    0    0    0    0    0    0    1    1
  crossover        :          1       0.04       0.16          0          0          0    0.00000   -1.00000    1.00000      0.900    0    0    0    0    0    0    1    1
  proximity        :          1       0.03       0.16          0          0          0    0.00000   -1.00000    1.00000      0.900    0    0    0    0    0    0    1    1
  zeroobjective    :          1       0.03       0.00          0          0          0    0.00000   -1.00000    1.00000      0.900    0    0    0    0    0    0    1    1
  dins             :          0       0.00       0.00          0          0          0    0.00000   -1.00000    1.00000      0.900    0    0    0    0    0    0    0    1
  trustregion      :          0       0.00       0.00          0          0          0    0.00000   -1.00000    1.00000      0.900    0    0    0    0    0    0    0    0
Expressions        :   #IntEval  IntEvalTi   #RevProp  RevPropTi    DomReds    Cutoffs  #Estimate  EstimTime  Branching  #Simplify SimplifyTi Simplified
  pow              :    1926045       0.44     742128       0.22     961537          0      97185       0.01          0       5760       0.00          0
  prod             :    1509109       0.43      11383       0.01        299          0          0       0.00          0       3002       0.00       1500
  sum              :    1730266       0.39    1274762       0.39      51312        412        901       0.00          0       5702       0.00        901
  var              :    3885802       0.73          0       0.00          0          0          0       0.00          0      13561       0.00          0
  varidx           :          0       0.00          0       0.00          0          0          0       0.00          0          0       0.00          0
Nonlinear Conshdlr :   WeakSepa  TightenLP DespTghtLP DespBranch DespCutoff    ForceLP  CanonTime
  enforce          :       2463          0          0          0          0          0
  presolve         :                                                                         0.14
Nlhdlrs            :    Detects  DetectAll DetectTime   #IntEval  IntEvalTi   #RevProp  RevPropTi    DomReds    Cutoffs   #Enforce   EnfoTime       Cuts  Branching
  soc              :       1500       1500       0.00          0       0.00          0       0.00          0          0    4651119       7.37    1312487          0
  convex           :          1          1       0.00          0       0.00          0       0.00          0          0       4649       0.03       4647          0
  concave          :          0          0       0.00          0       0.00          0       0.00          0          0          0       0.00          0          0
  quotient         :          0          0       0.00          0       0.00          0       0.00          0          0          0       0.00          0          0
  quadratic        :          0          0       0.00          0       0.00          0       0.00          0          0          0       0.00          0          0
  default          :      11213      56065       0.00    5156284       2.99    2042916       3.88    1013148        412      98086       0.13      96285          0
  bilinear         :          0          0       0.00          0       0.00          0       0.00          0          0          0       0.00          0          0
  perspective      :          0          0       0.00          0       0.00          0       0.00          0          0          0       0.00          0          0
LP                 :       Time      Calls Iterations  Iter/call   Iter/sec  Time-0-It Calls-0-It    ItLimit
  primal LP        :     572.59       1682          0       0.00       0.00     572.58       1682
  dual LP          :    2398.44       8746    4706345     544.02    1962.25       0.40         95
  lex dual LP      :       0.00          0          0       0.00          -
  barrier LP       :       0.00          0          0       0.00          -       0.00          0
  resolve instable :       0.00          0          0       0.00          -
  diving/probing LP:     173.62        302     438990    1453.61    2528.45
  strong branching :     205.42        511     433934     849.19    2112.42          -          -        787
    (at root node) :          -         28      28000    1000.00          -
  conflict analysis:       0.57         67        670      10.00    1175.44
NLP relaxation     :
  solve time       :      10.92 (13 calls)
  convexity        :  nonconvex (527 linear rows, 901 convex ineq., 1500 nonconvex ineq., 0 nonlinear eq. or two-sided ineq.)
NLP Solvers        :  #Problems  ProblemTi    #Solves  SolveTime      #Iter  Time/Iter      #Okay #TimeLimit #IterLimit #LObjLimit #Interrupt  #NumError #EvalError  #OutOfMem #LicenseEr #OtherTerm   #GlobOpt    #LocOpt  #Feasible #LocInfeas #GlobInfea #Unbounded   #Unknown
  ipopt            :         10       1.22         22      32.55       1000       0.03         17          0          5          0          0          0          0          0          0          0          0         13          1          3          0          0          5
B&B Tree           :
  number of runs   :          1
  nodes            :       3183 (1667 internal, 1516 leaves)
  feasible leaves  :          2
  infeas. leaves   :          0
  objective leaves :       1513
  nodes (total)    :       3183 (1667 internal, 1516 leaves)
  nodes left       :        152
  max depth        :         49
  max depth (total):         49
  backtracks       :        322 (10.1%)
  early backtracks :          0 (0.0%)
  nodes exc. ref.  :          0 (0.0%)
  delayed cutoffs  :          0
  repropagations   :          3 (0 domain reductions, 0 cutoffs)
  avg switch length:       2.58
  switching time   :     571.53
Estim. Tree Size   :       6366
Estimation Tree    : 3335 nodes (3183 visited, 1667 internal, 1516 leaves, 152 open), weight: 0.0000 completed 0.0220
Estimations        :      estim      value      trend resolution     smooth
  wbe              :  400307118          -          -          -          -
  tree-profile     :         -1          -          -          -          -
  gap              :      34713    0.78320    0.00003          2      33234
  tree-weight      :       6366    0.00001    0.00000          2       6360
  leaf-frequency   :       6366    0.47612   -0.00002          2       6360
  ssg              :      56122    0.96524   -0.00007          2      53436
  open-nodes       :       6366  152.00000    0.44594          2       6360
Root Node          :
  First LP value   : -1.14861306641604e+00
  First LP Iters   :      17269 (5954.83 Iter/sec)
  First LP Time    :       2.90
  Final Dual Bound : -3.63695527871677e-01
  Final Root Iters :      61309
  Root LP Estimate : +2.80122778307986e+00
Solution           :
  Solutions found  :          4 (4 improvements)
  First Solution   : -2.25487747683200e-01   (in run 1, after 1 nodes, 10.23 seconds, depth 0, found by <feaspump>)
  Gap First Sol.   :     409.39 %
  Gap Last Sol.    :      27.83 %
  Primal Bound     : -2.80452133222589e-01   (in run 1, after 3111 nodes, 3481.68 seconds, depth 48, found by <relaxation>)
  Dual Bound       : -3.58083789418127e-01
  Gap              :      27.68 %
Integrals          :      Total       Avg%
  primal-dual      :   84698.89      23.53
  primal-ref       :          -          - (not evaluated)
  dual-ref         :          -          - (not evaluated)
