SCIP Status        : solving was interrupted [time limit reached]
Total Time         :    3600.04
  solving          :    3600.00
  presolving       :       0.27 (included in solving)
  reading          :       0.04
  copying          :       0.48 (16 #copies) (minimal 0.02, maximal 0.04, average 0.03)
Original Problem   :
  Problem name     : benchmark/normal_50_30_32.design
  Variables        : 5781 (50 binary, 0 integer, 0 implicit integer, 5731 continuous)
  Constraints      : 7728 initial, 7728 maximal
  Objective        : minimize, 1 non-zeros (abs.min = 1, abs.max = 1)
Presolved Problem  :
  Problem name     : t_benchmark/normal_50_30_32.design
  Variables        : 8213 (50 binary, 0 integer, 0 implicit integer, 8163 continuous)
  Constraints      : 7728 initial, 7734 maximal
  Objective        : minimize, 1 non-zeros (abs.min = 1, abs.max = 1)
  Nonzeros         : 45247 constraint, 0 clique table
Presolvers         :   ExecTime  SetupTime  Calls  FixedVars   AggrVars   ChgTypes  ChgBounds   AddHoles    DelCons    AddCons   ChgSides   ChgCoefs
  boundshift       :       0.00       0.00      0          0          0          0          0          0          0          0          0          0
  convertinttobin  :       0.00       0.00      0          0          0          0          0          0          0          0          0          0
  domcol           :       0.00       0.00      1          0          0          0          0          0          0          0          0          0
  dualagg          :       0.00       0.00      0          0          0          0          0          0          0          0          0          0
  dualcomp         :       0.00       0.00      1          0          0          0          0          0          0          0          0          0
  dualinfer        :       0.00       0.00      0          0          0          0          0          0          0          0          0          0
  dualsparsify     :       0.00       0.00      1          0          0          0          0          0          0          0          0          0
  gateextraction   :       0.00       0.00      0          0          0          0          0          0          0          0          0          0
  implics          :       0.00       0.00      1          0          0          0          0          0          0          0          0          0
  inttobinary      :       0.00       0.00      0          0          0          0          0          0          0          0          0          0
  qpkktref         :       0.00       0.00      0          0          0          0          0          0          0          0          0          0
  redvub           :       0.00       0.00      0          0          0          0          0          0          0          0          0          0
  sparsify         :       0.00       0.00      1          0          0          0          0          0          0          0          0          0
  stuffing         :       0.00       0.00      0          0          0          0          0          0          0          0          0          0
  trivial          :       0.00       0.00      2        435          0          0          0          0          0          0          0          0
  tworowbnd        :       0.00       0.00      0          0          0          0          0          0          0          0          0          0
  dualfix          :       0.00       0.00      2        435          0          0          0          0          0          0          0          0
  genvbounds       :       0.00       0.00      0          0          0          0          0          0          0          0          0          0
  probing          :       0.06       0.00      1          0          0          0          0          0          0          0          0          0
  pseudoobj        :       0.00       0.00      0          0          0          0          0          0          0          0          0          0
  symmetry         :       0.03       0.00      1          0          0          0          0          0          0          0          0          0
  vbounds          :       0.00       0.00      0          0          0          0          0          0          0          0          0          0
  linear           :       0.03       0.00      3          0          0          0          0          0          0          0          0          0
  nonlinear        :       0.14       0.04      4          0          0          0        900          0          0          0          0          0
  benders          :       0.00       0.00      0          0          0          0          0          0          0          0          0          0
  components       :       0.01       0.00      1          0          0          0          0          0          0          0          0          0
  root node        :          -          -      -          0          -          -       8444          -          -          -          -          -
Constraints        :     Number  MaxNumber  #Separate #Propagate    #EnfoLP    #EnfoRelax  #EnfoPS    #Check   #ResProp    Cutoffs    DomReds       Cuts    Applied      Conss   Children
  benderslp        :          0          0          0          0       7501          0          0        555          0          0          0          0          0          0          0
  integral         :          0          0          0          0       7501          0          0        555          0          0        885          0          0          0       5904
  linear           :       5327+      5333         17      57200          6          0          0        549          0       1848    2235254          0          0          0          0
  nonlinear        :       2401       2401      11883      55352       4421          0          0        286          0       2258    2812683     191612     188627          0          0
  benders          :          0          0          0          0          6          0          0          3          0          0          0          0          0          0          0
  countsols        :          0          0          0          0          6          0          0          3          0          0          0          0          0          0          0
  components       :          0          0          0          0          0          0          0          0          0          0          0          0          0          0          0
Constraint Timings :  TotalTime  SetupTime   Separate  Propagate     EnfoLP     EnfoPS     EnfoRelax   Check    ResProp    SB-Prop
  benderslp        :       0.00       0.00       0.00       0.00       0.00       0.00       0.00       0.00       0.00       0.00
  integral         :      95.41       0.00       0.00       0.00      95.41       0.00       0.00       0.00       0.00       0.00
  linear           :      11.26       0.00       0.00      10.04       0.00       0.00       0.00       0.79       0.00       0.43
  nonlinear        :     152.71       0.04      78.34      39.68      31.00       0.00       0.00       1.02       0.00       2.63
  benders          :       0.00       0.00       0.00       0.00       0.00       0.00       0.00       0.00       0.00       0.00
  countsols        :       0.00       0.00       0.00       0.00       0.00       0.00       0.00       0.00       0.00       0.00
  components       :       0.02       0.00       0.00       0.02       0.00       0.00       0.00       0.00       0.00       0.00
Propagators        : #Propagate   #ResProp    Cutoffs    DomReds
  dualfix          :          2          0          0          0
  genvbounds       :          0          0          0          0
  nlobbt           :          0          0          0          0
  obbt             :          0          0          0          0
  probing          :          0          0          0          0
  pseudoobj        :      39730          0          0         12
  redcost          :      12662          0          0        235
  rootredcost      :          8          0          0       6031
  symmetry         :          0          0          0          0
  vbounds          :       4386          0          0          0
Propagator Timings :  TotalTime  SetupTime   Presolve  Propagate    ResProp    SB-Prop
  dualfix          :       0.00       0.00       0.00       0.00       0.00       0.00
  genvbounds       :       0.07       0.00       0.00       0.07       0.00       0.00
  nlobbt           :       0.00       0.00       0.00       0.00       0.00       0.00
  obbt             :       0.01       0.00       0.00       0.01       0.00       0.00
  probing          :       0.06       0.00       0.06       0.00       0.00       0.00
  pseudoobj        :       0.06       0.00       0.00       0.06       0.00       0.00
  redcost          :       3.78       0.00       0.00       3.78       0.00       0.00
  rootredcost      :       0.08       0.00       0.00       0.08       0.00       0.00
  symmetry         :       0.04       0.00       0.03       0.01       0.00       0.00
  vbounds          :       0.06       0.00       0.00       0.06       0.00       0.00
Conflict Analysis  :       Time      Calls    Success    DomReds  Conflicts   Literals    Reconvs ReconvLits   Dualrays   Nonzeros   LP Iters   (pool size: [--,--])
  propagation      :       0.00          0          0          -          0        0.0          0        0.0          -          -          -
  infeasible LP    :       0.00          0          0          -          0        0.0          0        0.0         18      407.2          0
  bound exceed. LP :       4.98        594         18          -          0        0.0          0        0.0          0        0.0       3510
  strong branching :       0.00          0          0          -          0        0.0          0        0.0          -          -          0
  pseudo solution  :       0.00          0          0          -          0        0.0          0        0.0          -          -          -
  applied globally :       0.00          -          -          0          0        0.0          -          -         18          -          -
  applied locally  :          -          -          -          0          0        0.0          -          -          0          -          -
Separators         :   ExecTime  SetupTime      Calls  RootCalls    Cutoffs    DomReds  FoundCuts ViaPoolAdd  DirectAdd    Applied ViaPoolApp  DirectApp      Conss
  cut pool         :       0.00          -          0          0          -          -          0          0          -          -          -          -          -    (maximal pool size:          0)
  aggregation      :       2.60       0.00        344         17          0          0          0          0          0          0          0          0          0
  > cmir           :          -          -          -          -          -          -          -          0          0          0          0          0          -
  > flowcover      :          -          -          -          -          -          -          -          0          0          0          0          0          -
  > knapsackcover  :          -          -          -          -          -          -          -          0          0          0          0          0          -
  cgmip            :       0.00       0.00          0          0          0          0          0          0          0          0          0          0          0
  clique           :       0.00       0.00          1          1          0          0          0          0          0          0          0          0          0
  closecuts        :       0.00       0.00          0          0          0          0          0          0          0          0          0          0          0
  convexproj       :       0.00       0.00          0          0          0          0          0          0          0          0          0          0          0
  disjunctive      :       0.00       0.00          0          0          0          0          0          0          0          0          0          0          0
  eccuts           :       0.00       0.00          0          0          0          0          0          0          0          0          0          0          0
  gauge            :       0.00       0.00          0          0          0          0          0          0          0          0          0          0          0
  gomory           :       1.32       0.00        334         10          0          0          0          0          0          0          0          0          0
  > gomorymi       :          -          -          -          -          -          -          -          0          0          0          0          0          -
  > strongcg       :          -          -          -          -          -          -          -          0          0          0          0          0          -
  impliedbounds    :       0.08       0.00        344         17          0          0          0          0          0          0          0          0          0
  interminor       :       0.00       0.00          0          0          0          0          0          0          0          0          0          0          0
  intobj           :       0.00       0.00          0          0          0          0          0          0          0          0          0          0          0
  mcf              :       0.01       0.00          2          2          0          0          0          0          0          0          0          0          0
  minor            :       0.00       0.00          0          0          0          0          0          0          0          0          0          0          0
  mixing           :       0.09       0.00        416         17          0          0          0          0          0          0          0          0          0
  oddcycle         :       0.00       0.00          0          0          0          0          0          0          0          0          0          0          0
  rapidlearning    :       0.00       0.00          0          0          0          0          0          0          0          0          0          0          0
  rlt              :       0.01       0.00         10         10          0          0          0          0          0          0          0          0          0
  zerohalf         :       1.01       0.00        341         17          0          0          0          0          0          0          0          0          0
Cutselectors       :   ExecTime  SetupTime      Calls  RootCalls   Selected     Forced   Filtered  RootSelec   RootForc   RootFilt 
  hybrid           :       0.20       0.00      10862         17     100782          0       2954      10716          0        178
Pricers            :   ExecTime  SetupTime      Calls       Vars
  problem variables:       0.00          -          0          0
Branching Rules    :   ExecTime  SetupTime   BranchLP  BranchExt   BranchPS    Cutoffs    DomReds       Cuts      Conss   Children
  allfullstrong    :       0.00       0.00          0          0          0          0          0          0          0          0
  cloud            :       0.00       0.00          0          0          0          0          0          0          0          0
  distribution     :       0.00       0.00          0          0          0          0          0          0          0          0
  fullstrong       :       0.00       0.00          0          0          0          0          0          0          0          0
  inference        :       0.00       0.00          0          0          0          0          0          0          0          0
  leastinf         :       0.00       0.00          0          0          0          0          0          0          0          0
  lookahead        :       0.00       0.00          0          0          0          0          0          0          0          0
  mostinf          :       0.00       0.00          0          0          0          0          0          0          0          0
  multaggr         :       0.00       0.00          0          0          0          0          0          0          0          0
  nodereopt        :       0.00       0.00          0          0          0          0          0          0          0          0
  pscost           :       0.00       0.00          0          0          0          0          0          0          0          0
  random           :       0.00       0.00          0          0          0          0          0          0          0          0
  relpscost        :      95.39       0.00       3080          0          0          0        885          0          0       5904
  vanillafullstrong:       0.00       0.00          0          0          0          0          0          0          0          0
Primal Heuristics  :   ExecTime  SetupTime      Calls      Found       Best
  LP solutions     :       0.01          -          -          6          6
  relax solutions  :       0.00          -          -          0          0
  pseudo solutions :       0.00          -          -          0          0
  strong branching :       0.03          -          -          0          0
  actconsdiving    :       0.00       0.00          0          0          0
  adaptivediving   :       8.53       0.00          9          0          0
  alns             :       2.17       0.00          6          0          0
  bound            :       0.00       0.00          0          0          0
  clique           :       0.00       0.00          0          0          0
  coefdiving       :       0.00       0.00          0          0          0
  completesol      :       0.00       0.00          0          0          0
  conflictdiving   :      12.11       0.00          5          0          0
  crossover        :     452.12       0.00          3          0          0
  dins             :       0.00       0.00          0          0          0
  distributiondivin:       8.66       0.00          5          0          0
  dps              :       0.00       0.00          0          0          0
  dualval          :       0.00       0.00          0          0          0
  farkasdiving     :       0.00       0.00          0          0          0
  feaspump         :      25.95       0.00          3          0          0
  fixandinfer      :       0.00       0.00          0          0          0
  fracdiving       :       3.21       0.00          6          0          0
  gins             :       0.03       0.00          0          0          0
  guideddiving     :       4.12       0.00          5          0          0
  indicator        :       0.08       0.00          0          0          0
  indicatordiving  :       0.00       0.00          0          0          0
  intdiving        :       0.00       0.00          0          0          0
  intshifting      :       2.18       0.00          5          0          0
  linesearchdiving :       4.16       0.00          5          0          0
  localbranching   :       0.00       0.00          0          0          0
  locks            :       0.15       0.00          1          0          0
  lpface           :       0.01       0.00          0          0          0
  mpec             :      10.96       0.00          1          0          0
  multistart       :       0.00       0.00          0          0          0
  mutation         :       0.00       0.00          0          0          0
  nlpdiving        :      16.03       0.00          2          0          0
  objpscostdiving  :      45.86       0.00          3          0          0
  octane           :       0.00       0.00          0          0          0
  ofins            :       0.00       0.00          0          0          0
  oneopt           :       0.04       0.00          8          0          0
  padm             :       0.00       0.00          0          0          0
  proximity        :       0.00       0.00          0          0          0
  pscostdiving     :       6.11       0.00          6          0          0
  randrounding     :       1.69       0.00        427          0          0
  rens             :       0.00       0.00          0          0          0
  reoptsols        :       0.00       0.00          0          0          0
  repair           :       0.00       0.00          0          0          0
  rins             :     366.12       0.00          7          1          1
  rootsoldiving    :       5.64       0.00          3          0          0
  rounding         :       0.62       0.00       1278          0          0
  shiftandpropagate:       0.14       0.00          1          0          0
  shifting         :       0.56       0.00        367          0          0
  simplerounding   :       0.03       0.00          0          0          0
  subnlp           :      22.95       0.00          8          1          1
  trivial          :       0.00       0.00          2          0          0
  trivialnegation  :       0.00       0.00          0          0          0
  trustregion      :       0.00       0.00          0          0          0
  trysol           :       0.02       0.00          0          0          0
  twoopt           :       0.00       0.00          0          0          0
  undercover       :       2.10       0.00          1          0          0
  vbounds          :       0.00       0.00          0          0          0
  veclendiving     :       1.99       0.00          5          0          0
  zeroobj          :       0.00       0.00          0          0          0
  zirounding       :       0.09       0.00       1000          0          0
  other solutions  :          -          -          -          0          -
Diving (single)    :      Calls      Nodes   LP Iters Backtracks  Conflicts   MinDepth   MaxDepth   AvgDepth  RoundSols  NLeafSols  MinSolDpt  MaxSolDpt  AvgSolDpt
  actconsdiving    :          0          -          -          -          -          -          -          -          -          -          -          -          -
  coefdiving       :          0          -          -          -          -          -          -          -          -          -          -          -          -
  conflictdiving   :          5         55      25166          0          0         22         24       23.0          0          -          -          -          -
  distributiondivin:          5         70      17209          0          0         20         50       29.4          0          -          -          -          -
  farkasdiving     :          0          -          -          -          -          -          -          -          -          -          -          -          -
  fracdiving       :          6        187       9020          0          0         37         50       45.7          0          -          -          -          -
  guideddiving     :          5        152      10065          0          0         34         50       44.4          0          -          -          -          -
  indicatordiving  :          0          -          -          -          -          -          -          -          -          -          -          -          -
  linesearchdiving :          5        153      10170          0          0         47         48       47.6          0          -          -          -          -
  pscostdiving     :          6        219      15871          0          0         49         50       49.8          0          -          -          -          -
  veclendiving     :          5        137       6044          0          0         37         50       42.8          0          -          -          -          -
Diving (adaptive)  :      Calls      Nodes   LP Iters Backtracks  Conflicts   MinDepth   MaxDepth   AvgDepth  RoundSols  NLeafSols  MinSolDpt  MaxSolDpt  AvgSolDpt
  actconsdiving    :          0          -          -          -          -          -          -          -          -          -          -          -          -
  coefdiving       :          3         84       7735          0          0         39         42       40.0          0          -          -          -          -
  conflictdiving   :          0          -          -          -          -          -          -          -          -          -          -          -          -
  distributiondivin:          0          -          -          -          -          -          -          -          -          -          -          -          -
  farkasdiving     :          0          -          -          -          -          -          -          -          -          -          -          -          -
  fracdiving       :          1         40       4597          0          0         50         50       50.0          0          -          -          -          -
  guideddiving     :          2         67       2999          0          0         41         50       45.5          0          -          -          -          -
  indicatordiving  :          0          -          -          -          -          -          -          -          -          -          -          -          -
  linesearchdiving :          1         16        325          0          0         38         38       38.0          0          -          -          -          -
  pscostdiving     :          2         68       3837          0          0         50         50       50.0          0          -          -          -          -
  veclendiving     :          0          -          -          -          -          -          -          -          -          -          -          -          -
Neighborhoods      :      Calls  SetupTime  SolveTime SolveNodes       Sols       Best       Exp3  EpsGreedy        UCB TgtFixRate  Opt  Inf Node Stal  Sol  Usr Othr Actv
  rens             :          0       0.00       0.00          0          0          0    0.00000   -1.00000    1.00000      0.900    0    0    0    0    0    0    0    1
  rins             :          1       0.08       0.33          0          0          0    0.00000   -1.00000    1.00000      0.900    0    0    0    0    0    0    1    1
  mutation         :          1       0.08       0.37          0          0          0    0.00000   -1.00000    1.00000      0.900    0    0    0    0    0    0    1    1
  localbranching   :          1       0.07       0.31          0          0          0    0.00000   -1.00000    1.00000      0.900    0    0    0    0    0    0    1    1
  crossover        :          1       0.07       0.33          0          0          0    0.00000   -1.00000    1.00000      0.900    0    0    0    0    0    0    1    1
  proximity        :          1       0.08       0.25          0          0          0    0.00000   -1.00000    1.00000      0.900    0    0    0    0    0    0    1    1
  zeroobjective    :          1       0.02       0.00          0          0          0    0.00000   -1.00000    1.00000      0.900    0    0    0    0    0    0    1    1
  dins             :          0       0.00       0.00          0          0          0    0.00000   -1.00000    1.00000      0.900    0    0    0    0    0    0    0    1
  trustregion      :          0       0.00       0.00          0          0          0    0.00000   -1.00000    1.00000      0.900    0    0    0    0    0    0    0    0
Expressions        :   #IntEval  IntEvalTi   #RevProp  RevPropTi    DomReds    Cutoffs  #Estimate  EstimTime  Branching  #Simplify SimplifyTi Simplified
  pow              :    5163323       1.62    2586953       1.03    1757669          0     105849       0.06          0       5760       0.00          0
  prod             :    3372284       1.18      18544       0.00       1097          0          0       0.00          0       3002       0.00       1500
  sum              :    4771330       1.67    4073537       1.97     243014        486        901       0.01          0       5702       0.00        901
  var              :    8433866       2.39          0       0.00          0          0          0       0.00          0      13561       0.00          0
  varidx           :          0       0.00          0       0.00          0          0          0       0.00          0          0       0.00          0
Nonlinear Conshdlr :   WeakSepa  TightenLP DespTghtLP DespBranch DespCutoff    ForceLP  CanonTime
  enforce          :      71002          0          0          0          0          0
  presolve         :                                                                         0.10
Nlhdlrs            :    Detects  DetectAll DetectTime   #IntEval  IntEvalTi   #RevProp  RevPropTi    DomReds    Cutoffs   #Enforce   EnfoTime       Cuts  Branching
  soc              :       1500       1500       0.02          0       0.00          0       0.00          0          0   15016136      32.18      80245          0
  convex           :          1          1       0.00          0       0.00          0       0.00          0          0       6419       0.08       6418          0
  concave          :          0          0       0.02          0       0.00          0       0.00          0          0          0       0.00          0          0
  quotient         :          0          0       0.01          0       0.00          0       0.00          0          0          0       0.00          0          0
  quadratic        :          0          0       0.00          0       0.00          0       0.00          0          0          0       0.00          0          0
  default          :      11213      56065       0.00   13297801      10.45    6693677      13.71    2001780        486     106750       0.32     104949          0
  bilinear         :          0          0       0.00          0       0.00          0       0.00          0          0          0       0.00          0          0
  perspective      :          0          0       0.00          0       0.00          0       0.00          0          0          0       0.00          0          0
LP                 :       Time      Calls Iterations  Iter/call   Iter/sec  Time-0-It Calls-0-It    ItLimit
  primal LP        :    1167.70       3503          0       0.00       0.00    1167.70       3503
  dual LP          :    1092.27      21283    1741771      82.43    1594.63       0.38        153
  lex dual LP      :       0.00          0          0       0.00          -
  barrier LP       :       0.00          0          0       0.00          -       0.00          0
  resolve instable :       0.00          0          0       0.00          -
  diving/probing LP:     122.99        408     226043     554.03    1837.90
  strong branching :      85.25        430     171024     397.73    2006.15          -          -        306
    (at root node) :          -         29      26815     924.66          -
  conflict analysis:       2.01        360       3510       9.75    1746.27
NLP relaxation     :
  solve time       :      15.90 (10 calls)
  convexity        :  nonconvex (527 linear rows, 901 convex ineq., 1500 nonconvex ineq., 0 nonlinear eq. or two-sided ineq.)
NLP Solvers        :  #Problems  ProblemTi    #Solves  SolveTime      #Iter  Time/Iter      #Okay #TimeLimit #IterLimit #LObjLimit #Interrupt  #NumError #EvalError  #OutOfMem #LicenseEr #OtherTerm   #GlobOpt    #LocOpt  #Feasible #LocInfeas #GlobInfea #Unbounded   #Unknown
  ipopt            :         10       3.58         19      46.60        865       0.05         15          0          4          0          0          0          0          0          0          0          0          9          0          5          0          0          5
B&B Tree           :
  number of runs   :          1
  nodes            :       5516 (2952 internal, 2564 leaves)
  feasible leaves  :          6
  infeas. leaves   :          6
  objective leaves :       2551
  nodes (total)    :       5516 (2952 internal, 2564 leaves)
  nodes left       :        374
  max depth        :         49
  max depth (total):         49
  backtracks       :        541 (9.8%)
  early backtracks :          0 (0.0%)
  nodes exc. ref.  :          0 (0.0%)
  delayed cutoffs  :          0
  repropagations   :          8 (0 domain reductions, 0 cutoffs)
  avg switch length:       3.38
  switching time   :    1074.67
Estim. Tree Size   :      11062
Estimation Tree    : 5905 nodes (5531 visited, 2952 internal, 2579 leaves, 374 open), weight: 0.0000 completed 0.2626
Estimations        :      estim      value      trend resolution     smooth
  wbe              : 2142911574          -          -          -          -
  tree-profile     :         -1          -          -          -          -
  gap              :     189312    0.72292    0.00001          4     179898
  tree-weight      :      11062    0.00000    0.00000          4      11038
  leaf-frequency   :      11062    0.46619   -0.00008          4      11038
  ssg              :    3558342    0.58529   -0.00000          4    3376764
  open-nodes       :      11062  374.00000    1.54408          4      11038
Root Node          :
  First LP value   : -1.41057601093552e+00
  First LP Iters   :      16883 (6569.26 Iter/sec)
  First LP Time    :       2.57
  Final Dual Bound : -5.94383667901419e-01
  Final Root Iters :      42159
  Root LP Estimate : +1.13100170913783e+00
Solution           :
  Solutions found  :          8 (8 improvements)
  First Solution   : -3.60291088954107e-01   (in run 1, after 1 nodes, 11.03 seconds, depth 0, found by <feaspump>)
  Gap First Sol.   :     291.51 %
  Gap Last Sol.    :      55.96 %
  Primal Bound     : -3.75340617659186e-01   (in run 1, after 809 nodes, 908.21 seconds, depth 25, found by <rins>)
  Dual Bound       : -5.19200666106385e-01
  Gap              :      38.33 %
Integrals          :      Total       Avg%
  primal-dual      :  121532.75      33.76
  primal-ref       :          -          - (not evaluated)
  dual-ref         :          -          - (not evaluated)
