SCIP Status        : solving was interrupted [time limit reached]
Total Time         :    3600.05
  solving          :    3600.00
  presolving       :       0.23 (included in solving)
  reading          :       0.05
  copying          :       0.09 (6 #copies) (minimal 0.01, maximal 0.02, average 0.01)
Original Problem   :
  Problem name     : benchmark/normal_60_24_26.design
  Variables        : 4693 (60 binary, 0 integer, 0 implicit integer, 4633 continuous)
  Constraints      : 6399 initial, 6399 maximal
  Objective        : minimize, 1 non-zeros (abs.min = 1, abs.max = 1)
Presolved Problem  :
  Problem name     : t_benchmark/normal_60_24_26.design
  Variables        : 6735 (60 binary, 0 integer, 0 implicit integer, 6675 continuous)
  Constraints      : 6399 initial, 6399 maximal
  Objective        : minimize, 1 non-zeros (abs.min = 1, abs.max = 1)
  Nonzeros         : 36938 constraint, 0 clique table
Presolvers         :   ExecTime  SetupTime  Calls  FixedVars   AggrVars   ChgTypes  ChgBounds   AddHoles    DelCons    AddCons   ChgSides   ChgCoefs
  boundshift       :       0.00       0.00      0          0          0          0          0          0          0          0          0          0
  convertinttobin  :       0.00       0.00      0          0          0          0          0          0          0          0          0          0
  domcol           :       0.00       0.00      1          0          0          0          0          0          0          0          0          0
  dualagg          :       0.00       0.00      0          0          0          0          0          0          0          0          0          0
  dualcomp         :       0.00       0.00      1          0          0          0          0          0          0          0          0          0
  dualinfer        :       0.00       0.00      0          0          0          0          0          0          0          0          0          0
  dualsparsify     :       0.00       0.00      1          0          0          0          0          0          0          0          0          0
  gateextraction   :       0.00       0.00      0          0          0          0          0          0          0          0          0          0
  implics          :       0.00       0.00      1          0          0          0          0          0          0          0          0          0
  inttobinary      :       0.00       0.00      0          0          0          0          0          0          0          0          0          0
  qpkktref         :       0.00       0.00      0          0          0          0          0          0          0          0          0          0
  redvub           :       0.00       0.00      0          0          0          0          0          0          0          0          0          0
  sparsify         :       0.00       0.00      1          0          0          0          0          0          0          0          0          0
  stuffing         :       0.00       0.00      0          0          0          0          0          0          0          0          0          0
  trivial          :       0.00       0.00      2        276          0          0          0          0          0          0          0          0
  tworowbnd        :       0.00       0.00      0          0          0          0          0          0          0          0          0          0
  dualfix          :       0.00       0.00      2        276          0          0          0          0          0          0          0          0
  genvbounds       :       0.00       0.00      0          0          0          0          0          0          0          0          0          0
  probing          :       0.03       0.00      1          0          0          0          0          0          0          0          0          0
  pseudoobj        :       0.00       0.00      0          0          0          0          0          0          0          0          0          0
  symmetry         :       0.03       0.00      1          0          0          0          0          0          0          0          0          0
  vbounds          :       0.00       0.00      0          0          0          0          0          0          0          0          0          0
  linear           :       0.02       0.02      3          0          0          0          0          0          0          0          0          0
  nonlinear        :       0.12       0.04      4          0          0          0        576          0          0          0          0          0
  benders          :       0.00       0.00      0          0          0          0          0          0          0          0          0          0
  components       :       0.00       0.00      1          0          0          0          0          0          0          0          0          0
  root node        :          -          -      -          0          -          -       6895          -          -          -          -          -
Constraints        :     Number  MaxNumber  #Separate #Propagate    #EnfoLP    #EnfoRelax  #EnfoPS    #Check   #ResProp    Cutoffs    DomReds       Cuts    Applied      Conss   Children
  benderslp        :          0          0          0          0       1638          0          0        743          0          0          0          0          0          0          0
  integral         :          0          0          0          0       1638          0          0        743          0          0      27298          0          0          0       2996
  linear           :       4382       4382         17      36366          0          0          0        737          0        889     518501          0          0          0          0
  nonlinear        :       2017       2017       5747      35477          0          0          0        298          0       1601     773479    1707234     502163          0          0
  benders          :          0          0          0          0          0          0          0          5          0          0          0          0          0          0          0
  countsols        :          0          0          0          0          0          0          0          5          0          0          0          0          0          0          0
  components       :          0          0          0          0          0          0          0          0          0          0          0          0          0          0          0
Constraint Timings :  TotalTime  SetupTime   Separate  Propagate     EnfoLP     EnfoPS     EnfoRelax   Check    ResProp    SB-Prop
  benderslp        :       0.01       0.00       0.00       0.00       0.01       0.00       0.00       0.00       0.00       0.00
  integral         :     146.87       0.00       0.00       0.00     146.86       0.00       0.00       0.01       0.00       0.00
  linear           :       4.42       0.02       0.00       3.79       0.00       0.00       0.00       0.24       0.00       0.37
  nonlinear        :      38.48       0.04      22.47      13.97       0.00       0.00       0.00       0.53       0.00       1.47
  benders          :       0.00       0.00       0.00       0.00       0.00       0.00       0.00       0.00       0.00       0.00
  countsols        :       0.00       0.00       0.00       0.00       0.00       0.00       0.00       0.00       0.00       0.00
  components       :       0.00       0.00       0.00       0.00       0.00       0.00       0.00       0.00       0.00       0.00
Propagators        : #Propagate   #ResProp    Cutoffs    DomReds
  dualfix          :          4          0          0          0
  genvbounds       :          0          0          0          0
  nlobbt           :          0          0          0          0
  obbt             :          0          0          0          0
  probing          :          0          0          0          0
  pseudoobj        :      12017          0          0         12
  redcost          :       9524          0          0        273
  rootredcost      :          3          0          0       4865
  symmetry         :          0          0          0          0
  vbounds          :       4542          0          0          0
Propagator Timings :  TotalTime  SetupTime   Presolve  Propagate    ResProp    SB-Prop
  dualfix          :       0.00       0.00       0.00       0.00       0.00       0.00
  genvbounds       :       0.03       0.00       0.00       0.01       0.00       0.02
  nlobbt           :       0.00       0.00       0.00       0.00       0.00       0.00
  obbt             :       0.00       0.00       0.00       0.00       0.00       0.00
  probing          :       0.03       0.00       0.03       0.00       0.00       0.00
  pseudoobj        :       0.02       0.00       0.00       0.02       0.00       0.00
  redcost          :       0.96       0.00       0.00       0.96       0.00       0.00
  rootredcost      :       0.04       0.00       0.00       0.04       0.00       0.00
  symmetry         :       0.03       0.00       0.03       0.00       0.00       0.00
  vbounds          :       0.01       0.00       0.00       0.01       0.00       0.00
Conflict Analysis  :       Time      Calls    Success    DomReds  Conflicts   Literals    Reconvs ReconvLits   Dualrays   Nonzeros   LP Iters   (pool size: [--,--])
  propagation      :       0.00          0          0          -          0        0.0          0        0.0          -          -          -
  infeasible LP    :       0.00          0          0          -          0        0.0          0        0.0          0        0.0          0
  bound exceed. LP :       1.38        373          0          -          0        0.0          0        0.0          0        0.0        600
  strong branching :       0.00          0          0          -          0        0.0          0        0.0          -          -          0
  pseudo solution  :       0.00          0          0          -          0        0.0          0        0.0          -          -          -
  applied globally :       0.00          -          -          0          0        0.0          -          -          0          -          -
  applied locally  :          -          -          -          0          0        0.0          -          -          0          -          -
Separators         :   ExecTime  SetupTime      Calls  RootCalls    Cutoffs    DomReds  FoundCuts ViaPoolAdd  DirectAdd    Applied ViaPoolApp  DirectApp      Conss
  cut pool         :       0.00          -          0          0          -          -          0          0          -          -          -          -          -    (maximal pool size:          0)
  aggregation      :       3.12       0.00        435         17          0          0          0          0          0          0          0          0          0
  > cmir           :          -          -          -          -          -          -          -          0          0          0          0          0          -
  > flowcover      :          -          -          -          -          -          -          -          0          0          0          0          0          -
  > knapsackcover  :          -          -          -          -          -          -          -          0          0          0          0          0          -
  cgmip            :       0.00       0.00          0          0          0          0          0          0          0          0          0          0          0
  clique           :       0.00       0.00          1          1          0          0          0          0          0          0          0          0          0
  closecuts        :       0.00       0.00          0          0          0          0          0          0          0          0          0          0          0
  convexproj       :       0.00       0.00          0          0          0          0          0          0          0          0          0          0          0
  disjunctive      :       0.00       0.00          0          0          0          0          0          0          0          0          0          0          0
  eccuts           :       0.00       0.00          0          0          0          0          0          0          0          0          0          0          0
  gauge            :       0.00       0.00          0          0          0          0          0          0          0          0          0          0          0
  gomory           :       0.99       0.00        413         10          0          0          0          0          0          0          0          0          0
  > gomorymi       :          -          -          -          -          -          -          -          0          0          0          0          0          -
  > strongcg       :          -          -          -          -          -          -          -          0          0          0          0          0          -
  impliedbounds    :       0.13       0.00        435         17          0          0          0          0          0          0          0          0          0
  interminor       :       0.00       0.00          0          0          0          0          0          0          0          0          0          0          0
  intobj           :       0.00       0.00          0          0          0          0          0          0          0          0          0          0          0
  mcf              :       0.01       0.00          3          3          0          0          0          0          0          0          0          0          0
  minor            :       0.00       0.00          0          0          0          0          0          0          0          0          0          0          0
  mixing           :       0.04       0.00        435         17          0          0          0          0          0          0          0          0          0
  oddcycle         :       0.00       0.00          0          0          0          0          0          0          0          0          0          0          0
  rapidlearning    :       0.00       0.00          0          0          0          0          0          0          0          0          0          0          0
  rlt              :       0.00       0.00         10         10          0          0          0          0          0          0          0          0          0
  zerohalf         :       1.24       0.00        420         17          0          0          0          0          0          0          0          0          0
Cutselectors       :   ExecTime  SetupTime      Calls  RootCalls   Selected     Forced   Filtered  RootSelec   RootForc   RootFilt 
  hybrid           :       2.90       0.00       5745         15     502169          0    1205065      15544          0          3
Pricers            :   ExecTime  SetupTime      Calls       Vars
  problem variables:       0.00          -          0          0
Branching Rules    :   ExecTime  SetupTime   BranchLP  BranchExt   BranchPS    Cutoffs    DomReds       Cuts      Conss   Children
  allfullstrong    :       0.00       0.00          0          0          0          0          0          0          0          0
  cloud            :       0.00       0.00          0          0          0          0          0          0          0          0
  distribution     :       0.00       0.00          0          0          0          0          0          0          0          0
  fullstrong       :       0.00       0.00          0          0          0          0          0          0          0          0
  inference        :       0.00       0.00          0          0          0          0          0          0          0          0
  leastinf         :       0.00       0.00          0          0          0          0          0          0          0          0
  lookahead        :       0.00       0.00          0          0          0          0          0          0          0          0
  mostinf          :       0.00       0.00          0          0          0          0          0          0          0          0
  multaggr         :       0.00       0.00          0          0          0          0          0          0          0          0
  nodereopt        :       0.00       0.00          0          0          0          0          0          0          0          0
  pscost           :       0.00       0.00          0          0          0          0          0          0          0          0
  random           :       0.00       0.00          0          0          0          0          0          0          0          0
  relpscost        :     146.86       0.00       1638          0          0          0      27298          0          0       2996
  vanillafullstrong:       0.00       0.00          0          0          0          0          0          0          0          0
Primal Heuristics  :   ExecTime  SetupTime      Calls      Found       Best
  LP solutions     :       0.00          -          -          0          0
  relax solutions  :       0.00          -          -          0          0
  pseudo solutions :       0.00          -          -          0          0
  strong branching :       0.00          -          -          0          0
  actconsdiving    :       0.00       0.00          0          0          0
  adaptivediving   :      16.70       0.00          8          0          0
  alns             :       0.72       0.00          5          0          0
  bound            :       0.00       0.00          0          0          0
  clique           :       0.00       0.00          0          0          0
  coefdiving       :       0.00       0.00          0          0          0
  completesol      :       0.00       0.00          0          0          0
  conflictdiving   :       0.00       0.00          0          0          0
  crossover        :       0.00       0.00          0          0          0
  dins             :       0.00       0.00          0          0          0
  distributiondivin:      37.43       0.00         13          0          0
  dps              :       0.00       0.00          0          0          0
  dualval          :       0.00       0.00          0          0          0
  farkasdiving     :       0.00       0.00          0          0          0
  feaspump         :      52.46       0.00          6          0          0
  fixandinfer      :       0.00       0.00          0          0          0
  fracdiving       :      30.49       0.00         13          0          0
  gins             :       0.00       0.00          0          0          0
  guideddiving     :      24.57       0.00         12          0          0
  indicator        :       0.00       0.00          0          0          0
  indicatordiving  :       0.00       0.00          0          0          0
  intdiving        :       0.00       0.00          0          0          0
  intshifting      :       1.84       0.00          3          0          0
  linesearchdiving :      27.04       0.00         13          0          0
  localbranching   :       0.00       0.00          0          0          0
  locks            :       0.09       0.00          1          0          0
  lpface           :       0.00       0.00          0          0          0
  mpec             :       2.00       0.00          1          0          0
  multistart       :       0.00       0.00          0          0          0
  mutation         :       0.00       0.00          0          0          0
  nlpdiving        :      10.14       0.00          1          0          0
  objpscostdiving  :     122.95       0.00          3          0          0
  octane           :       0.00       0.00          0          0          0
  ofins            :       0.00       0.00          0          0          0
  oneopt           :       0.01       0.00          4          0          0
  padm             :       0.00       0.00          0          0          0
  proximity        :       0.00       0.00          0          0          0
  pscostdiving     :      33.75       0.00         13          0          0
  randrounding     :       0.83       0.00        564          0          0
  rens             :       0.00       0.00          0          0          0
  reoptsols        :       0.00       0.00          0          0          0
  repair           :       0.00       0.00          0          0          0
  rins             :      13.75       0.00          1          0          0
  rootsoldiving    :      42.81       0.00          7          0          0
  rounding         :       0.68       0.00       1166          0          0
  shiftandpropagate:       0.08       0.00          1          0          0
  shifting         :       1.72       0.00        390          0          0
  simplerounding   :       0.00       0.00          0          0          0
  subnlp           :      10.12       0.00         10          4          4
  trivial          :       0.03       0.00          2          0          0
  trivialnegation  :       0.00       0.00          0          0          0
  trustregion      :       0.00       0.00          0          0          0
  trysol           :       0.00       0.00          0          0          0
  twoopt           :       0.00       0.00          0          0          0
  undercover       :       1.18       0.00          1          0          0
  vbounds          :       0.00       0.00          0          0          0
  veclendiving     :      11.01       0.00         13          0          0
  zeroobj          :       0.00       0.00          0          0          0
  zirounding       :       0.15       0.00       1000          0          0
  other solutions  :          -          -          -          0          -
Diving (single)    :      Calls      Nodes   LP Iters Backtracks  Conflicts   MinDepth   MaxDepth   AvgDepth  RoundSols  NLeafSols  MinSolDpt  MaxSolDpt  AvgSolDpt
  actconsdiving    :          0          -          -          -          -          -          -          -          -          -          -          -          -
  coefdiving       :          0          -          -          -          -          -          -          -          -          -          -          -          -
  conflictdiving   :          0          -          -          -          -          -          -          -          -          -          -          -          -
  distributiondivin:         13        409     127605         36          0         32         60       41.5          0          -          -          -          -
  farkasdiving     :          0          -          -          -          -          -          -          -          -          -          -          -          -
  fracdiving       :         13        590     114766          1          0         56         60       58.1          0          -          -          -          -
  guideddiving     :         12        526      81087          6          0         53         60       58.3          0          -          -          -          -
  indicatordiving  :          0          -          -          -          -          -          -          -          -          -          -          -          -
  linesearchdiving :         13        539      95137         10          0         46         60       54.8          0          -          -          -          -
  pscostdiving     :         13        606     129541          0          0         58         60       59.2          0          -          -          -          -
  veclendiving     :         13        261      45919          2          0         29         45       33.2          0          -          -          -          -
Diving (adaptive)  :      Calls      Nodes   LP Iters Backtracks  Conflicts   MinDepth   MaxDepth   AvgDepth  RoundSols  NLeafSols  MinSolDpt  MaxSolDpt  AvgSolDpt
  actconsdiving    :          1         16       5659          1          0         43         43       43.0          0          -          -          -          -
  coefdiving       :          1         21       4014          4          0         44         44       44.0          0          -          -          -          -
  conflictdiving   :          0          -          -          -          -          -          -          -          -          -          -          -          -
  distributiondivin:          0          -          -          -          -          -          -          -          -          -          -          -          -
  farkasdiving     :          0          -          -          -          -          -          -          -          -          -          -          -          -
  fracdiving       :          1         50       8759          0          0         56         56       56.0          0          -          -          -          -
  guideddiving     :          0          -          -          -          -          -          -          -          -          -          -          -          -
  indicatordiving  :          0          -          -          -          -          -          -          -          -          -          -          -          -
  linesearchdiving :          1         14       1450          1          0         47         47       47.0          0          -          -          -          -
  pscostdiving     :          4        194      40562          0          0         58         60       59.2          0          -          -          -          -
  veclendiving     :          0          -          -          -          -          -          -          -          -          -          -          -          -
Neighborhoods      :      Calls  SetupTime  SolveTime SolveNodes       Sols       Best       Exp3  EpsGreedy        UCB TgtFixRate  Opt  Inf Node Stal  Sol  Usr Othr Actv
  rens             :          1       0.04       0.14          0          0          0    0.00000   -1.00000    1.00000      0.900    0    0    0    0    0    0    1    1
  rins             :          1       0.04       0.10          0          0          0    0.00000   -1.00000    1.00000      0.900    0    0    0    0    0    0    1    1
  mutation         :          0       0.00       0.00          0          0          0    0.00000   -1.00000    1.00000      0.900    0    0    0    0    0    0    0    1
  localbranching   :          0       0.00       0.00          0          0          0    0.00000   -1.00000    1.00000      0.900    0    0    0    0    0    0    0    1
  crossover        :          1       0.04       0.12          0          0          0    0.00000   -1.00000    1.00000      0.900    0    0    0    0    0    0    1    1
  proximity        :          1       0.03       0.12          0          0          0    0.00000   -1.00000    1.00000      0.900    0    0    0    0    0    0    1    1
  zeroobjective    :          1       0.02       0.00          0          0          0    0.00000   -1.00000    1.00000      0.900    0    0    0    0    0    0    1    1
  dins             :          0       0.00       0.00          0          0          0    0.00000   -1.00000    1.00000      0.900    0    0    0    0    0    0    0    1
  trustregion      :          0       0.00       0.00          0          0          0    0.00000   -1.00000    1.00000      0.900    0    0    0    0    0    0    0    0
Expressions        :   #IntEval  IntEvalTi   #RevProp  RevPropTi    DomReds    Cutoffs  #Estimate  EstimTime  Branching  #Simplify SimplifyTi Simplified
  pow              :    2657535       0.65    1059489       0.27    1309247          0      79088       0.00          0       4656       0.00          0
  prod             :    2333997       0.51      12018       0.00        763          0          0       0.00          0       2882       0.00       1440
  sum              :    2490095       0.65    1756385       0.43      38294        303        577       0.00          0       4610       0.02        577
  var              :    6075860       1.31          0       0.00          0          0          0       0.00          0      11569       0.00          0
  varidx           :          0       0.00          0       0.00          0          0          0       0.00          0          0       0.00          0
Nonlinear Conshdlr :   WeakSepa  TightenLP DespTghtLP DespBranch DespCutoff    ForceLP  CanonTime
  enforce          :          0          0          0          0          0          0
  presolve         :                                                                         0.11
Nlhdlrs            :    Detects  DetectAll DetectTime   #IntEval  IntEvalTi   #RevProp  RevPropTi    DomReds    Cutoffs   #Enforce   EnfoTime       Cuts  Branching
  soc              :       1440       1440       0.00          0       0.00          0       0.00          0          0    4644181       7.13    1623269          0
  convex           :          1          1       0.01          0       0.00          0       0.00          0          0       5455       0.03       5453          0
  concave          :          0          0       0.00          0       0.00          0       0.00          0          0          0       0.00          0          0
  quotient         :          0          0       0.00          0       0.00          0       0.00          0          0          0       0.00          0          0
  quadratic        :          0          0       0.01          0       0.00          0       0.00          0          0          0       0.00          0          0
  default          :       9615      48075       0.01    7473485       4.31    2840243       4.63    1348304        303      79665       0.11      78512          0
  bilinear         :          0          0       0.01          0       0.00          0       0.00          0          0          0       0.00          0          0
  perspective      :          0          0       0.01          0       0.00          0       0.00          0          0          0       0.00          0          0
LP                 :       Time      Calls Iterations  Iter/call   Iter/sec  Time-0-It Calls-0-It    ItLimit
  primal LP        :     568.88       1501          0       0.00       0.00     568.88       1501
  dual LP          :    2371.02       8765    5309474     639.62    2239.32       0.87        464
  lex dual LP      :       0.00          0          0       0.00          -
  barrier LP       :       0.00          0          0       0.00          -       0.00          0
  resolve instable :       0.00          0          0       0.00          -
  diving/probing LP:     386.93       1111    1221892    1099.81    3157.91
  strong branching :     140.55        487     409632     841.13    2914.49          -          -        724
    (at root node) :          -         23      23000    1000.00          -
  conflict analysis:       0.53         60        600      10.00    1132.08
NLP relaxation     :
  solve time       :       9.96 (13 calls)
  convexity        :  nonconvex (350 linear rows, 577 convex ineq., 1440 nonconvex ineq., 0 nonlinear eq. or two-sided ineq.)
NLP Solvers        :  #Problems  ProblemTi    #Solves  SolveTime      #Iter  Time/Iter      #Okay #TimeLimit #IterLimit #LObjLimit #Interrupt  #NumError #EvalError  #OutOfMem #LicenseEr #OtherTerm   #GlobOpt    #LocOpt  #Feasible #LocInfeas #GlobInfea #Unbounded   #Unknown
  ipopt            :         12       1.78         24      20.09        882       0.02         15          0          9          0          0          0          0          0          0          0          0         13          2          1          0          0          8
B&B Tree           :
  number of runs   :          1
  nodes            :       2488 (1498 internal, 990 leaves)
  feasible leaves  :          0
  infeas. leaves   :          0
  objective leaves :        989
  nodes (total)    :       2488 (1498 internal, 990 leaves)
  nodes left       :        510
  max depth        :         48
  max depth (total):         48
  backtracks       :        653 (26.2%)
  early backtracks :          0 (0.0%)
  nodes exc. ref.  :          0 (0.0%)
  delayed cutoffs  :          0
  repropagations   :          4 (0 domain reductions, 0 cutoffs)
  avg switch length:       5.22
  switching time   :     573.43
Estim. Tree Size   :       4974
Estimation Tree    : 2997 nodes (2487 visited, 1498 internal, 989 leaves, 510 open), weight: 0.0000 completed 0.0306
Estimations        :      estim      value      trend resolution     smooth
  wbe              : 953247424825          -          -          -          -
  tree-profile     :         -1          -          -          -          -
  gap              :       4974    0.81538    0.00000          1       4967
  tree-weight      :       4974    0.00000    0.00000          1       4967
  leaf-frequency   :       6238    0.39747    0.00005          1       6937
  ssg              :       4974    0.95173   -0.00000          1       4967
  open-nodes       :       9881  510.00000   -0.12905          1      13179
Root Node          :
  First LP value   : -1.10684446149703e+00
  First LP Iters   :      15932 (7479.81 Iter/sec)
  First LP Time    :       2.13
  Final Dual Bound : -3.47581077708028e-01
  Final Root Iters :      53129
  Root LP Estimate : +4.38071114541533e-01
Solution           :
  Solutions found  :          4 (4 improvements)
  First Solution   : -2.28734746179447e-01   (in run 1, after 1 nodes, 5.14 seconds, depth 0, found by <feaspump>)
  Gap First Sol.   :     383.90 %
  Gap Last Sol.    :      25.19 %
  Primal Bound     : -2.77637716069617e-01   (in run 1, after 7 nodes, 79.60 seconds, depth 5, found by <adaptivediving>)
  Dual Bound       : -3.40499790132742e-01
  Gap              :      22.64 %
Integrals          :      Total       Avg%
  primal-dual      :   70052.23      19.46
  primal-ref       :          -          - (not evaluated)
  dual-ref         :          -          - (not evaluated)
