SCIP Status        : solving was interrupted [time limit reached]
Total Time         :    3600.06
  solving          :    3600.00
  presolving       :       0.27 (included in solving)
  reading          :       0.06
  copying          :       0.24 (15 #copies) (minimal 0.01, maximal 0.02, average 0.02)
Original Problem   :
  Problem name     : benchmark/normal_50_20_23.design
  Variables        : 3271 (50 binary, 0 integer, 0 implicit integer, 3221 continuous)
  Constraints      : 4453 initial, 4453 maximal
  Objective        : minimize, 1 non-zeros (abs.min = 1, abs.max = 1)
Presolved Problem  :
  Problem name     : t_benchmark/normal_50_20_23.design
  Variables        : 4693 (50 binary, 0 integer, 0 implicit integer, 4643 continuous)
  Constraints      : 4453 initial, 4453 maximal
  Objective        : minimize, 1 non-zeros (abs.min = 1, abs.max = 1)
  Nonzeros         : 23682 constraint, 0 clique table
Presolvers         :   ExecTime  SetupTime  Calls  FixedVars   AggrVars   ChgTypes  ChgBounds   AddHoles    DelCons    AddCons   ChgSides   ChgCoefs
  boundshift       :       0.00       0.00      0          0          0          0          0          0          0          0          0          0
  convertinttobin  :       0.00       0.00      0          0          0          0          0          0          0          0          0          0
  domcol           :       0.00       0.00      1          0          0          0          0          0          0          0          0          0
  dualagg          :       0.00       0.00      0          0          0          0          0          0          0          0          0          0
  dualcomp         :       0.00       0.00      1          0          0          0          0          0          0          0          0          0
  dualinfer        :       0.00       0.00      0          0          0          0          0          0          0          0          0          0
  dualsparsify     :       0.00       0.00      1          0          0          0          0          0          0          0          0          0
  gateextraction   :       0.00       0.00      0          0          0          0          0          0          0          0          0          0
  implics          :       0.00       0.00      1          0          0          0          0          0          0          0          0          0
  inttobinary      :       0.00       0.00      0          0          0          0          0          0          0          0          0          0
  qpkktref         :       0.00       0.00      0          0          0          0          0          0          0          0          0          0
  redvub           :       0.00       0.00      0          0          0          0          0          0          0          0          0          0
  sparsify         :       0.00       0.00      1          0          0          0          0          0          0          0          0          0
  stuffing         :       0.00       0.00      0          0          0          0          0          0          0          0          0          0
  trivial          :       0.00       0.00      2        190          0          0          0          0          0          0          0          0
  tworowbnd        :       0.00       0.00      0          0          0          0          0          0          0          0          0          0
  dualfix          :       0.00       0.00      2        190          0          0          0          0          0          0          0          0
  genvbounds       :       0.00       0.00      0          0          0          0          0          0          0          0          0          0
  probing          :       0.05       0.00      1          0          0          0          0          0          0          0          0          0
  pseudoobj        :       0.00       0.00      0          0          0          0          0          0          0          0          0          0
  symmetry         :       0.03       0.00      1          0          0          0          0          0          0          0          0          0
  vbounds          :       0.00       0.00      0          0          0          0          0          0          0          0          0          0
  linear           :       0.03       0.01      3          0          0          0          0          0          0          0          0          0
  nonlinear        :       0.13       0.03      4          0          0          0        400          0          0          0          0          0
  benders          :       0.00       0.00      0          0          0          0          0          0          0          0          0          0
  components       :       0.01       0.00      1          0          0          0          0          0          0          0          0          0
  root node        :          -          -      -          0          -          -       6723          -          -          -          -          -
Constraints        :     Number  MaxNumber  #Separate #Propagate    #EnfoLP    #EnfoRelax  #EnfoPS    #Check   #ResProp    Cutoffs    DomReds       Cuts    Applied      Conss   Children
  benderslp        :          0          0          0          0       2032          0          0        313          0          0          0          0          0          0          0
  integral         :          0          0          0          0       2032          0          0        313          0          0      10720          0          0          0       3782
  linear           :       3052       3052         15      35556          1          0          0        307          0        375     497891          0          0          0          0
  nonlinear        :       1401       1401       7489      35181         20          0          0        132          0       1122     923526     945927     539748          0          0
  benders          :          0          0          0          0          1          0          0          6          0          0          0          0          0          0          0
  countsols        :          0          0          0          0          1          0          0          6          0          0          0          0          0          0          0
  components       :          0          0          0          0          0          0          0          0          0          0          0          0          0          0          0
Constraint Timings :  TotalTime  SetupTime   Separate  Propagate     EnfoLP     EnfoPS     EnfoRelax   Check    ResProp    SB-Prop
  benderslp        :       0.00       0.00       0.00       0.00       0.00       0.00       0.00       0.00       0.00       0.00
  integral         :     166.45       0.00       0.00       0.00     166.45       0.00       0.00       0.00       0.00       0.00
  linear           :       3.72       0.01       0.02       3.36       0.00       0.00       0.00       0.09       0.00       0.24
  nonlinear        :      46.75       0.03      30.69      14.52       0.06       0.00       0.00       0.21       0.00       1.24
  benders          :       0.00       0.00       0.00       0.00       0.00       0.00       0.00       0.00       0.00       0.00
  countsols        :       0.00       0.00       0.00       0.00       0.00       0.00       0.00       0.00       0.00       0.00
  components       :       0.03       0.00       0.00       0.03       0.00       0.00       0.00       0.00       0.00       0.00
Propagators        : #Propagate   #ResProp    Cutoffs    DomReds
  dualfix          :          2          0          0          0
  genvbounds       :          0          0          0          0
  nlobbt           :          0          0          0          0
  obbt             :          0          0          0          0
  probing          :          0          0          0          0
  pseudoobj        :      20578          0          0         15
  redcost          :      13507          0          0       1725
  rootredcost      :          6          0          0       5307
  symmetry         :          0          0          0          0
  vbounds          :       4412          0          0          0
Propagator Timings :  TotalTime  SetupTime   Presolve  Propagate    ResProp    SB-Prop
  dualfix          :       0.00       0.00       0.00       0.00       0.00       0.00
  genvbounds       :       0.03       0.00       0.00       0.03       0.00       0.00
  nlobbt           :       0.00       0.00       0.00       0.00       0.00       0.00
  obbt             :       0.01       0.00       0.00       0.01       0.00       0.00
  probing          :       0.05       0.00       0.05       0.00       0.00       0.00
  pseudoobj        :       0.03       0.00       0.00       0.03       0.00       0.00
  redcost          :       1.47       0.00       0.00       1.46       0.00       0.01
  rootredcost      :       0.02       0.00       0.00       0.02       0.00       0.00
  symmetry         :       0.07       0.00       0.03       0.04       0.00       0.00
  vbounds          :       0.01       0.00       0.00       0.01       0.00       0.00
Conflict Analysis  :       Time      Calls    Success    DomReds  Conflicts   Literals    Reconvs ReconvLits   Dualrays   Nonzeros   LP Iters   (pool size: [--,--])
  propagation      :       0.00          0          0          -          0        0.0          0        0.0          -          -          -
  infeasible LP    :       0.00          0          0          -          0        0.0          0        0.0          0        0.0          0
  bound exceed. LP :       2.26        564          0          -          0        0.0          0        0.0          0        0.0       1650
  strong branching :       0.00          0          0          -          0        0.0          0        0.0          -          -          0
  pseudo solution  :       0.00          0          0          -          0        0.0          0        0.0          -          -          -
  applied globally :       0.00          -          -          0          0        0.0          -          -          0          -          -
  applied locally  :          -          -          -          0          0        0.0          -          -          0          -          -
Separators         :   ExecTime  SetupTime      Calls  RootCalls    Cutoffs    DomReds  FoundCuts ViaPoolAdd  DirectAdd    Applied ViaPoolApp  DirectApp      Conss
  cut pool         :       0.00          -          0          0          -          -          0          0          -          -          -          -          -    (maximal pool size:          0)
  aggregation      :       0.45       0.00         47         15          0          0          0          0          0          0          0          0          0
  > cmir           :          -          -          -          -          -          -          -          0          0          0          0          0          -
  > flowcover      :          -          -          -          -          -          -          -          0          0          0          0          0          -
  > knapsackcover  :          -          -          -          -          -          -          -          0          0          0          0          0          -
  cgmip            :       0.00       0.00          0          0          0          0          0          0          0          0          0          0          0
  clique           :       0.00       0.00          1          1          0          0          0          0          0          0          0          0          0
  closecuts        :       0.00       0.00          0          0          0          0          0          0          0          0          0          0          0
  convexproj       :       0.00       0.00          0          0          0          0          0          0          0          0          0          0          0
  disjunctive      :       0.00       0.00          0          0          0          0          0          0          0          0          0          0          0
  eccuts           :       0.00       0.00          0          0          0          0          0          0          0          0          0          0          0
  gauge            :       0.00       0.00          0          0          0          0          0          0          0          0          0          0          0
  gomory           :       0.18       0.00         42         10          0          0          0          0          0          0          0          0          0
  > gomorymi       :          -          -          -          -          -          -          -          0          0          0          0          0          -
  > strongcg       :          -          -          -          -          -          -          -          0          0          0          0          0          -
  impliedbounds    :       0.01       0.00         47         15          0          0          0          0          0          0          0          0          0
  interminor       :       0.00       0.00          0          0          0          0          0          0          0          0          0          0          0
  intobj           :       0.00       0.00          0          0          0          0          0          0          0          0          0          0          0
  mcf              :       0.00       0.00          2          2          0          0          0          0          0          0          0          0          0
  minor            :       0.00       0.00          0          0          0          0          0          0          0          0          0          0          0
  mixing           :       0.01       0.00         48         15          0          0          0          0          0          0          0          0          0
  oddcycle         :       0.00       0.00          0          0          0          0          0          0          0          0          0          0          0
  rapidlearning    :       0.00       0.00          0          0          0          0          0          0          0          0          0          0          0
  rlt              :       0.01       0.00         10         10          0          0          0          0          0          0          0          0          0
  zerohalf         :       0.16       0.00         47         15          0          0          0          0          0          0          0          0          0
Cutselectors       :   ExecTime  SetupTime      Calls  RootCalls   Selected     Forced   Filtered  RootSelec   RootForc   RootFilt 
  hybrid           :       2.67       0.00       7475         14     539121          0     406158      10699          0          2
Pricers            :   ExecTime  SetupTime      Calls       Vars
  problem variables:       0.00          -          0          0
Branching Rules    :   ExecTime  SetupTime   BranchLP  BranchExt   BranchPS    Cutoffs    DomReds       Cuts      Conss   Children
  allfullstrong    :       0.00       0.00          0          0          0          0          0          0          0          0
  cloud            :       0.00       0.00          0          0          0          0          0          0          0          0
  distribution     :       0.00       0.00          0          0          0          0          0          0          0          0
  fullstrong       :       0.00       0.00          0          0          0          0          0          0          0          0
  inference        :       0.00       0.00          0          0          0          0          0          0          0          0
  leastinf         :       0.00       0.00          0          0          0          0          0          0          0          0
  lookahead        :       0.00       0.00          0          0          0          0          0          0          0          0
  mostinf          :       0.00       0.00          0          0          0          0          0          0          0          0
  multaggr         :       0.00       0.00          0          0          0          0          0          0          0          0
  nodereopt        :       0.00       0.00          0          0          0          0          0          0          0          0
  pscost           :       0.00       0.00          0          0          0          0          0          0          0          0
  random           :       0.00       0.00          0          0          0          0          0          0          0          0
  relpscost        :     166.44       0.00       2012          0          0          0      10720          0          0       3782
  vanillafullstrong:       0.00       0.00          0          0          0          0          0          0          0          0
Primal Heuristics  :   ExecTime  SetupTime      Calls      Found       Best
  LP solutions     :       0.01          -          -          1          1
  relax solutions  :       0.00          -          -          0          0
  pseudo solutions :       0.00          -          -          0          0
  strong branching :       0.00          -          -          0          0
  actconsdiving    :       0.00       0.00          0          0          0
  adaptivediving   :      13.76       0.00         13          0          0
  alns             :       0.68       0.00          5          0          0
  bound            :       0.00       0.00          0          0          0
  clique           :       0.00       0.00          0          0          0
  coefdiving       :       0.00       0.00          0          0          0
  completesol      :       0.00       0.00          0          0          0
  conflictdiving   :       0.00       0.00          0          0          0
  crossover        :     228.93       0.00          5          1          1
  dins             :       0.00       0.00          0          0          0
  distributiondivin:      20.35       0.00         11          0          0
  dps              :       0.00       0.00          0          0          0
  dualval          :       0.00       0.00          0          0          0
  farkasdiving     :       0.00       0.00          0          0          0
  feaspump         :      66.20       0.00          6          0          0
  fixandinfer      :       0.00       0.00          0          0          0
  fracdiving       :       8.42       0.00         11          0          0
  gins             :       0.00       0.00          0          0          0
  guideddiving     :      10.20       0.00         11          0          0
  indicator        :       0.02       0.00          0          0          0
  indicatordiving  :       0.00       0.00          0          0          0
  intdiving        :       0.00       0.00          0          0          0
  intshifting      :       5.00       0.00          9          0          0
  linesearchdiving :      11.62       0.00         11          0          0
  localbranching   :       0.00       0.00          0          0          0
  locks            :       0.11       0.00          1          0          0
  lpface           :       0.01       0.00          0          0          0
  mpec             :       3.70       0.00          1          0          0
  multistart       :       0.00       0.00          0          0          0
  mutation         :       0.00       0.00          0          0          0
  nlpdiving        :      11.24       0.00          1          0          0
  objpscostdiving  :      70.53       0.00          4          0          0
  octane           :       0.00       0.00          0          0          0
  ofins            :       0.00       0.00          0          0          0
  oneopt           :       0.01       0.00          6          0          0
  padm             :       0.00       0.00          0          0          0
  proximity        :       0.00       0.00          0          0          0
  pscostdiving     :      13.87       0.00         11          0          0
  randrounding     :       0.44       0.00        210          0          0
  rens             :       0.00       0.00          0          0          0
  reoptsols        :       0.00       0.00          0          0          0
  repair           :       0.00       0.00          0          0          0
  rins             :      63.32       0.00          5          0          0
  rootsoldiving    :      27.57       0.00          6          0          0
  rounding         :       0.89       0.00       1327          0          0
  shiftandpropagate:       0.09       0.00          1          0          0
  shifting         :       1.41       0.00        381          0          0
  simplerounding   :       0.02       0.00          0          0          0
  subnlp           :      14.79       0.00         12          4          4
  trivial          :       0.02       0.00          2          0          0
  trivialnegation  :       0.00       0.00          0          0          0
  trustregion      :       0.00       0.00          0          0          0
  trysol           :       0.01       0.00          0          0          0
  twoopt           :       0.00       0.00          0          0          0
  undercover       :       0.89       0.00          1          0          0
  vbounds          :       0.00       0.00          0          0          0
  veclendiving     :       6.80       0.00         11          0          0
  zeroobj          :       0.00       0.00          0          0          0
  zirounding       :       0.07       0.00       1000          0          0
  other solutions  :          -          -          -          0          -
Diving (single)    :      Calls      Nodes   LP Iters Backtracks  Conflicts   MinDepth   MaxDepth   AvgDepth  RoundSols  NLeafSols  MinSolDpt  MaxSolDpt  AvgSolDpt
  actconsdiving    :          0          -          -          -          -          -          -          -          -          -          -          -          -
  coefdiving       :          0          -          -          -          -          -          -          -          -          -          -          -          -
  conflictdiving   :          0          -          -          -          -          -          -          -          -          -          -          -          -
  distributiondivin:         11        252      52282         40          0         26         45       34.5          0          -          -          -          -
  farkasdiving     :          0          -          -          -          -          -          -          -          -          -          -          -          -
  fracdiving       :         11        296      23139          8          0         38         50       44.3          0          -          -          -          -
  guideddiving     :         11        306      27866         11          0         40         50       45.0          0          -          -          -          -
  indicatordiving  :          0          -          -          -          -          -          -          -          -          -          -          -          -
  linesearchdiving :         11        322      34997         15          0         36         49       43.1          0          -          -          -          -
  pscostdiving     :         11        293      41656          3          0         41         50       46.2          0          -          -          -          -
  veclendiving     :         11        232      21456         16          0         27         39       32.9          0          -          -          -          -
Diving (adaptive)  :      Calls      Nodes   LP Iters Backtracks  Conflicts   MinDepth   MaxDepth   AvgDepth  RoundSols  NLeafSols  MinSolDpt  MaxSolDpt  AvgSolDpt
  actconsdiving    :          3         62      11119          7          0         30         38       34.0          0          -          -          -          -
  coefdiving       :          3         65       4987         12          0         41         44       42.0          0          -          -          -          -
  conflictdiving   :          0          -          -          -          -          -          -          -          -          -          -          -          -
  distributiondivin:          0          -          -          -          -          -          -          -          -          -          -          -          -
  farkasdiving     :          0          -          -          -          -          -          -          -          -          -          -          -          -
  fracdiving       :          0          -          -          -          -          -          -          -          -          -          -          -          -
  guideddiving     :          1         34       2890          0          0         44         44       44.0          0          -          -          -          -
  indicatordiving  :          0          -          -          -          -          -          -          -          -          -          -          -          -
  linesearchdiving :          2         64       4386          5          0         42         47       44.5          0          -          -          -          -
  pscostdiving     :          2         70      10209          1          0         44         47       45.5          0          -          -          -          -
  veclendiving     :          2         47       5039          4          0         30         33       31.5          0          -          -          -          -
Neighborhoods      :      Calls  SetupTime  SolveTime SolveNodes       Sols       Best       Exp3  EpsGreedy        UCB TgtFixRate  Opt  Inf Node Stal  Sol  Usr Othr Actv
  rens             :          0       0.00       0.00          0          0          0    0.00000   -1.00000    1.00000      0.900    0    0    0    0    0    0    0    1
  rins             :          1       0.04       0.09          0          0          0    0.00000   -1.00000    1.00000      0.900    0    0    0    0    0    0    1    1
  mutation         :          0       0.00       0.00          0          0          0    0.00000   -1.00000    1.00000      0.900    0    0    0    0    0    0    0    1
  localbranching   :          1       0.04       0.14          0          0          0    0.00000   -1.00000    1.00000      0.900    0    0    0    0    0    0    1    1
  crossover        :          1       0.02       0.09          0          0          0    0.00000   -1.00000    1.00000      0.900    0    0    0    0    0    0    1    1
  proximity        :          0       0.00       0.00          0          0          0    0.00000   -1.00000    1.00000      0.900    0    0    0    0    0    0    0    1
  zeroobjective    :          1       0.01       0.00          0          0          0    0.00000   -1.00000    1.00000      0.900    0    0    0    0    0    0    1    1
  dins             :          1       0.04       0.14          0          0          0    0.00000   -1.00000    1.00000      0.900    0    0    0    0    0    0    1    1
  trustregion      :          0       0.00       0.00          0          0          0    0.00000   -1.00000    1.00000      0.900    0    0    0    0    0    0    0    0
Expressions        :   #IntEval  IntEvalTi   #RevProp  RevPropTi    DomReds    Cutoffs  #Estimate  EstimTime  Branching  #Simplify SimplifyTi Simplified
  pow              :    1774527       0.58     718095       0.25     950144          0      50728       0.05          0       3240       0.00          0
  prod             :    1504382       0.59      12081       0.01        981          0          0       0.00          0       2002       0.00       1000
  sum              :    1610367       0.68    1184952       0.52      35505        119        401       0.00          0       3202       0.00        401
  var              :    3617805       1.28          0       0.00          0          0          0       0.00          0       8041       0.01          0
  varidx           :          0       0.00          0       0.00          0          0          0       0.00          0          0       0.00          0
Nonlinear Conshdlr :   WeakSepa  TightenLP DespTghtLP DespBranch DespCutoff    ForceLP  CanonTime
  enforce          :        618          0          0          0          0          0
  presolve         :                                                                         0.10
Nlhdlrs            :    Detects  DetectAll DetectTime   #IntEval  IntEvalTi   #RevProp  RevPropTi    DomReds    Cutoffs   #Enforce   EnfoTime       Cuts  Branching
  soc              :       1000       1000       0.00          0       0.00          0       0.00          0          0    3785020       9.87     888918          0
  convex           :          1          1       0.00          0       0.00          0       0.00          0          0       6682       0.05       6681          0
  concave          :          0          0       0.00          0       0.00          0       0.00          0          0          0       0.00          0          0
  quotient         :          0          0       0.01          0       0.00          0       0.00          0          0          0       0.00          0          0
  quadratic        :          0          0       0.00          0       0.00          0       0.00          0          0          0       0.00          0          0
  default          :       6693      33465       0.00    4883650       4.03    1923741       5.39     986630        119      51129       0.17      50328          0
  bilinear         :          0          0       0.00          0       0.00          0       0.00          0          0          0       0.00          0          0
  perspective      :          0          0       0.00          0       0.00          0       0.00          0          0          0       0.00          0          0
LP                 :       Time      Calls Iterations  Iter/call   Iter/sec  Time-0-It Calls-0-It    ItLimit
  primal LP        :     513.80       1897         12       6.00       0.02     513.09       1895
  dual LP          :    2251.77      12474    4589720     422.32    2038.27      35.35       1606
  lex dual LP      :       0.00          0          0       0.00          -
  barrier LP       :       0.00          0          0       0.00          -       0.00          0
  resolve instable :       0.00          0          0       0.00          -
  diving/probing LP:     247.02        795     594837     748.22    2408.05
  strong branching :     158.12        463     363700     785.53    2300.15          -          -        575
    (at root node) :          -         41      41000    1000.00          -
  conflict analysis:       1.01        165       1650      10.00    1633.66
NLP relaxation     :
  solve time       :      11.16 (7 calls)
  convexity        :  nonconvex (252 linear rows, 401 convex ineq., 1000 nonconvex ineq., 0 nonlinear eq. or two-sided ineq.)
NLP Solvers        :  #Problems  ProblemTi    #Solves  SolveTime      #Iter  Time/Iter      #Okay #TimeLimit #IterLimit #LObjLimit #Interrupt  #NumError #EvalError  #OutOfMem #LicenseEr #OtherTerm   #GlobOpt    #LocOpt  #Feasible #LocInfeas #GlobInfea #Unbounded   #Unknown
  ipopt            :         14       1.44         20      26.83        946       0.03         16          0          4          0          0          0          0          0          0          0          0          9          1          6          0          0          4
B&B Tree           :
  number of runs   :          1
  nodes            :       3275 (1891 internal, 1384 leaves)
  feasible leaves  :          1
  infeas. leaves   :          0
  objective leaves :       1382
  nodes (total)    :       3275 (1891 internal, 1384 leaves)
  nodes left       :        424
  max depth        :         43
  max depth (total):         43
  backtracks       :        514 (15.7%)
  early backtracks :          0 (0.0%)
  nodes exc. ref.  :          0 (0.0%)
  delayed cutoffs  :          0
  repropagations   :          7 (0 domain reductions, 0 cutoffs)
  avg switch length:       3.74
  switching time   :     518.48
Estim. Tree Size   :       6718
Estimation Tree    : 3783 nodes (3359 visited, 1891 internal, 1468 leaves, 424 open), weight: 0.0001 completed 0.0894
Estimations        :      estim      value      trend resolution     smooth
  wbe              :   50615075          -          -          -          -
  tree-profile     :         -1          -          -          -          -
  gap              :     121993    0.91043    0.00000          2     116105
  tree-weight      :       6718    0.00006    0.00000          2       6713
  leaf-frequency   :       6718    0.43689   -0.00006          2       6713
  ssg              :      88803    0.85891   -0.00004          2      84595
  open-nodes       :       6718  424.00000    1.12435          2       6713
Root Node          :
  First LP value   : -1.12891357832294e+00
  First LP Iters   :       8464 (7837.04 Iter/sec)
  First LP Time    :       1.08
  Final Dual Bound : -3.84427201198190e-01
  Final Root Iters :      33055
  Root LP Estimate : +7.01384400877903e-01
Solution           :
  Solutions found  :          6 (6 improvements)
  First Solution   : -3.16682716491058e-01   (in run 1, after 1 nodes, 5.12 seconds, depth 0, found by <feaspump>)
  Gap First Sol.   :     256.48 %
  Gap Last Sol.    :      10.53 %
  Primal Bound     : -3.43527451905653e-01   (in run 1, after 1500 nodes, 1672.23 seconds, depth 37, found by <relaxation>)
  Dual Bound       : -3.77325944229700e-01
  Gap              :       9.84 %
Integrals          :      Total       Avg%
  primal-dual      :   36910.79      10.25
  primal-ref       :          -          - (not evaluated)
  dual-ref         :          -          - (not evaluated)
