SCIP Status        : solving was interrupted [time limit reached]
Total Time         :    3600.16
  solving          :    3600.00
  presolving       :       1.33 (included in solving)
  reading          :       0.16
  copying          :       0.30 (9 #copies) (minimal 0.03, maximal 0.04, average 0.03)
Original Problem   :
  Problem name     : benchmark/normal_70_42_46.design
  Variables        : 11285 (70 binary, 0 integer, 0 implicit integer, 11215 continuous)
  Constraints      : 15102 initial, 15102 maximal
  Objective        : minimize, 1 non-zeros (abs.min = 1, abs.max = 1)
Presolved Problem  :
  Problem name     : t_benchmark/normal_70_42_46.design
  Variables        : 16033 (70 binary, 0 integer, 0 implicit integer, 15963 continuous)
  Constraints      : 15102 initial, 15102 maximal
  Objective        : minimize, 1 non-zeros (abs.min = 1, abs.max = 1)
  Nonzeros         : 106185 constraint, 0 clique table
Presolvers         :   ExecTime  SetupTime  Calls  FixedVars   AggrVars   ChgTypes  ChgBounds   AddHoles    DelCons    AddCons   ChgSides   ChgCoefs
  boundshift       :       0.00       0.00      0          0          0          0          0          0          0          0          0          0
  convertinttobin  :       0.00       0.00      0          0          0          0          0          0          0          0          0          0
  domcol           :       0.00       0.00      1          0          0          0          0          0          0          0          0          0
  dualagg          :       0.00       0.00      0          0          0          0          0          0          0          0          0          0
  dualcomp         :       0.00       0.00      1          0          0          0          0          0          0          0          0          0
  dualinfer        :       0.00       0.00      0          0          0          0          0          0          0          0          0          0
  dualsparsify     :       0.00       0.00      1          0          0          0          0          0          0          0          0          0
  gateextraction   :       0.00       0.00      0          0          0          0          0          0          0          0          0          0
  implics          :       0.00       0.00      1          0          0          0          0          0          0          0          0          0
  inttobinary      :       0.00       0.00      0          0          0          0          0          0          0          0          0          0
  qpkktref         :       0.00       0.00      0          0          0          0          0          0          0          0          0          0
  redvub           :       0.00       0.00      0          0          0          0          0          0          0          0          0          0
  sparsify         :       0.00       0.00      1          0          0          0          0          0          0          0          0          0
  stuffing         :       0.00       0.00      0          0          0          0          0          0          0          0          0          0
  trivial          :       0.01       0.00      2        861          0          0          0          0          0          0          0          0
  tworowbnd        :       0.00       0.00      0          0          0          0          0          0          0          0          0          0
  dualfix          :       0.00       0.00      2        861          0          0          0          0          0          0          0          0
  genvbounds       :       0.00       0.00      0          0          0          0          0          0          0          0          0          0
  probing          :       0.36       0.00      1          0          0          0          0          0          0          0          0          0
  pseudoobj        :       0.00       0.00      0          0          0          0          0          0          0          0          0          0
  symmetry         :       0.15       0.00      1          0          0          0          0          0          0          0          0          0
  vbounds          :       0.00       0.00      0          0          0          0          0          0          0          0          0          0
  linear           :       0.11       0.02      3          0          0          0          0          0          0          0          0          0
  nonlinear        :       0.62       0.12      4          0          0          0       1764          0          0          0          0          0
  benders          :       0.00       0.00      0          0          0          0          0          0          0          0          0          0
  components       :       0.02       0.00      1          0          0          0          0          0          0          0          0          0
  root node        :          -          -      -          0          -          -      22424          -          -          -          -          -
Constraints        :     Number  MaxNumber  #Separate #Propagate    #EnfoLP    #EnfoRelax  #EnfoPS    #Check   #ResProp    Cutoffs    DomReds       Cuts    Applied      Conss   Children
  benderslp        :          0          0          0          0        634          0          0        150          0          0          0          0          0          0          0
  integral         :          0          0          0          0        634          0          0        150          0          0       1227          0          0          0        904
  linear           :      10397      10397         26      41387          3          0          0        144          0       2947     428309          0          0          0          0
  nonlinear        :       4705       4705       1476      38440        134          0          0         70          0       4866     825366     987055     140623          0          0
  benders          :          0          0          0          0          3          0          0          5          0          0          0          0          0          0          0
  countsols        :          0          0          0          0          3          0          0          5          0          0          0          0          0          0          0
  components       :          0          0          0          0          0          0          0          0          0          0          0          0          0          0          0
Constraint Timings :  TotalTime  SetupTime   Separate  Propagate     EnfoLP     EnfoPS     EnfoRelax   Check    ResProp    SB-Prop
  benderslp        :       0.01       0.00       0.00       0.00       0.00       0.00       0.00       0.01       0.00       0.00
  integral         :     259.92       0.00       0.00       0.00     259.92       0.00       0.00       0.00       0.00       0.00
  linear           :       4.16       0.02       0.05       3.18       0.00       0.00       0.00       0.29       0.00       0.62
  nonlinear        :      34.67       0.12      12.61      18.05       0.85       0.00       0.00       0.41       0.00       2.63
  benders          :       0.00       0.00       0.00       0.00       0.00       0.00       0.00       0.00       0.00       0.00
  countsols        :       0.00       0.00       0.00       0.00       0.00       0.00       0.00       0.00       0.00       0.00
  components       :       0.00       0.00       0.00       0.00       0.00       0.00       0.00       0.00       0.00       0.00
Propagators        : #Propagate   #ResProp    Cutoffs    DomReds
  dualfix          :          4          0          0          0
  genvbounds       :          0          0          0          0
  nlobbt           :          0          0          0          0
  obbt             :          0          0          0          0
  probing          :          0          0          0          0
  pseudoobj        :       4692          0          0         16
  redcost          :       2384          0          0        226
  rootredcost      :          6          0          0      17702
  symmetry         :          0          0          0          0
  vbounds          :       1563          0          0          0
Propagator Timings :  TotalTime  SetupTime   Presolve  Propagate    ResProp    SB-Prop
  dualfix          :       0.00       0.00       0.00       0.00       0.00       0.00
  genvbounds       :       0.01       0.00       0.00       0.01       0.00       0.00
  nlobbt           :       0.00       0.00       0.00       0.00       0.00       0.00
  obbt             :       0.00       0.00       0.00       0.00       0.00       0.00
  probing          :       0.36       0.00       0.36       0.00       0.00       0.00
  pseudoobj        :       0.00       0.00       0.00       0.00       0.00       0.00
  redcost          :       0.68       0.00       0.00       0.68       0.00       0.00
  rootredcost      :       0.04       0.00       0.00       0.04       0.00       0.00
  symmetry         :       0.15       0.00       0.15       0.00       0.00       0.00
  vbounds          :       0.01       0.00       0.00       0.01       0.00       0.00
Conflict Analysis  :       Time      Calls    Success    DomReds  Conflicts   Literals    Reconvs ReconvLits   Dualrays   Nonzeros   LP Iters   (pool size: [--,--])
  propagation      :       0.00          0          0          -          0        0.0          0        0.0          -          -          -
  infeasible LP    :       0.00          0          0          -          0        0.0          0        0.0          0        0.0          0
  bound exceed. LP :       0.51         91          0          -          0        0.0          0        0.0          0        0.0         60
  strong branching :       0.00          0          0          -          0        0.0          0        0.0          -          -          0
  pseudo solution  :       0.00          0          0          -          0        0.0          0        0.0          -          -          -
  applied globally :       0.00          -          -          0          0        0.0          -          -          0          -          -
  applied locally  :          -          -          -          0          0        0.0          -          -          0          -          -
Separators         :   ExecTime  SetupTime      Calls  RootCalls    Cutoffs    DomReds  FoundCuts ViaPoolAdd  DirectAdd    Applied ViaPoolApp  DirectApp      Conss
  cut pool         :       0.00          -          0          0          -          -          0          0          -          -          -          -          -    (maximal pool size:          0)
  aggregation      :       0.47       0.00         23         11          0          0          0          0          0          0          0          0          0
  > cmir           :          -          -          -          -          -          -          -          0          0          0          0          0          -
  > flowcover      :          -          -          -          -          -          -          -          0          0          0          0          0          -
  > knapsackcover  :          -          -          -          -          -          -          -          0          0          0          0          0          -
  cgmip            :       0.00       0.00          0          0          0          0          0          0          0          0          0          0          0
  clique           :       0.00       0.00          1          1          0          0          0          0          0          0          0          0          0
  closecuts        :       0.00       0.00          0          0          0          0          0          0          0          0          0          0          0
  convexproj       :       0.00       0.00          0          0          0          0          0          0          0          0          0          0          0
  disjunctive      :       0.00       0.00          0          0          0          0          0          0          0          0          0          0          0
  eccuts           :       0.00       0.00          0          0          0          0          0          0          0          0          0          0          0
  gauge            :       0.00       0.00          0          0          0          0          0          0          0          0          0          0          0
  gomory           :       0.27       0.00         22         10          0          0          0          0          0          0          0          0          0
  > gomorymi       :          -          -          -          -          -          -          -          0          0          0          0          0          -
  > strongcg       :          -          -          -          -          -          -          -          0          0          0          0          0          -
  impliedbounds    :       0.01       0.00         23         11          0          0          0          0          0          0          0          0          0
  interminor       :       0.00       0.00          0          0          0          0          0          0          0          0          0          0          0
  intobj           :       0.00       0.00          0          0          0          0          0          0          0          0          0          0          0
  mcf              :       0.03       0.00          1          1          0          0          0          0          0          0          0          0          0
  minor            :       0.00       0.00          0          0          0          0          0          0          0          0          0          0          0
  mixing           :       0.01       0.00         23         11          0          0          0          0          0          0          0          0          0
  oddcycle         :       0.00       0.00          0          0          0          0          0          0          0          0          0          0          0
  rapidlearning    :       0.00       0.00          0          0          0          0          0          0          0          0          0          0          0
  rlt              :       0.03       0.00         10         10          0          0          0          0          0          0          0          0          0
  zerohalf         :       0.15       0.00         23         11          0          0          0          0          0          0          0          0          0
Cutselectors       :   ExecTime  SetupTime      Calls  RootCalls   Selected     Forced   Filtered  RootSelec   RootForc   RootFilt 
  hybrid           :       6.39       0.00       1385         24     130696          0     846426      35564          0      40470
Pricers            :   ExecTime  SetupTime      Calls       Vars
  problem variables:       0.00          -          0          0
Branching Rules    :   ExecTime  SetupTime   BranchLP  BranchExt   BranchPS    Cutoffs    DomReds       Cuts      Conss   Children
  allfullstrong    :       0.00       0.00          0          0          0          0          0          0          0          0
  cloud            :       0.00       0.00          0          0          0          0          0          0          0          0
  distribution     :       0.00       0.00          0          0          0          0          0          0          0          0
  fullstrong       :       0.00       0.00          0          0          0          0          0          0          0          0
  inference        :       0.00       0.00          0          0          0          0          0          0          0          0
  leastinf         :       0.00       0.00          0          0          0          0          0          0          0          0
  lookahead        :       0.00       0.00          0          0          0          0          0          0          0          0
  mostinf          :       0.00       0.00          0          0          0          0          0          0          0          0
  multaggr         :       0.00       0.00          0          0          0          0          0          0          0          0
  nodereopt        :       0.00       0.00          0          0          0          0          0          0          0          0
  pscost           :       0.00       0.00          0          0          0          0          0          0          0          0
  random           :       0.00       0.00          0          0          0          0          0          0          0          0
  relpscost        :     259.91       0.00        500          0          0          0       1227          0          0        904
  vanillafullstrong:       0.00       0.00          0          0          0          0          0          0          0          0
Primal Heuristics  :   ExecTime  SetupTime      Calls      Found       Best
  LP solutions     :       0.02          -          -          3          3
  relax solutions  :       0.00          -          -          0          0
  pseudo solutions :       0.00          -          -          0          0
  strong branching :       0.01          -          -          0          0
  actconsdiving    :       0.00       0.00          0          0          0
  adaptivediving   :      13.91       0.00          2          0          0
  alns             :       1.83       0.00          5          0          0
  bound            :       0.00       0.00          0          0          0
  clique           :       0.00       0.00          0          0          0
  coefdiving       :       0.00       0.00          0          0          0
  completesol      :       0.00       0.00          0          0          0
  conflictdiving   :       0.00       0.00          0          0          0
  crossover        :       0.00       0.00          0          0          0
  dins             :       0.00       0.00          0          0          0
  distributiondivin:      14.42       0.00          1          0          0
  dps              :       0.00       0.00          0          0          0
  dualval          :       0.00       0.00          0          0          0
  farkasdiving     :       0.00       0.00          0          0          0
  feaspump         :      50.28       0.00          1          0          0
  fixandinfer      :       0.00       0.00          0          0          0
  fracdiving       :      23.51       0.00          1          0          0
  gins             :       0.02       0.00          0          0          0
  guideddiving     :      11.91       0.00          1          0          0
  indicator        :       0.00       0.00          0          0          0
  indicatordiving  :       0.00       0.00          0          0          0
  intdiving        :       0.00       0.00          0          0          0
  intshifting      :       2.37       0.00          1          0          0
  linesearchdiving :      13.53       0.00          1          0          0
  localbranching   :       0.00       0.00          0          0          0
  locks            :       0.91       0.00          1          0          0
  lpface           :       0.00       0.00          0          0          0
  mpec             :     153.00       0.00         11          0          0
  multistart       :       0.00       0.00          0          0          0
  mutation         :       0.00       0.00          0          0          0
  nlpdiving        :       3.06       0.00          1          0          0
  objpscostdiving  :      75.00       0.00          1          0          0
  octane           :       0.00       0.00          0          0          0
  ofins            :       0.00       0.00          0          0          0
  oneopt           :       0.06       0.00          7          0          0
  padm             :       0.00       0.00          0          0          0
  proximity        :       0.00       0.00          0          0          0
  pscostdiving     :       9.49       0.00          1          0          0
  randrounding     :       1.88       0.00        113          0          0
  rens             :       0.00       0.00          0          0          0
  reoptsols        :       0.00       0.00          0          0          0
  repair           :       0.00       0.00          0          0          0
  rins             :     709.12       0.00          4          0          0
  rootsoldiving    :      47.86       0.00          1          0          0
  rounding         :       0.52       0.00        537          0          0
  shiftandpropagate:       0.78       0.00          1          0          0
  shifting         :       0.34       0.00        125          0          0
  simplerounding   :       0.00       0.00          0          0          0
  subnlp           :      26.57       0.00          8          4          4
  trivial          :       0.03       0.00          2          0          0
  trivialnegation  :       0.00       0.00          0          0          0
  trustregion      :       0.00       0.00          0          0          0
  trysol           :       0.00       0.00          0          0          0
  twoopt           :       0.00       0.00          0          0          0
  undercover       :      13.58       0.00          1          0          0
  vbounds          :       0.00       0.00          0          0          0
  veclendiving     :       7.26       0.00          2          0          0
  zeroobj          :       0.00       0.00          0          0          0
  zirounding       :       0.06       0.00        452          0          0
  other solutions  :          -          -          -          0          -
Diving (single)    :      Calls      Nodes   LP Iters Backtracks  Conflicts   MinDepth   MaxDepth   AvgDepth  RoundSols  NLeafSols  MinSolDpt  MaxSolDpt  AvgSolDpt
  actconsdiving    :          0          -          -          -          -          -          -          -          -          -          -          -          -
  coefdiving       :          0          -          -          -          -          -          -          -          -          -          -          -          -
  conflictdiving   :          0          -          -          -          -          -          -          -          -          -          -          -          -
  distributiondivin:          1         22      22380          0          0         28         28       28.0          0          -          -          -          -
  farkasdiving     :          0          -          -          -          -          -          -          -          -          -          -          -          -
  fracdiving       :          1         68      34570          0          0         70         70       70.0          0          -          -          -          -
  guideddiving     :          1         53      20140          0          0         69         69       69.0          0          -          -          -          -
  indicatordiving  :          0          -          -          -          -          -          -          -          -          -          -          -          -
  linesearchdiving :          1         60      21200          0          0         70         70       70.0          0          -          -          -          -
  pscostdiving     :          1         62      17195          0          0         70         70       70.0          0          -          -          -          -
  veclendiving     :          2         85      13992          0          0         50         53       51.5          0          -          -          -          -
Diving (adaptive)  :      Calls      Nodes   LP Iters Backtracks  Conflicts   MinDepth   MaxDepth   AvgDepth  RoundSols  NLeafSols  MinSolDpt  MaxSolDpt  AvgSolDpt
  actconsdiving    :          0          -          -          -          -          -          -          -          -          -          -          -          -
  coefdiving       :          1         42       3398          0          0         49         49       49.0          0          -          -          -          -
  conflictdiving   :          0          -          -          -          -          -          -          -          -          -          -          -          -
  distributiondivin:          0          -          -          -          -          -          -          -          -          -          -          -          -
  farkasdiving     :          0          -          -          -          -          -          -          -          -          -          -          -          -
  fracdiving       :          0          -          -          -          -          -          -          -          -          -          -          -          -
  guideddiving     :          0          -          -          -          -          -          -          -          -          -          -          -          -
  indicatordiving  :          0          -          -          -          -          -          -          -          -          -          -          -          -
  linesearchdiving :          1         61      21165          0          0         70         70       70.0          0          -          -          -          -
  pscostdiving     :          0          -          -          -          -          -          -          -          -          -          -          -          -
  veclendiving     :          0          -          -          -          -          -          -          -          -          -          -          -          -
Neighborhoods      :      Calls  SetupTime  SolveTime SolveNodes       Sols       Best       Exp3  EpsGreedy        UCB TgtFixRate  Opt  Inf Node Stal  Sol  Usr Othr Actv
  rens             :          0       0.00       0.00          0          0          0    0.00000   -1.00000    1.00000      0.900    0    0    0    0    0    0    0    1
  rins             :          1       0.09       0.37          0          0          0    0.00000   -1.00000    1.00000      0.900    0    0    0    0    0    0    1    1
  mutation         :          0       0.00       0.00          0          0          0    0.00000   -1.00000    1.00000      0.900    0    0    0    0    0    0    0    1
  localbranching   :          1       0.08       0.30          0          0          0    0.00000   -1.00000    1.00000      0.900    0    0    0    0    0    0    1    1
  crossover        :          0       0.00       0.00          0          0          0    0.00000   -1.00000    1.00000      0.900    0    0    0    0    0    0    0    1
  proximity        :          1       0.08       0.30          0          0          0    0.00000   -1.00000    1.00000      0.900    0    0    0    0    0    0    1    1
  zeroobjective    :          1       0.03       0.00          0          0          0    0.00000   -1.00000    1.00000      0.900    0    0    0    0    0    0    1    1
  dins             :          1       0.08       0.32          0          0          0    0.00000   -1.00000    1.00000      0.900    0    0    0    0    0    0    1    1
  trustregion      :          0       0.00       0.00          0          0          0    0.00000   -1.00000    1.00000      0.900    0    0    0    0    0    0    0    0
Expressions        :   #IntEval  IntEvalTi   #RevProp  RevPropTi    DomReds    Cutoffs  #Estimate  EstimTime  Branching  #Simplify SimplifyTi Simplified
  pow              :    2388098       0.67     990597       0.31    1251467          0      76173       0.03          0      11256       0.00          0
  prod             :    1875312       0.63      12273       0.00       1643          0          0       0.00          0       5882       0.00       2940
  sum              :    2277275       0.64    1822413       0.75      79695        666       1765       0.00          0      11174       0.04       1765
  var              :    4860262       1.52          0       0.00          0          0          0       0.00          0      26545       0.00          0
  varidx           :          0       0.00          0       0.00          0          0          0       0.00          0          0       0.00          0
Nonlinear Conshdlr :   WeakSepa  TightenLP DespTghtLP DespBranch DespCutoff    ForceLP  CanonTime
  enforce          :       7890          0          0          0          0          0
  presolve         :                                                                         0.45
Nlhdlrs            :    Detects  DetectAll DetectTime   #IntEval  IntEvalTi   #RevProp  RevPropTi    DomReds    Cutoffs   #Enforce   EnfoTime       Cuts  Branching
  soc              :       2940       2940       0.01          0       0.00          0       0.00          0          0    2718388       4.10     911719          0
  convex           :          1          1       0.01          0       0.00          0       0.00          0          0        928       0.00        927          0
  concave          :          0          0       0.02          0       0.00          0       0.00          0          0          0       0.00          0          0
  quotient         :          0          0       0.02          0       0.00          0       0.00          0          0          0       0.00          0          0
  quadratic        :          0          0       0.02          0       0.00          0       0.00          0          0          0       0.00          0          0
  default          :      21913     109565       0.01    6522689       4.35    2853846       6.31    1332805        666      77938       0.11      74409          0
  bilinear         :          0          0       0.02          0       0.00          0       0.00          0          0          0       0.00          0          0
  perspective      :          0          0       0.02          0       0.00          0       0.00          0          0          0       0.00          0          0
LP                 :       Time      Calls Iterations  Iter/call   Iter/sec  Time-0-It Calls-0-It    ItLimit
  primal LP        :     504.68        472          0       0.00       0.00     504.67        472
  dual LP          :    1610.14       2480    1565787     650.78     972.45       2.99         74
  lex dual LP      :       0.00          0          0       0.00          -
  barrier LP       :       0.00          0          0       0.00          -       0.00          0
  resolve instable :       0.00          0          0       0.00          -
  diving/probing LP:     270.18        122     302202    2477.07    1118.52
  strong branching :     251.29        384     315889     822.63    1257.07          -          -        550
    (at root node) :          -         21      21000    1000.00          -
  conflict analysis:       0.10          6         60      10.00     600.00
NLP relaxation     :
  solve time       :       3.05 (1 calls)
  convexity        :  nonconvex (989 linear rows, 1765 convex ineq., 2940 nonconvex ineq., 0 nonlinear eq. or two-sided ineq.)
NLP Solvers        :  #Problems  ProblemTi    #Solves  SolveTime      #Iter  Time/Iter      #Okay #TimeLimit #IterLimit #LObjLimit #Interrupt  #NumError #EvalError  #OutOfMem #LicenseEr #OtherTerm   #GlobOpt    #LocOpt  #Feasible #LocInfeas #GlobInfea #Unbounded   #Unknown
  ipopt            :         20       1.00         18     181.89       2147       0.08         13          0          4          0          0          1          0          0          0          0          0          6          1          6          0          0          5
B&B Tree           :
  number of runs   :          1
  nodes            :        842 (452 internal, 390 leaves)
  feasible leaves  :          3
  infeas. leaves   :          0
  objective leaves :        386
  nodes (total)    :        842 (452 internal, 390 leaves)
  nodes left       :         62
  max depth        :         69
  max depth (total):         69
  backtracks       :         34 (4.0%)
  early backtracks :          0 (0.0%)
  nodes exc. ref.  :          0 (0.0%)
  delayed cutoffs  :          0
  repropagations   :          4 (0 domain reductions, 0 cutoffs)
  avg switch length:       2.27
  switching time   :     464.69
Estim. Tree Size   :       1686
Estimation Tree    : 905 nodes (843 visited, 452 internal, 391 leaves, 62 open), weight: 0.0000 completed 0.0131
Estimations        :      estim      value      trend resolution     smooth
  wbe              : 2286750270329          -          -          -          -
  tree-profile     :         -1          -          -          -          -
  gap              :     321757    0.81134    0.00000          1     305354
  tree-weight      :       1686    0.00000    0.00000          1       1683
  leaf-frequency   :       3605    0.46323    0.00003          1       3560
  ssg              :     644658    0.97934   -0.00000          1     611754
  open-nodes       :       1686   62.00000    0.00236          1       1683
Root Node          :
  First LP value   : -1.58894780566716e+00
  First LP Iters   :      41358 (1085.51 Iter/sec)
  First LP Time    :      38.10
  Final Dual Bound : -4.68834792372233e-01
  Final Root Iters :     149674
  Root LP Estimate : +7.31224978479782e+00
Solution           :
  Solutions found  :          7 (7 improvements)
  First Solution   : -3.19813287215804e-01   (in run 1, after 1 nodes, 108.37 seconds, depth 0, found by <locks>)
  Gap First Sol.   :     396.84 %
  Gap Last Sol.    :      23.25 %
  Primal Bound     : -3.80384301188603e-01   (in run 1, after 776 nodes, 3453.07 seconds, depth 68, found by <relaxation>)
  Dual Bound       : -4.68834792372233e-01
  Gap              :      23.25 %
Integrals          :      Total       Avg%
  primal-dual      :   86932.22      24.15
  primal-ref       :          -          - (not evaluated)
  dual-ref         :          -          - (not evaluated)
