SCIP Status        : solving was interrupted [time limit reached]
Total Time         :    3600.12
  solving          :    3600.01
  presolving       :       1.33 (included in solving)
  reading          :       0.11
  copying          :       0.23 (7 #copies) (minimal 0.03, maximal 0.04, average 0.03)
Original Problem   :
  Problem name     : benchmark/normal_70_42_46.design
  Variables        : 11285 (70 binary, 0 integer, 0 implicit integer, 11215 continuous)
  Constraints      : 15102 initial, 15102 maximal
  Objective        : minimize, 1 non-zeros (abs.min = 1, abs.max = 1)
Presolved Problem  :
  Problem name     : t_benchmark/normal_70_42_46.design
  Variables        : 16033 (70 binary, 0 integer, 0 implicit integer, 15963 continuous)
  Constraints      : 15102 initial, 15102 maximal
  Objective        : minimize, 1 non-zeros (abs.min = 1, abs.max = 1)
  Nonzeros         : 106185 constraint, 0 clique table
Presolvers         :   ExecTime  SetupTime  Calls  FixedVars   AggrVars   ChgTypes  ChgBounds   AddHoles    DelCons    AddCons   ChgSides   ChgCoefs
  boundshift       :       0.00       0.00      0          0          0          0          0          0          0          0          0          0
  convertinttobin  :       0.00       0.00      0          0          0          0          0          0          0          0          0          0
  domcol           :       0.00       0.00      1          0          0          0          0          0          0          0          0          0
  dualagg          :       0.00       0.00      0          0          0          0          0          0          0          0          0          0
  dualcomp         :       0.00       0.00      1          0          0          0          0          0          0          0          0          0
  dualinfer        :       0.00       0.00      0          0          0          0          0          0          0          0          0          0
  dualsparsify     :       0.00       0.00      1          0          0          0          0          0          0          0          0          0
  gateextraction   :       0.00       0.00      0          0          0          0          0          0          0          0          0          0
  implics          :       0.00       0.00      1          0          0          0          0          0          0          0          0          0
  inttobinary      :       0.00       0.00      0          0          0          0          0          0          0          0          0          0
  qpkktref         :       0.00       0.00      0          0          0          0          0          0          0          0          0          0
  redvub           :       0.00       0.00      0          0          0          0          0          0          0          0          0          0
  sparsify         :       0.00       0.00      1          0          0          0          0          0          0          0          0          0
  stuffing         :       0.00       0.00      0          0          0          0          0          0          0          0          0          0
  trivial          :       0.00       0.00      2        861          0          0          0          0          0          0          0          0
  tworowbnd        :       0.00       0.00      0          0          0          0          0          0          0          0          0          0
  dualfix          :       0.00       0.00      2        861          0          0          0          0          0          0          0          0
  genvbounds       :       0.00       0.00      0          0          0          0          0          0          0          0          0          0
  probing          :       0.39       0.00      1          0          0          0          0          0          0          0          0          0
  pseudoobj        :       0.00       0.00      0          0          0          0          0          0          0          0          0          0
  symmetry         :       0.16       0.00      1          0          0          0          0          0          0          0          0          0
  vbounds          :       0.00       0.00      0          0          0          0          0          0          0          0          0          0
  linear           :       0.08       0.03      3          0          0          0          0          0          0          0          0          0
  nonlinear        :       0.62       0.12      4          0          0          0       1764          0          0          0          0          0
  benders          :       0.00       0.00      0          0          0          0          0          0          0          0          0          0
  components       :       0.01       0.00      1          0          0          0          0          0          0          0          0          0
  root node        :          -          -      -          0          -          -      30824          -          -          -          -          -
Constraints        :     Number  MaxNumber  #Separate #Propagate    #EnfoLP    #EnfoRelax  #EnfoPS    #Check   #ResProp    Cutoffs    DomReds       Cuts    Applied      Conss   Children
  benderslp        :          0          0          0          0        371          0          0        100          0          0          0          0          0          0          0
  integral         :          0          0          0          0        371          0          0        100          0          0        160          0          0          0        448
  linear           :      10397      10397         27      38711          2          0          0         94          0       2948     177596          0          0          0          0
  nonlinear        :       4705       4705        942      35763        115          0          0         62          0       4866     335389     843245     118880          0          0
  benders          :          0          0          0          0          2          0          0          6          0          0          0          0          0          0          0
  countsols        :          0          0          0          0          2          0          0          6          0          0          0          0          0          0          0
  components       :          0          0          0          0          0          0          0          0          0          0          0          0          0          0          0
Constraint Timings :  TotalTime  SetupTime   Separate  Propagate     EnfoLP     EnfoPS     EnfoRelax   Check    ResProp    SB-Prop
  benderslp        :       0.00       0.00       0.00       0.00       0.00       0.00       0.00       0.00       0.00       0.00
  integral         :     233.98       0.00       0.00       0.00     233.98       0.00       0.00       0.00       0.00       0.00
  linear           :       2.41       0.03       0.08       1.58       0.00       0.00       0.00       0.14       0.00       0.58
  nonlinear        :      20.45       0.12       8.04       8.81       0.68       0.00       0.00       0.26       0.00       2.54
  benders          :       0.00       0.00       0.00       0.00       0.00       0.00       0.00       0.00       0.00       0.00
  countsols        :       0.00       0.00       0.00       0.00       0.00       0.00       0.00       0.00       0.00       0.00
  components       :       0.01       0.00       0.00       0.01       0.00       0.00       0.00       0.00       0.00       0.00
Propagators        : #Propagate   #ResProp    Cutoffs    DomReds
  dualfix          :          4          0          0          0
  genvbounds       :          0          0          0          0
  nlobbt           :          0          0          0          0
  obbt             :          0          0          0          0
  probing          :          0          0          0          0
  pseudoobj        :       2209          0          0         16
  redcost          :       1344          0          0         95
  rootredcost      :          6          0          0      26102
  symmetry         :          0          0          0          0
  vbounds          :       1355          0          0          0
Propagator Timings :  TotalTime  SetupTime   Presolve  Propagate    ResProp    SB-Prop
  dualfix          :       0.00       0.00       0.00       0.00       0.00       0.00
  genvbounds       :       0.01       0.00       0.00       0.01       0.00       0.00
  nlobbt           :       0.00       0.00       0.00       0.00       0.00       0.00
  obbt             :       0.00       0.00       0.00       0.00       0.00       0.00
  probing          :       0.39       0.00       0.39       0.00       0.00       0.00
  pseudoobj        :       0.00       0.00       0.00       0.00       0.00       0.00
  redcost          :       0.41       0.00       0.00       0.41       0.00       0.00
  rootredcost      :       0.05       0.00       0.00       0.05       0.00       0.00
  symmetry         :       0.17       0.00       0.16       0.01       0.00       0.00
  vbounds          :       0.00       0.00       0.00       0.00       0.00       0.00
Conflict Analysis  :       Time      Calls    Success    DomReds  Conflicts   Literals    Reconvs ReconvLits   Dualrays   Nonzeros   LP Iters   (pool size: [--,--])
  propagation      :       0.00          0          0          -          0        0.0          0        0.0          -          -          -
  infeasible LP    :       0.00          0          0          -          0        0.0          0        0.0          0        0.0          0
  bound exceed. LP :       0.44         84          0          -          0        0.0          0        0.0          0        0.0         60
  strong branching :       0.00          0          0          -          0        0.0          0        0.0          -          -          0
  pseudo solution  :       0.00          0          0          -          0        0.0          0        0.0          -          -          -
  applied globally :       0.00          -          -          0          0        0.0          -          -          0          -          -
  applied locally  :          -          -          -          0          0        0.0          -          -          0          -          -
Separators         :   ExecTime  SetupTime      Calls  RootCalls    Cutoffs    DomReds  FoundCuts ViaPoolAdd  DirectAdd    Applied ViaPoolApp  DirectApp      Conss
  cut pool         :       0.00          -          0          0          -          -          0          0          -          -          -          -          -    (maximal pool size:          0)
  aggregation      :       0.56       0.00         26         16          0          0          0          0          0          0          0          0          0
  > cmir           :          -          -          -          -          -          -          -          0          0          0          0          0          -
  > flowcover      :          -          -          -          -          -          -          -          0          0          0          0          0          -
  > knapsackcover  :          -          -          -          -          -          -          -          0          0          0          0          0          -
  cgmip            :       0.00       0.00          0          0          0          0          0          0          0          0          0          0          0
  clique           :       0.00       0.00          1          1          0          0          0          0          0          0          0          0          0
  closecuts        :       0.00       0.00          0          0          0          0          0          0          0          0          0          0          0
  convexproj       :       0.00       0.00          0          0          0          0          0          0          0          0          0          0          0
  disjunctive      :       0.00       0.00          0          0          0          0          0          0          0          0          0          0          0
  eccuts           :       0.00       0.00          0          0          0          0          0          0          0          0          0          0          0
  gauge            :       0.00       0.00          0          0          0          0          0          0          0          0          0          0          0
  gomory           :       0.31       0.00         20         10          0          0          0          0          0          0          0          0          0
  > gomorymi       :          -          -          -          -          -          -          -          0          0          0          0          0          -
  > strongcg       :          -          -          -          -          -          -          -          0          0          0          0          0          -
  impliedbounds    :       0.00       0.00         26         16          0          0          0          0          0          0          0          0          0
  interminor       :       0.00       0.00          0          0          0          0          0          0          0          0          0          0          0
  intobj           :       0.00       0.00          0          0          0          0          0          0          0          0          0          0          0
  mcf              :       0.05       0.00          1          1          0          0          0          0          0          0          0          0          0
  minor            :       0.00       0.00          0          0          0          0          0          0          0          0          0          0          0
  mixing           :       0.00       0.00         26         16          0          0          0          0          0          0          0          0          0
  oddcycle         :       0.00       0.00          0          0          0          0          0          0          0          0          0          0          0
  rapidlearning    :       0.00       0.00          0          0          0          0          0          0          0          0          0          0          0
  rlt              :       0.01       0.00         10         10          0          0          0          0          0          0          0          0          0
  zerohalf         :       0.13       0.00         26         16          0          0          0          0          0          0          0          0          0
Cutselectors       :   ExecTime  SetupTime      Calls  RootCalls   Selected     Forced   Filtered  RootSelec   RootForc   RootFilt 
  hybrid           :       3.42       0.00        880         25     106542          0     724364      38221          0      31028
Pricers            :   ExecTime  SetupTime      Calls       Vars
  problem variables:       0.00          -          0          0
Branching Rules    :   ExecTime  SetupTime   BranchLP  BranchExt   BranchPS    Cutoffs    DomReds       Cuts      Conss   Children
  allfullstrong    :       0.00       0.00          0          0          0          0          0          0          0          0
  cloud            :       0.00       0.00          0          0          0          0          0          0          0          0
  distribution     :       0.00       0.00          0          0          0          0          0          0          0          0
  fullstrong       :       0.00       0.00          0          0          0          0          0          0          0          0
  inference        :       0.00       0.00          0          0          0          0          0          0          0          0
  leastinf         :       0.00       0.00          0          0          0          0          0          0          0          0
  lookahead        :       0.00       0.00          0          0          0          0          0          0          0          0
  mostinf          :       0.00       0.00          0          0          0          0          0          0          0          0
  multaggr         :       0.00       0.00          0          0          0          0          0          0          0          0
  nodereopt        :       0.00       0.00          0          0          0          0          0          0          0          0
  pscost           :       0.00       0.00          0          0          0          0          0          0          0          0
  random           :       0.00       0.00          0          0          0          0          0          0          0          0
  relpscost        :     233.98       0.00        256          0          0          0        160          0          0        448
  vanillafullstrong:       0.00       0.00          0          0          0          0          0          0          0          0
Primal Heuristics  :   ExecTime  SetupTime      Calls      Found       Best
  LP solutions     :       0.00          -          -          2          2
  relax solutions  :       0.00          -          -          0          0
  pseudo solutions :       0.00          -          -          0          0
  strong branching :       0.00          -          -          0          0
  actconsdiving    :       0.00       0.00          0          0          0
  adaptivediving   :       9.92       0.00          1          0          0
  alns             :       1.83       0.00          5          0          0
  bound            :       0.00       0.00          0          0          0
  clique           :       0.00       0.00          0          0          0
  coefdiving       :       0.00       0.00          0          0          0
  completesol      :       0.00       0.00          0          0          0
  conflictdiving   :       0.00       0.00          0          0          0
  crossover        :    1370.52       0.00          1          1          1
  dins             :       0.00       0.00          0          0          0
  distributiondivin:       5.89       0.00          1          0          0
  dps              :       0.00       0.00          0          0          0
  dualval          :       0.00       0.00          0          0          0
  farkasdiving     :       0.00       0.00          0          0          0
  feaspump         :      29.57       0.00          1          0          0
  fixandinfer      :       0.00       0.00          0          0          0
  fracdiving       :       1.67       0.00          1          0          0
  gins             :       0.01       0.00          0          0          0
  guideddiving     :       4.01       0.00          1          0          0
  indicator        :       0.00       0.00          0          0          0
  indicatordiving  :       0.00       0.00          0          0          0
  intdiving        :       0.00       0.00          0          0          0
  intshifting      :       5.92       0.00          2          0          0
  linesearchdiving :       4.11       0.00          1          0          0
  localbranching   :       0.00       0.00          0          0          0
  locks            :       0.92       0.00          1          0          0
  lpface           :       0.00       0.00          0          0          0
  mpec             :     142.21       0.00          9          0          0
  multistart       :       0.00       0.00          0          0          0
  mutation         :       0.00       0.00          0          0          0
  nlpdiving        :      22.43       0.00          1          0          0
  objpscostdiving  :      96.34       0.00          1          0          0
  octane           :       0.00       0.00          0          0          0
  ofins            :       0.00       0.00          0          0          0
  oneopt           :       0.06       0.00          7          0          0
  padm             :       0.00       0.00          0          0          0
  proximity        :       0.00       0.00          0          0          0
  pscostdiving     :      11.79       0.00          1          0          0
  randrounding     :       1.18       0.00         65          0          0
  rens             :       0.00       0.00          0          0          0
  reoptsols        :       0.00       0.00          0          0          0
  repair           :       0.00       0.00          0          0          0
  rins             :     122.01       0.00          1          0          0
  rootsoldiving    :      71.65       0.00          1          0          0
  rounding         :       0.39       0.00        400          0          0
  shiftandpropagate:       0.80       0.00          1          0          0
  shifting         :       0.31       0.00        111          0          0
  simplerounding   :       0.00       0.00          0          0          0
  subnlp           :      20.14       0.00          7          4          4
  trivial          :       0.03       0.00          2          0          0
  trivialnegation  :       0.00       0.00          0          0          0
  trustregion      :       0.00       0.00          0          0          0
  trysol           :       0.00       0.00          0          0          0
  twoopt           :       0.00       0.00          0          0          0
  undercover       :       6.86       0.00          1          0          0
  vbounds          :       0.00       0.00          0          0          0
  veclendiving     :       1.43       0.00          1          0          0
  zeroobj          :       0.00       0.00          0          0          0
  zirounding       :       0.04       0.00        224          0          0
  other solutions  :          -          -          -          0          -
Diving (single)    :      Calls      Nodes   LP Iters Backtracks  Conflicts   MinDepth   MaxDepth   AvgDepth  RoundSols  NLeafSols  MinSolDpt  MaxSolDpt  AvgSolDpt
  actconsdiving    :          0          -          -          -          -          -          -          -          -          -          -          -          -
  coefdiving       :          0          -          -          -          -          -          -          -          -          -          -          -          -
  conflictdiving   :          0          -          -          -          -          -          -          -          -          -          -          -          -
  distributiondivin:          1         24       9874          0          0         26         26       26.0          0          -          -          -          -
  farkasdiving     :          0          -          -          -          -          -          -          -          -          -          -          -          -
  fracdiving       :          1         46       3778          0          0         54         54       54.0          0          -          -          -          -
  guideddiving     :          1         58       8282          0          0         67         67       67.0          0          -          -          -          -
  indicatordiving  :          0          -          -          -          -          -          -          -          -          -          -          -          -
  linesearchdiving :          1         46       7639          0          0         55         55       55.0          0          -          -          -          -
  pscostdiving     :          1         65      20960          0          0         70         70       70.0          0          -          -          -          -
  veclendiving     :          1         41       3835          0          0         61         61       61.0          0          -          -          -          -
Diving (adaptive)  :      Calls      Nodes   LP Iters Backtracks  Conflicts   MinDepth   MaxDepth   AvgDepth  RoundSols  NLeafSols  MinSolDpt  MaxSolDpt  AvgSolDpt
  actconsdiving    :          0          -          -          -          -          -          -          -          -          -          -          -          -
  coefdiving       :          0          -          -          -          -          -          -          -          -          -          -          -          -
  conflictdiving   :          0          -          -          -          -          -          -          -          -          -          -          -          -
  distributiondivin:          0          -          -          -          -          -          -          -          -          -          -          -          -
  farkasdiving     :          0          -          -          -          -          -          -          -          -          -          -          -          -
  fracdiving       :          0          -          -          -          -          -          -          -          -          -          -          -          -
  guideddiving     :          0          -          -          -          -          -          -          -          -          -          -          -          -
  indicatordiving  :          0          -          -          -          -          -          -          -          -          -          -          -          -
  linesearchdiving :          1         62      17447          0          0         68         68       68.0          0          -          -          -          -
  pscostdiving     :          0          -          -          -          -          -          -          -          -          -          -          -          -
  veclendiving     :          0          -          -          -          -          -          -          -          -          -          -          -          -
Neighborhoods      :      Calls  SetupTime  SolveTime SolveNodes       Sols       Best       Exp3  EpsGreedy        UCB TgtFixRate  Opt  Inf Node Stal  Sol  Usr Othr Actv
  rens             :          0       0.00       0.00          0          0          0    0.00000   -1.00000    1.00000      0.900    0    0    0    0    0    0    0    1
  rins             :          1       0.08       0.33          0          0          0    0.00000   -1.00000    1.00000      0.900    0    0    0    0    0    0    1    1
  mutation         :          0       0.00       0.00          0          0          0    0.00000   -1.00000    1.00000      0.900    0    0    0    0    0    0    0    1
  localbranching   :          1       0.08       0.35          0          0          0    0.00000   -1.00000    1.00000      0.900    0    0    0    0    0    0    1    1
  crossover        :          0       0.00       0.00          0          0          0    0.00000   -1.00000    1.00000      0.900    0    0    0    0    0    0    0    1
  proximity        :          1       0.07       0.29          0          0          0    0.00000   -1.00000    1.00000      0.900    0    0    0    0    0    0    1    1
  zeroobjective    :          1       0.03       0.00          0          0          0    0.00000   -1.00000    1.00000      0.900    0    0    0    0    0    0    1    1
  dins             :          1       0.08       0.35          0          0          0    0.00000   -1.00000    1.00000      0.900    0    0    0    0    0    0    1    1
  trustregion      :          0       0.00       0.00          0          0          0    0.00000   -1.00000    1.00000      0.900    0    0    0    0    0    0    0    0
Expressions        :   #IntEval  IntEvalTi   #RevProp  RevPropTi    DomReds    Cutoffs  #Estimate  EstimTime  Branching  #Simplify SimplifyTi Simplified
  pow              :    1879208       0.33     756111       0.16     918551          0      81709       0.03          0      11256       0.00          0
  prod             :    1401463       0.30      11410       0.00       1643          0          0       0.00          0       5882       0.00       2940
  sum              :    1803768       0.41    1440184       0.40      79603        666       1765       0.00          0      11174       0.03       1765
  var              :    3801361       0.75          0       0.00          0          0          0       0.00          0      26545       0.00          0
  varidx           :          0       0.00          0       0.00          0          0          0       0.00          0          0       0.00          0
Nonlinear Conshdlr :   WeakSepa  TightenLP DespTghtLP DespBranch DespCutoff    ForceLP  CanonTime
  enforce          :       5162          0          0          0          0          0
  presolve         :                                                                         0.42
Nlhdlrs            :    Detects  DetectAll DetectTime   #IntEval  IntEvalTi   #RevProp  RevPropTi    DomReds    Cutoffs   #Enforce   EnfoTime       Cuts  Branching
  soc              :       2940       2940       0.03          0       0.00          0       0.00          0          0    1822273       2.62     762588          0
  convex           :          1          1       0.02          0       0.00          0       0.00          0          0        713       0.01        712          0
  concave          :          0          0       0.01          0       0.00          0       0.00          0          0          0       0.00          0          0
  quotient         :          0          0       0.02          0       0.00          0       0.00          0          0          0       0.00          0          0
  quadratic        :          0          0       0.01          0       0.00          0       0.00          0          0          0       0.00          0          0
  default          :      21913     109565       0.03    5066443       2.42    2236268       3.24     999797        666      83474       0.09      79945          0
  bilinear         :          0          0       0.01          0       0.00          0       0.00          0          0          0       0.00          0          0
  perspective      :          0          0       0.01          0       0.00          0       0.00          0          0          0       0.00          0          0
LP                 :       Time      Calls Iterations  Iter/call   Iter/sec  Time-0-It Calls-0-It    ItLimit
  primal LP        :     323.05        261          0       0.00       0.00     323.04        261
  dual LP          :    1084.59       1474    1136029     796.65    1047.43       3.77         48
  lex dual LP      :       0.00          0          0       0.00          -
  barrier LP       :       0.00          0          0       0.00          -       0.00          0
  resolve instable :       0.00          0          0       0.00          -
  diving/probing LP:     243.62         68     271853    3997.84    1115.89
  strong branching :     226.74        366     289296     790.43    1275.89          -          -        483
    (at root node) :          -         27      27000    1000.00          -
  conflict analysis:       0.10          6         60      10.00     600.00
NLP relaxation     :
  solve time       :      22.32 (11 calls)
  convexity        :  nonconvex (989 linear rows, 1765 convex ineq., 2940 nonconvex ineq., 0 nonlinear eq. or two-sided ineq.)
NLP Solvers        :  #Problems  ProblemTi    #Solves  SolveTime      #Iter  Time/Iter      #Okay #TimeLimit #IterLimit #LObjLimit #Interrupt  #NumError #EvalError  #OutOfMem #LicenseEr #OtherTerm   #GlobOpt    #LocOpt  #Feasible #LocInfeas #GlobInfea #Unbounded   #Unknown
  ipopt            :         18       0.67         31     186.88       2471       0.08         24          0          6          0          0          1          0          0          0          0          0         19          1          5          0          0          6
B&B Tree           :
  number of runs   :          1
  nodes            :        393 (224 internal, 169 leaves)
  feasible leaves  :          2
  infeas. leaves   :          1
  objective leaves :        165
  nodes (total)    :        393 (224 internal, 169 leaves)
  nodes left       :         56
  max depth        :         65
  max depth (total):         65
  backtracks       :         21 (5.3%)
  early backtracks :          0 (0.0%)
  nodes exc. ref.  :          0 (0.0%)
  delayed cutoffs  :          0
  repropagations   :          6 (0 domain reductions, 0 cutoffs)
  avg switch length:       3.13
  switching time   :     282.47
Estim. Tree Size   :        786
Estimation Tree    : 449 nodes (393 visited, 224 internal, 169 leaves, 56 open), weight: 0.0000 completed 0.0190
Estimations        :      estim      value      trend resolution     smooth
  wbe              : 33110738612          -          -          -          -
  tree-profile     :         -1          -          -          -          -
  gap              :     108836    0.82981    0.00000          1     103290
  tree-weight      :        786    0.00000    0.00000          1        785
  leaf-frequency   :        786    0.42875   -0.00001          1        785
  ssg              :       8002    0.96995   -0.00025          1       7611
  open-nodes       :        786   56.00000    0.29071          1        785
Root Node          :
  First LP value   : -1.58894780566716e+00
  First LP Iters   :      41358 (1799.74 Iter/sec)
  First LP Time    :      22.98
  Final Dual Bound : -4.68879825898795e-01
  Final Root Iters :     173743
  Root LP Estimate : +8.29136104725242e+00
Solution           :
  Solutions found  :          7 (7 improvements)
  First Solution   : -3.19813287215804e-01   (in run 1, after 1 nodes, 64.41 seconds, depth 0, found by <locks>)
  Gap First Sol.   :     396.84 %
  Gap Last Sol.    :      20.52 %
  Primal Bound     : -3.88882723160675e-01   (in run 1, after 247 nodes, 3241.81 seconds, depth 42, found by <crossover>)
  Dual Bound       : -4.68640316215795e-01
  Gap              :      20.51 %
Integrals          :      Total       Avg%
  primal-dual      :   77461.49      21.52
  primal-ref       :          -          - (not evaluated)
  dual-ref         :          -          - (not evaluated)
