SCIP Status        : solving was interrupted [time limit reached]
Total Time         :    3600.09
  solving          :    3600.00
  presolving       :       0.25 (included in solving)
  reading          :       0.09
  copying          :       0.20 (10 #copies) (minimal 0.01, maximal 0.03, average 0.02)
Original Problem   :
  Problem name     : benchmark/normal_60_24_28.design
  Variables        : 4693 (60 binary, 0 integer, 0 implicit integer, 4633 continuous)
  Constraints      : 6399 initial, 6399 maximal
  Objective        : minimize, 1 non-zeros (abs.min = 1, abs.max = 1)
Presolved Problem  :
  Problem name     : t_benchmark/normal_60_24_28.design
  Variables        : 6735 (60 binary, 0 integer, 0 implicit integer, 6675 continuous)
  Constraints      : 6399 initial, 6399 maximal
  Objective        : minimize, 1 non-zeros (abs.min = 1, abs.max = 1)
  Nonzeros         : 36938 constraint, 0 clique table
Presolvers         :   ExecTime  SetupTime  Calls  FixedVars   AggrVars   ChgTypes  ChgBounds   AddHoles    DelCons    AddCons   ChgSides   ChgCoefs
  boundshift       :       0.00       0.00      0          0          0          0          0          0          0          0          0          0
  convertinttobin  :       0.00       0.00      0          0          0          0          0          0          0          0          0          0
  domcol           :       0.00       0.00      1          0          0          0          0          0          0          0          0          0
  dualagg          :       0.00       0.00      0          0          0          0          0          0          0          0          0          0
  dualcomp         :       0.00       0.00      1          0          0          0          0          0          0          0          0          0
  dualinfer        :       0.00       0.00      0          0          0          0          0          0          0          0          0          0
  dualsparsify     :       0.00       0.00      1          0          0          0          0          0          0          0          0          0
  gateextraction   :       0.00       0.00      0          0          0          0          0          0          0          0          0          0
  implics          :       0.00       0.00      1          0          0          0          0          0          0          0          0          0
  inttobinary      :       0.00       0.00      0          0          0          0          0          0          0          0          0          0
  qpkktref         :       0.00       0.00      0          0          0          0          0          0          0          0          0          0
  redvub           :       0.00       0.00      0          0          0          0          0          0          0          0          0          0
  sparsify         :       0.00       0.00      1          0          0          0          0          0          0          0          0          0
  stuffing         :       0.00       0.00      0          0          0          0          0          0          0          0          0          0
  trivial          :       0.00       0.00      2        276          0          0          0          0          0          0          0          0
  tworowbnd        :       0.00       0.00      0          0          0          0          0          0          0          0          0          0
  dualfix          :       0.00       0.00      2        276          0          0          0          0          0          0          0          0
  genvbounds       :       0.00       0.00      0          0          0          0          0          0          0          0          0          0
  probing          :       0.05       0.00      1          0          0          0          0          0          0          0          0          0
  pseudoobj        :       0.00       0.00      0          0          0          0          0          0          0          0          0          0
  symmetry         :       0.03       0.00      1          0          0          0          0          0          0          0          0          0
  vbounds          :       0.00       0.00      0          0          0          0          0          0          0          0          0          0
  linear           :       0.02       0.00      3          0          0          0          0          0          0          0          0          0
  nonlinear        :       0.14       0.04      4          0          0          0        576          0          0          0          0          0
  benders          :       0.00       0.00      0          0          0          0          0          0          0          0          0          0
  components       :       0.00       0.00      1          0          0          0          0          0          0          0          0          0
  root node        :          -          -      -          0          -          -      10741          -          -          -          -          -
Constraints        :     Number  MaxNumber  #Separate #Propagate    #EnfoLP    #EnfoRelax  #EnfoPS    #Check   #ResProp    Cutoffs    DomReds       Cuts    Applied      Conss   Children
  benderslp        :          0          0          0          0        864          0          0        110          0          0          0          0          0          0          0
  integral         :          0          0          0          0        864          0          0        110          0          0      16008          0          0          0       1614
  linear           :       4382       4382         20      25257          0          0          0        104          0        279     268533          0          0          0          0
  nonlinear        :       2017       2017       3336      24978          0          0          0         67          0       1823     547457     889792     309944          0          0
  benders          :          0          0          0          0          0          0          0          6          0          0          0          0          0          0          0
  countsols        :          0          0          0          0          0          0          0          6          0          0          0          0          0          0          0
  components       :          0          0          0          0          0          0          0          0          0          0          0          0          0          0          0
Constraint Timings :  TotalTime  SetupTime   Separate  Propagate     EnfoLP     EnfoPS     EnfoRelax   Check    ResProp    SB-Prop
  benderslp        :       0.01       0.00       0.00       0.00       0.01       0.00       0.00       0.00       0.00       0.00
  integral         :     209.74       0.00       0.00       0.00     209.74       0.00       0.00       0.00       0.00       0.00
  linear           :       2.80       0.00       0.01       2.40       0.00       0.00       0.00       0.04       0.00       0.35
  nonlinear        :      32.85       0.04      20.55      10.64       0.00       0.00       0.00       0.13       0.00       1.49
  benders          :       0.00       0.00       0.00       0.00       0.00       0.00       0.00       0.00       0.00       0.00
  countsols        :       0.00       0.00       0.00       0.00       0.00       0.00       0.00       0.00       0.00       0.00
  components       :       0.01       0.00       0.00       0.01       0.00       0.00       0.00       0.00       0.00       0.00
Propagators        : #Propagate   #ResProp    Cutoffs    DomReds
  dualfix          :          4          0          0          0
  genvbounds       :          0          0          0          0
  nlobbt           :          0          0          0          0
  obbt             :          0          0          0          0
  probing          :          0          0          0          0
  pseudoobj        :       8960          0          0         15
  redcost          :       6187          0          0        956
  rootredcost      :          4          0          0       8706
  symmetry         :          0          0          0          0
  vbounds          :       2882          0          0          0
Propagator Timings :  TotalTime  SetupTime   Presolve  Propagate    ResProp    SB-Prop
  dualfix          :       0.00       0.00       0.00       0.00       0.00       0.00
  genvbounds       :       0.00       0.00       0.00       0.00       0.00       0.00
  nlobbt           :       0.00       0.00       0.00       0.00       0.00       0.00
  obbt             :       0.01       0.00       0.00       0.01       0.00       0.00
  probing          :       0.05       0.00       0.05       0.00       0.00       0.00
  pseudoobj        :       0.00       0.00       0.00       0.00       0.00       0.00
  redcost          :       1.06       0.00       0.00       1.05       0.00       0.01
  rootredcost      :       0.02       0.00       0.00       0.02       0.00       0.00
  symmetry         :       0.03       0.00       0.03       0.00       0.00       0.00
  vbounds          :       0.00       0.00       0.00       0.00       0.00       0.00
Conflict Analysis  :       Time      Calls    Success    DomReds  Conflicts   Literals    Reconvs ReconvLits   Dualrays   Nonzeros   LP Iters   (pool size: [--,--])
  propagation      :       0.00          0          0          -          0        0.0          0        0.0          -          -          -
  infeasible LP    :       0.00          0          0          -          0        0.0          0        0.0          0        0.0          0
  bound exceed. LP :       1.12        365          0          -          0        0.0          0        0.0          0        0.0        240
  strong branching :       0.00          0          0          -          0        0.0          0        0.0          -          -          0
  pseudo solution  :       0.00          0          0          -          0        0.0          0        0.0          -          -          -
  applied globally :       0.00          -          -          0          0        0.0          -          -          0          -          -
  applied locally  :          -          -          -          0          0        0.0          -          -          0          -          -
Separators         :   ExecTime  SetupTime      Calls  RootCalls    Cutoffs    DomReds  FoundCuts ViaPoolAdd  DirectAdd    Applied ViaPoolApp  DirectApp      Conss
  cut pool         :       0.00          -          0          0          -          -          0          0          -          -          -          -          -    (maximal pool size:          0)
  aggregation      :       0.33       0.00         20         20          0          0          0          0          0          0          0          0          0
  > cmir           :          -          -          -          -          -          -          -          0          0          0          0          0          -
  > flowcover      :          -          -          -          -          -          -          -          0          0          0          0          0          -
  > knapsackcover  :          -          -          -          -          -          -          -          0          0          0          0          0          -
  cgmip            :       0.00       0.00          0          0          0          0          0          0          0          0          0          0          0
  clique           :       0.00       0.00          1          1          0          0          0          0          0          0          0          0          0
  closecuts        :       0.00       0.00          0          0          0          0          0          0          0          0          0          0          0
  convexproj       :       0.00       0.00          0          0          0          0          0          0          0          0          0          0          0
  disjunctive      :       0.00       0.00          0          0          0          0          0          0          0          0          0          0          0
  eccuts           :       0.00       0.00          0          0          0          0          0          0          0          0          0          0          0
  gauge            :       0.00       0.00          0          0          0          0          0          0          0          0          0          0          0
  gomory           :       0.08       0.00         10         10          0          0          0          0          0          0          0          0          0
  > gomorymi       :          -          -          -          -          -          -          -          0          0          0          0          0          -
  > strongcg       :          -          -          -          -          -          -          -          0          0          0          0          0          -
  impliedbounds    :       0.00       0.00         20         20          0          0          0          0          0          0          0          0          0
  interminor       :       0.00       0.00          0          0          0          0          0          0          0          0          0          0          0
  intobj           :       0.00       0.00          0          0          0          0          0          0          0          0          0          0          0
  mcf              :       0.01       0.00          3          3          0          0          0          0          0          0          0          0          0
  minor            :       0.00       0.00          0          0          0          0          0          0          0          0          0          0          0
  mixing           :       0.00       0.00         20         20          0          0          0          0          0          0          0          0          0
  oddcycle         :       0.00       0.00          0          0          0          0          0          0          0          0          0          0          0
  rapidlearning    :       0.00       0.00          0          0          0          0          0          0          0          0          0          0          0
  rlt              :       0.00       0.00         10         10          0          0          0          0          0          0          0          0          0
  zerohalf         :       0.02       0.00         20         20          0          0          0          0          0          0          0          0          0
Cutselectors       :   ExecTime  SetupTime      Calls  RootCalls   Selected     Forced   Filtered  RootSelec   RootForc   RootFilt 
  hybrid           :       2.30       0.00       3334         18     309950          0     579842      15710          0          0
Pricers            :   ExecTime  SetupTime      Calls       Vars
  problem variables:       0.00          -          0          0
Branching Rules    :   ExecTime  SetupTime   BranchLP  BranchExt   BranchPS    Cutoffs    DomReds       Cuts      Conss   Children
  allfullstrong    :       0.00       0.00          0          0          0          0          0          0          0          0
  cloud            :       0.00       0.00          0          0          0          0          0          0          0          0
  distribution     :       0.00       0.00          0          0          0          0          0          0          0          0
  fullstrong       :       0.00       0.00          0          0          0          0          0          0          0          0
  inference        :       0.00       0.00          0          0          0          0          0          0          0          0
  leastinf         :       0.00       0.00          0          0          0          0          0          0          0          0
  lookahead        :       0.00       0.00          0          0          0          0          0          0          0          0
  mostinf          :       0.00       0.00          0          0          0          0          0          0          0          0
  multaggr         :       0.00       0.00          0          0          0          0          0          0          0          0
  nodereopt        :       0.00       0.00          0          0          0          0          0          0          0          0
  pscost           :       0.00       0.00          0          0          0          0          0          0          0          0
  random           :       0.00       0.00          0          0          0          0          0          0          0          0
  relpscost        :     209.73       0.00        864          0          0          0      16008          0          0       1614
  vanillafullstrong:       0.00       0.00          0          0          0          0          0          0          0          0
Primal Heuristics  :   ExecTime  SetupTime      Calls      Found       Best
  LP solutions     :       0.00          -          -          0          0
  relax solutions  :       0.00          -          -          0          0
  pseudo solutions :       0.00          -          -          0          0
  strong branching :       0.00          -          -          0          0
  actconsdiving    :       0.00       0.00          0          0          0
  adaptivediving   :      18.54       0.00          6          0          0
  alns             :       0.83       0.00          5          0          0
  bound            :       0.00       0.00          0          0          0
  clique           :       0.00       0.00          0          0          0
  coefdiving       :       0.00       0.00          0          0          0
  completesol      :       0.00       0.00          0          0          0
  conflictdiving   :       0.00       0.00          0          0          0
  crossover        :       0.01       0.00          0          0          0
  dins             :       0.00       0.00          0          0          0
  distributiondivin:      10.40       0.00          3          0          0
  dps              :       0.00       0.00          0          0          0
  dualval          :       0.00       0.00          0          0          0
  farkasdiving     :       0.00       0.00          0          0          0
  feaspump         :      16.60       0.00          2          0          0
  fixandinfer      :       0.00       0.00          0          0          0
  fracdiving       :       9.22       0.00          4          0          0
  gins             :       0.01       0.00          0          0          0
  guideddiving     :       6.74       0.00          3          0          0
  indicator        :       0.01       0.00          0          0          0
  indicatordiving  :       0.00       0.00          0          0          0
  intdiving        :       0.00       0.00          0          0          0
  intshifting      :       2.06       0.00          3          0          0
  linesearchdiving :       9.30       0.00          3          0          0
  localbranching   :       0.00       0.00          0          0          0
  locks            :       0.12       0.00          1          0          0
  lpface           :       0.00       0.00          0          0          0
  mpec             :       2.64       0.00          1          0          0
  multistart       :       0.00       0.00          0          0          0
  mutation         :       0.00       0.00          0          0          0
  nlpdiving        :       2.79       0.00          2          0          0
  objpscostdiving  :      84.47       0.00          2          0          0
  octane           :       0.00       0.00          0          0          0
  ofins            :       0.00       0.00          0          0          0
  oneopt           :       0.00       0.00          5          0          0
  padm             :       0.00       0.00          0          0          0
  proximity        :       0.00       0.00          0          0          0
  pscostdiving     :      10.83       0.00          4          0          0
  randrounding     :       0.36       0.00         49          0          0
  rens             :       0.00       0.00          0          0          0
  reoptsols        :       0.00       0.00          0          0          0
  repair           :       0.00       0.00          0          0          0
  rins             :      76.37       0.00          5          0          0
  rootsoldiving    :      16.17       0.00          2          0          0
  rounding         :       0.62       0.00        885          0          0
  shiftandpropagate:       0.09       0.00          1          0          0
  shifting         :       1.80       0.00        224          0          0
  simplerounding   :       0.01       0.00          0          0          0
  subnlp           :      10.04       0.00         10          5          5
  trivial          :       0.00       0.00          2          0          0
  trivialnegation  :       0.00       0.00          0          0          0
  trustregion      :       0.00       0.00          0          0          0
  trysol           :       0.00       0.00          0          0          0
  twoopt           :       0.00       0.00          0          0          0
  undercover       :       0.80       0.00          1          0          0
  vbounds          :       0.00       0.00          0          0          0
  veclendiving     :       2.41       0.00          3          0          0
  zeroobj          :       0.00       0.00          0          0          0
  zirounding       :       0.05       0.00        807          0          0
  other solutions  :          -          -          -          0          -
Diving (single)    :      Calls      Nodes   LP Iters Backtracks  Conflicts   MinDepth   MaxDepth   AvgDepth  RoundSols  NLeafSols  MinSolDpt  MaxSolDpt  AvgSolDpt
  actconsdiving    :          0          -          -          -          -          -          -          -          -          -          -          -          -
  coefdiving       :          0          -          -          -          -          -          -          -          -          -          -          -          -
  conflictdiving   :          0          -          -          -          -          -          -          -          -          -          -          -          -
  distributiondivin:          3        127      28161         29          0         32         57       40.7          0          -          -          -          -
  farkasdiving     :          0          -          -          -          -          -          -          -          -          -          -          -          -
  fracdiving       :          4        194      23564          0          0         53         59       56.8          0          -          -          -          -
  guideddiving     :          3        139      15714          6          0         50         59       56.0          0          -          -          -          -
  indicatordiving  :          0          -          -          -          -          -          -          -          -          -          -          -          -
  linesearchdiving :          3        145      20222         12          0         49         59       54.7          0          -          -          -          -
  pscostdiving     :          4        203      32042          0          0         56         60       58.2          0          -          -          -          -
  veclendiving     :          3         76       7369          0          0         30         33       32.0          0          -          -          -          -
Diving (adaptive)  :      Calls      Nodes   LP Iters Backtracks  Conflicts   MinDepth   MaxDepth   AvgDepth  RoundSols  NLeafSols  MinSolDpt  MaxSolDpt  AvgSolDpt
  actconsdiving    :          1         55      10612         16          0         46         46       46.0          0          -          -          -          -
  coefdiving       :          1         70      13843         24          0         56         56       56.0          0          -          -          -          -
  conflictdiving   :          0          -          -          -          -          -          -          -          -          -          -          -          -
  distributiondivin:          0          -          -          -          -          -          -          -          -          -          -          -          -
  farkasdiving     :          0          -          -          -          -          -          -          -          -          -          -          -          -
  fracdiving       :          1         50       5769          0          0         56         56       56.0          0          -          -          -          -
  guideddiving     :          0          -          -          -          -          -          -          -          -          -          -          -          -
  indicatordiving  :          0          -          -          -          -          -          -          -          -          -          -          -          -
  linesearchdiving :          0          -          -          -          -          -          -          -          -          -          -          -          -
  pscostdiving     :          2        100      16359          0          0         59         60       59.5          0          -          -          -          -
  veclendiving     :          1         24       1708          0          0         36         36       36.0          0          -          -          -          -
Neighborhoods      :      Calls  SetupTime  SolveTime SolveNodes       Sols       Best       Exp3  EpsGreedy        UCB TgtFixRate  Opt  Inf Node Stal  Sol  Usr Othr Actv
  rens             :          1       0.06       0.21          0          0          0    0.00000   -1.00000    1.00000      0.900    0    0    0    0    0    0    1    1
  rins             :          1       0.04       0.09          0          0          0    0.00000   -1.00000    1.00000      0.900    0    0    0    0    0    0    1    1
  mutation         :          0       0.00       0.00          0          0          0    0.00000   -1.00000    1.00000      0.900    0    0    0    0    0    0    0    1
  localbranching   :          0       0.00       0.00          0          0          0    0.00000   -1.00000    1.00000      0.900    0    0    0    0    0    0    0    1
  crossover        :          1       0.04       0.13          0          0          0    0.00000   -1.00000    1.00000      0.900    0    0    0    0    0    0    1    1
  proximity        :          1       0.04       0.13          0          0          0    0.00000   -1.00000    1.00000      0.900    0    0    0    0    0    0    1    1
  zeroobjective    :          1       0.02       0.00          0          0          0    0.00000   -1.00000    1.00000      0.900    0    0    0    0    0    0    1    1
  dins             :          0       0.00       0.00          0          0          0    0.00000   -1.00000    1.00000      0.900    0    0    0    0    0    0    0    1
  trustregion      :          0       0.00       0.00          0          0          0    0.00000   -1.00000    1.00000      0.900    0    0    0    0    0    0    0    0
Expressions        :   #IntEval  IntEvalTi   #RevProp  RevPropTi    DomReds    Cutoffs  #Estimate  EstimTime  Branching  #Simplify SimplifyTi Simplified
  pow              :    1478115       0.39     610802       0.19     822555          0      44924       0.04          0       4656       0.00          0
  prod             :    1241008       0.41      10001       0.00        561          0          0       0.00          0       2882       0.00       1440
  sum              :    1353892       0.49    1017541       0.50      30696        422        577       0.00          0       4610       0.00        577
  var              :    3134306       0.74          0       0.00          0          0          0       0.00          0      11569       0.00          0
  varidx           :          0       0.00          0       0.00          0          0          0       0.00          0          0       0.00          0
Nonlinear Conshdlr :   WeakSepa  TightenLP DespTghtLP DespBranch DespCutoff    ForceLP  CanonTime
  enforce          :          0          0          0          0          0          0
  presolve         :                                                                         0.10
Nlhdlrs            :    Detects  DetectAll DetectTime   #IntEval  IntEvalTi   #RevProp  RevPropTi    DomReds    Cutoffs   #Enforce   EnfoTime       Cuts  Branching
  soc              :       1440       1440       0.00          0       0.00          0       0.00          0          0    2765934       6.43     842346          0
  convex           :          1          1       0.00          0       0.00          0       0.00          0          0       3099       0.03       3098          0
  concave          :          0          0       0.00          0       0.00          0       0.00          0          0          0       0.00          0          0
  quotient         :          0          0       0.01          0       0.00          0       0.00          0          0          0       0.00          0          0
  quadratic        :          0          0       0.00          0       0.00          0       0.00          0          0          0       0.00          0          0
  default          :       9615      48075       0.00    4064873       2.82    1650695       4.20     853812        422      45501       0.12      44348          0
  bilinear         :          0          0       0.00          0       0.00          0       0.00          0          0          0       0.00          0          0
  perspective      :          0          0       0.00          0       0.00          0       0.00          0          0          0       0.00          0          0
LP                 :       Time      Calls Iterations  Iter/call   Iter/sec  Time-0-It Calls-0-It    ItLimit
  primal LP        :     476.52        809          0       0.00       0.00     476.52        809
  dual LP          :    2575.10       5781    3554427     723.47    1380.31      11.52        868
  lex dual LP      :       0.00          0          0       0.00          -
  barrier LP       :       0.00          0          0       0.00          -       0.00          0
  resolve instable :       0.00          0          0       0.00          -
  diving/probing LP:     181.37        456     409879     898.86    2259.91
  strong branching :     202.33        490     398411     813.08    1969.11          -          -        645
    (at root node) :          -         33      33000    1000.00          -
  conflict analysis:       0.23         24        240      10.00    1043.48
NLP relaxation     :
  solve time       :       2.78 (2 calls)
  convexity        :  nonconvex (350 linear rows, 577 convex ineq., 1440 nonconvex ineq., 0 nonlinear eq. or two-sided ineq.)
NLP Solvers        :  #Problems  ProblemTi    #Solves  SolveTime      #Iter  Time/Iter      #Okay #TimeLimit #IterLimit #LObjLimit #Interrupt  #NumError #EvalError  #OutOfMem #LicenseEr #OtherTerm   #GlobOpt    #LocOpt  #Feasible #LocInfeas #GlobInfea #Unbounded   #Unknown
  ipopt            :         12       0.99         13      13.12        496       0.03          8          0          5          0          0          0          0          0          0          0          0          6          0          0          0          0          7
B&B Tree           :
  number of runs   :          1
  nodes            :       1492 (807 internal, 685 leaves)
  feasible leaves  :          0
  infeas. leaves   :          0
  objective leaves :        684
  nodes (total)    :       1492 (807 internal, 685 leaves)
  nodes left       :        114
  max depth        :         35
  max depth (total):         35
  backtracks       :        271 (18.2%)
  early backtracks :          0 (0.0%)
  nodes exc. ref.  :          0 (0.0%)
  delayed cutoffs  :          0
  repropagations   :         12 (7227 domain reductions, 0 cutoffs)
  avg switch length:       2.93
  switching time   :     478.31
Estim. Tree Size   :       3002
Estimation Tree    : 1615 nodes (1501 visited, 807 internal, 694 leaves, 114 open), weight: 0.0000 completed 0.0473
Estimations        :      estim      value      trend resolution     smooth
  wbe              :  181927935          -          -          -          -
  tree-profile     :         -1          -          -          -          -
  gap              :       1993    0.90756    0.00030          1       1962
  tree-weight      :       3002    0.00001    0.00000          1       2997
  leaf-frequency   :       2091    0.46203    0.00011          1       2081
  ssg              :      38313    0.92532   -0.00005          1      42716
  open-nodes       :       1824  114.00000   -0.52167          1       1822
Root Node          :
  First LP value   : -1.16394700224354e+00
  First LP Iters   :      15677 (7877.89 Iter/sec)
  First LP Time    :       1.99
  Final Dual Bound : -3.62362124170940e-01
  Final Root Iters :      55748
  Root LP Estimate : +1.28444836369772e+00
Solution           :
  Solutions found  :          5 (5 improvements)
  First Solution   : -2.36770574694188e-01   (in run 1, after 1 nodes, 6.90 seconds, depth 0, found by <locks>)
  Gap First Sol.   :     391.59 %
  Gap Last Sol.    :      10.19 %
  Primal Bound     : -3.24399270764256e-01   (in run 1, after 1487 nodes, 3588.54 seconds, depth 30, found by <adaptivediving>)
  Dual Bound       : -3.57440477878806e-01
  Gap              :      10.19 %
Integrals          :      Total       Avg%
  primal-dual      :   44593.94      12.39
  primal-ref       :          -          - (not evaluated)
  dual-ref         :          -          - (not evaluated)
