SCIP Status        : solving was interrupted [time limit reached]
Total Time         :    3600.05
  solving          :    3600.00
  presolving       :       0.27 (included in solving)
  reading          :       0.05
  copying          :       0.10 (11 #copies) (minimal 0.00, maximal 0.02, average 0.01)
Original Problem   :
  Problem name     : benchmark/normal_50_20_21.design
  Variables        : 3271 (50 binary, 0 integer, 0 implicit integer, 3221 continuous)
  Constraints      : 4453 initial, 4453 maximal
  Objective        : minimize, 1 non-zeros (abs.min = 1, abs.max = 1)
Presolved Problem  :
  Problem name     : t_benchmark/normal_50_20_21.design
  Variables        : 4693 (50 binary, 0 integer, 0 implicit integer, 4643 continuous)
  Constraints      : 4453 initial, 4453 maximal
  Objective        : minimize, 1 non-zeros (abs.min = 1, abs.max = 1)
  Nonzeros         : 23682 constraint, 0 clique table
Presolvers         :   ExecTime  SetupTime  Calls  FixedVars   AggrVars   ChgTypes  ChgBounds   AddHoles    DelCons    AddCons   ChgSides   ChgCoefs
  boundshift       :       0.00       0.00      0          0          0          0          0          0          0          0          0          0
  convertinttobin  :       0.00       0.00      0          0          0          0          0          0          0          0          0          0
  domcol           :       0.00       0.00      1          0          0          0          0          0          0          0          0          0
  dualagg          :       0.00       0.00      0          0          0          0          0          0          0          0          0          0
  dualcomp         :       0.00       0.00      1          0          0          0          0          0          0          0          0          0
  dualinfer        :       0.00       0.00      0          0          0          0          0          0          0          0          0          0
  dualsparsify     :       0.00       0.00      1          0          0          0          0          0          0          0          0          0
  gateextraction   :       0.00       0.00      0          0          0          0          0          0          0          0          0          0
  implics          :       0.00       0.00      1          0          0          0          0          0          0          0          0          0
  inttobinary      :       0.00       0.00      0          0          0          0          0          0          0          0          0          0
  qpkktref         :       0.00       0.00      0          0          0          0          0          0          0          0          0          0
  redvub           :       0.00       0.00      0          0          0          0          0          0          0          0          0          0
  sparsify         :       0.00       0.00      1          0          0          0          0          0          0          0          0          0
  stuffing         :       0.00       0.00      0          0          0          0          0          0          0          0          0          0
  trivial          :       0.00       0.00      2        190          0          0          0          0          0          0          0          0
  tworowbnd        :       0.00       0.00      0          0          0          0          0          0          0          0          0          0
  dualfix          :       0.00       0.00      2        190          0          0          0          0          0          0          0          0
  genvbounds       :       0.00       0.00      0          0          0          0          0          0          0          0          0          0
  probing          :       0.04       0.00      1          0          0          0          0          0          0          0          0          0
  pseudoobj        :       0.00       0.00      0          0          0          0          0          0          0          0          0          0
  symmetry         :       0.02       0.00      1          0          0          0          0          0          0          0          0          0
  vbounds          :       0.00       0.00      0          0          0          0          0          0          0          0          0          0
  linear           :       0.02       0.01      3          0          0          0          0          0          0          0          0          0
  nonlinear        :       0.17       0.04      4          0          0          0        400          0          0          0          0          0
  benders          :       0.00       0.00      0          0          0          0          0          0          0          0          0          0
  components       :       0.01       0.00      1          0          0          0          0          0          0          0          0          0
  root node        :          -          -      -          0          -          -       4553          -          -          -          -          -
Constraints        :     Number  MaxNumber  #Separate #Propagate    #EnfoLP    #EnfoRelax  #EnfoPS    #Check   #ResProp    Cutoffs    DomReds       Cuts    Applied      Conss   Children
  benderslp        :          0          0          0          0       2740          0          0        231          0          0          0          0          0          0          0
  integral         :          0          0          0          0       2740          0          0        231          0          0      14461          0          0          0       5196
  linear           :       3052       3052         17      49457          0          0          0        225          0        674    1019051          0          0          0          0
  nonlinear        :       1401       1401      11099      48783          0          0          0        189          0       1042    1534185    1716145     912193          0          0
  benders          :          0          0          0          0          0          0          0          4          0          0          0          0          0          0          0
  countsols        :          0          0          0          0          0          0          0          4          0          0          0          0          0          0          0
  components       :          0          0          0          0          0          0          0          0          0          0          0          0          0          0          0
Constraint Timings :  TotalTime  SetupTime   Separate  Propagate     EnfoLP     EnfoPS     EnfoRelax   Check    ResProp    SB-Prop
  benderslp        :       0.01       0.00       0.00       0.00       0.01       0.00       0.00       0.00       0.00       0.00
  integral         :     156.30       0.00       0.00       0.00     156.30       0.00       0.00       0.00       0.00       0.00
  linear           :       5.22       0.01       0.01       4.88       0.00       0.00       0.00       0.09       0.00       0.23
  nonlinear        :      46.37       0.04      27.84      17.22       0.00       0.00       0.00       0.23       0.00       1.04
  benders          :       0.00       0.00       0.00       0.00       0.00       0.00       0.00       0.00       0.00       0.00
  countsols        :       0.00       0.00       0.00       0.00       0.00       0.00       0.00       0.00       0.00       0.00
  components       :       0.00       0.00       0.00       0.00       0.00       0.00       0.00       0.00       0.00       0.00
Propagators        : #Propagate   #ResProp    Cutoffs    DomReds
  dualfix          :          4          0          0          0
  genvbounds       :          0          0          0          0
  nlobbt           :          0          0          0          0
  obbt             :          0          0          0          0
  probing          :          0          0          0          0
  pseudoobj        :      28559          0          0         13
  redcost          :      19102          0          0       2465
  rootredcost      :          2          0          0       3138
  symmetry         :          0          0          0          0
  vbounds          :       6121          0          0          0
Propagator Timings :  TotalTime  SetupTime   Presolve  Propagate    ResProp    SB-Prop
  dualfix          :       0.00       0.00       0.00       0.00       0.00       0.00
  genvbounds       :       0.03       0.00       0.00       0.03       0.00       0.00
  nlobbt           :       0.00       0.00       0.00       0.00       0.00       0.00
  obbt             :       0.00       0.00       0.00       0.00       0.00       0.00
  probing          :       0.04       0.00       0.04       0.00       0.00       0.00
  pseudoobj        :       0.03       0.00       0.00       0.03       0.00       0.00
  redcost          :       1.17       0.00       0.00       1.16       0.00       0.01
  rootredcost      :       0.07       0.00       0.00       0.07       0.00       0.00
  symmetry         :       0.05       0.00       0.02       0.03       0.00       0.00
  vbounds          :       0.02       0.00       0.00       0.02       0.00       0.00
Conflict Analysis  :       Time      Calls    Success    DomReds  Conflicts   Literals    Reconvs ReconvLits   Dualrays   Nonzeros   LP Iters   (pool size: [--,--])
  propagation      :       0.00          0          0          -          0        0.0          0        0.0          -          -          -
  infeasible LP    :       0.00          0          0          -          0        0.0          0        0.0          0        0.0          0
  bound exceed. LP :       2.17        770          0          -          0        0.0          0        0.0          0        0.0       1710
  strong branching :       0.00          0          0          -          0        0.0          0        0.0          -          -          0
  pseudo solution  :       0.00          0          0          -          0        0.0          0        0.0          -          -          -
  applied globally :       0.00          -          -          0          0        0.0          -          -          0          -          -
  applied locally  :          -          -          -          0          0        0.0          -          -          0          -          -
Separators         :   ExecTime  SetupTime      Calls  RootCalls    Cutoffs    DomReds  FoundCuts ViaPoolAdd  DirectAdd    Applied ViaPoolApp  DirectApp      Conss
  cut pool         :       0.00          -          0          0          -          -          0          0          -          -          -          -          -    (maximal pool size:          0)
  aggregation      :       0.58       0.00         87         17          0          0          0          0          0          0          0          0          0
  > cmir           :          -          -          -          -          -          -          -          0          0          0          0          0          -
  > flowcover      :          -          -          -          -          -          -          -          0          0          0          0          0          -
  > knapsackcover  :          -          -          -          -          -          -          -          0          0          0          0          0          -
  cgmip            :       0.00       0.00          0          0          0          0          0          0          0          0          0          0          0
  clique           :       0.00       0.00          1          1          0          0          0          0          0          0          0          0          0
  closecuts        :       0.00       0.00          0          0          0          0          0          0          0          0          0          0          0
  convexproj       :       0.00       0.00          0          0          0          0          0          0          0          0          0          0          0
  disjunctive      :       0.00       0.00          0          0          0          0          0          0          0          0          0          0          0
  eccuts           :       0.00       0.00          0          0          0          0          0          0          0          0          0          0          0
  gauge            :       0.00       0.00          0          0          0          0          0          0          0          0          0          0          0
  gomory           :       0.22       0.00         78         10          0          0          0          0          0          0          0          0          0
  > gomorymi       :          -          -          -          -          -          -          -          0          0          0          0          0          -
  > strongcg       :          -          -          -          -          -          -          -          0          0          0          0          0          -
  impliedbounds    :       0.01       0.00         87         17          0          0          0          0          0          0          0          0          0
  interminor       :       0.00       0.00          0          0          0          0          0          0          0          0          0          0          0
  intobj           :       0.00       0.00          0          0          0          0          0          0          0          0          0          0          0
  mcf              :       0.01       0.00          3          3          0          0          0          0          0          0          0          0          0
  minor            :       0.00       0.00          0          0          0          0          0          0          0          0          0          0          0
  mixing           :       0.02       0.00         87         17          0          0          0          0          0          0          0          0          0
  oddcycle         :       0.00       0.00          0          0          0          0          0          0          0          0          0          0          0
  rapidlearning    :       0.00       0.00          0          0          0          0          0          0          0          0          0          0          0
  rlt              :       0.00       0.00         10         10          0          0          0          0          0          0          0          0          0
  zerohalf         :       0.18       0.00         85         17          0          0          0          0          0          0          0          0          0
Cutselectors       :   ExecTime  SetupTime      Calls  RootCalls   Selected     Forced   Filtered  RootSelec   RootForc   RootFilt 
  hybrid           :       2.70       0.00      11095         15     912229          0     803916      10616          0          0
Pricers            :   ExecTime  SetupTime      Calls       Vars
  problem variables:       0.00          -          0          0
Branching Rules    :   ExecTime  SetupTime   BranchLP  BranchExt   BranchPS    Cutoffs    DomReds       Cuts      Conss   Children
  allfullstrong    :       0.00       0.00          0          0          0          0          0          0          0          0
  cloud            :       0.00       0.00          0          0          0          0          0          0          0          0
  distribution     :       0.00       0.00          0          0          0          0          0          0          0          0
  fullstrong       :       0.00       0.00          0          0          0          0          0          0          0          0
  inference        :       0.00       0.00          0          0          0          0          0          0          0          0
  leastinf         :       0.00       0.00          0          0          0          0          0          0          0          0
  lookahead        :       0.00       0.00          0          0          0          0          0          0          0          0
  mostinf          :       0.00       0.00          0          0          0          0          0          0          0          0
  multaggr         :       0.00       0.00          0          0          0          0          0          0          0          0
  nodereopt        :       0.00       0.00          0          0          0          0          0          0          0          0
  pscost           :       0.00       0.00          0          0          0          0          0          0          0          0
  random           :       0.00       0.00          0          0          0          0          0          0          0          0
  relpscost        :     156.27       0.00       2740          0          0          0      14461          0          0       5196
  vanillafullstrong:       0.00       0.00          0          0          0          0          0          0          0          0
Primal Heuristics  :   ExecTime  SetupTime      Calls      Found       Best
  LP solutions     :       0.00          -          -          0          0
  relax solutions  :       0.00          -          -          0          0
  pseudo solutions :       0.00          -          -          0          0
  strong branching :       0.00          -          -          0          0
  actconsdiving    :       0.00       0.00          0          0          0
  adaptivediving   :      14.58       0.00         13          0          0
  alns             :       0.50       0.00          5          0          0
  bound            :       0.00       0.00          0          0          0
  clique           :       0.00       0.00          0          0          0
  coefdiving       :       0.00       0.00          0          0          0
  completesol      :       0.00       0.00          0          0          0
  conflictdiving   :       0.01       0.00          0          0          0
  crossover        :       0.00       0.00          0          0          0
  dins             :       0.00       0.00          0          0          0
  distributiondivin:      24.68       0.00         18          0          0
  dps              :       0.00       0.00          0          0          0
  dualval          :       0.00       0.00          0          0          0
  farkasdiving     :       0.00       0.00          0          0          0
  feaspump         :      15.99       0.00          4          0          0
  fixandinfer      :       0.00       0.00          0          0          0
  fracdiving       :      17.67       0.00         18          0          0
  gins             :       0.02       0.00          0          0          0
  guideddiving     :      19.18       0.00         18          0          0
  indicator        :       0.03       0.00          0          0          0
  indicatordiving  :       0.00       0.00          0          0          0
  intdiving        :       0.00       0.00          0          0          0
  intshifting      :       3.12       0.00          7          0          0
  linesearchdiving :      21.88       0.00         18          0          0
  localbranching   :       0.00       0.00          0          0          0
  locks            :       0.10       0.00          1          0          0
  lpface           :       0.01       0.00          0          0          0
  mpec             :       3.78       0.00          1          0          0
  multistart       :       0.00       0.00          0          0          0
  mutation         :       0.00       0.00          0          0          0
  nlpdiving        :       5.44       0.00          6          0          0
  objpscostdiving  :      64.60       0.00          6          0          0
  octane           :       0.00       0.00          0          0          0
  ofins            :       0.00       0.00          0          0          0
  oneopt           :       0.00       0.00          3          0          0
  padm             :       0.00       0.00          0          0          0
  proximity        :       0.00       0.00          0          0          0
  pscostdiving     :      24.90       0.00         18          0          0
  randrounding     :       0.33       0.00         49          0          0
  rens             :       0.00       0.00          0          0          0
  reoptsols        :       0.00       0.00          0          0          0
  repair           :       0.00       0.00          0          0          0
  rins             :      33.77       0.00          6          0          0
  rootsoldiving    :      31.20       0.00          9          0          0
  rounding         :       0.82       0.00       1583          0          0
  shiftandpropagate:       0.07       0.00          1          0          0
  shifting         :       1.21       0.00        491          0          0
  simplerounding   :       0.05       0.00          0          0          0
  subnlp           :      10.20       0.00         11          3          3
  trivial          :       0.01       0.00          2          0          0
  trivialnegation  :       0.00       0.00          0          0          0
  trustregion      :       0.00       0.00          0          0          0
  trysol           :       0.01       0.00          0          0          0
  twoopt           :       0.00       0.00          0          0          0
  undercover       :       1.13       0.00          1          0          0
  vbounds          :       0.00       0.00          0          0          0
  veclendiving     :      10.03       0.00         18          0          0
  zeroobj          :       0.00       0.00          0          0          0
  zirounding       :       0.10       0.00       1000          0          0
  other solutions  :          -          -          -          0          -
Diving (single)    :      Calls      Nodes   LP Iters Backtracks  Conflicts   MinDepth   MaxDepth   AvgDepth  RoundSols  NLeafSols  MinSolDpt  MaxSolDpt  AvgSolDpt
  actconsdiving    :          0          -          -          -          -          -          -          -          -          -          -          -          -
  coefdiving       :          0          -          -          -          -          -          -          -          -          -          -          -          -
  conflictdiving   :          0          -          -          -          -          -          -          -          -          -          -          -          -
  distributiondivin:         18        341      89592         43          0         25         45       34.3          0          -          -          -          -
  farkasdiving     :          0          -          -          -          -          -          -          -          -          -          -          -          -
  fracdiving       :         18        485      70110         12          0         34         49       44.7          0          -          -          -          -
  guideddiving     :         18        473      75372          9          0         38         47       42.0          0          -          -          -          -
  indicatordiving  :          0          -          -          -          -          -          -          -          -          -          -          -          -
  linesearchdiving :         18        470      81857         38          0         36         49       42.5          0          -          -          -          -
  pscostdiving     :         18        525     104425          5          0         40         50       45.6          0          -          -          -          -
  veclendiving     :         18        301      46897         20          0         25         42       28.3          0          -          -          -          -
Diving (adaptive)  :      Calls      Nodes   LP Iters Backtracks  Conflicts   MinDepth   MaxDepth   AvgDepth  RoundSols  NLeafSols  MinSolDpt  MaxSolDpt  AvgSolDpt
  actconsdiving    :          1         45       9688         17          0         43         43       43.0          0          -          -          -          -
  coefdiving       :          3         82      12386         23          0         24         48       36.3          0          -          -          -          -
  conflictdiving   :          0          -          -          -          -          -          -          -          -          -          -          -          -
  distributiondivin:          0          -          -          -          -          -          -          -          -          -          -          -          -
  farkasdiving     :          0          -          -          -          -          -          -          -          -          -          -          -          -
  fracdiving       :          1         34       3007          0          0         44         44       44.0          0          -          -          -          -
  guideddiving     :          1         17       1659          1          0         42         42       42.0          0          -          -          -          -
  indicatordiving  :          0          -          -          -          -          -          -          -          -          -          -          -          -
  linesearchdiving :          1         47       3876          3          0         49         49       49.0          0          -          -          -          -
  pscostdiving     :          4        121      22957          1          0         45         49       46.8          0          -          -          -          -
  veclendiving     :          2         31       2488          0          0         27         29       28.0          0          -          -          -          -
Neighborhoods      :      Calls  SetupTime  SolveTime SolveNodes       Sols       Best       Exp3  EpsGreedy        UCB TgtFixRate  Opt  Inf Node Stal  Sol  Usr Othr Actv
  rens             :          0       0.00       0.00          0          0          0    0.00000   -1.00000    1.00000      0.900    0    0    0    0    0    0    0    1
  rins             :          1       0.05       0.11          0          0          0    0.00000   -1.00000    1.00000      0.900    0    0    0    0    0    0    1    1
  mutation         :          0       0.00       0.00          0          0          0    0.00000   -1.00000    1.00000      0.900    0    0    0    0    0    0    0    1
  localbranching   :          1       0.02       0.09          0          0          0    0.00000   -1.00000    1.00000      0.900    0    0    0    0    0    0    1    1
  crossover        :          1       0.03       0.05          0          0          0    0.00000   -1.00000    1.00000      0.900    0    0    0    0    0    0    1    1
  proximity        :          0       0.00       0.00          0          0          0    0.00000   -1.00000    1.00000      0.900    0    0    0    0    0    0    0    1
  zeroobjective    :          1       0.01       0.00          0          0          0    0.00000   -1.00000    1.00000      0.900    0    0    0    0    0    0    1    1
  dins             :          1       0.03       0.06          0          0          0    0.00000   -1.00000    1.00000      0.900    0    0    0    0    0    0    1    1
  trustregion      :          0       0.00       0.00          0          0          0    0.00000   -1.00000    1.00000      0.900    0    0    0    0    0    0    0    0
Expressions        :   #IntEval  IntEvalTi   #RevProp  RevPropTi    DomReds    Cutoffs  #Estimate  EstimTime  Branching  #Simplify SimplifyTi Simplified
  pow              :    3346099       0.61    1303378       0.38    1675198          0      89473       0.02          0       3240       0.00          0
  prod             :    2871963       0.75      18862       0.00        397          0          0       0.00          0       2002       0.00       1000
  sum              :    3048103       0.68    2133531       0.67      61115        191        401       0.00          0       3202       0.00        401
  var              :    6940009       1.54          0       0.00          0          0          0       0.00          0       8041       0.01          0
  varidx           :          0       0.00          0       0.00          0          0          0       0.00          0          0       0.00          0
Nonlinear Conshdlr :   WeakSepa  TightenLP DespTghtLP DespBranch DespCutoff    ForceLP  CanonTime
  enforce          :          0          0          0          0          0          0
  presolve         :                                                                         0.11
Nlhdlrs            :    Detects  DetectAll DetectTime   #IntEval  IntEvalTi   #RevProp  RevPropTi    DomReds    Cutoffs   #Enforce   EnfoTime       Cuts  Branching
  soc              :       1000       1000       0.01          0       0.00          0       0.00          0          0    5395161       8.60    1616992          0
  convex           :          1          1       0.00          0       0.00          0       0.00          0          0      10081       0.10      10080          0
  concave          :          0          0       0.00          0       0.00          0       0.00          0          0          0       0.00          0          0
  quotient         :          0          0       0.00          0       0.00          0       0.00          0          0          0       0.00          0          0
  quadratic        :          0          0       0.00          0       0.00          0       0.00          0          0          0       0.00          0          0
  default          :       6693      33465       0.01    9260539       5.13    3464384       5.85    1736710        191      89874       0.16      89073          0
  bilinear         :          0          0       0.01          0       0.00          0       0.00          0          0          0       0.00          0          0
  perspective      :          0          0       0.01          0       0.00          0       0.00          0          0          0       0.00          0          0
LP                 :       Time      Calls Iterations  Iter/call   Iter/sec  Time-0-It Calls-0-It    ItLimit
  primal LP        :     503.98       2600          0       0.00       0.00     503.96       2600
  dual LP          :    2546.31      17723    7214918     459.70    2833.48      70.16       2028
  lex dual LP      :       0.00          0          0       0.00          -
  barrier LP       :       0.00          0          0       0.00          -       0.00          0
  resolve instable :       0.00          0          0       0.00          -
  diving/probing LP:     239.50       1301     837539     643.77    3497.03
  strong branching :     145.56        521     446948     857.87    3070.54          -          -        778
    (at root node) :          -         32      32000    1000.00          -
  conflict analysis:       0.63        171       1710      10.00    2714.29
NLP relaxation     :
  solve time       :       5.40 (9 calls)
  convexity        :  nonconvex (252 linear rows, 401 convex ineq., 1000 nonconvex ineq., 0 nonlinear eq. or two-sided ineq.)
NLP Solvers        :  #Problems  ProblemTi    #Solves  SolveTime      #Iter  Time/Iter      #Okay #TimeLimit #IterLimit #LObjLimit #Interrupt  #NumError #EvalError  #OutOfMem #LicenseEr #OtherTerm   #GlobOpt    #LocOpt  #Feasible #LocInfeas #GlobInfea #Unbounded   #Unknown
  ipopt            :         13       1.73         21      17.53        893       0.02         12          0          9          0          0          0          0          0          0          0          0          4          2          2          0          0         13
B&B Tree           :
  number of runs   :          1
  nodes            :       4482 (2598 internal, 1884 leaves)
  feasible leaves  :          0
  infeas. leaves   :          0
  objective leaves :       1883
  nodes (total)    :       4482 (2598 internal, 1884 leaves)
  nodes left       :        716
  max depth        :         44
  max depth (total):         44
  backtracks       :        861 (19.2%)
  early backtracks :          0 (0.0%)
  nodes exc. ref.  :          0 (0.0%)
  delayed cutoffs  :          0
  repropagations   :          5 (0 domain reductions, 0 cutoffs)
  avg switch length:       3.98
  switching time   :     509.58
Estim. Tree Size   :       8962
Estimation Tree    : 5197 nodes (4481 visited, 2598 internal, 1883 leaves, 716 open), weight: 0.0000 completed 0.0303
Estimations        :      estim      value      trend resolution     smooth
  wbe              : 1690495603          -          -          -          -
  tree-profile     :         -1          -          -          -          -
  gap              :     532114    0.81586    0.00000          2     505113
  tree-weight      :       8962    0.00000    0.00000          2       8950
  leaf-frequency   :      10263    0.42011    0.00005          2      10659
  ssg              :     879335    0.95213   -0.00000          2     834590
  open-nodes       :      18353  716.00000   -0.19630          2      19789
Root Node          :
  First LP value   : -9.77459045143242e-01
  First LP Iters   :       8902 (8319.63 Iter/sec)
  First LP Time    :       1.07
  Final Dual Bound : -3.32194958902414e-01
  Final Root Iters :      33760
  Root LP Estimate : +5.13042507786950e-01
Solution           :
  Solutions found  :          3 (3 improvements)
  First Solution   : -2.30051909462214e-01   (in run 1, after 1 nodes, 5.12 seconds, depth 0, found by <feaspump>)
  Gap First Sol.   :     324.89 %
  Gap Last Sol.    :      26.75 %
  Primal Bound     : -2.62080496965287e-01   (in run 1, after 19 nodes, 105.87 seconds, depth 17, found by <pscostdiving>)
  Dual Bound       : -3.21233980827413e-01
  Gap              :      22.57 %
Integrals          :      Total       Avg%
  primal-dual      :   70333.22      19.54
  primal-ref       :          -          - (not evaluated)
  dual-ref         :          -          - (not evaluated)
