SCIP Status        : solving was interrupted [time limit reached]
Total Time         :    3600.15
  solving          :    3600.01
  presolving       :       1.21 (included in solving)
  reading          :       0.14
  copying          :       0.31 (5 #copies) (minimal 0.03, maximal 0.08, average 0.06)
Original Problem   :
  Problem name     : benchmark/normal_70_42_43.design
  Variables        : 11285 (70 binary, 0 integer, 0 implicit integer, 11215 continuous)
  Constraints      : 15102 initial, 15102 maximal
  Objective        : minimize, 1 non-zeros (abs.min = 1, abs.max = 1)
Presolved Problem  :
  Problem name     : t_benchmark/normal_70_42_43.design
  Variables        : 16033 (70 binary, 0 integer, 0 implicit integer, 15963 continuous)
  Constraints      : 15102 initial, 15102 maximal
  Objective        : minimize, 1 non-zeros (abs.min = 1, abs.max = 1)
  Nonzeros         : 106185 constraint, 0 clique table
Presolvers         :   ExecTime  SetupTime  Calls  FixedVars   AggrVars   ChgTypes  ChgBounds   AddHoles    DelCons    AddCons   ChgSides   ChgCoefs
  boundshift       :       0.00       0.00      0          0          0          0          0          0          0          0          0          0
  convertinttobin  :       0.00       0.00      0          0          0          0          0          0          0          0          0          0
  domcol           :       0.00       0.00      1          0          0          0          0          0          0          0          0          0
  dualagg          :       0.00       0.00      0          0          0          0          0          0          0          0          0          0
  dualcomp         :       0.00       0.00      1          0          0          0          0          0          0          0          0          0
  dualinfer        :       0.00       0.00      0          0          0          0          0          0          0          0          0          0
  dualsparsify     :       0.00       0.00      1          0          0          0          0          0          0          0          0          0
  gateextraction   :       0.00       0.00      0          0          0          0          0          0          0          0          0          0
  implics          :       0.00       0.00      1          0          0          0          0          0          0          0          0          0
  inttobinary      :       0.00       0.00      0          0          0          0          0          0          0          0          0          0
  qpkktref         :       0.00       0.00      0          0          0          0          0          0          0          0          0          0
  redvub           :       0.00       0.00      0          0          0          0          0          0          0          0          0          0
  sparsify         :       0.00       0.00      1          0          0          0          0          0          0          0          0          0
  stuffing         :       0.00       0.00      0          0          0          0          0          0          0          0          0          0
  trivial          :       0.00       0.00      2        861          0          0          0          0          0          0          0          0
  tworowbnd        :       0.00       0.00      0          0          0          0          0          0          0          0          0          0
  dualfix          :       0.00       0.00      2        861          0          0          0          0          0          0          0          0
  genvbounds       :       0.00       0.00      0          0          0          0          0          0          0          0          0          0
  probing          :       0.37       0.00      1          0          0          0          0          0          0          0          0          0
  pseudoobj        :       0.00       0.00      0          0          0          0          0          0          0          0          0          0
  symmetry         :       0.14       0.00      1          0          0          0          0          0          0          0          0          0
  vbounds          :       0.00       0.00      0          0          0          0          0          0          0          0          0          0
  linear           :       0.10       0.02      3          0          0          0          0          0          0          0          0          0
  nonlinear        :       0.52       0.13      4          0          0          0       1764          0          0          0          0          0
  benders          :       0.00       0.00      0          0          0          0          0          0          0          0          0          0
  components       :       0.01       0.00      1          0          0          0          0          0          0          0          0          0
  root node        :          -          -      -          0          -          -      11160          -          -          -          -          -
Constraints        :     Number  MaxNumber  #Separate #Propagate    #EnfoLP    #EnfoRelax  #EnfoPS    #Check   #ResProp    Cutoffs    DomReds       Cuts    Applied      Conss   Children
  benderslp        :          0          0          0          0         99          0          0         98          0          0          0          0          0          0          0
  integral         :          0          0          0          0         99          0          0         98          0          0          6          0          0          0        190
  linear           :      10397      10397         24      33997          0          0          0         92          0       1844      67210          1          0          0          0
  nonlinear        :       4705       4705        518      32153          0          0          0         56          0       5349     112787     878866      87785          0          0
  benders          :          0          0          0          0          0          0          0          2          0          0          0          0          0          0          0
  countsols        :          0          0          0          0          0          0          0          2          0          0          0          0          0          0          0
  components       :          0          0          0          0          0          0          0          0          0          0          0          0          0          0          0
Constraint Timings :  TotalTime  SetupTime   Separate  Propagate     EnfoLP     EnfoPS     EnfoRelax   Check    ResProp    SB-Prop
  benderslp        :       0.00       0.00       0.00       0.00       0.00       0.00       0.00       0.00       0.00       0.00
  integral         :     645.61       0.00       0.00       0.00     645.61       0.00       0.00       0.00       0.00       0.00
  linear           :       3.48       0.02       0.09       2.63       0.00       0.00       0.00       0.41       0.00       0.33
  nonlinear        :      23.02       0.13       8.01      12.57       0.00       0.00       0.00       0.39       0.00       1.92
  benders          :       0.00       0.00       0.00       0.00       0.00       0.00       0.00       0.00       0.00       0.00
  countsols        :       0.00       0.00       0.00       0.00       0.00       0.00       0.00       0.00       0.00       0.00
  components       :       0.01       0.00       0.00       0.01       0.00       0.00       0.00       0.00       0.00       0.00
Propagators        : #Propagate   #ResProp    Cutoffs    DomReds
  dualfix          :          2          0          0          0
  genvbounds       :          0          0          0          0
  nlobbt           :          0          0          0          0
  obbt             :          0          0          0          0
  probing          :          0          0          0          0
  pseudoobj        :        796          0          0         11
  redcost          :        715          0          0          0
  rootredcost      :          1          0          0       6444
  symmetry         :          0          0          0          0
  vbounds          :       1207          0          0          0
Propagator Timings :  TotalTime  SetupTime   Presolve  Propagate    ResProp    SB-Prop
  dualfix          :       0.00       0.00       0.00       0.00       0.00       0.00
  genvbounds       :       0.02       0.00       0.00       0.02       0.00       0.00
  nlobbt           :       0.00       0.00       0.00       0.00       0.00       0.00
  obbt             :       0.01       0.00       0.00       0.01       0.00       0.00
  probing          :       0.37       0.00       0.37       0.00       0.00       0.00
  pseudoobj        :       0.04       0.00       0.00       0.03       0.00       0.01
  redcost          :       0.34       0.00       0.00       0.34       0.00       0.00
  rootredcost      :       0.05       0.00       0.00       0.05       0.00       0.00
  symmetry         :       0.17       0.00       0.14       0.03       0.00       0.00
  vbounds          :       0.02       0.00       0.00       0.02       0.00       0.00
Conflict Analysis  :       Time      Calls    Success    DomReds  Conflicts   Literals    Reconvs ReconvLits   Dualrays   Nonzeros   LP Iters   (pool size: [--,--])
  propagation      :       0.00          0          0          -          0        0.0          0        0.0          -          -          -
  infeasible LP    :       0.00          0          0          -          0        0.0          0        0.0          0        0.0          0
  bound exceed. LP :       0.03          8          0          -          0        0.0          0        0.0          0        0.0          0
  strong branching :       0.00          0          0          -          0        0.0          0        0.0          -          -          0
  pseudo solution  :       0.00          0          0          -          0        0.0          0        0.0          -          -          -
  applied globally :       0.00          -          -          0          0        0.0          -          -          0          -          -
  applied locally  :          -          -          -          0          0        0.0          -          -          0          -          -
Separators         :   ExecTime  SetupTime      Calls  RootCalls    Cutoffs    DomReds  FoundCuts ViaPoolAdd  DirectAdd    Applied ViaPoolApp  DirectApp      Conss
  cut pool         :       0.00          -          0          0          -          -          0          0          -          -          -          -          -    (maximal pool size:          0)
  aggregation      :       0.72       0.00         14         14          0          0          0          0          0          0          0          0          0
  > cmir           :          -          -          -          -          -          -          -          0          0          0          0          0          -
  > flowcover      :          -          -          -          -          -          -          -          0          0          0          0          0          -
  > knapsackcover  :          -          -          -          -          -          -          -          0          0          0          0          0          -
  cgmip            :       0.00       0.00          0          0          0          0          0          0          0          0          0          0          0
  clique           :       0.00       0.00          1          1          0          0          0          0          0          0          0          0          0
  closecuts        :       0.00       0.00          0          0          0          0          0          0          0          0          0          0          0
  convexproj       :       0.00       0.00          0          0          0          0          0          0          0          0          0          0          0
  disjunctive      :       0.00       0.00          0          0          0          0          0          0          0          0          0          0          0
  eccuts           :       0.00       0.00          0          0          0          0          0          0          0          0          0          0          0
  gauge            :       0.00       0.00          0          0          0          0          0          0          0          0          0          0          0
  gomory           :       0.56       0.00         10         10          0          0          0          0          0          0          0          0          0
  > gomorymi       :          -          -          -          -          -          -          -          0          0          0          0          0          -
  > strongcg       :          -          -          -          -          -          -          -          0          0          0          0          0          -
  impliedbounds    :       0.07       0.00         14         14          0          0          0          0          0          0          0          0          0
  interminor       :       0.00       0.00          0          0          0          0          0          0          0          0          0          0          0
  intobj           :       0.00       0.00          0          0          0          0          0          0          0          0          0          0          0
  mcf              :       0.06       0.00          1          1          0          0          0          0          0          0          0          0          0
  minor            :       0.01       0.00          0          0          0          0          0          0          0          0          0          0          0
  mixing           :       0.00       0.00         14         14          0          0          0          0          0          0          0          0          0
  oddcycle         :       0.00       0.00          0          0          0          0          0          0          0          0          0          0          0
  rapidlearning    :       0.00       0.00          0          0          0          0          0          0          0          0          0          0          0
  rlt              :       0.02       0.00         10         10          0          0          0          0          0          0          0          0          0
  zerohalf         :       0.12       0.00         14         14          0          0          0          0          0          0          0          0          0
Cutselectors       :   ExecTime  SetupTime      Calls  RootCalls   Selected     Forced   Filtered  RootSelec   RootForc   RootFilt 
  hybrid           :       6.60       0.00        517         23      87785          0     791082      38385          0      30784
Pricers            :   ExecTime  SetupTime      Calls       Vars
  problem variables:       0.00          -          0          0
Branching Rules    :   ExecTime  SetupTime   BranchLP  BranchExt   BranchPS    Cutoffs    DomReds       Cuts      Conss   Children
  allfullstrong    :       0.00       0.00          0          0          0          0          0          0          0          0
  cloud            :       0.00       0.00          0          0          0          0          0          0          0          0
  distribution     :       0.00       0.00          0          0          0          0          0          0          0          0
  fullstrong       :       0.00       0.00          0          0          0          0          0          0          0          0
  inference        :       0.00       0.00          0          0          0          0          0          0          0          0
  leastinf         :       0.00       0.00          0          0          0          0          0          0          0          0
  lookahead        :       0.00       0.00          0          0          0          0          0          0          0          0
  mostinf          :       0.00       0.00          0          0          0          0          0          0          0          0
  multaggr         :       0.00       0.00          0          0          0          0          0          0          0          0
  nodereopt        :       0.00       0.00          0          0          0          0          0          0          0          0
  pscost           :       0.00       0.00          0          0          0          0          0          0          0          0
  random           :       0.00       0.00          0          0          0          0          0          0          0          0
  relpscost        :     645.60       0.00         99          0          0          0          6          0          0        190
  vanillafullstrong:       0.00       0.00          0          0          0          0          0          0          0          0
Primal Heuristics  :   ExecTime  SetupTime      Calls      Found       Best
  LP solutions     :       0.00          -          -          0          0
  relax solutions  :       0.00          -          -          0          0
  pseudo solutions :       0.00          -          -          0          0
  strong branching :       0.00          -          -          0          0
  actconsdiving    :       0.00       0.00          0          0          0
  adaptivediving   :      31.32       0.00          2          0          0
  alns             :       3.20       0.00          5          0          0
  bound            :       0.00       0.00          0          0          0
  clique           :       0.00       0.00          0          0          0
  coefdiving       :       0.00       0.00          0          0          0
  completesol      :       0.00       0.00          0          0          0
  conflictdiving   :       0.00       0.00          0          0          0
  crossover        :       0.00       0.00          0          0          0
  dins             :       0.00       0.00          0          0          0
  distributiondivin:      85.90       0.00          2          0          0
  dps              :       0.00       0.00          0          0          0
  dualval          :       0.00       0.00          0          0          0
  farkasdiving     :       0.00       0.00          0          0          0
  feaspump         :      54.38       0.00          1          0          0
  fixandinfer      :       0.00       0.00          0          0          0
  fracdiving       :      35.15       0.00          2          0          0
  gins             :       0.01       0.00          0          0          0
  guideddiving     :      24.50       0.00          1          0          0
  indicator        :       0.00       0.00          0          0          0
  indicatordiving  :       0.00       0.00          0          0          0
  intdiving        :       0.00       0.00          0          0          0
  intshifting      :      36.05       0.00          3          0          0
  linesearchdiving :      27.30       0.00          1          0          0
  localbranching   :       0.00       0.00          0          0          0
  locks            :       0.86       0.00          1          0          0
  lpface           :       0.00       0.00          0          0          0
  mpec             :      92.86       0.00          3          0          0
  multistart       :       0.00       0.00          0          0          0
  mutation         :       0.00       0.00          0          0          0
  nlpdiving        :      45.54       0.00          1          0          0
  objpscostdiving  :     323.89       0.00          1          0          0
  octane           :       0.00       0.00          0          0          0
  ofins            :       0.00       0.00          0          0          0
  oneopt           :       0.02       0.00          1          0          0
  padm             :       0.00       0.00          0          0          0
  proximity        :       0.00       0.00          0          0          0
  pscostdiving     :      49.05       0.00          2          0          0
  randrounding     :       2.63       0.00         56          0          0
  rens             :       0.00       0.00          0          0          0
  reoptsols        :       0.00       0.00          0          0          0
  repair           :       0.00       0.00          0          0          0
  rins             :       0.00       0.00          0          0          0
  rootsoldiving    :     191.14       0.00          1          0          0
  rounding         :       0.37       0.00        307          0          0
  shiftandpropagate:       0.73       0.00          1          0          0
  shifting         :       0.70       0.00         71          0          0
  simplerounding   :       0.00       0.00          0          0          0
  subnlp           :      27.30       0.00          4          1          1
  trivial          :       0.03       0.00          2          0          0
  trivialnegation  :       0.00       0.00          0          0          0
  trustregion      :       0.00       0.00          0          0          0
  trysol           :       0.00       0.00          0          0          0
  twoopt           :       0.00       0.00          0          0          0
  undercover       :      10.40       0.00          1          0          0
  vbounds          :       0.00       0.00          0          0          0
  veclendiving     :      10.92       0.00          2          0          0
  zeroobj          :       0.00       0.00          0          0          0
  zirounding       :       0.04       0.00         95          0          0
  other solutions  :          -          -          -          0          -
Diving (single)    :      Calls      Nodes   LP Iters Backtracks  Conflicts   MinDepth   MaxDepth   AvgDepth  RoundSols  NLeafSols  MinSolDpt  MaxSolDpt  AvgSolDpt
  actconsdiving    :          0          -          -          -          -          -          -          -          -          -          -          -          -
  coefdiving       :          0          -          -          -          -          -          -          -          -          -          -          -          -
  conflictdiving   :          0          -          -          -          -          -          -          -          -          -          -          -          -
  distributiondivin:          2         77      76422          0          0         33         68       50.5          0          -          -          -          -
  farkasdiving     :          0          -          -          -          -          -          -          -          -          -          -          -          -
  fracdiving       :          2        116      33284          0          0         70         70       70.0          0          -          -          -          -
  guideddiving     :          1         47      16798          0          0         68         68       68.0          0          -          -          -          -
  indicatordiving  :          0          -          -          -          -          -          -          -          -          -          -          -          -
  linesearchdiving :          1         65      20579          0          0         70         70       70.0          0          -          -          -          -
  pscostdiving     :          2        116      44242          0          0         70         70       70.0          0          -          -          -          -
  veclendiving     :          2         77      17798          0          0         45         50       47.5          0          -          -          -          -
Diving (adaptive)  :      Calls      Nodes   LP Iters Backtracks  Conflicts   MinDepth   MaxDepth   AvgDepth  RoundSols  NLeafSols  MinSolDpt  MaxSolDpt  AvgSolDpt
  actconsdiving    :          0          -          -          -          -          -          -          -          -          -          -          -          -
  coefdiving       :          1         34       4086          0          0         54         54       54.0          0          -          -          -          -
  conflictdiving   :          0          -          -          -          -          -          -          -          -          -          -          -          -
  distributiondivin:          0          -          -          -          -          -          -          -          -          -          -          -          -
  farkasdiving     :          0          -          -          -          -          -          -          -          -          -          -          -          -
  fracdiving       :          0          -          -          -          -          -          -          -          -          -          -          -          -
  guideddiving     :          0          -          -          -          -          -          -          -          -          -          -          -          -
  indicatordiving  :          0          -          -          -          -          -          -          -          -          -          -          -          -
  linesearchdiving :          1         66      19423          0          0         70         70       70.0          0          -          -          -          -
  pscostdiving     :          0          -          -          -          -          -          -          -          -          -          -          -          -
  veclendiving     :          0          -          -          -          -          -          -          -          -          -          -          -          -
Neighborhoods      :      Calls  SetupTime  SolveTime SolveNodes       Sols       Best       Exp3  EpsGreedy        UCB TgtFixRate  Opt  Inf Node Stal  Sol  Usr Othr Actv
  rens             :          0       0.00       0.00          0          0          0    0.00000   -1.00000    1.00000      0.900    0    0    0    0    0    0    0    1
  rins             :          1       0.15       0.64          0          0          0    0.00000   -1.00000    1.00000      0.900    0    0    0    0    0    0    1    1
  mutation         :          0       0.00       0.00          0          0          0    0.00000   -1.00000    1.00000      0.900    0    0    0    0    0    0    0    1
  localbranching   :          1       0.16       0.64          0          0          0    0.00000   -1.00000    1.00000      0.900    0    0    0    0    0    0    1    1
  crossover        :          0       0.00       0.00          0          0          0    0.00000   -1.00000    1.00000      0.900    0    0    0    0    0    0    0    1
  proximity        :          1       0.18       0.60          0          0          0    0.00000   -1.00000    1.00000      0.900    0    0    0    0    0    0    1    1
  zeroobjective    :          1       0.07       0.00          0          0          0    0.00000   -1.00000    1.00000      0.900    0    0    0    0    0    0    1    1
  dins             :          1       0.08       0.39          0          0          0    0.00000   -1.00000    1.00000      0.900    0    0    0    0    0    0    1    1
  trustregion      :          0       0.00       0.00          0          0          0    0.00000   -1.00000    1.00000      0.900    0    0    0    0    0    0    0    0
Expressions        :   #IntEval  IntEvalTi   #RevProp  RevPropTi    DomReds    Cutoffs  #Estimate  EstimTime  Branching  #Simplify SimplifyTi Simplified
  pow              :    1266481       0.38     449533       0.14     648320          0      97845       0.02          0      11256       0.00          0
  prod             :     853823       0.29      10521       0.00        396          0          0       0.00          0       5882       0.02       2940
  sum              :    1201332       0.40     892311       0.52      56322       1083       1765       0.00          0      11174       0.03       1765
  var              :    2695951       0.77          0       0.00          0          0          0       0.00          0      26545       0.02          0
  varidx           :          0       0.00          0       0.00          0          0          0       0.00          0          0       0.00          0
Nonlinear Conshdlr :   WeakSepa  TightenLP DespTghtLP DespBranch DespCutoff    ForceLP  CanonTime
  enforce          :          0          0          0          0          0          0
  presolve         :                                                                         0.41
Nlhdlrs            :    Detects  DetectAll DetectTime   #IntEval  IntEvalTi   #RevProp  RevPropTi    DomReds    Cutoffs   #Enforce   EnfoTime       Cuts  Branching
  soc              :       2940       2940       0.02          0       0.00          0       0.00          0          0    1211739       2.88     782273          0
  convex           :          1          1       0.00          0       0.00          0       0.00          0          0        513       0.00        512          0
  concave          :          0          0       0.01          0       0.00          0       0.00          0          0          0       0.00          0          0
  quotient         :          0          0       0.00          0       0.00          0       0.00          0          0          0       0.00          0          0
  quadratic        :          0          0       0.02          0       0.00          0       0.00          0          0          0       0.00          0          0
  default          :      21913     109565       0.01    3303640       2.66    1380928       4.21     705038       1083      99610       0.17      96081          0
  bilinear         :          0          0       0.01          0       0.00          0       0.00          0          0          0       0.00          0          0
  perspective      :          0          0       0.00          0       0.00          0       0.00          0          0          0       0.00          0          0
LP                 :       Time      Calls Iterations  Iter/call   Iter/sec  Time-0-It Calls-0-It    ItLimit
  primal LP        :     272.06        106          0       0.00       0.00     272.06        106
  dual LP          :    1603.28        665     931725    1424.66     581.14       5.00         11
  lex dual LP      :       0.00          0          0       0.00          -
  barrier LP       :       0.00          0          0       0.00          -       0.00          0
  resolve instable :       0.00          0          0       0.00          -
  diving/probing LP:     867.88        173     511970    2959.36     589.91
  strong branching :     638.80        249     240625     966.37     376.68          -          -        452
    (at root node) :          -         40      40000    1000.00          -
  conflict analysis:       0.00          0          0       0.00          -
NLP relaxation     :
  solve time       :      44.95 (13 calls)
  convexity        :  nonconvex (989 linear rows, 1765 convex ineq., 2940 nonconvex ineq., 0 nonlinear eq. or two-sided ineq.)
NLP Solvers        :  #Problems  ProblemTi    #Solves  SolveTime      #Iter  Time/Iter      #Okay #TimeLimit #IterLimit #LObjLimit #Interrupt  #NumError #EvalError  #OutOfMem #LicenseEr #OtherTerm   #GlobOpt    #LocOpt  #Feasible #LocInfeas #GlobInfea #Unbounded   #Unknown
  ipopt            :          8       0.49         20     165.62       1359       0.12         14          1          5          0          0          0          0          0          0          0          0         11          2          2          0          0          5
B&B Tree           :
  number of runs   :          1
  nodes            :        127 (95 internal, 32 leaves)
  feasible leaves  :          0
  infeas. leaves   :          0
  objective leaves :         31
  nodes (total)    :        127 (95 internal, 32 leaves)
  nodes left       :         65
  max depth        :         51
  max depth (total):         51
  backtracks       :         18 (14.2%)
  early backtracks :          0 (0.0%)
  nodes exc. ref.  :          0 (0.0%)
  delayed cutoffs  :          0
  repropagations   :          1 (0 domain reductions, 0 cutoffs)
  avg switch length:       2.16
  switching time   :     230.05
Estim. Tree Size   :        252
Estimation Tree    : 191 nodes (126 visited, 95 internal, 31 leaves, 65 open), weight: 0.0000 completed 0.0024
Estimations        :      estim      value      trend resolution     smooth
  wbe              : 177525766372          -          -          -          -
  tree-profile     :         -1          -          -          -          -
  gap              :        225    0.70346    0.00361          1        216
  tree-weight      :        252    0.00000    0.00000          1        249
  leaf-frequency   :        456    0.24206    0.00131          1        450
  ssg              :       4860    0.99624   -0.00042          1       4614
  open-nodes       :        252   65.00000    0.33101          1        249
Root Node          :
  First LP value   : -1.46740147922947e+00
  First LP Iters   :      45411 (1003.11 Iter/sec)
  First LP Time    :      45.27
  Final Dual Bound : -4.35559442943003e-01
  Final Root Iters :     183656
  Root LP Estimate : +6.44784149235264e+00
Solution           :
  Solutions found  :          1 (1 improvements)
  First Solution   : -3.06293135374313e-01   (in run 1, after 1 nodes, 116.83 seconds, depth 0, found by <feaspump>)
  Gap First Sol.   :     379.08 %
  Gap Last Sol.    :     379.08 %
  Primal Bound     : -3.06293135374313e-01   (in run 1, after 1 nodes, 116.83 seconds, depth 0, found by <feaspump>)
  Dual Bound       : -4.35408166909065e-01
  Gap              :      42.15 %
Integrals          :      Total       Avg%
  primal-dual      :  119306.90      33.14
  primal-ref       :          -          - (not evaluated)
  dual-ref         :          -          - (not evaluated)
