SCIP Status        : solving was interrupted [time limit reached]
Total Time         :    3600.09
  solving          :    3600.00
  presolving       :       0.46 (included in solving)
  reading          :       0.09
  copying          :       0.50 (12 #copies) (minimal 0.02, maximal 0.05, average 0.04)
Original Problem   :
  Problem name     : benchmark/normal_60_36_39.design
  Variables        : 8305 (60 binary, 0 integer, 0 implicit integer, 8245 continuous)
  Constraints      : 11109 initial, 11109 maximal
  Objective        : minimize, 1 non-zeros (abs.min = 1, abs.max = 1)
Presolved Problem  :
  Problem name     : t_benchmark/normal_60_36_39.design
  Variables        : 11799 (60 binary, 0 integer, 0 implicit integer, 11739 continuous)
  Constraints      : 11109 initial, 11109 maximal
  Objective        : minimize, 1 non-zeros (abs.min = 1, abs.max = 1)
  Nonzeros         : 71576 constraint, 0 clique table
Presolvers         :   ExecTime  SetupTime  Calls  FixedVars   AggrVars   ChgTypes  ChgBounds   AddHoles    DelCons    AddCons   ChgSides   ChgCoefs
  boundshift       :       0.00       0.00      0          0          0          0          0          0          0          0          0          0
  convertinttobin  :       0.00       0.00      0          0          0          0          0          0          0          0          0          0
  domcol           :       0.00       0.00      1          0          0          0          0          0          0          0          0          0
  dualagg          :       0.00       0.00      0          0          0          0          0          0          0          0          0          0
  dualcomp         :       0.00       0.00      1          0          0          0          0          0          0          0          0          0
  dualinfer        :       0.00       0.00      0          0          0          0          0          0          0          0          0          0
  dualsparsify     :       0.00       0.00      1          0          0          0          0          0          0          0          0          0
  gateextraction   :       0.00       0.00      0          0          0          0          0          0          0          0          0          0
  implics          :       0.00       0.00      1          0          0          0          0          0          0          0          0          0
  inttobinary      :       0.00       0.00      0          0          0          0          0          0          0          0          0          0
  qpkktref         :       0.00       0.00      0          0          0          0          0          0          0          0          0          0
  redvub           :       0.00       0.00      0          0          0          0          0          0          0          0          0          0
  sparsify         :       0.00       0.00      1          0          0          0          0          0          0          0          0          0
  stuffing         :       0.00       0.00      0          0          0          0          0          0          0          0          0          0
  trivial          :       0.00       0.00      2        630          0          0          0          0          0          0          0          0
  tworowbnd        :       0.00       0.00      0          0          0          0          0          0          0          0          0          0
  dualfix          :       0.00       0.00      2        630          0          0          0          0          0          0          0          0
  genvbounds       :       0.00       0.00      0          0          0          0          0          0          0          0          0          0
  probing          :       0.09       0.00      1          0          0          0          0          0          0          0          0          0
  pseudoobj        :       0.00       0.00      0          0          0          0          0          0          0          0          0          0
  symmetry         :       0.06       0.00      1          0          0          0          0          0          0          0          0          0
  vbounds          :       0.00       0.00      0          0          0          0          0          0          0          0          0          0
  linear           :       0.04       0.01      3          0          0          0          0          0          0          0          0          0
  nonlinear        :       0.24       0.03      4          0          0          0       1296          0          0          0          0          0
  benders          :       0.00       0.00      0          0          0          0          0          0          0          0          0          0
  components       :       0.00       0.00      1          0          0          0          0          0          0          0          0          0
  root node        :          -          -      -          0          -          -      20176          -          -          -          -          -
Constraints        :     Number  MaxNumber  #Separate #Propagate    #EnfoLP    #EnfoRelax  #EnfoPS    #Check   #ResProp    Cutoffs    DomReds       Cuts    Applied      Conss   Children
  benderslp        :          0          0          0          0       2638          0          0        294          0          0          0          0          0          0          0
  integral         :          0          0          0          0       2638          0          0        294          0          0       4032          0          0          0       1968
  linear           :       7652       7652         17      40320          1          0          0        288          0       2369     712222          0          0          0          0
  nonlinear        :       3457       3457       5418      37951       1599          0          0        195          0       3443    1042930     244100     231058          0          0
  benders          :          0          0          0          0          1          0          0          6          0          0          0          0          0          0          0
  countsols        :          0          0          0          0          1          0          0          6          0          0          0          0          0          0          0
  components       :          0          0          0          0          0          0          0          0          0          0          0          0          0          0          0
Constraint Timings :  TotalTime  SetupTime   Separate  Propagate     EnfoLP     EnfoPS     EnfoRelax   Check    ResProp    SB-Prop
  benderslp        :       0.01       0.00       0.00       0.00       0.01       0.00       0.00       0.00       0.00       0.00
  integral         :     174.62       0.00       0.00       0.00     174.61       0.00       0.00       0.01       0.00       0.00
  linear           :       6.36       0.01       0.05       5.35       0.00       0.00       0.00       0.43       0.00       0.52
  nonlinear        :      94.33       0.03      52.05      22.64      16.84       0.00       0.00       0.88       0.00       1.89
  benders          :       0.00       0.00       0.00       0.00       0.00       0.00       0.00       0.00       0.00       0.00
  countsols        :       0.00       0.00       0.00       0.00       0.00       0.00       0.00       0.00       0.00       0.00
  components       :       0.00       0.00       0.00       0.00       0.00       0.00       0.00       0.00       0.00       0.00
Propagators        : #Propagate   #ResProp    Cutoffs    DomReds
  dualfix          :          2          0          0          0
  genvbounds       :          0          0          0          0
  nlobbt           :          0          0          0          0
  obbt             :          0          0          0          0
  probing          :          0          0          0          0
  pseudoobj        :      10293          0          0         11
  redcost          :       5766          0          0         78
  rootredcost      :          6          0          0      16708
  symmetry         :          0          0          0          0
  vbounds          :       2143          0          0          0
Propagator Timings :  TotalTime  SetupTime   Presolve  Propagate    ResProp    SB-Prop
  dualfix          :       0.00       0.00       0.00       0.00       0.00       0.00
  genvbounds       :       0.06       0.00       0.00       0.05       0.00       0.01
  nlobbt           :       0.00       0.00       0.00       0.00       0.00       0.00
  obbt             :       0.00       0.00       0.00       0.00       0.00       0.00
  probing          :       0.09       0.00       0.09       0.00       0.00       0.00
  pseudoobj        :       0.02       0.00       0.00       0.02       0.00       0.00
  redcost          :       2.54       0.00       0.00       2.54       0.00       0.00
  rootredcost      :       0.02       0.00       0.00       0.02       0.00       0.00
  symmetry         :       0.08       0.00       0.06       0.02       0.00       0.00
  vbounds          :       0.06       0.00       0.00       0.06       0.00       0.00
Conflict Analysis  :       Time      Calls    Success    DomReds  Conflicts   Literals    Reconvs ReconvLits   Dualrays   Nonzeros   LP Iters   (pool size: [--,--])
  propagation      :       0.00          0          0          -          0        0.0          0        0.0          -          -          -
  infeasible LP    :       0.00          0          0          -          0        0.0          0        0.0          0        0.0          0
  bound exceed. LP :       1.74        144          0          -          0        0.0          0        0.0          0        0.0        966
  strong branching :       0.00          0          0          -          0        0.0          0        0.0          -          -          0
  pseudo solution  :       0.00          0          0          -          0        0.0          0        0.0          -          -          -
  applied globally :       0.00          -          -          0          0        0.0          -          -          0          -          -
  applied locally  :          -          -          -          0          0        0.0          -          -          0          -          -
Separators         :   ExecTime  SetupTime      Calls  RootCalls    Cutoffs    DomReds  FoundCuts ViaPoolAdd  DirectAdd    Applied ViaPoolApp  DirectApp      Conss
  cut pool         :       0.00          -          0          0          -          -          0          0          -          -          -          -          -    (maximal pool size:          0)
  aggregation      :       1.83       0.00        151         17          0          0          0          0          0          0          0          0          0
  > cmir           :          -          -          -          -          -          -          -          0          0          0          0          0          -
  > flowcover      :          -          -          -          -          -          -          -          0          0          0          0          0          -
  > knapsackcover  :          -          -          -          -          -          -          -          0          0          0          0          0          -
  cgmip            :       0.00       0.00          0          0          0          0          0          0          0          0          0          0          0
  clique           :       0.00       0.00          1          1          0          0          0          0          0          0          0          0          0
  closecuts        :       0.00       0.00          0          0          0          0          0          0          0          0          0          0          0
  convexproj       :       0.00       0.00          0          0          0          0          0          0          0          0          0          0          0
  disjunctive      :       0.00       0.00          0          0          0          0          0          0          0          0          0          0          0
  eccuts           :       0.00       0.00          0          0          0          0          0          0          0          0          0          0          0
  gauge            :       0.00       0.00          0          0          0          0          0          0          0          0          0          0          0
  gomory           :       1.33       0.00        133         10          0          0          0          0          0          0          0          0          0
  > gomorymi       :          -          -          -          -          -          -          -          0          0          0          0          0          -
  > strongcg       :          -          -          -          -          -          -          -          0          0          0          0          0          -
  impliedbounds    :       0.09       0.00        151         17          0          0          0          0          0          0          0          0          0
  interminor       :       0.00       0.00          0          0          0          0          0          0          0          0          0          0          0
  intobj           :       0.00       0.00          0          0          0          0          0          0          0          0          0          0          0
  mcf              :       0.03       0.00          2          2          0          0          0          0          0          0          0          0          0
  minor            :       0.00       0.00          0          0          0          0          0          0          0          0          0          0          0
  mixing           :       0.05       0.00        174         17          0          0          0          0          0          0          0          0          0
  oddcycle         :       0.00       0.00          0          0          0          0          0          0          0          0          0          0          0
  rapidlearning    :       0.00       0.00          0          0          0          0          0          0          0          0          0          0          0
  rlt              :       0.03       0.00         10         10          0          0          0          0          0          0          0          0          0
  zerohalf         :       0.45       0.00        140         17          0          0          0          0          0          0          0          0          0
Cutselectors       :   ExecTime  SetupTime      Calls  RootCalls   Selected     Forced   Filtered  RootSelec   RootForc   RootFilt 
  hybrid           :       0.66       0.00       5281         16     162156          0      13017      15403          0       2524
Pricers            :   ExecTime  SetupTime      Calls       Vars
  problem variables:       0.00          -          0          0
Branching Rules    :   ExecTime  SetupTime   BranchLP  BranchExt   BranchPS    Cutoffs    DomReds       Cuts      Conss   Children
  allfullstrong    :       0.00       0.00          0          0          0          0          0          0          0          0
  cloud            :       0.00       0.00          0          0          0          0          0          0          0          0
  distribution     :       0.00       0.00          0          0          0          0          0          0          0          0
  fullstrong       :       0.00       0.00          0          0          0          0          0          0          0          0
  inference        :       0.00       0.00          0          0          0          0          0          0          0          0
  leastinf         :       0.00       0.00          0          0          0          0          0          0          0          0
  lookahead        :       0.00       0.00          0          0          0          0          0          0          0          0
  mostinf          :       0.00       0.00          0          0          0          0          0          0          0          0
  multaggr         :       0.00       0.00          0          0          0          0          0          0          0          0
  nodereopt        :       0.00       0.00          0          0          0          0          0          0          0          0
  pscost           :       0.00       0.00          0          0          0          0          0          0          0          0
  random           :       0.00       0.00          0          0          0          0          0          0          0          0
  relpscost        :     174.60       0.00       1039          0          0          0       4032          0          0       1968
  vanillafullstrong:       0.00       0.00          0          0          0          0          0          0          0          0
Primal Heuristics  :   ExecTime  SetupTime      Calls      Found       Best
  LP solutions     :       0.01          -          -          1          1
  relax solutions  :       0.00          -          -          0          0
  pseudo solutions :       0.00          -          -          0          0
  strong branching :       0.00          -          -          0          0
  actconsdiving    :       0.00       0.00          0          0          0
  adaptivediving   :      13.30       0.00          8          0          0
  alns             :       2.69       0.00          5          0          0
  bound            :       0.00       0.00          0          0          0
  clique           :       0.00       0.00          0          0          0
  coefdiving       :       0.00       0.00          0          0          0
  completesol      :       0.00       0.00          0          0          0
  conflictdiving   :       0.00       0.00          0          0          0
  crossover        :     760.54       0.00          3          1          1
  dins             :       0.00       0.00          0          0          0
  distributiondivin:      10.80       0.00         12          0          0
  dps              :       0.00       0.00          0          0          0
  dualval          :       0.00       0.00          0          0          0
  farkasdiving     :       0.00       0.00          0          0          0
  feaspump         :      44.59       0.00          5          0          0
  fixandinfer      :       0.00       0.00          0          0          0
  fracdiving       :      15.47       0.00         12          0          0
  gins             :       0.02       0.00          0          0          0
  guideddiving     :      10.22       0.00         11          0          0
  indicator        :       0.03       0.00          0          0          0
  indicatordiving  :       0.00       0.00          0          0          0
  intdiving        :       0.00       0.00          0          0          0
  intshifting      :      11.31       0.00          7          0          0
  linesearchdiving :      11.05       0.00         11          0          0
  localbranching   :       0.00       0.00          0          0          0
  locks            :       0.30       0.00          1          0          0
  lpface           :       0.00       0.00          0          0          0
  mpec             :     323.85       0.00         11          1          1
  multistart       :       0.00       0.00          0          0          0
  mutation         :       0.00       0.00          0          0          0
  nlpdiving        :      34.05       0.00          1          0          0
  objpscostdiving  :      56.65       0.00          3          0          0
  octane           :       0.00       0.00          0          0          0
  ofins            :       0.00       0.00          0          0          0
  oneopt           :       0.02       0.00          6          0          0
  padm             :       0.00       0.00          0          0          0
  proximity        :       0.00       0.00          0          0          0
  pscostdiving     :      11.04       0.00         12          0          0
  randrounding     :       1.47       0.00        132          0          0
  rens             :       0.00       0.00          0          0          0
  reoptsols        :       0.00       0.00          0          0          0
  repair           :       0.00       0.00          0          0          0
  rins             :     334.73       0.00          4          0          0
  rootsoldiving    :      25.68       0.00          6          0          0
  rounding         :       0.59       0.00        919          0          0
  shiftandpropagate:       0.24       0.00          1          0          0
  shifting         :       0.42       0.00        260          0          0
  simplerounding   :       0.01       0.00          0          0          0
  subnlp           :      26.40       0.00          6          3          3
  trivial          :       0.02       0.00          2          0          0
  trivialnegation  :       0.00       0.00          0          0          0
  trustregion      :       0.00       0.00          0          0          0
  trysol           :       0.02       0.00          0          0          0
  twoopt           :       0.00       0.00          0          0          0
  undercover       :       6.96       0.00          1          0          0
  vbounds          :       0.00       0.00          0          0          0
  veclendiving     :       5.69       0.00         12          0          0
  zeroobj          :       0.00       0.00          0          0          0
  zirounding       :       0.13       0.00        984          0          0
  other solutions  :          -          -          -          0          -
Diving (single)    :      Calls      Nodes   LP Iters Backtracks  Conflicts   MinDepth   MaxDepth   AvgDepth  RoundSols  NLeafSols  MinSolDpt  MaxSolDpt  AvgSolDpt
  actconsdiving    :          0          -          -          -          -          -          -          -          -          -          -          -          -
  coefdiving       :          0          -          -          -          -          -          -          -          -          -          -          -          -
  conflictdiving   :          0          -          -          -          -          -          -          -          -          -          -          -          -
  distributiondivin:         12        135      22088          3          0         22         58       42.5          0          -          -          -          -
  farkasdiving     :          0          -          -          -          -          -          -          -          -          -          -          -          -
  fracdiving       :         12        382      24432          0          0         50         60       58.2          0          -          -          -          -
  guideddiving     :         11        273      19093          0          0         45         60       56.1          0          -          -          -          -
  indicatordiving  :          0          -          -          -          -          -          -          -          -          -          -          -          -
  linesearchdiving :         11        251      18430          3          0         47         60       57.3          0          -          -          -          -
  pscostdiving     :         12        253      17312          0          0         42         60       56.2          0          -          -          -          -
  veclendiving     :         12        226      13267          0          0         41         60       51.3          0          -          -          -          -
Diving (adaptive)  :      Calls      Nodes   LP Iters Backtracks  Conflicts   MinDepth   MaxDepth   AvgDepth  RoundSols  NLeafSols  MinSolDpt  MaxSolDpt  AvgSolDpt
  actconsdiving    :          3         78       8581          0          0         43         47       45.3          0          -          -          -          -
  coefdiving       :          1          7         15          0          0         44         44       44.0          0          -          -          -          -
  conflictdiving   :          0          -          -          -          -          -          -          -          -          -          -          -          -
  distributiondivin:          0          -          -          -          -          -          -          -          -          -          -          -          -
  farkasdiving     :          0          -          -          -          -          -          -          -          -          -          -          -          -
  fracdiving       :          0          -          -          -          -          -          -          -          -          -          -          -          -
  guideddiving     :          2         94       6068          0          0         58         58       58.0          0          -          -          -          -
  indicatordiving  :          0          -          -          -          -          -          -          -          -          -          -          -          -
  linesearchdiving :          1         54       6653          0          0         60         60       60.0          0          -          -          -          -
  pscostdiving     :          1         10        260          0          0         52         52       52.0          0          -          -          -          -
  veclendiving     :          0          -          -          -          -          -          -          -          -          -          -          -          -
Neighborhoods      :      Calls  SetupTime  SolveTime SolveNodes       Sols       Best       Exp3  EpsGreedy        UCB TgtFixRate  Opt  Inf Node Stal  Sol  Usr Othr Actv
  rens             :          1       0.12       0.53          0          0          0    0.00000   -1.00000    1.00000      0.900    0    0    0    0    0    0    1    1
  rins             :          0       0.00       0.00          0          0          0    0.00000   -1.00000    1.00000      0.900    0    0    0    0    0    0    0    1
  mutation         :          1       0.10       0.48          0          0          0    0.00000   -1.00000    1.00000      0.900    0    0    0    0    0    0    1    1
  localbranching   :          0       0.00       0.00          0          0          0    0.00000   -1.00000    1.00000      0.900    0    0    0    0    0    0    0    1
  crossover        :          1       0.11       0.50          0          0          0    0.00000   -1.00000    1.00000      0.900    0    0    0    0    0    0    1    1
  proximity        :          0       0.00       0.00          0          0          0    0.00000   -1.00000    1.00000      0.900    0    0    0    0    0    0    0    1
  zeroobjective    :          1       0.04       0.00          0          0          0    0.00000   -1.00000    1.00000      0.900    0    0    0    0    0    0    1    1
  dins             :          1       0.11       0.48          0          0          0    0.00000   -1.00000    1.00000      0.900    0    0    0    0    0    0    1    1
  trustregion      :          0       0.00       0.00          0          0          0    0.00000   -1.00000    1.00000      0.900    0    0    0    0    0    0    0    0
Expressions        :   #IntEval  IntEvalTi   #RevProp  RevPropTi    DomReds    Cutoffs  #Estimate  EstimTime  Branching  #Simplify SimplifyTi Simplified
  pow              :    2648511       0.80    1177033       0.34    1215600          0     168419       0.02          0       8280       0.00          0
  prod             :    1658214       0.62      11742       0.01       1900          0          0       0.00          0       4322       0.00       2160
  sum              :    2496261       0.62    2098716       0.79     170935        668       1297       0.00          0       8210       0.01       1297
  var              :    5285033       1.52          0       0.00          0          0          0       0.00          0      19513       0.00          0
  varidx           :          0       0.00          0       0.00          0          0          0       0.00          0          0       0.00          0
Nonlinear Conshdlr :   WeakSepa  TightenLP DespTghtLP DespBranch DespCutoff    ForceLP  CanonTime
  enforce          :      53380          0          0          0          0          0
  presolve         :                                                                         0.18
Nlhdlrs            :    Detects  DetectAll DetectTime   #IntEval  IntEvalTi   #RevProp  RevPropTi    DomReds    Cutoffs   #Enforce   EnfoTime       Cuts  Branching
  soc              :       2160       2160       0.00          0       0.00          0       0.00          0          0   10388211      19.54      73086          0
  convex           :          1          1       0.00          0       0.00          0       0.00          0          0       3893       0.07       3891          0
  concave          :          0          0       0.02          0       0.00          0       0.00          0          0          0       0.00          0          0
  quotient         :          0          0       0.00          0       0.00          0       0.00          0          0          0       0.00          0          0
  quadratic        :          0          0       0.01          0       0.00          0       0.00          0          0          0       0.00          0          0
  default          :      16119      80595       0.00    6789792       5.04    3308518       7.97    1388435        668     169716       0.29     167123          0
  bilinear         :          0          0       0.00          0       0.00          0       0.00          0          0          0       0.00          0          0
  perspective      :          0          0       0.00          0       0.00          0       0.00          0          0          0       0.00          0          0
LP                 :       Time      Calls Iterations  Iter/call   Iter/sec  Time-0-It Calls-0-It    ItLimit
  primal LP        :     648.22       1341          0       0.00       0.00     648.20       1341
  dual LP          :     937.11       8679    1598709     186.66    1706.00       0.63        114
  lex dual LP      :       0.00          0          0       0.00          -
  barrier LP       :       0.00          0          0       0.00          -       0.00          0
  resolve instable :       0.00          0          0       0.00          -
  diving/probing LP:     203.58        603     315417     523.08    1549.35
  strong branching :     167.46        298     207763     697.19    1240.67          -          -        271
    (at root node) :          -         20      19659     982.95          -
  conflict analysis:       0.71         97        966       9.96    1360.56
NLP relaxation     :
  solve time       :      33.88 (8 calls)
  convexity        :  nonconvex (740 linear rows, 1297 convex ineq., 2160 nonconvex ineq., 0 nonlinear eq. or two-sided ineq.)
NLP Solvers        :  #Problems  ProblemTi    #Solves  SolveTime      #Iter  Time/Iter      #Okay #TimeLimit #IterLimit #LObjLimit #Interrupt  #NumError #EvalError  #OutOfMem #LicenseEr #OtherTerm   #GlobOpt    #LocOpt  #Feasible #LocInfeas #GlobInfea #Unbounded   #Unknown
  ipopt            :         21       1.88         32     381.88       4085       0.09         24          0          8          0          0          0          0          0          0          0          0         11          1         12          0          0          8
B&B Tree           :
  number of runs   :          1
  nodes            :       1224 (984 internal, 240 leaves)
  feasible leaves  :          1
  infeas. leaves   :          0
  objective leaves :        238
  nodes (total)    :       1224 (984 internal, 240 leaves)
  nodes left       :        744
  max depth        :         59
  max depth (total):         59
  backtracks       :        222 (18.1%)
  early backtracks :          0 (0.0%)
  nodes exc. ref.  :          0 (0.0%)
  delayed cutoffs  :          0
  repropagations   :          7 (0 domain reductions, 0 cutoffs)
  avg switch length:       5.74
  switching time   :     569.69
Estim. Tree Size   :       2450
Estimation Tree    : 1969 nodes (1225 visited, 984 internal, 241 leaves, 744 open), weight: 0.0000 completed 0.1775
Estimations        :      estim      value      trend resolution     smooth
  wbe              : 232251995335          -          -          -          -
  tree-profile     :         -1          -          -          -          -
  gap              :     203522    0.65602    0.00000          1     193145
  tree-weight      :       2450    0.00000    0.00000          1       2449
  leaf-frequency   :       5471    0.19633    0.00012          1       5647
  ssg              :       7726    0.71965   -0.00020          1       7466
  open-nodes       :       2450  744.00000    0.65067          1       2449
Root Node          :
  First LP value   : -1.49427266359410e+00
  First LP Iters   :      26644 (3918.24 Iter/sec)
  First LP Time    :       6.80
  Final Dual Bound : -6.00430534774945e-01
  Final Root Iters :      63282
  Root LP Estimate : +1.37943692872360e+00
Solution           :
  Solutions found  :          6 (6 improvements)
  First Solution   : -2.98066867879578e-01   (in run 1, after 1 nodes, 29.82 seconds, depth 0, found by <locks>)
  Gap First Sol.   :     401.32 %
  Gap Last Sol.    :      54.33 %
  Primal Bound     : -3.82221940674547e-01   (in run 1, after 382 nodes, 1527.04 seconds, depth 4, found by <crossover>)
  Dual Bound       : -5.82640071893700e-01
  Gap              :      52.44 %
Integrals          :      Total       Avg%
  primal-dual      :  133585.69      37.11
  primal-ref       :          -          - (not evaluated)
  dual-ref         :          -          - (not evaluated)
